<?xml version="1.0" encoding="UTF-8"?>
<testsuite xmlns:xsi="http://www.w3.org/2001/XMLSchema-instance" xsi:noNamespaceSchemaLocation="https://maven.apache.org/surefire/maven-surefire-plugin/xsd/surefire-test-report-3.0.xsd" version="3.0" name="com.mls.workflow.core.service.CadastroServiceTest" time="9.921" tests="14" errors="0" skipped="0" failures="0">
  <properties>
    <property name="java.specification.version" value="24"/>
    <property name="sun.jnu.encoding" value="UTF-8"/>
    <property name="java.class.path" value="/Users/marcelo/eclipse-workspace/AIC7Demo/target/test-classes:/Users/marcelo/eclipse-workspace/AIC7Demo/target/classes:/Users/marcelo/.m2/repository/org/camunda/bpm/springboot/camunda-bpm-spring-boot-starter-rest/7.23.0/camunda-bpm-spring-boot-starter-rest-7.23.0.jar:/Users/marcelo/.m2/repository/org/camunda/bpm/springboot/camunda-bpm-spring-boot-starter/7.23.0/camunda-bpm-spring-boot-starter-7.23.0.jar:/Users/marcelo/.m2/repository/org/camunda/bpm/camunda-engine-spring-6/7.23.0/camunda-engine-spring-6-7.23.0.jar:/Users/marcelo/.m2/repository/org/camunda/bpm/camunda-engine/7.23.0/camunda-engine-7.23.0.jar:/Users/marcelo/.m2/repository/org/camunda/bpm/model/camunda-bpmn-model/7.23.0/camunda-bpmn-model-7.23.0.jar:/Users/marcelo/.m2/repository/org/camunda/bpm/model/camunda-xml-model/7.23.0/camunda-xml-model-7.23.0.jar:/Users/marcelo/.m2/repository/org/camunda/bpm/model/camunda-cmmn-model/7.23.0/camunda-cmmn-model-7.23.0.jar:/Users/marcelo/.m2/repository/org/camunda/bpm/juel/camunda-juel/7.23.0/camunda-juel-7.23.0.jar:/Users/marcelo/.m2/repository/org/camunda/bpm/dmn/camunda-engine-dmn/7.23.0/camunda-engine-dmn-7.23.0.jar:/Users/marcelo/.m2/repository/org/camunda/bpm/model/camunda-dmn-model/7.23.0/camunda-dmn-model-7.23.0.jar:/Users/marcelo/.m2/repository/org/camunda/bpm/dmn/camunda-engine-feel-api/7.23.0/camunda-engine-feel-api-7.23.0.jar:/Users/marcelo/.m2/repository/org/camunda/bpm/dmn/camunda-engine-feel-juel/7.23.0/camunda-engine-feel-juel-7.23.0.jar:/Users/marcelo/.m2/repository/org/camunda/bpm/dmn/camunda-engine-feel-scala/7.23.0/camunda-engine-feel-scala-7.23.0.jar:/Users/marcelo/.m2/repository/org/camunda/feel/feel-engine/1.19.1/feel-engine-1.19.1-scala-shaded.jar:/Users/marcelo/.m2/repository/org/camunda/commons/camunda-commons-typed-values/7.23.0/camunda-commons-typed-values-7.23.0.jar:/Users/marcelo/.m2/repository/org/mybatis/mybatis/3.5.15/mybatis-3.5.15.jar:/Users/marcelo/.m2/repository/joda-time/joda-time/2.12.5/joda-time-2.12.5.jar:/Users/marcelo/.m2/repository/org/springframework/spring-context/6.1.8/spring-context-6.1.8.jar:/Users/marcelo/.m2/repository/io/micrometer/micrometer-observation/1.13.0/micrometer-observation-1.13.0.jar:/Users/marcelo/.m2/repository/io/micrometer/micrometer-commons/1.13.0/micrometer-commons-1.13.0.jar:/Users/marcelo/.m2/repository/org/springframework/spring-tx/6.1.8/spring-tx-6.1.8.jar:/Users/marcelo/.m2/repository/org/springframework/spring-orm/6.1.8/spring-orm-6.1.8.jar:/Users/marcelo/.m2/repository/org/springframework/boot/spring-boot-autoconfigure/3.3.0/spring-boot-autoconfigure-3.3.0.jar:/Users/marcelo/.m2/repository/org/apache/commons/commons-lang3/3.14.0/commons-lang3-3.14.0.jar:/Users/marcelo/.m2/repository/com/fasterxml/uuid/java-uuid-generator/4.3.0/java-uuid-generator-4.3.0.jar:/Users/marcelo/.m2/repository/com/sun/xml/bind/jaxb-impl/4.0.5/jaxb-impl-4.0.5.jar:/Users/marcelo/.m2/repository/com/sun/xml/bind/jaxb-core/4.0.5/jaxb-core-4.0.5.jar:/Users/marcelo/.m2/repository/org/eclipse/angus/angus-activation/2.0.2/angus-activation-2.0.2.jar:/Users/marcelo/.m2/repository/org/camunda/bpm/camunda-engine-rest-core-jakarta/7.23.0/camunda-engine-rest-core-jakarta-7.23.0.jar:/Users/marcelo/.m2/repository/commons-fileupload/commons-fileupload/1.5/commons-fileupload-1.5.jar:/Users/marcelo/.m2/repository/commons-io/commons-io/2.17.0/commons-io-2.17.0.jar:/Users/marcelo/.m2/repository/com/fasterxml/jackson/jakarta/rs/jackson-jakarta-rs-json-provider/2.17.1/jackson-jakarta-rs-json-provider-2.17.1.jar:/Users/marcelo/.m2/repository/com/fasterxml/jackson/jakarta/rs/jackson-jakarta-rs-base/2.17.1/jackson-jakarta-rs-base-2.17.1.jar:/Users/marcelo/.m2/repository/com/fasterxml/jackson/module/jackson-module-jakarta-xmlbind-annotations/2.17.1/jackson-module-jakarta-xmlbind-annotations-2.17.1.jar:/Users/marcelo/.m2/repository/com/fasterxml/jackson/core/jackson-databind/2.17.1/jackson-databind-2.17.1.jar:/Users/marcelo/.m2/repository/com/fasterxml/jackson/core/jackson-annotations/2.17.1/jackson-annotations-2.17.1.jar:/Users/marcelo/.m2/repository/com/fasterxml/jackson/core/jackson-core/2.17.1/jackson-core-2.17.1.jar:/Users/marcelo/.m2/repository/com/fasterxml/jackson/datatype/jackson-datatype-jsr310/2.17.1/jackson-datatype-jsr310-2.17.1.jar:/Users/marcelo/.m2/repository/org/springframework/boot/spring-boot-starter-jersey/3.3.0/spring-boot-starter-jersey-3.3.0.jar:/Users/marcelo/.m2/repository/org/springframework/boot/spring-boot-starter-json/3.3.0/spring-boot-starter-json-3.3.0.jar:/Users/marcelo/.m2/repository/com/fasterxml/jackson/datatype/jackson-datatype-jdk8/2.17.1/jackson-datatype-jdk8-2.17.1.jar:/Users/marcelo/.m2/repository/com/fasterxml/jackson/module/jackson-module-parameter-names/2.17.1/jackson-module-parameter-names-2.17.1.jar:/Users/marcelo/.m2/repository/org/springframework/boot/spring-boot-starter-tomcat/3.3.0/spring-boot-starter-tomcat-3.3.0.jar:/Users/marcelo/.m2/repository/org/apache/tomcat/embed/tomcat-embed-core/10.1.24/tomcat-embed-core-10.1.24.jar:/Users/marcelo/.m2/repository/org/apache/tomcat/embed/tomcat-embed-websocket/10.1.24/tomcat-embed-websocket-10.1.24.jar:/Users/marcelo/.m2/repository/org/springframework/spring-web/6.1.8/spring-web-6.1.8.jar:/Users/marcelo/.m2/repository/org/glassfish/jersey/containers/jersey-container-servlet-core/3.1.6/jersey-container-servlet-core-3.1.6.jar:/Users/marcelo/.m2/repository/jakarta/inject/jakarta.inject-api/2.0.1/jakarta.inject-api-2.0.1.jar:/Users/marcelo/.m2/repository/org/glassfish/jersey/core/jersey-common/3.1.6/jersey-common-3.1.6.jar:/Users/marcelo/.m2/repository/org/glassfish/hk2/osgi-resource-locator/1.0.3/osgi-resource-locator-1.0.3.jar:/Users/marcelo/.m2/repository/jakarta/ws/rs/jakarta.ws.rs-api/3.1.0/jakarta.ws.rs-api-3.1.0.jar:/Users/marcelo/.m2/repository/org/glassfish/jersey/containers/jersey-container-servlet/3.1.6/jersey-container-servlet-3.1.6.jar:/Users/marcelo/.m2/repository/org/glassfish/jersey/core/jersey-server/3.1.6/jersey-server-3.1.6.jar:/Users/marcelo/.m2/repository/org/glassfish/jersey/core/jersey-client/3.1.6/jersey-client-3.1.6.jar:/Users/marcelo/.m2/repository/org/glassfish/jersey/ext/jersey-bean-validation/3.1.6/jersey-bean-validation-3.1.6.jar:/Users/marcelo/.m2/repository/org/glassfish/expressly/expressly/5.0.0/expressly-5.0.0.jar:/Users/marcelo/.m2/repository/org/glassfish/jersey/ext/jersey-spring6/3.1.6/jersey-spring6-3.1.6.jar:/Users/marcelo/.m2/repository/org/glassfish/jersey/inject/jersey-hk2/3.1.6/jersey-hk2-3.1.6.jar:/Users/marcelo/.m2/repository/org/glassfish/hk2/hk2-locator/3.0.6/hk2-locator-3.0.6.jar:/Users/marcelo/.m2/repository/org/glassfish/hk2/external/aopalliance-repackaged/3.0.6/aopalliance-repackaged-3.0.6.jar:/Users/marcelo/.m2/repository/org/javassist/javassist/3.30.2-GA/javassist-3.30.2-GA.jar:/Users/marcelo/.m2/repository/org/glassfish/hk2/hk2/3.0.6/hk2-3.0.6.jar:/Users/marcelo/.m2/repository/org/glassfish/hk2/hk2-utils/3.0.6/hk2-utils-3.0.6.jar:/Users/marcelo/.m2/repository/org/glassfish/hk2/hk2-api/3.0.6/hk2-api-3.0.6.jar:/Users/marcelo/.m2/repository/org/glassfish/hk2/hk2-core/3.0.6/hk2-core-3.0.6.jar:/Users/marcelo/.m2/repository/org/glassfish/hk2/hk2-runlevel/3.0.6/hk2-runlevel-3.0.6.jar:/Users/marcelo/.m2/repository/org/glassfish/hk2/class-model/3.0.6/class-model-3.0.6.jar:/Users/marcelo/.m2/repository/org/ow2/asm/asm-analysis/9.6/asm-analysis-9.6.jar:/Users/marcelo/.m2/repository/org/ow2/asm/asm-commons/9.6/asm-commons-9.6.jar:/Users/marcelo/.m2/repository/org/ow2/asm/asm-tree/9.6/asm-tree-9.6.jar:/Users/marcelo/.m2/repository/org/ow2/asm/asm-util/9.6/asm-util-9.6.jar:/Users/marcelo/.m2/repository/org/glassfish/hk2/spring-bridge/3.0.6/spring-bridge-3.0.6.jar:/Users/marcelo/.m2/repository/org/glassfish/jersey/media/jersey-media-json-jackson/3.1.6/jersey-media-json-jackson-3.1.6.jar:/Users/marcelo/.m2/repository/org/glassfish/jersey/ext/jersey-entity-filtering/3.1.6/jersey-entity-filtering-3.1.6.jar:/Users/marcelo/.m2/repository/org/camunda/bpm/springboot/camunda-bpm-spring-boot-starter-webapp/7.23.0/camunda-bpm-spring-boot-starter-webapp-7.23.0.jar:/Users/marcelo/.m2/repository/org/camunda/bpm/springboot/camunda-bpm-spring-boot-starter-webapp-core/7.23.0/camunda-bpm-spring-boot-starter-webapp-core-7.23.0.jar:/Users/marcelo/.m2/repository/org/camunda/bpm/webapp/camunda-webapp-jakarta/7.23.0/camunda-webapp-jakarta-7.23.0-classes.jar:/Users/marcelo/.m2/repository/org/springframework/boot/spring-boot-starter-web/3.3.0/spring-boot-starter-web-3.3.0.jar:/Users/marcelo/.m2/repository/org/camunda/bpm/webapp/camunda-webapp-webjar/7.23.0/camunda-webapp-webjar-7.23.0.jar:/Users/marcelo/.m2/repository/org/camunda/bpm/springboot/camunda-bpm-spring-boot-starter-security/7.23.0/camunda-bpm-spring-boot-starter-security-7.23.0.jar:/Users/marcelo/.m2/repository/org/springframework/boot/spring-boot-starter-oauth2-client/3.3.0/spring-boot-starter-oauth2-client-3.3.0.jar:/Users/marcelo/.m2/repository/org/springframework/security/spring-security-core/6.3.0/spring-security-core-6.3.0.jar:/Users/marcelo/.m2/repository/org/springframework/security/spring-security-crypto/6.3.0/spring-security-crypto-6.3.0.jar:/Users/marcelo/.m2/repository/org/springframework/security/spring-security-oauth2-client/6.3.0/spring-security-oauth2-client-6.3.0.jar:/Users/marcelo/.m2/repository/org/springframework/security/spring-security-oauth2-core/6.3.0/spring-security-oauth2-core-6.3.0.jar:/Users/marcelo/.m2/repository/com/nimbusds/oauth2-oidc-sdk/9.43.4/oauth2-oidc-sdk-9.43.4.jar:/Users/marcelo/.m2/repository/com/github/stephenc/jcip/jcip-annotations/1.0-1/jcip-annotations-1.0-1.jar:/Users/marcelo/.m2/repository/com/nimbusds/content-type/2.2/content-type-2.2.jar:/Users/marcelo/.m2/repository/com/nimbusds/lang-tag/1.7/lang-tag-1.7.jar:/Users/marcelo/.m2/repository/org/springframework/security/spring-security-oauth2-jose/6.3.0/spring-security-oauth2-jose-6.3.0.jar:/Users/marcelo/.m2/repository/com/nimbusds/nimbus-jose-jwt/9.37.3/nimbus-jose-jwt-9.37.3.jar:/Users/marcelo/.m2/repository/org/camunda/bpm/camunda-engine-plugin-spin/7.23.0/camunda-engine-plugin-spin-7.23.0.jar:/Users/marcelo/.m2/repository/org/camunda/spin/camunda-spin-core/7.23.0/camunda-spin-core-7.23.0.jar:/Users/marcelo/.m2/repository/org/camunda/spin/camunda-spin-dataformat-all/7.23.0/camunda-spin-dataformat-all-7.23.0.jar:/Users/marcelo/.m2/repository/org/camunda/commons/camunda-commons-logging/7.23.0/camunda-commons-logging-7.23.0.jar:/Users/marcelo/.m2/repository/org/camunda/commons/camunda-commons-utils/7.23.0/camunda-commons-utils-7.23.0.jar:/Users/marcelo/.m2/repository/com/h2database/h2/2.2.224/h2-2.2.224.jar:/Users/marcelo/.m2/repository/org/slf4j/slf4j-api/2.0.13/slf4j-api-2.0.13.jar:/Users/marcelo/.m2/repository/org/springframework/boot/spring-boot-starter-jdbc/3.3.0/spring-boot-starter-jdbc-3.3.0.jar:/Users/marcelo/.m2/repository/org/springframework/boot/spring-boot-starter/3.3.0/spring-boot-starter-3.3.0.jar:/Users/marcelo/.m2/repository/org/springframework/boot/spring-boot/3.3.0/spring-boot-3.3.0.jar:/Users/marcelo/.m2/repository/org/springframework/boot/spring-boot-starter-logging/3.3.0/spring-boot-starter-logging-3.3.0.jar:/Users/marcelo/.m2/repository/ch/qos/logback/logback-classic/1.5.6/logback-classic-1.5.6.jar:/Users/marcelo/.m2/repository/ch/qos/logback/logback-core/1.5.6/logback-core-1.5.6.jar:/Users/marcelo/.m2/repository/org/apache/logging/log4j/log4j-to-slf4j/2.23.1/log4j-to-slf4j-2.23.1.jar:/Users/marcelo/.m2/repository/org/apache/logging/log4j/log4j-api/2.23.1/log4j-api-2.23.1.jar:/Users/marcelo/.m2/repository/org/slf4j/jul-to-slf4j/2.0.13/jul-to-slf4j-2.0.13.jar:/Users/marcelo/.m2/repository/jakarta/annotation/jakarta.annotation-api/2.1.1/jakarta.annotation-api-2.1.1.jar:/Users/marcelo/.m2/repository/org/yaml/snakeyaml/2.2/snakeyaml-2.2.jar:/Users/marcelo/.m2/repository/com/zaxxer/HikariCP/5.1.0/HikariCP-5.1.0.jar:/Users/marcelo/.m2/repository/org/springframework/spring-jdbc/6.1.8/spring-jdbc-6.1.8.jar:/Users/marcelo/.m2/repository/org/springframework/spring-beans/6.1.8/spring-beans-6.1.8.jar:/Users/marcelo/.m2/repository/org/springdoc/springdoc-openapi-starter-webmvc-ui/2.5.0/springdoc-openapi-starter-webmvc-ui-2.5.0.jar:/Users/marcelo/.m2/repository/org/springdoc/springdoc-openapi-starter-webmvc-api/2.5.0/springdoc-openapi-starter-webmvc-api-2.5.0.jar:/Users/marcelo/.m2/repository/org/springdoc/springdoc-openapi-starter-common/2.5.0/springdoc-openapi-starter-common-2.5.0.jar:/Users/marcelo/.m2/repository/io/swagger/core/v3/swagger-core-jakarta/2.2.21/swagger-core-jakarta-2.2.21.jar:/Users/marcelo/.m2/repository/io/swagger/core/v3/swagger-annotations-jakarta/2.2.21/swagger-annotations-jakarta-2.2.21.jar:/Users/marcelo/.m2/repository/io/swagger/core/v3/swagger-models-jakarta/2.2.21/swagger-models-jakarta-2.2.21.jar:/Users/marcelo/.m2/repository/com/fasterxml/jackson/dataformat/jackson-dataformat-yaml/2.17.1/jackson-dataformat-yaml-2.17.1.jar:/Users/marcelo/.m2/repository/org/springframework/spring-webmvc/6.1.8/spring-webmvc-6.1.8.jar:/Users/marcelo/.m2/repository/org/webjars/swagger-ui/5.13.0/swagger-ui-5.13.0.jar:/Users/marcelo/.m2/repository/org/springframework/boot/spring-boot-starter-validation/3.3.0/spring-boot-starter-validation-3.3.0.jar:/Users/marcelo/.m2/repository/org/apache/tomcat/embed/tomcat-embed-el/10.1.24/tomcat-embed-el-10.1.24.jar:/Users/marcelo/.m2/repository/org/hibernate/validator/hibernate-validator/8.0.1.Final/hibernate-validator-8.0.1.Final.jar:/Users/marcelo/.m2/repository/jakarta/validation/jakarta.validation-api/3.0.2/jakarta.validation-api-3.0.2.jar:/Users/marcelo/.m2/repository/org/jboss/logging/jboss-logging/3.5.3.Final/jboss-logging-3.5.3.Final.jar:/Users/marcelo/.m2/repository/com/fasterxml/classmate/1.7.0/classmate-1.7.0.jar:/Users/marcelo/.m2/repository/org/springframework/boot/spring-boot-starter-security/3.3.0/spring-boot-starter-security-3.3.0.jar:/Users/marcelo/.m2/repository/org/springframework/spring-aop/6.1.8/spring-aop-6.1.8.jar:/Users/marcelo/.m2/repository/org/springframework/security/spring-security-config/6.3.0/spring-security-config-6.3.0.jar:/Users/marcelo/.m2/repository/org/springframework/security/spring-security-web/6.3.0/spring-security-web-6.3.0.jar:/Users/marcelo/.m2/repository/org/springframework/spring-expression/6.1.8/spring-expression-6.1.8.jar:/Users/marcelo/.m2/repository/org/springframework/boot/spring-boot-starter-test/3.3.0/spring-boot-starter-test-3.3.0.jar:/Users/marcelo/.m2/repository/org/springframework/boot/spring-boot-test/3.3.0/spring-boot-test-3.3.0.jar:/Users/marcelo/.m2/repository/org/springframework/boot/spring-boot-test-autoconfigure/3.3.0/spring-boot-test-autoconfigure-3.3.0.jar:/Users/marcelo/.m2/repository/com/jayway/jsonpath/json-path/2.9.0/json-path-2.9.0.jar:/Users/marcelo/.m2/repository/jakarta/xml/bind/jakarta.xml.bind-api/4.0.2/jakarta.xml.bind-api-4.0.2.jar:/Users/marcelo/.m2/repository/jakarta/activation/jakarta.activation-api/2.1.3/jakarta.activation-api-2.1.3.jar:/Users/marcelo/.m2/repository/net/minidev/json-smart/2.5.1/json-smart-2.5.1.jar:/Users/marcelo/.m2/repository/net/minidev/accessors-smart/2.5.1/accessors-smart-2.5.1.jar:/Users/marcelo/.m2/repository/org/ow2/asm/asm/9.6/asm-9.6.jar:/Users/marcelo/.m2/repository/org/assertj/assertj-core/3.25.3/assertj-core-3.25.3.jar:/Users/marcelo/.m2/repository/net/bytebuddy/byte-buddy/1.14.16/byte-buddy-1.14.16.jar:/Users/marcelo/.m2/repository/org/awaitility/awaitility/4.2.1/awaitility-4.2.1.jar:/Users/marcelo/.m2/repository/org/hamcrest/hamcrest/2.2/hamcrest-2.2.jar:/Users/marcelo/.m2/repository/org/junit/jupiter/junit-jupiter/5.10.2/junit-jupiter-5.10.2.jar:/Users/marcelo/.m2/repository/org/junit/jupiter/junit-jupiter-api/5.10.2/junit-jupiter-api-5.10.2.jar:/Users/marcelo/.m2/repository/org/opentest4j/opentest4j/1.3.0/opentest4j-1.3.0.jar:/Users/marcelo/.m2/repository/org/junit/platform/junit-platform-commons/1.10.2/junit-platform-commons-1.10.2.jar:/Users/marcelo/.m2/repository/org/apiguardian/apiguardian-api/1.1.2/apiguardian-api-1.1.2.jar:/Users/marcelo/.m2/repository/org/junit/jupiter/junit-jupiter-params/5.10.2/junit-jupiter-params-5.10.2.jar:/Users/marcelo/.m2/repository/org/junit/jupiter/junit-jupiter-engine/5.10.2/junit-jupiter-engine-5.10.2.jar:/Users/marcelo/.m2/repository/org/junit/platform/junit-platform-engine/1.10.2/junit-platform-engine-1.10.2.jar:/Users/marcelo/.m2/repository/org/mockito/mockito-core/5.11.0/mockito-core-5.11.0.jar:/Users/marcelo/.m2/repository/net/bytebuddy/byte-buddy-agent/1.14.16/byte-buddy-agent-1.14.16.jar:/Users/marcelo/.m2/repository/org/objenesis/objenesis/3.3/objenesis-3.3.jar:/Users/marcelo/.m2/repository/org/mockito/mockito-junit-jupiter/5.11.0/mockito-junit-jupiter-5.11.0.jar:/Users/marcelo/.m2/repository/org/skyscreamer/jsonassert/1.5.1/jsonassert-1.5.1.jar:/Users/marcelo/.m2/repository/com/vaadin/external/google/android-json/0.0.20131108.vaadin1/android-json-0.0.20131108.vaadin1.jar:/Users/marcelo/.m2/repository/org/springframework/spring-core/6.1.8/spring-core-6.1.8.jar:/Users/marcelo/.m2/repository/org/springframework/spring-jcl/6.1.8/spring-jcl-6.1.8.jar:/Users/marcelo/.m2/repository/org/springframework/spring-test/6.1.8/spring-test-6.1.8.jar:/Users/marcelo/.m2/repository/org/xmlunit/xmlunit-core/2.9.1/xmlunit-core-2.9.1.jar:"/>
    <property name="java.vm.vendor" value="Homebrew"/>
    <property name="sun.arch.data.model" value="64"/>
    <property name="java.vendor.url" value="https://github.com/Homebrew/homebrew-core/issues"/>
    <property name="user.timezone" value="America/Sao_Paulo"/>
    <property name="org.jboss.logging.provider" value="slf4j"/>
    <property name="os.name" value="Mac OS X"/>
    <property name="java.vm.specification.version" value="24"/>
    <property name="sun.java.launcher" value="SUN_STANDARD"/>
    <property name="user.country" value="BR"/>
    <property name="sun.boot.library.path" value="/usr/local/Cellar/openjdk/24.0.2/libexec/openjdk.jdk/Contents/Home/lib"/>
    <property name="sun.java.command" value="/Users/marcelo/eclipse-workspace/AIC7Demo/target/surefire/surefirebooter-20250904000304792_3.jar /Users/marcelo/eclipse-workspace/AIC7Demo/target/surefire 2025-09-04T00-03-04_683-jvmRun1 surefire-20250904000304792_1tmp surefire_0-20250904000304792_2tmp"/>
    <property name="http.nonProxyHosts" value="local|*.local|169.254/16|*.169.254/16"/>
    <property name="jdk.debug" value="release"/>
    <property name="surefire.test.class.path" value="/Users/marcelo/eclipse-workspace/AIC7Demo/target/test-classes:/Users/marcelo/eclipse-workspace/AIC7Demo/target/classes:/Users/marcelo/.m2/repository/org/camunda/bpm/springboot/camunda-bpm-spring-boot-starter-rest/7.23.0/camunda-bpm-spring-boot-starter-rest-7.23.0.jar:/Users/marcelo/.m2/repository/org/camunda/bpm/springboot/camunda-bpm-spring-boot-starter/7.23.0/camunda-bpm-spring-boot-starter-7.23.0.jar:/Users/marcelo/.m2/repository/org/camunda/bpm/camunda-engine-spring-6/7.23.0/camunda-engine-spring-6-7.23.0.jar:/Users/marcelo/.m2/repository/org/camunda/bpm/camunda-engine/7.23.0/camunda-engine-7.23.0.jar:/Users/marcelo/.m2/repository/org/camunda/bpm/model/camunda-bpmn-model/7.23.0/camunda-bpmn-model-7.23.0.jar:/Users/marcelo/.m2/repository/org/camunda/bpm/model/camunda-xml-model/7.23.0/camunda-xml-model-7.23.0.jar:/Users/marcelo/.m2/repository/org/camunda/bpm/model/camunda-cmmn-model/7.23.0/camunda-cmmn-model-7.23.0.jar:/Users/marcelo/.m2/repository/org/camunda/bpm/juel/camunda-juel/7.23.0/camunda-juel-7.23.0.jar:/Users/marcelo/.m2/repository/org/camunda/bpm/dmn/camunda-engine-dmn/7.23.0/camunda-engine-dmn-7.23.0.jar:/Users/marcelo/.m2/repository/org/camunda/bpm/model/camunda-dmn-model/7.23.0/camunda-dmn-model-7.23.0.jar:/Users/marcelo/.m2/repository/org/camunda/bpm/dmn/camunda-engine-feel-api/7.23.0/camunda-engine-feel-api-7.23.0.jar:/Users/marcelo/.m2/repository/org/camunda/bpm/dmn/camunda-engine-feel-juel/7.23.0/camunda-engine-feel-juel-7.23.0.jar:/Users/marcelo/.m2/repository/org/camunda/bpm/dmn/camunda-engine-feel-scala/7.23.0/camunda-engine-feel-scala-7.23.0.jar:/Users/marcelo/.m2/repository/org/camunda/feel/feel-engine/1.19.1/feel-engine-1.19.1-scala-shaded.jar:/Users/marcelo/.m2/repository/org/camunda/commons/camunda-commons-typed-values/7.23.0/camunda-commons-typed-values-7.23.0.jar:/Users/marcelo/.m2/repository/org/mybatis/mybatis/3.5.15/mybatis-3.5.15.jar:/Users/marcelo/.m2/repository/joda-time/joda-time/2.12.5/joda-time-2.12.5.jar:/Users/marcelo/.m2/repository/org/springframework/spring-context/6.1.8/spring-context-6.1.8.jar:/Users/marcelo/.m2/repository/io/micrometer/micrometer-observation/1.13.0/micrometer-observation-1.13.0.jar:/Users/marcelo/.m2/repository/io/micrometer/micrometer-commons/1.13.0/micrometer-commons-1.13.0.jar:/Users/marcelo/.m2/repository/org/springframework/spring-tx/6.1.8/spring-tx-6.1.8.jar:/Users/marcelo/.m2/repository/org/springframework/spring-orm/6.1.8/spring-orm-6.1.8.jar:/Users/marcelo/.m2/repository/org/springframework/boot/spring-boot-autoconfigure/3.3.0/spring-boot-autoconfigure-3.3.0.jar:/Users/marcelo/.m2/repository/org/apache/commons/commons-lang3/3.14.0/commons-lang3-3.14.0.jar:/Users/marcelo/.m2/repository/com/fasterxml/uuid/java-uuid-generator/4.3.0/java-uuid-generator-4.3.0.jar:/Users/marcelo/.m2/repository/com/sun/xml/bind/jaxb-impl/4.0.5/jaxb-impl-4.0.5.jar:/Users/marcelo/.m2/repository/com/sun/xml/bind/jaxb-core/4.0.5/jaxb-core-4.0.5.jar:/Users/marcelo/.m2/repository/org/eclipse/angus/angus-activation/2.0.2/angus-activation-2.0.2.jar:/Users/marcelo/.m2/repository/org/camunda/bpm/camunda-engine-rest-core-jakarta/7.23.0/camunda-engine-rest-core-jakarta-7.23.0.jar:/Users/marcelo/.m2/repository/commons-fileupload/commons-fileupload/1.5/commons-fileupload-1.5.jar:/Users/marcelo/.m2/repository/commons-io/commons-io/2.17.0/commons-io-2.17.0.jar:/Users/marcelo/.m2/repository/com/fasterxml/jackson/jakarta/rs/jackson-jakarta-rs-json-provider/2.17.1/jackson-jakarta-rs-json-provider-2.17.1.jar:/Users/marcelo/.m2/repository/com/fasterxml/jackson/jakarta/rs/jackson-jakarta-rs-base/2.17.1/jackson-jakarta-rs-base-2.17.1.jar:/Users/marcelo/.m2/repository/com/fasterxml/jackson/module/jackson-module-jakarta-xmlbind-annotations/2.17.1/jackson-module-jakarta-xmlbind-annotations-2.17.1.jar:/Users/marcelo/.m2/repository/com/fasterxml/jackson/core/jackson-databind/2.17.1/jackson-databind-2.17.1.jar:/Users/marcelo/.m2/repository/com/fasterxml/jackson/core/jackson-annotations/2.17.1/jackson-annotations-2.17.1.jar:/Users/marcelo/.m2/repository/com/fasterxml/jackson/core/jackson-core/2.17.1/jackson-core-2.17.1.jar:/Users/marcelo/.m2/repository/com/fasterxml/jackson/datatype/jackson-datatype-jsr310/2.17.1/jackson-datatype-jsr310-2.17.1.jar:/Users/marcelo/.m2/repository/org/springframework/boot/spring-boot-starter-jersey/3.3.0/spring-boot-starter-jersey-3.3.0.jar:/Users/marcelo/.m2/repository/org/springframework/boot/spring-boot-starter-json/3.3.0/spring-boot-starter-json-3.3.0.jar:/Users/marcelo/.m2/repository/com/fasterxml/jackson/datatype/jackson-datatype-jdk8/2.17.1/jackson-datatype-jdk8-2.17.1.jar:/Users/marcelo/.m2/repository/com/fasterxml/jackson/module/jackson-module-parameter-names/2.17.1/jackson-module-parameter-names-2.17.1.jar:/Users/marcelo/.m2/repository/org/springframework/boot/spring-boot-starter-tomcat/3.3.0/spring-boot-starter-tomcat-3.3.0.jar:/Users/marcelo/.m2/repository/org/apache/tomcat/embed/tomcat-embed-core/10.1.24/tomcat-embed-core-10.1.24.jar:/Users/marcelo/.m2/repository/org/apache/tomcat/embed/tomcat-embed-websocket/10.1.24/tomcat-embed-websocket-10.1.24.jar:/Users/marcelo/.m2/repository/org/springframework/spring-web/6.1.8/spring-web-6.1.8.jar:/Users/marcelo/.m2/repository/org/glassfish/jersey/containers/jersey-container-servlet-core/3.1.6/jersey-container-servlet-core-3.1.6.jar:/Users/marcelo/.m2/repository/jakarta/inject/jakarta.inject-api/2.0.1/jakarta.inject-api-2.0.1.jar:/Users/marcelo/.m2/repository/org/glassfish/jersey/core/jersey-common/3.1.6/jersey-common-3.1.6.jar:/Users/marcelo/.m2/repository/org/glassfish/hk2/osgi-resource-locator/1.0.3/osgi-resource-locator-1.0.3.jar:/Users/marcelo/.m2/repository/jakarta/ws/rs/jakarta.ws.rs-api/3.1.0/jakarta.ws.rs-api-3.1.0.jar:/Users/marcelo/.m2/repository/org/glassfish/jersey/containers/jersey-container-servlet/3.1.6/jersey-container-servlet-3.1.6.jar:/Users/marcelo/.m2/repository/org/glassfish/jersey/core/jersey-server/3.1.6/jersey-server-3.1.6.jar:/Users/marcelo/.m2/repository/org/glassfish/jersey/core/jersey-client/3.1.6/jersey-client-3.1.6.jar:/Users/marcelo/.m2/repository/org/glassfish/jersey/ext/jersey-bean-validation/3.1.6/jersey-bean-validation-3.1.6.jar:/Users/marcelo/.m2/repository/org/glassfish/expressly/expressly/5.0.0/expressly-5.0.0.jar:/Users/marcelo/.m2/repository/org/glassfish/jersey/ext/jersey-spring6/3.1.6/jersey-spring6-3.1.6.jar:/Users/marcelo/.m2/repository/org/glassfish/jersey/inject/jersey-hk2/3.1.6/jersey-hk2-3.1.6.jar:/Users/marcelo/.m2/repository/org/glassfish/hk2/hk2-locator/3.0.6/hk2-locator-3.0.6.jar:/Users/marcelo/.m2/repository/org/glassfish/hk2/external/aopalliance-repackaged/3.0.6/aopalliance-repackaged-3.0.6.jar:/Users/marcelo/.m2/repository/org/javassist/javassist/3.30.2-GA/javassist-3.30.2-GA.jar:/Users/marcelo/.m2/repository/org/glassfish/hk2/hk2/3.0.6/hk2-3.0.6.jar:/Users/marcelo/.m2/repository/org/glassfish/hk2/hk2-utils/3.0.6/hk2-utils-3.0.6.jar:/Users/marcelo/.m2/repository/org/glassfish/hk2/hk2-api/3.0.6/hk2-api-3.0.6.jar:/Users/marcelo/.m2/repository/org/glassfish/hk2/hk2-core/3.0.6/hk2-core-3.0.6.jar:/Users/marcelo/.m2/repository/org/glassfish/hk2/hk2-runlevel/3.0.6/hk2-runlevel-3.0.6.jar:/Users/marcelo/.m2/repository/org/glassfish/hk2/class-model/3.0.6/class-model-3.0.6.jar:/Users/marcelo/.m2/repository/org/ow2/asm/asm-analysis/9.6/asm-analysis-9.6.jar:/Users/marcelo/.m2/repository/org/ow2/asm/asm-commons/9.6/asm-commons-9.6.jar:/Users/marcelo/.m2/repository/org/ow2/asm/asm-tree/9.6/asm-tree-9.6.jar:/Users/marcelo/.m2/repository/org/ow2/asm/asm-util/9.6/asm-util-9.6.jar:/Users/marcelo/.m2/repository/org/glassfish/hk2/spring-bridge/3.0.6/spring-bridge-3.0.6.jar:/Users/marcelo/.m2/repository/org/glassfish/jersey/media/jersey-media-json-jackson/3.1.6/jersey-media-json-jackson-3.1.6.jar:/Users/marcelo/.m2/repository/org/glassfish/jersey/ext/jersey-entity-filtering/3.1.6/jersey-entity-filtering-3.1.6.jar:/Users/marcelo/.m2/repository/org/camunda/bpm/springboot/camunda-bpm-spring-boot-starter-webapp/7.23.0/camunda-bpm-spring-boot-starter-webapp-7.23.0.jar:/Users/marcelo/.m2/repository/org/camunda/bpm/springboot/camunda-bpm-spring-boot-starter-webapp-core/7.23.0/camunda-bpm-spring-boot-starter-webapp-core-7.23.0.jar:/Users/marcelo/.m2/repository/org/camunda/bpm/webapp/camunda-webapp-jakarta/7.23.0/camunda-webapp-jakarta-7.23.0-classes.jar:/Users/marcelo/.m2/repository/org/springframework/boot/spring-boot-starter-web/3.3.0/spring-boot-starter-web-3.3.0.jar:/Users/marcelo/.m2/repository/org/camunda/bpm/webapp/camunda-webapp-webjar/7.23.0/camunda-webapp-webjar-7.23.0.jar:/Users/marcelo/.m2/repository/org/camunda/bpm/springboot/camunda-bpm-spring-boot-starter-security/7.23.0/camunda-bpm-spring-boot-starter-security-7.23.0.jar:/Users/marcelo/.m2/repository/org/springframework/boot/spring-boot-starter-oauth2-client/3.3.0/spring-boot-starter-oauth2-client-3.3.0.jar:/Users/marcelo/.m2/repository/org/springframework/security/spring-security-core/6.3.0/spring-security-core-6.3.0.jar:/Users/marcelo/.m2/repository/org/springframework/security/spring-security-crypto/6.3.0/spring-security-crypto-6.3.0.jar:/Users/marcelo/.m2/repository/org/springframework/security/spring-security-oauth2-client/6.3.0/spring-security-oauth2-client-6.3.0.jar:/Users/marcelo/.m2/repository/org/springframework/security/spring-security-oauth2-core/6.3.0/spring-security-oauth2-core-6.3.0.jar:/Users/marcelo/.m2/repository/com/nimbusds/oauth2-oidc-sdk/9.43.4/oauth2-oidc-sdk-9.43.4.jar:/Users/marcelo/.m2/repository/com/github/stephenc/jcip/jcip-annotations/1.0-1/jcip-annotations-1.0-1.jar:/Users/marcelo/.m2/repository/com/nimbusds/content-type/2.2/content-type-2.2.jar:/Users/marcelo/.m2/repository/com/nimbusds/lang-tag/1.7/lang-tag-1.7.jar:/Users/marcelo/.m2/repository/org/springframework/security/spring-security-oauth2-jose/6.3.0/spring-security-oauth2-jose-6.3.0.jar:/Users/marcelo/.m2/repository/com/nimbusds/nimbus-jose-jwt/9.37.3/nimbus-jose-jwt-9.37.3.jar:/Users/marcelo/.m2/repository/org/camunda/bpm/camunda-engine-plugin-spin/7.23.0/camunda-engine-plugin-spin-7.23.0.jar:/Users/marcelo/.m2/repository/org/camunda/spin/camunda-spin-core/7.23.0/camunda-spin-core-7.23.0.jar:/Users/marcelo/.m2/repository/org/camunda/spin/camunda-spin-dataformat-all/7.23.0/camunda-spin-dataformat-all-7.23.0.jar:/Users/marcelo/.m2/repository/org/camunda/commons/camunda-commons-logging/7.23.0/camunda-commons-logging-7.23.0.jar:/Users/marcelo/.m2/repository/org/camunda/commons/camunda-commons-utils/7.23.0/camunda-commons-utils-7.23.0.jar:/Users/marcelo/.m2/repository/com/h2database/h2/2.2.224/h2-2.2.224.jar:/Users/marcelo/.m2/repository/org/slf4j/slf4j-api/2.0.13/slf4j-api-2.0.13.jar:/Users/marcelo/.m2/repository/org/springframework/boot/spring-boot-starter-jdbc/3.3.0/spring-boot-starter-jdbc-3.3.0.jar:/Users/marcelo/.m2/repository/org/springframework/boot/spring-boot-starter/3.3.0/spring-boot-starter-3.3.0.jar:/Users/marcelo/.m2/repository/org/springframework/boot/spring-boot/3.3.0/spring-boot-3.3.0.jar:/Users/marcelo/.m2/repository/org/springframework/boot/spring-boot-starter-logging/3.3.0/spring-boot-starter-logging-3.3.0.jar:/Users/marcelo/.m2/repository/ch/qos/logback/logback-classic/1.5.6/logback-classic-1.5.6.jar:/Users/marcelo/.m2/repository/ch/qos/logback/logback-core/1.5.6/logback-core-1.5.6.jar:/Users/marcelo/.m2/repository/org/apache/logging/log4j/log4j-to-slf4j/2.23.1/log4j-to-slf4j-2.23.1.jar:/Users/marcelo/.m2/repository/org/apache/logging/log4j/log4j-api/2.23.1/log4j-api-2.23.1.jar:/Users/marcelo/.m2/repository/org/slf4j/jul-to-slf4j/2.0.13/jul-to-slf4j-2.0.13.jar:/Users/marcelo/.m2/repository/jakarta/annotation/jakarta.annotation-api/2.1.1/jakarta.annotation-api-2.1.1.jar:/Users/marcelo/.m2/repository/org/yaml/snakeyaml/2.2/snakeyaml-2.2.jar:/Users/marcelo/.m2/repository/com/zaxxer/HikariCP/5.1.0/HikariCP-5.1.0.jar:/Users/marcelo/.m2/repository/org/springframework/spring-jdbc/6.1.8/spring-jdbc-6.1.8.jar:/Users/marcelo/.m2/repository/org/springframework/spring-beans/6.1.8/spring-beans-6.1.8.jar:/Users/marcelo/.m2/repository/org/springdoc/springdoc-openapi-starter-webmvc-ui/2.5.0/springdoc-openapi-starter-webmvc-ui-2.5.0.jar:/Users/marcelo/.m2/repository/org/springdoc/springdoc-openapi-starter-webmvc-api/2.5.0/springdoc-openapi-starter-webmvc-api-2.5.0.jar:/Users/marcelo/.m2/repository/org/springdoc/springdoc-openapi-starter-common/2.5.0/springdoc-openapi-starter-common-2.5.0.jar:/Users/marcelo/.m2/repository/io/swagger/core/v3/swagger-core-jakarta/2.2.21/swagger-core-jakarta-2.2.21.jar:/Users/marcelo/.m2/repository/io/swagger/core/v3/swagger-annotations-jakarta/2.2.21/swagger-annotations-jakarta-2.2.21.jar:/Users/marcelo/.m2/repository/io/swagger/core/v3/swagger-models-jakarta/2.2.21/swagger-models-jakarta-2.2.21.jar:/Users/marcelo/.m2/repository/com/fasterxml/jackson/dataformat/jackson-dataformat-yaml/2.17.1/jackson-dataformat-yaml-2.17.1.jar:/Users/marcelo/.m2/repository/org/springframework/spring-webmvc/6.1.8/spring-webmvc-6.1.8.jar:/Users/marcelo/.m2/repository/org/webjars/swagger-ui/5.13.0/swagger-ui-5.13.0.jar:/Users/marcelo/.m2/repository/org/springframework/boot/spring-boot-starter-validation/3.3.0/spring-boot-starter-validation-3.3.0.jar:/Users/marcelo/.m2/repository/org/apache/tomcat/embed/tomcat-embed-el/10.1.24/tomcat-embed-el-10.1.24.jar:/Users/marcelo/.m2/repository/org/hibernate/validator/hibernate-validator/8.0.1.Final/hibernate-validator-8.0.1.Final.jar:/Users/marcelo/.m2/repository/jakarta/validation/jakarta.validation-api/3.0.2/jakarta.validation-api-3.0.2.jar:/Users/marcelo/.m2/repository/org/jboss/logging/jboss-logging/3.5.3.Final/jboss-logging-3.5.3.Final.jar:/Users/marcelo/.m2/repository/com/fasterxml/classmate/1.7.0/classmate-1.7.0.jar:/Users/marcelo/.m2/repository/org/springframework/boot/spring-boot-starter-security/3.3.0/spring-boot-starter-security-3.3.0.jar:/Users/marcelo/.m2/repository/org/springframework/spring-aop/6.1.8/spring-aop-6.1.8.jar:/Users/marcelo/.m2/repository/org/springframework/security/spring-security-config/6.3.0/spring-security-config-6.3.0.jar:/Users/marcelo/.m2/repository/org/springframework/security/spring-security-web/6.3.0/spring-security-web-6.3.0.jar:/Users/marcelo/.m2/repository/org/springframework/spring-expression/6.1.8/spring-expression-6.1.8.jar:/Users/marcelo/.m2/repository/org/springframework/boot/spring-boot-starter-test/3.3.0/spring-boot-starter-test-3.3.0.jar:/Users/marcelo/.m2/repository/org/springframework/boot/spring-boot-test/3.3.0/spring-boot-test-3.3.0.jar:/Users/marcelo/.m2/repository/org/springframework/boot/spring-boot-test-autoconfigure/3.3.0/spring-boot-test-autoconfigure-3.3.0.jar:/Users/marcelo/.m2/repository/com/jayway/jsonpath/json-path/2.9.0/json-path-2.9.0.jar:/Users/marcelo/.m2/repository/jakarta/xml/bind/jakarta.xml.bind-api/4.0.2/jakarta.xml.bind-api-4.0.2.jar:/Users/marcelo/.m2/repository/jakarta/activation/jakarta.activation-api/2.1.3/jakarta.activation-api-2.1.3.jar:/Users/marcelo/.m2/repository/net/minidev/json-smart/2.5.1/json-smart-2.5.1.jar:/Users/marcelo/.m2/repository/net/minidev/accessors-smart/2.5.1/accessors-smart-2.5.1.jar:/Users/marcelo/.m2/repository/org/ow2/asm/asm/9.6/asm-9.6.jar:/Users/marcelo/.m2/repository/org/assertj/assertj-core/3.25.3/assertj-core-3.25.3.jar:/Users/marcelo/.m2/repository/net/bytebuddy/byte-buddy/1.14.16/byte-buddy-1.14.16.jar:/Users/marcelo/.m2/repository/org/awaitility/awaitility/4.2.1/awaitility-4.2.1.jar:/Users/marcelo/.m2/repository/org/hamcrest/hamcrest/2.2/hamcrest-2.2.jar:/Users/marcelo/.m2/repository/org/junit/jupiter/junit-jupiter/5.10.2/junit-jupiter-5.10.2.jar:/Users/marcelo/.m2/repository/org/junit/jupiter/junit-jupiter-api/5.10.2/junit-jupiter-api-5.10.2.jar:/Users/marcelo/.m2/repository/org/opentest4j/opentest4j/1.3.0/opentest4j-1.3.0.jar:/Users/marcelo/.m2/repository/org/junit/platform/junit-platform-commons/1.10.2/junit-platform-commons-1.10.2.jar:/Users/marcelo/.m2/repository/org/apiguardian/apiguardian-api/1.1.2/apiguardian-api-1.1.2.jar:/Users/marcelo/.m2/repository/org/junit/jupiter/junit-jupiter-params/5.10.2/junit-jupiter-params-5.10.2.jar:/Users/marcelo/.m2/repository/org/junit/jupiter/junit-jupiter-engine/5.10.2/junit-jupiter-engine-5.10.2.jar:/Users/marcelo/.m2/repository/org/junit/platform/junit-platform-engine/1.10.2/junit-platform-engine-1.10.2.jar:/Users/marcelo/.m2/repository/org/mockito/mockito-core/5.11.0/mockito-core-5.11.0.jar:/Users/marcelo/.m2/repository/net/bytebuddy/byte-buddy-agent/1.14.16/byte-buddy-agent-1.14.16.jar:/Users/marcelo/.m2/repository/org/objenesis/objenesis/3.3/objenesis-3.3.jar:/Users/marcelo/.m2/repository/org/mockito/mockito-junit-jupiter/5.11.0/mockito-junit-jupiter-5.11.0.jar:/Users/marcelo/.m2/repository/org/skyscreamer/jsonassert/1.5.1/jsonassert-1.5.1.jar:/Users/marcelo/.m2/repository/com/vaadin/external/google/android-json/0.0.20131108.vaadin1/android-json-0.0.20131108.vaadin1.jar:/Users/marcelo/.m2/repository/org/springframework/spring-core/6.1.8/spring-core-6.1.8.jar:/Users/marcelo/.m2/repository/org/springframework/spring-jcl/6.1.8/spring-jcl-6.1.8.jar:/Users/marcelo/.m2/repository/org/springframework/spring-test/6.1.8/spring-test-6.1.8.jar:/Users/marcelo/.m2/repository/org/xmlunit/xmlunit-core/2.9.1/xmlunit-core-2.9.1.jar:"/>
    <property name="sun.cpu.endian" value="little"/>
    <property name="user.home" value="/Users/marcelo"/>
    <property name="user.language" value="en"/>
    <property name="java.specification.vendor" value="Oracle Corporation"/>
    <property name="java.version.date" value="2025-07-15"/>
    <property name="java.home" value="/usr/local/Cellar/openjdk/24.0.2/libexec/openjdk.jdk/Contents/Home"/>
    <property name="file.separator" value="/"/>
    <property name="basedir" value="/Users/marcelo/eclipse-workspace/AIC7Demo"/>
    <property name="java.vm.compressedOopsMode" value="Zero based"/>
    <property name="line.separator" value="&#10;"/>
    <property name="java.vm.specification.vendor" value="Oracle Corporation"/>
    <property name="java.specification.name" value="Java Platform API Specification"/>
    <property name="FILE_LOG_CHARSET" value="UTF-8"/>
    <property name="java.awt.headless" value="true"/>
    <property name="apple.awt.application.name" value="ForkedBooter"/>
    <property name="surefire.real.class.path" value="/Users/marcelo/eclipse-workspace/AIC7Demo/target/surefire/surefirebooter-20250904000304792_3.jar"/>
    <property name="sun.management.compiler" value="HotSpot 64-Bit Tiered Compilers"/>
    <property name="ftp.nonProxyHosts" value="local|*.local|169.254/16|*.169.254/16"/>
    <property name="java.runtime.version" value="24.0.2"/>
    <property name="user.name" value="marcelo"/>
    <property name="stdout.encoding" value="UTF-8"/>
    <property name="path.separator" value=":"/>
    <property name="os.version" value="15.6.1"/>
    <property name="java.runtime.name" value="OpenJDK Runtime Environment"/>
    <property name="file.encoding" value="UTF-8"/>
    <property name="java.vm.name" value="OpenJDK 64-Bit Server VM"/>
    <property name="java.vendor.version" value="Homebrew"/>
    <property name="localRepository" value="/Users/marcelo/.m2/repository"/>
    <property name="java.vendor.url.bug" value="https://github.com/Homebrew/homebrew-core/issues"/>
    <property name="java.io.tmpdir" value="/var/folders/04/qyd8wrd97qsd5w1rpqy1sw5c0000gn/T/"/>
    <property name="com.zaxxer.hikari.pool_number" value="1"/>
    <property name="java.version" value="24.0.2"/>
    <property name="user.dir" value="/Users/marcelo/eclipse-workspace/AIC7Demo"/>
    <property name="os.arch" value="x86_64"/>
    <property name="java.vm.specification.name" value="Java Virtual Machine Specification"/>
    <property name="PID" value="1424"/>
    <property name="CONSOLE_LOG_CHARSET" value="UTF-8"/>
    <property name="native.encoding" value="UTF-8"/>
    <property name="java.library.path" value="/Users/marcelo/Library/Java/Extensions:/Library/Java/Extensions:/Network/Library/Java/Extensions:/System/Library/Java/Extensions:/usr/lib/java:."/>
    <property name="java.vm.info" value="mixed mode, sharing"/>
    <property name="stderr.encoding" value="UTF-8"/>
    <property name="java.vendor" value="Homebrew"/>
    <property name="java.vm.version" value="24.0.2"/>
    <property name="sun.io.unicode.encoding" value="UnicodeBig"/>
    <property name="socksNonProxyHosts" value="local|*.local|169.254/16|*.169.254/16"/>
    <property name="java.class.version" value="68.0"/>
  </properties>
  <testcase name="testDelete_ExistingId_ShouldReturnTrue" classname="com.mls.workflow.core.service.CadastroServiceTest" time="0.854">
    <system-out><![CDATA[00:03:05.859 [main] INFO org.springframework.test.context.support.AnnotationConfigContextLoaderUtils -- Could not detect default configuration classes for test class [com.mls.workflow.core.service.CadastroServiceTest]: CadastroServiceTest does not declare any static, non-private, non-final, nested classes annotated with @Configuration.
00:03:06.003 [main] INFO org.springframework.boot.test.context.SpringBootTestContextBootstrapper -- Found @SpringBootConfiguration com.mls.workflow.Application for test class com.mls.workflow.core.service.CadastroServiceTest

 ____                                 _         ____  _       _    __                      
/ ___| __ _ _ __ ___  _   _ _ __   __| | __ _  |  _ \| | __ _| |_ / _| ___  _ __ _ __ ___  
| |   / _` | '_ ` _ \| | | | '_ \ / _` |/ _` | | |_) | |/ _` | __| |_ / _ \| '__| '_ ` _ \ 
| |__| (_| | | | | | | |_| | | | | (_| | (_| | |  __/| | (_| | |_|  _| (_) | |  | | | | | |
\____/\__,_|_| |_| |_|\__,_|_| |_|\__,_|\__,_| |_|   |_|\__,_|\__|_|  \___/|_|  |_| |_| |_|

  Spring-Boot:  (v3.3.0)
  Camunda Platform: (v7.23.0)
  Camunda Platform Spring Boot Starter: (v7.23.0)

2025-09-04T00:03:06.563-03:00  INFO 1424 --- [           main] c.m.w.core.service.CadastroServiceTest   : Starting CadastroServiceTest using Java 24.0.2 with PID 1424 (started by marcelo in /Users/marcelo/eclipse-workspace/AIC7Demo)
2025-09-04T00:03:06.567-03:00 DEBUG 1424 --- [           main] c.m.w.core.service.CadastroServiceTest   : Running with Spring Boot v3.3.0, Spring v6.1.8
2025-09-04T00:03:06.568-03:00  INFO 1424 --- [           main] c.m.w.core.service.CadastroServiceTest   : The following 1 profile is active: "test"
2025-09-04T00:03:08.195-03:00 DEBUG 1424 --- [           main] o.s.jdbc.datasource.DataSourceUtils      : Fetching JDBC Connection from DataSource
2025-09-04T00:03:08.196-03:00  INFO 1424 --- [           main] com.zaxxer.hikari.HikariDataSource       : HikariPool-1 - Starting...
2025-09-04T00:03:08.468-03:00  INFO 1424 --- [           main] com.zaxxer.hikari.pool.HikariPool        : HikariPool-1 - Added connection conn0: url=jdbc:h2:mem:testdb user=SA
2025-09-04T00:03:08.471-03:00  INFO 1424 --- [           main] com.zaxxer.hikari.HikariDataSource       : HikariPool-1 - Start completed.
2025-09-04T00:03:08.476-03:00 DEBUG 1424 --- [           main] o.s.jdbc.datasource.init.ScriptUtils     : Executing SQL script from file [/Users/marcelo/eclipse-workspace/AIC7Demo/target/classes/schema.sql]
2025-09-04T00:03:08.495-03:00 DEBUG 1424 --- [           main] o.s.jdbc.datasource.init.ScriptUtils     : 0 returned as update count for SQL: CREATE TABLE IF NOT EXISTS AIC_CADASTRO ( ID BIGINT AUTO_INCREMENT PRIMARY KEY, NOME VARCHAR(255) NOT NULL, EMAIL VARCHAR(255) NOT NULL, IDADE INT )
2025-09-04T00:03:08.498-03:00 DEBUG 1424 --- [           main] o.s.jdbc.datasource.init.ScriptUtils     : Executed SQL script from file [/Users/marcelo/eclipse-workspace/AIC7Demo/target/classes/schema.sql] in 19 ms.
2025-09-04T00:03:08.498-03:00 DEBUG 1424 --- [           main] o.s.jdbc.datasource.init.ScriptUtils     : Executing SQL script from file [/Users/marcelo/eclipse-workspace/AIC7Demo/target/test-classes/schema.sql]
2025-09-04T00:03:08.500-03:00 DEBUG 1424 --- [           main] o.s.jdbc.datasource.init.ScriptUtils     : 0 returned as update count for SQL: CREATE TABLE IF NOT EXISTS AIC_CADASTRO ( ID BIGINT AUTO_INCREMENT PRIMARY KEY, NOME VARCHAR(255) NOT NULL, EMAIL VARCHAR(255) NOT NULL, IDADE INT )
2025-09-04T00:03:08.500-03:00 DEBUG 1424 --- [           main] o.s.jdbc.datasource.init.ScriptUtils     : Executed SQL script from file [/Users/marcelo/eclipse-workspace/AIC7Demo/target/test-classes/schema.sql] in 2 ms.
2025-09-04T00:03:08.509-03:00 DEBUG 1424 --- [           main] o.s.jdbc.datasource.DataSourceUtils      : Fetching JDBC Connection from DataSource
2025-09-04T00:03:08.510-03:00 DEBUG 1424 --- [           main] o.s.jdbc.datasource.init.ScriptUtils     : Executing SQL script from file [/Users/marcelo/eclipse-workspace/AIC7Demo/target/test-classes/data.sql]
2025-09-04T00:03:08.513-03:00 DEBUG 1424 --- [           main] o.s.jdbc.datasource.init.ScriptUtils     : 3 returned as update count for SQL: INSERT INTO AIC_CADASTRO (NOME, EMAIL, IDADE) VALUES ('João Silva', 'joao@example.com', 30), ('Maria Santos', 'maria@example.com', 25), ('Pedro Oliveira', 'pedro@example.com', 35)
2025-09-04T00:03:08.514-03:00 DEBUG 1424 --- [           main] o.s.jdbc.datasource.init.ScriptUtils     : Executed SQL script from file [/Users/marcelo/eclipse-workspace/AIC7Demo/target/test-classes/data.sql] in 4 ms.
2025-09-04T00:03:08.744-03:00  INFO 1424 --- [           main] org.camunda.bpm.spring.boot              : STARTER-SB040 Setting up jobExecutor with corePoolSize=3, maxPoolSize:10
2025-09-04T00:03:08.849-03:00  INFO 1424 --- [           main] org.camunda.bpm.engine.cfg               : ENGINE-12003 Plugin 'CompositeProcessEnginePlugin[genericPropertiesConfiguration, camundaProcessEngineConfiguration, camundaDatasourceConfiguration, camundaJobConfiguration, camundaHistoryConfiguration, camundaMetricsConfiguration, camundaAuthorizationConfiguration, camundaDeploymentConfiguration, createAdminUserConfiguration, failedJobConfiguration, eventPublisherPlugin, ApplicationContextClassloaderSwitchPlugin, SpringBootSpinProcessEnginePlugin]' activated on process engine 'default'
2025-09-04T00:03:09.676-03:00  INFO 1424 --- [           main] org.camunda.bpm.spring.boot              : STARTER-SB021 Auto-Deploying resources: [file [/Users/marcelo/eclipse-workspace/AIC7Demo/target/classes/bpmn/process.bpmn]]
2025-09-04T00:03:09.680-03:00  INFO 1424 --- [           main] o.c.b.s.b.s.event.EventPublisherPlugin   : EVENTING-001: Initialized Camunda Spring Boot Eventing Engine Plugin.
2025-09-04T00:03:09.680-03:00  INFO 1424 --- [           main] o.c.b.s.b.s.event.EventPublisherPlugin   : EVENTING-003: Task events will be published as Spring Events.
2025-09-04T00:03:09.680-03:00  INFO 1424 --- [           main] o.c.b.s.b.s.event.EventPublisherPlugin   : EVENTING-005: Execution events will be published as Spring Events.
2025-09-04T00:03:09.681-03:00  INFO 1424 --- [           main] o.c.b.s.b.s.event.EventPublisherPlugin   : EVENTING-009: Listeners will not be invoked if a skipCustomListeners API parameter is set to true by user.
2025-09-04T00:03:09.686-03:00  INFO 1424 --- [           main] o.c.b.s.b.s.event.EventPublisherPlugin   : EVENTING-007: History events will be published as Spring events.
2025-09-04T00:03:09.691-03:00  INFO 1424 --- [           main] org.camunda.spin                         : SPIN-01010 Discovered Spin data format provider: org.camunda.spin.impl.json.jackson.format.JacksonJsonDataFormatProvider[name = application/json]
2025-09-04T00:03:09.870-03:00  INFO 1424 --- [           main] org.camunda.spin                         : SPIN-01010 Discovered Spin data format provider: org.camunda.spin.impl.xml.dom.format.DomXmlDataFormatProvider[name = application/xml]
2025-09-04T00:03:09.950-03:00  INFO 1424 --- [           main] org.camunda.spin                         : SPIN-01009 Discovered Spin data format: org.camunda.spin.impl.xml.dom.format.DomXmlDataFormat[name = application/xml]
2025-09-04T00:03:09.950-03:00  INFO 1424 --- [           main] org.camunda.spin                         : SPIN-01009 Discovered Spin data format: org.camunda.spin.impl.json.jackson.format.JacksonJsonDataFormat[name = application/json]
2025-09-04T00:03:10.084-03:00  INFO 1424 --- [           main] org.camunda.bpm.dmn.feel.scala           : FEEL/SCALA-01001 Spin value mapper detected
2025-09-04T00:03:10.216-03:00 DEBUG 1424 --- [           main] o.s.jdbc.datasource.DataSourceUtils      : Fetching JDBC Connection from DataSource
2025-09-04T00:03:10.217-03:00 DEBUG 1424 --- [           main] o.s.jdbc.datasource.DataSourceUtils      : Fetching JDBC Connection from DataSource
2025-09-04T00:03:12.464-03:00 DEBUG 1424 --- [           main] o.s.jdbc.support.JdbcTransactionManager  : Creating new transaction with name [null]: PROPAGATION_REQUIRED,ISOLATION_DEFAULT
2025-09-04T00:03:12.466-03:00 DEBUG 1424 --- [           main] o.s.jdbc.support.JdbcTransactionManager  : Acquired Connection [HikariProxyConnection@1924480807 wrapping conn0: url=jdbc:h2:mem:testdb user=SA] for JDBC transaction
2025-09-04T00:03:12.469-03:00 DEBUG 1424 --- [           main] o.s.jdbc.support.JdbcTransactionManager  : Switching JDBC Connection [HikariProxyConnection@1924480807 wrapping conn0: url=jdbc:h2:mem:testdb user=SA] to manual commit
2025-09-04T00:03:12.640-03:00  INFO 1424 --- [           main] org.camunda.bpm.engine.persistence       : ENGINE-03016 Performing database operation 'create' on component 'engine' with resource 'org/camunda/bpm/engine/db/create/activiti.h2.create.engine.sql'
2025-09-04T00:03:12.709-03:00  INFO 1424 --- [           main] org.camunda.bpm.engine.persistence       : ENGINE-03016 Performing database operation 'create' on component 'history' with resource 'org/camunda/bpm/engine/db/create/activiti.h2.create.history.sql'
2025-09-04T00:03:12.722-03:00  INFO 1424 --- [           main] org.camunda.bpm.engine.persistence       : ENGINE-03016 Performing database operation 'create' on component 'identity' with resource 'org/camunda/bpm/engine/db/create/activiti.h2.create.identity.sql'
2025-09-04T00:03:12.735-03:00  INFO 1424 --- [           main] org.camunda.bpm.engine.persistence       : ENGINE-03016 Performing database operation 'create' on component 'case.engine' with resource 'org/camunda/bpm/engine/db/create/activiti.h2.create.case.engine.sql'
2025-09-04T00:03:12.739-03:00  INFO 1424 --- [           main] org.camunda.bpm.engine.persistence       : ENGINE-03016 Performing database operation 'create' on component 'case.history' with resource 'org/camunda/bpm/engine/db/create/activiti.h2.create.case.history.sql'
2025-09-04T00:03:12.745-03:00  INFO 1424 --- [           main] org.camunda.bpm.engine.persistence       : ENGINE-03016 Performing database operation 'create' on component 'decision.engine' with resource 'org/camunda/bpm/engine/db/create/activiti.h2.create.decision.engine.sql'
2025-09-04T00:03:12.757-03:00  INFO 1424 --- [           main] org.camunda.bpm.engine.persistence       : ENGINE-03016 Performing database operation 'create' on component 'decision.history' with resource 'org/camunda/bpm/engine/db/create/activiti.h2.create.decision.history.sql'
2025-09-04T00:03:12.759-03:00 DEBUG 1424 --- [           main] o.s.jdbc.support.JdbcTransactionManager  : Initiating transaction commit
2025-09-04T00:03:12.760-03:00 DEBUG 1424 --- [           main] o.s.jdbc.support.JdbcTransactionManager  : Committing JDBC transaction on Connection [HikariProxyConnection@1924480807 wrapping conn0: url=jdbc:h2:mem:testdb user=SA]
2025-09-04T00:03:12.761-03:00 DEBUG 1424 --- [           main] o.s.jdbc.support.JdbcTransactionManager  : Releasing JDBC Connection [HikariProxyConnection@1924480807 wrapping conn0: url=jdbc:h2:mem:testdb user=SA] after transaction
2025-09-04T00:03:12.761-03:00 DEBUG 1424 --- [           main] o.s.jdbc.support.JdbcTransactionManager  : Creating new transaction with name [null]: PROPAGATION_REQUIRED,ISOLATION_DEFAULT
2025-09-04T00:03:12.761-03:00 DEBUG 1424 --- [           main] o.s.jdbc.support.JdbcTransactionManager  : Acquired Connection [HikariProxyConnection@1394338834 wrapping conn0: url=jdbc:h2:mem:testdb user=SA] for JDBC transaction
2025-09-04T00:03:12.761-03:00 DEBUG 1424 --- [           main] o.s.jdbc.support.JdbcTransactionManager  : Switching JDBC Connection [HikariProxyConnection@1394338834 wrapping conn0: url=jdbc:h2:mem:testdb user=SA] to manual commit
2025-09-04T00:03:12.788-03:00  INFO 1424 --- [           main] org.camunda.bpm.engine.persistence       : ENGINE-03067 No history level property found in database
2025-09-04T00:03:12.791-03:00  INFO 1424 --- [           main] org.camunda.bpm.engine.persistence       : ENGINE-03065 Creating historyLevel property in database for level: HistoryLevelFull(name=full, id=3)
2025-09-04T00:03:12.800-03:00 DEBUG 1424 --- [           main] o.s.jdbc.support.JdbcTransactionManager  : Initiating transaction commit
2025-09-04T00:03:12.801-03:00 DEBUG 1424 --- [           main] o.s.jdbc.support.JdbcTransactionManager  : Committing JDBC transaction on Connection [HikariProxyConnection@1394338834 wrapping conn0: url=jdbc:h2:mem:testdb user=SA]
2025-09-04T00:03:12.801-03:00 DEBUG 1424 --- [           main] o.s.jdbc.support.JdbcTransactionManager  : Releasing JDBC Connection [HikariProxyConnection@1394338834 wrapping conn0: url=jdbc:h2:mem:testdb user=SA] after transaction
2025-09-04T00:03:12.801-03:00 DEBUG 1424 --- [           main] o.s.jdbc.support.JdbcTransactionManager  : Creating new transaction with name [null]: PROPAGATION_REQUIRED,ISOLATION_DEFAULT
2025-09-04T00:03:12.801-03:00 DEBUG 1424 --- [           main] o.s.jdbc.support.JdbcTransactionManager  : Acquired Connection [HikariProxyConnection@1624449030 wrapping conn0: url=jdbc:h2:mem:testdb user=SA] for JDBC transaction
2025-09-04T00:03:12.801-03:00 DEBUG 1424 --- [           main] o.s.jdbc.support.JdbcTransactionManager  : Switching JDBC Connection [HikariProxyConnection@1624449030 wrapping conn0: url=jdbc:h2:mem:testdb user=SA] to manual commit
2025-09-04T00:03:12.804-03:00 DEBUG 1424 --- [           main] o.s.jdbc.support.JdbcTransactionManager  : Participating in existing transaction
2025-09-04T00:03:12.809-03:00 DEBUG 1424 --- [           main] o.s.jdbc.support.JdbcTransactionManager  : Participating in existing transaction
2025-09-04T00:03:12.813-03:00 DEBUG 1424 --- [           main] o.s.jdbc.support.JdbcTransactionManager  : Participating in existing transaction
2025-09-04T00:03:12.815-03:00 DEBUG 1424 --- [           main] o.s.jdbc.support.JdbcTransactionManager  : Initiating transaction commit
2025-09-04T00:03:12.815-03:00 DEBUG 1424 --- [           main] o.s.jdbc.support.JdbcTransactionManager  : Committing JDBC transaction on Connection [HikariProxyConnection@1624449030 wrapping conn0: url=jdbc:h2:mem:testdb user=SA]
2025-09-04T00:03:12.816-03:00 DEBUG 1424 --- [           main] o.s.jdbc.support.JdbcTransactionManager  : Releasing JDBC Connection [HikariProxyConnection@1624449030 wrapping conn0: url=jdbc:h2:mem:testdb user=SA] after transaction
2025-09-04T00:03:12.816-03:00  INFO 1424 --- [           main] org.camunda.bpm.engine                   : ENGINE-00001 Process Engine default created.
2025-09-04T00:03:12.818-03:00 DEBUG 1424 --- [           main] o.s.jdbc.support.JdbcTransactionManager  : Creating new transaction with name [null]: PROPAGATION_REQUIRED,ISOLATION_DEFAULT
2025-09-04T00:03:12.819-03:00 DEBUG 1424 --- [           main] o.s.jdbc.support.JdbcTransactionManager  : Acquired Connection [HikariProxyConnection@211853855 wrapping conn0: url=jdbc:h2:mem:testdb user=SA] for JDBC transaction
2025-09-04T00:03:12.819-03:00 DEBUG 1424 --- [           main] o.s.jdbc.support.JdbcTransactionManager  : Switching JDBC Connection [HikariProxyConnection@211853855 wrapping conn0: url=jdbc:h2:mem:testdb user=SA] to manual commit
2025-09-04T00:03:12.821-03:00 DEBUG 1424 --- [           main] o.s.jdbc.support.JdbcTransactionManager  : Initiating transaction commit
2025-09-04T00:03:12.821-03:00 DEBUG 1424 --- [           main] o.s.jdbc.support.JdbcTransactionManager  : Committing JDBC transaction on Connection [HikariProxyConnection@211853855 wrapping conn0: url=jdbc:h2:mem:testdb user=SA]
2025-09-04T00:03:12.821-03:00 DEBUG 1424 --- [           main] o.s.jdbc.support.JdbcTransactionManager  : Releasing JDBC Connection [HikariProxyConnection@211853855 wrapping conn0: url=jdbc:h2:mem:testdb user=SA] after transaction
2025-09-04T00:03:12.822-03:00 DEBUG 1424 --- [           main] o.s.jdbc.support.JdbcTransactionManager  : Creating new transaction with name [null]: PROPAGATION_REQUIRED,ISOLATION_DEFAULT
2025-09-04T00:03:12.822-03:00 DEBUG 1424 --- [           main] o.s.jdbc.support.JdbcTransactionManager  : Acquired Connection [HikariProxyConnection@886292426 wrapping conn0: url=jdbc:h2:mem:testdb user=SA] for JDBC transaction
2025-09-04T00:03:12.822-03:00 DEBUG 1424 --- [           main] o.s.jdbc.support.JdbcTransactionManager  : Switching JDBC Connection [HikariProxyConnection@886292426 wrapping conn0: url=jdbc:h2:mem:testdb user=SA] to manual commit
2025-09-04T00:03:12.882-03:00 DEBUG 1424 --- [           main] o.s.jdbc.support.JdbcTransactionManager  : Initiating transaction commit
2025-09-04T00:03:12.883-03:00 DEBUG 1424 --- [           main] o.s.jdbc.support.JdbcTransactionManager  : Committing JDBC transaction on Connection [HikariProxyConnection@886292426 wrapping conn0: url=jdbc:h2:mem:testdb user=SA]
2025-09-04T00:03:12.883-03:00 DEBUG 1424 --- [           main] o.s.jdbc.support.JdbcTransactionManager  : Releasing JDBC Connection [HikariProxyConnection@886292426 wrapping conn0: url=jdbc:h2:mem:testdb user=SA] after transaction
2025-09-04T00:03:12.884-03:00 DEBUG 1424 --- [           main] o.s.jdbc.support.JdbcTransactionManager  : Creating new transaction with name [null]: PROPAGATION_REQUIRED,ISOLATION_DEFAULT
2025-09-04T00:03:12.884-03:00 DEBUG 1424 --- [           main] o.s.jdbc.support.JdbcTransactionManager  : Acquired Connection [HikariProxyConnection@1268591854 wrapping conn0: url=jdbc:h2:mem:testdb user=SA] for JDBC transaction
2025-09-04T00:03:12.884-03:00 DEBUG 1424 --- [           main] o.s.jdbc.support.JdbcTransactionManager  : Switching JDBC Connection [HikariProxyConnection@1268591854 wrapping conn0: url=jdbc:h2:mem:testdb user=SA] to manual commit
2025-09-04T00:03:12.885-03:00 DEBUG 1424 --- [           main] o.s.jdbc.support.JdbcTransactionManager  : Initiating transaction commit
2025-09-04T00:03:12.885-03:00 DEBUG 1424 --- [           main] o.s.jdbc.support.JdbcTransactionManager  : Committing JDBC transaction on Connection [HikariProxyConnection@1268591854 wrapping conn0: url=jdbc:h2:mem:testdb user=SA]
2025-09-04T00:03:12.885-03:00 DEBUG 1424 --- [           main] o.s.jdbc.support.JdbcTransactionManager  : Releasing JDBC Connection [HikariProxyConnection@1268591854 wrapping conn0: url=jdbc:h2:mem:testdb user=SA] after transaction
2025-09-04T00:03:12.888-03:00 DEBUG 1424 --- [           main] o.s.jdbc.support.JdbcTransactionManager  : Creating new transaction with name [null]: PROPAGATION_REQUIRED,ISOLATION_DEFAULT
2025-09-04T00:03:12.888-03:00 DEBUG 1424 --- [           main] o.s.jdbc.support.JdbcTransactionManager  : Acquired Connection [HikariProxyConnection@1402120747 wrapping conn0: url=jdbc:h2:mem:testdb user=SA] for JDBC transaction
2025-09-04T00:03:12.888-03:00 DEBUG 1424 --- [           main] o.s.jdbc.support.JdbcTransactionManager  : Switching JDBC Connection [HikariProxyConnection@1402120747 wrapping conn0: url=jdbc:h2:mem:testdb user=SA] to manual commit
2025-09-04T00:03:12.898-03:00 DEBUG 1424 --- [           main] o.s.jdbc.support.JdbcTransactionManager  : Initiating transaction commit
2025-09-04T00:03:12.898-03:00 DEBUG 1424 --- [           main] o.s.jdbc.support.JdbcTransactionManager  : Committing JDBC transaction on Connection [HikariProxyConnection@1402120747 wrapping conn0: url=jdbc:h2:mem:testdb user=SA]
2025-09-04T00:03:12.899-03:00 DEBUG 1424 --- [           main] o.s.jdbc.support.JdbcTransactionManager  : Releasing JDBC Connection [HikariProxyConnection@1402120747 wrapping conn0: url=jdbc:h2:mem:testdb user=SA] after transaction
2025-09-04T00:03:12.899-03:00 DEBUG 1424 --- [           main] o.s.jdbc.support.JdbcTransactionManager  : Creating new transaction with name [null]: PROPAGATION_REQUIRED,ISOLATION_DEFAULT
2025-09-04T00:03:12.899-03:00 DEBUG 1424 --- [           main] o.s.jdbc.support.JdbcTransactionManager  : Acquired Connection [HikariProxyConnection@862577358 wrapping conn0: url=jdbc:h2:mem:testdb user=SA] for JDBC transaction
2025-09-04T00:03:12.900-03:00 DEBUG 1424 --- [           main] o.s.jdbc.support.JdbcTransactionManager  : Switching JDBC Connection [HikariProxyConnection@862577358 wrapping conn0: url=jdbc:h2:mem:testdb user=SA] to manual commit
2025-09-04T00:03:12.900-03:00 DEBUG 1424 --- [           main] o.s.jdbc.support.JdbcTransactionManager  : Initiating transaction commit
2025-09-04T00:03:12.900-03:00 DEBUG 1424 --- [           main] o.s.jdbc.support.JdbcTransactionManager  : Committing JDBC transaction on Connection [HikariProxyConnection@862577358 wrapping conn0: url=jdbc:h2:mem:testdb user=SA]
2025-09-04T00:03:12.901-03:00 DEBUG 1424 --- [           main] o.s.jdbc.support.JdbcTransactionManager  : Releasing JDBC Connection [HikariProxyConnection@862577358 wrapping conn0: url=jdbc:h2:mem:testdb user=SA] after transaction
2025-09-04T00:03:12.901-03:00 DEBUG 1424 --- [           main] o.s.jdbc.support.JdbcTransactionManager  : Creating new transaction with name [null]: PROPAGATION_REQUIRED,ISOLATION_DEFAULT
2025-09-04T00:03:12.901-03:00 DEBUG 1424 --- [           main] o.s.jdbc.support.JdbcTransactionManager  : Acquired Connection [HikariProxyConnection@1787667909 wrapping conn0: url=jdbc:h2:mem:testdb user=SA] for JDBC transaction
2025-09-04T00:03:12.901-03:00 DEBUG 1424 --- [           main] o.s.jdbc.support.JdbcTransactionManager  : Switching JDBC Connection [HikariProxyConnection@1787667909 wrapping conn0: url=jdbc:h2:mem:testdb user=SA] to manual commit
2025-09-04T00:03:12.916-03:00 DEBUG 1424 --- [           main] o.s.jdbc.support.JdbcTransactionManager  : Initiating transaction commit
2025-09-04T00:03:12.917-03:00 DEBUG 1424 --- [           main] o.s.jdbc.support.JdbcTransactionManager  : Committing JDBC transaction on Connection [HikariProxyConnection@1787667909 wrapping conn0: url=jdbc:h2:mem:testdb user=SA]
2025-09-04T00:03:12.917-03:00 DEBUG 1424 --- [           main] o.s.jdbc.support.JdbcTransactionManager  : Releasing JDBC Connection [HikariProxyConnection@1787667909 wrapping conn0: url=jdbc:h2:mem:testdb user=SA] after transaction
2025-09-04T00:03:12.918-03:00 DEBUG 1424 --- [           main] o.s.jdbc.support.JdbcTransactionManager  : Creating new transaction with name [null]: PROPAGATION_REQUIRED,ISOLATION_DEFAULT
2025-09-04T00:03:12.918-03:00 DEBUG 1424 --- [           main] o.s.jdbc.support.JdbcTransactionManager  : Acquired Connection [HikariProxyConnection@1869197498 wrapping conn0: url=jdbc:h2:mem:testdb user=SA] for JDBC transaction
2025-09-04T00:03:12.918-03:00 DEBUG 1424 --- [           main] o.s.jdbc.support.JdbcTransactionManager  : Switching JDBC Connection [HikariProxyConnection@1869197498 wrapping conn0: url=jdbc:h2:mem:testdb user=SA] to manual commit
2025-09-04T00:03:12.919-03:00 DEBUG 1424 --- [           main] o.s.jdbc.support.JdbcTransactionManager  : Initiating transaction commit
2025-09-04T00:03:12.919-03:00 DEBUG 1424 --- [           main] o.s.jdbc.support.JdbcTransactionManager  : Committing JDBC transaction on Connection [HikariProxyConnection@1869197498 wrapping conn0: url=jdbc:h2:mem:testdb user=SA]
2025-09-04T00:03:12.919-03:00 DEBUG 1424 --- [           main] o.s.jdbc.support.JdbcTransactionManager  : Releasing JDBC Connection [HikariProxyConnection@1869197498 wrapping conn0: url=jdbc:h2:mem:testdb user=SA] after transaction
2025-09-04T00:03:12.920-03:00 DEBUG 1424 --- [           main] o.s.jdbc.support.JdbcTransactionManager  : Creating new transaction with name [null]: PROPAGATION_REQUIRED,ISOLATION_DEFAULT
2025-09-04T00:03:12.920-03:00 DEBUG 1424 --- [           main] o.s.jdbc.support.JdbcTransactionManager  : Acquired Connection [HikariProxyConnection@2147388034 wrapping conn0: url=jdbc:h2:mem:testdb user=SA] for JDBC transaction
2025-09-04T00:03:12.920-03:00 DEBUG 1424 --- [           main] o.s.jdbc.support.JdbcTransactionManager  : Switching JDBC Connection [HikariProxyConnection@2147388034 wrapping conn0: url=jdbc:h2:mem:testdb user=SA] to manual commit
2025-09-04T00:03:12.926-03:00 DEBUG 1424 --- [           main] o.s.jdbc.support.JdbcTransactionManager  : Initiating transaction commit
2025-09-04T00:03:12.926-03:00 DEBUG 1424 --- [           main] o.s.jdbc.support.JdbcTransactionManager  : Committing JDBC transaction on Connection [HikariProxyConnection@2147388034 wrapping conn0: url=jdbc:h2:mem:testdb user=SA]
2025-09-04T00:03:12.927-03:00 DEBUG 1424 --- [           main] o.s.jdbc.support.JdbcTransactionManager  : Releasing JDBC Connection [HikariProxyConnection@2147388034 wrapping conn0: url=jdbc:h2:mem:testdb user=SA] after transaction
2025-09-04T00:03:12.927-03:00 DEBUG 1424 --- [           main] o.s.jdbc.support.JdbcTransactionManager  : Creating new transaction with name [null]: PROPAGATION_REQUIRED,ISOLATION_DEFAULT
2025-09-04T00:03:12.927-03:00 DEBUG 1424 --- [           main] o.s.jdbc.support.JdbcTransactionManager  : Acquired Connection [HikariProxyConnection@737025043 wrapping conn0: url=jdbc:h2:mem:testdb user=SA] for JDBC transaction
2025-09-04T00:03:12.927-03:00 DEBUG 1424 --- [           main] o.s.jdbc.support.JdbcTransactionManager  : Switching JDBC Connection [HikariProxyConnection@737025043 wrapping conn0: url=jdbc:h2:mem:testdb user=SA] to manual commit
2025-09-04T00:03:12.937-03:00 DEBUG 1424 --- [           main] o.s.jdbc.support.JdbcTransactionManager  : Initiating transaction commit
2025-09-04T00:03:12.937-03:00 DEBUG 1424 --- [           main] o.s.jdbc.support.JdbcTransactionManager  : Committing JDBC transaction on Connection [HikariProxyConnection@737025043 wrapping conn0: url=jdbc:h2:mem:testdb user=SA]
2025-09-04T00:03:12.937-03:00 DEBUG 1424 --- [           main] o.s.jdbc.support.JdbcTransactionManager  : Releasing JDBC Connection [HikariProxyConnection@737025043 wrapping conn0: url=jdbc:h2:mem:testdb user=SA] after transaction
2025-09-04T00:03:12.938-03:00 DEBUG 1424 --- [           main] o.s.jdbc.support.JdbcTransactionManager  : Creating new transaction with name [null]: PROPAGATION_REQUIRED,ISOLATION_DEFAULT
2025-09-04T00:03:12.939-03:00 DEBUG 1424 --- [           main] o.s.jdbc.support.JdbcTransactionManager  : Acquired Connection [HikariProxyConnection@785140711 wrapping conn0: url=jdbc:h2:mem:testdb user=SA] for JDBC transaction
2025-09-04T00:03:12.939-03:00 DEBUG 1424 --- [           main] o.s.jdbc.support.JdbcTransactionManager  : Switching JDBC Connection [HikariProxyConnection@785140711 wrapping conn0: url=jdbc:h2:mem:testdb user=SA] to manual commit
2025-09-04T00:03:12.953-03:00 DEBUG 1424 --- [           main] o.s.jdbc.support.JdbcTransactionManager  : Initiating transaction commit
2025-09-04T00:03:12.953-03:00 DEBUG 1424 --- [           main] o.s.jdbc.support.JdbcTransactionManager  : Committing JDBC transaction on Connection [HikariProxyConnection@785140711 wrapping conn0: url=jdbc:h2:mem:testdb user=SA]
2025-09-04T00:03:12.954-03:00 DEBUG 1424 --- [           main] o.s.jdbc.support.JdbcTransactionManager  : Releasing JDBC Connection [HikariProxyConnection@785140711 wrapping conn0: url=jdbc:h2:mem:testdb user=SA] after transaction
2025-09-04T00:03:12.954-03:00 DEBUG 1424 --- [           main] o.s.jdbc.support.JdbcTransactionManager  : Creating new transaction with name [null]: PROPAGATION_REQUIRED,ISOLATION_DEFAULT
2025-09-04T00:03:12.954-03:00 DEBUG 1424 --- [           main] o.s.jdbc.support.JdbcTransactionManager  : Acquired Connection [HikariProxyConnection@1586980179 wrapping conn0: url=jdbc:h2:mem:testdb user=SA] for JDBC transaction
2025-09-04T00:03:12.954-03:00 DEBUG 1424 --- [           main] o.s.jdbc.support.JdbcTransactionManager  : Switching JDBC Connection [HikariProxyConnection@1586980179 wrapping conn0: url=jdbc:h2:mem:testdb user=SA] to manual commit
2025-09-04T00:03:12.956-03:00 DEBUG 1424 --- [           main] o.s.jdbc.support.JdbcTransactionManager  : Initiating transaction commit
2025-09-04T00:03:12.956-03:00 DEBUG 1424 --- [           main] o.s.jdbc.support.JdbcTransactionManager  : Committing JDBC transaction on Connection [HikariProxyConnection@1586980179 wrapping conn0: url=jdbc:h2:mem:testdb user=SA]
2025-09-04T00:03:12.957-03:00 DEBUG 1424 --- [           main] o.s.jdbc.support.JdbcTransactionManager  : Releasing JDBC Connection [HikariProxyConnection@1586980179 wrapping conn0: url=jdbc:h2:mem:testdb user=SA] after transaction
2025-09-04T00:03:12.957-03:00 DEBUG 1424 --- [           main] o.s.jdbc.support.JdbcTransactionManager  : Creating new transaction with name [null]: PROPAGATION_REQUIRED,ISOLATION_DEFAULT
2025-09-04T00:03:12.957-03:00 DEBUG 1424 --- [           main] o.s.jdbc.support.JdbcTransactionManager  : Acquired Connection [HikariProxyConnection@423459527 wrapping conn0: url=jdbc:h2:mem:testdb user=SA] for JDBC transaction
2025-09-04T00:03:12.957-03:00 DEBUG 1424 --- [           main] o.s.jdbc.support.JdbcTransactionManager  : Switching JDBC Connection [HikariProxyConnection@423459527 wrapping conn0: url=jdbc:h2:mem:testdb user=SA] to manual commit
2025-09-04T00:03:12.958-03:00 DEBUG 1424 --- [           main] o.s.jdbc.support.JdbcTransactionManager  : Initiating transaction commit
2025-09-04T00:03:12.958-03:00 DEBUG 1424 --- [           main] o.s.jdbc.support.JdbcTransactionManager  : Committing JDBC transaction on Connection [HikariProxyConnection@423459527 wrapping conn0: url=jdbc:h2:mem:testdb user=SA]
2025-09-04T00:03:12.959-03:00 DEBUG 1424 --- [           main] o.s.jdbc.support.JdbcTransactionManager  : Releasing JDBC Connection [HikariProxyConnection@423459527 wrapping conn0: url=jdbc:h2:mem:testdb user=SA] after transaction
2025-09-04T00:03:12.959-03:00 DEBUG 1424 --- [           main] o.s.jdbc.support.JdbcTransactionManager  : Creating new transaction with name [null]: PROPAGATION_REQUIRED,ISOLATION_DEFAULT
2025-09-04T00:03:12.959-03:00 DEBUG 1424 --- [           main] o.s.jdbc.support.JdbcTransactionManager  : Acquired Connection [HikariProxyConnection@408648902 wrapping conn0: url=jdbc:h2:mem:testdb user=SA] for JDBC transaction
2025-09-04T00:03:12.959-03:00 DEBUG 1424 --- [           main] o.s.jdbc.support.JdbcTransactionManager  : Switching JDBC Connection [HikariProxyConnection@408648902 wrapping conn0: url=jdbc:h2:mem:testdb user=SA] to manual commit
2025-09-04T00:03:12.961-03:00 DEBUG 1424 --- [           main] o.s.jdbc.support.JdbcTransactionManager  : Initiating transaction commit
2025-09-04T00:03:12.961-03:00 DEBUG 1424 --- [           main] o.s.jdbc.support.JdbcTransactionManager  : Committing JDBC transaction on Connection [HikariProxyConnection@408648902 wrapping conn0: url=jdbc:h2:mem:testdb user=SA]
2025-09-04T00:03:12.961-03:00 DEBUG 1424 --- [           main] o.s.jdbc.support.JdbcTransactionManager  : Releasing JDBC Connection [HikariProxyConnection@408648902 wrapping conn0: url=jdbc:h2:mem:testdb user=SA] after transaction
2025-09-04T00:03:12.961-03:00 DEBUG 1424 --- [           main] o.s.jdbc.support.JdbcTransactionManager  : Creating new transaction with name [null]: PROPAGATION_REQUIRED,ISOLATION_DEFAULT
2025-09-04T00:03:12.961-03:00 DEBUG 1424 --- [           main] o.s.jdbc.support.JdbcTransactionManager  : Acquired Connection [HikariProxyConnection@1384781563 wrapping conn0: url=jdbc:h2:mem:testdb user=SA] for JDBC transaction
2025-09-04T00:03:12.962-03:00 DEBUG 1424 --- [           main] o.s.jdbc.support.JdbcTransactionManager  : Switching JDBC Connection [HikariProxyConnection@1384781563 wrapping conn0: url=jdbc:h2:mem:testdb user=SA] to manual commit
2025-09-04T00:03:12.963-03:00 DEBUG 1424 --- [           main] o.s.jdbc.support.JdbcTransactionManager  : Initiating transaction commit
2025-09-04T00:03:12.963-03:00 DEBUG 1424 --- [           main] o.s.jdbc.support.JdbcTransactionManager  : Committing JDBC transaction on Connection [HikariProxyConnection@1384781563 wrapping conn0: url=jdbc:h2:mem:testdb user=SA]
2025-09-04T00:03:12.963-03:00 DEBUG 1424 --- [           main] o.s.jdbc.support.JdbcTransactionManager  : Releasing JDBC Connection [HikariProxyConnection@1384781563 wrapping conn0: url=jdbc:h2:mem:testdb user=SA] after transaction
2025-09-04T00:03:12.963-03:00 DEBUG 1424 --- [           main] o.s.jdbc.support.JdbcTransactionManager  : Creating new transaction with name [null]: PROPAGATION_REQUIRED,ISOLATION_DEFAULT
2025-09-04T00:03:12.964-03:00 DEBUG 1424 --- [           main] o.s.jdbc.support.JdbcTransactionManager  : Acquired Connection [HikariProxyConnection@1972176213 wrapping conn0: url=jdbc:h2:mem:testdb user=SA] for JDBC transaction
2025-09-04T00:03:12.964-03:00 DEBUG 1424 --- [           main] o.s.jdbc.support.JdbcTransactionManager  : Switching JDBC Connection [HikariProxyConnection@1972176213 wrapping conn0: url=jdbc:h2:mem:testdb user=SA] to manual commit
2025-09-04T00:03:12.965-03:00 DEBUG 1424 --- [           main] o.s.jdbc.support.JdbcTransactionManager  : Initiating transaction commit
2025-09-04T00:03:12.965-03:00 DEBUG 1424 --- [           main] o.s.jdbc.support.JdbcTransactionManager  : Committing JDBC transaction on Connection [HikariProxyConnection@1972176213 wrapping conn0: url=jdbc:h2:mem:testdb user=SA]
2025-09-04T00:03:12.966-03:00 DEBUG 1424 --- [           main] o.s.jdbc.support.JdbcTransactionManager  : Releasing JDBC Connection [HikariProxyConnection@1972176213 wrapping conn0: url=jdbc:h2:mem:testdb user=SA] after transaction
2025-09-04T00:03:12.966-03:00 DEBUG 1424 --- [           main] o.s.jdbc.support.JdbcTransactionManager  : Creating new transaction with name [null]: PROPAGATION_REQUIRED,ISOLATION_DEFAULT
2025-09-04T00:03:12.966-03:00 DEBUG 1424 --- [           main] o.s.jdbc.support.JdbcTransactionManager  : Acquired Connection [HikariProxyConnection@1254584937 wrapping conn0: url=jdbc:h2:mem:testdb user=SA] for JDBC transaction
2025-09-04T00:03:12.966-03:00 DEBUG 1424 --- [           main] o.s.jdbc.support.JdbcTransactionManager  : Switching JDBC Connection [HikariProxyConnection@1254584937 wrapping conn0: url=jdbc:h2:mem:testdb user=SA] to manual commit
2025-09-04T00:03:12.967-03:00 DEBUG 1424 --- [           main] o.s.jdbc.support.JdbcTransactionManager  : Initiating transaction commit
2025-09-04T00:03:12.967-03:00 DEBUG 1424 --- [           main] o.s.jdbc.support.JdbcTransactionManager  : Committing JDBC transaction on Connection [HikariProxyConnection@1254584937 wrapping conn0: url=jdbc:h2:mem:testdb user=SA]
2025-09-04T00:03:12.968-03:00 DEBUG 1424 --- [           main] o.s.jdbc.support.JdbcTransactionManager  : Releasing JDBC Connection [HikariProxyConnection@1254584937 wrapping conn0: url=jdbc:h2:mem:testdb user=SA] after transaction
2025-09-04T00:03:12.968-03:00 DEBUG 1424 --- [           main] o.s.jdbc.support.JdbcTransactionManager  : Creating new transaction with name [null]: PROPAGATION_REQUIRED,ISOLATION_DEFAULT
2025-09-04T00:03:12.968-03:00 DEBUG 1424 --- [           main] o.s.jdbc.support.JdbcTransactionManager  : Acquired Connection [HikariProxyConnection@2125952195 wrapping conn0: url=jdbc:h2:mem:testdb user=SA] for JDBC transaction
2025-09-04T00:03:12.968-03:00 DEBUG 1424 --- [           main] o.s.jdbc.support.JdbcTransactionManager  : Switching JDBC Connection [HikariProxyConnection@2125952195 wrapping conn0: url=jdbc:h2:mem:testdb user=SA] to manual commit
2025-09-04T00:03:12.970-03:00 DEBUG 1424 --- [           main] o.s.jdbc.support.JdbcTransactionManager  : Initiating transaction commit
2025-09-04T00:03:12.970-03:00 DEBUG 1424 --- [           main] o.s.jdbc.support.JdbcTransactionManager  : Committing JDBC transaction on Connection [HikariProxyConnection@2125952195 wrapping conn0: url=jdbc:h2:mem:testdb user=SA]
2025-09-04T00:03:12.970-03:00 DEBUG 1424 --- [           main] o.s.jdbc.support.JdbcTransactionManager  : Releasing JDBC Connection [HikariProxyConnection@2125952195 wrapping conn0: url=jdbc:h2:mem:testdb user=SA] after transaction
2025-09-04T00:03:12.970-03:00 DEBUG 1424 --- [           main] o.s.jdbc.support.JdbcTransactionManager  : Creating new transaction with name [null]: PROPAGATION_REQUIRED,ISOLATION_DEFAULT
2025-09-04T00:03:12.970-03:00 DEBUG 1424 --- [           main] o.s.jdbc.support.JdbcTransactionManager  : Acquired Connection [HikariProxyConnection@61088069 wrapping conn0: url=jdbc:h2:mem:testdb user=SA] for JDBC transaction
2025-09-04T00:03:12.970-03:00 DEBUG 1424 --- [           main] o.s.jdbc.support.JdbcTransactionManager  : Switching JDBC Connection [HikariProxyConnection@61088069 wrapping conn0: url=jdbc:h2:mem:testdb user=SA] to manual commit
2025-09-04T00:03:12.971-03:00 DEBUG 1424 --- [           main] o.s.jdbc.support.JdbcTransactionManager  : Initiating transaction commit
2025-09-04T00:03:12.971-03:00 DEBUG 1424 --- [           main] o.s.jdbc.support.JdbcTransactionManager  : Committing JDBC transaction on Connection [HikariProxyConnection@61088069 wrapping conn0: url=jdbc:h2:mem:testdb user=SA]
2025-09-04T00:03:12.971-03:00 DEBUG 1424 --- [           main] o.s.jdbc.support.JdbcTransactionManager  : Releasing JDBC Connection [HikariProxyConnection@61088069 wrapping conn0: url=jdbc:h2:mem:testdb user=SA] after transaction
2025-09-04T00:03:12.971-03:00 DEBUG 1424 --- [           main] o.s.jdbc.support.JdbcTransactionManager  : Creating new transaction with name [null]: PROPAGATION_REQUIRED,ISOLATION_DEFAULT
2025-09-04T00:03:12.972-03:00 DEBUG 1424 --- [           main] o.s.jdbc.support.JdbcTransactionManager  : Acquired Connection [HikariProxyConnection@1315430544 wrapping conn0: url=jdbc:h2:mem:testdb user=SA] for JDBC transaction
2025-09-04T00:03:12.972-03:00 DEBUG 1424 --- [           main] o.s.jdbc.support.JdbcTransactionManager  : Switching JDBC Connection [HikariProxyConnection@1315430544 wrapping conn0: url=jdbc:h2:mem:testdb user=SA] to manual commit
2025-09-04T00:03:12.974-03:00 DEBUG 1424 --- [           main] o.s.jdbc.support.JdbcTransactionManager  : Initiating transaction commit
2025-09-04T00:03:12.974-03:00 DEBUG 1424 --- [           main] o.s.jdbc.support.JdbcTransactionManager  : Committing JDBC transaction on Connection [HikariProxyConnection@1315430544 wrapping conn0: url=jdbc:h2:mem:testdb user=SA]
2025-09-04T00:03:12.974-03:00 DEBUG 1424 --- [           main] o.s.jdbc.support.JdbcTransactionManager  : Releasing JDBC Connection [HikariProxyConnection@1315430544 wrapping conn0: url=jdbc:h2:mem:testdb user=SA] after transaction
2025-09-04T00:03:12.975-03:00 DEBUG 1424 --- [           main] o.s.jdbc.support.JdbcTransactionManager  : Creating new transaction with name [null]: PROPAGATION_REQUIRED,ISOLATION_DEFAULT
2025-09-04T00:03:12.975-03:00 DEBUG 1424 --- [           main] o.s.jdbc.support.JdbcTransactionManager  : Acquired Connection [HikariProxyConnection@345518693 wrapping conn0: url=jdbc:h2:mem:testdb user=SA] for JDBC transaction
2025-09-04T00:03:12.975-03:00 DEBUG 1424 --- [           main] o.s.jdbc.support.JdbcTransactionManager  : Switching JDBC Connection [HikariProxyConnection@345518693 wrapping conn0: url=jdbc:h2:mem:testdb user=SA] to manual commit
2025-09-04T00:03:12.976-03:00 DEBUG 1424 --- [           main] o.s.jdbc.support.JdbcTransactionManager  : Initiating transaction commit
2025-09-04T00:03:12.976-03:00 DEBUG 1424 --- [           main] o.s.jdbc.support.JdbcTransactionManager  : Committing JDBC transaction on Connection [HikariProxyConnection@345518693 wrapping conn0: url=jdbc:h2:mem:testdb user=SA]
2025-09-04T00:03:12.976-03:00 DEBUG 1424 --- [           main] o.s.jdbc.support.JdbcTransactionManager  : Releasing JDBC Connection [HikariProxyConnection@345518693 wrapping conn0: url=jdbc:h2:mem:testdb user=SA] after transaction
2025-09-04T00:03:12.976-03:00 DEBUG 1424 --- [           main] o.s.jdbc.support.JdbcTransactionManager  : Creating new transaction with name [null]: PROPAGATION_REQUIRED,ISOLATION_DEFAULT
2025-09-04T00:03:12.977-03:00 DEBUG 1424 --- [           main] o.s.jdbc.support.JdbcTransactionManager  : Acquired Connection [HikariProxyConnection@1917593312 wrapping conn0: url=jdbc:h2:mem:testdb user=SA] for JDBC transaction
2025-09-04T00:03:12.977-03:00 DEBUG 1424 --- [           main] o.s.jdbc.support.JdbcTransactionManager  : Switching JDBC Connection [HikariProxyConnection@1917593312 wrapping conn0: url=jdbc:h2:mem:testdb user=SA] to manual commit
2025-09-04T00:03:12.979-03:00 DEBUG 1424 --- [           main] o.s.jdbc.support.JdbcTransactionManager  : Initiating transaction commit
2025-09-04T00:03:12.979-03:00 DEBUG 1424 --- [           main] o.s.jdbc.support.JdbcTransactionManager  : Committing JDBC transaction on Connection [HikariProxyConnection@1917593312 wrapping conn0: url=jdbc:h2:mem:testdb user=SA]
2025-09-04T00:03:12.979-03:00 DEBUG 1424 --- [           main] o.s.jdbc.support.JdbcTransactionManager  : Releasing JDBC Connection [HikariProxyConnection@1917593312 wrapping conn0: url=jdbc:h2:mem:testdb user=SA] after transaction
2025-09-04T00:03:12.979-03:00 DEBUG 1424 --- [           main] o.s.jdbc.support.JdbcTransactionManager  : Creating new transaction with name [null]: PROPAGATION_REQUIRED,ISOLATION_DEFAULT
2025-09-04T00:03:12.979-03:00 DEBUG 1424 --- [           main] o.s.jdbc.support.JdbcTransactionManager  : Acquired Connection [HikariProxyConnection@889972204 wrapping conn0: url=jdbc:h2:mem:testdb user=SA] for JDBC transaction
2025-09-04T00:03:12.980-03:00 DEBUG 1424 --- [           main] o.s.jdbc.support.JdbcTransactionManager  : Switching JDBC Connection [HikariProxyConnection@889972204 wrapping conn0: url=jdbc:h2:mem:testdb user=SA] to manual commit
2025-09-04T00:03:12.982-03:00 DEBUG 1424 --- [           main] o.s.jdbc.support.JdbcTransactionManager  : Initiating transaction commit
2025-09-04T00:03:12.982-03:00 DEBUG 1424 --- [           main] o.s.jdbc.support.JdbcTransactionManager  : Committing JDBC transaction on Connection [HikariProxyConnection@889972204 wrapping conn0: url=jdbc:h2:mem:testdb user=SA]
2025-09-04T00:03:12.982-03:00 DEBUG 1424 --- [           main] o.s.jdbc.support.JdbcTransactionManager  : Releasing JDBC Connection [HikariProxyConnection@889972204 wrapping conn0: url=jdbc:h2:mem:testdb user=SA] after transaction
2025-09-04T00:03:12.983-03:00 DEBUG 1424 --- [           main] o.s.jdbc.support.JdbcTransactionManager  : Creating new transaction with name [null]: PROPAGATION_REQUIRED,ISOLATION_DEFAULT
2025-09-04T00:03:12.983-03:00 DEBUG 1424 --- [           main] o.s.jdbc.support.JdbcTransactionManager  : Acquired Connection [HikariProxyConnection@1415884524 wrapping conn0: url=jdbc:h2:mem:testdb user=SA] for JDBC transaction
2025-09-04T00:03:12.983-03:00 DEBUG 1424 --- [           main] o.s.jdbc.support.JdbcTransactionManager  : Switching JDBC Connection [HikariProxyConnection@1415884524 wrapping conn0: url=jdbc:h2:mem:testdb user=SA] to manual commit
2025-09-04T00:03:12.984-03:00 DEBUG 1424 --- [           main] o.s.jdbc.support.JdbcTransactionManager  : Initiating transaction commit
2025-09-04T00:03:12.984-03:00 DEBUG 1424 --- [           main] o.s.jdbc.support.JdbcTransactionManager  : Committing JDBC transaction on Connection [HikariProxyConnection@1415884524 wrapping conn0: url=jdbc:h2:mem:testdb user=SA]
2025-09-04T00:03:12.985-03:00 DEBUG 1424 --- [           main] o.s.jdbc.support.JdbcTransactionManager  : Releasing JDBC Connection [HikariProxyConnection@1415884524 wrapping conn0: url=jdbc:h2:mem:testdb user=SA] after transaction
2025-09-04T00:03:12.985-03:00 DEBUG 1424 --- [           main] o.s.jdbc.support.JdbcTransactionManager  : Creating new transaction with name [null]: PROPAGATION_REQUIRED,ISOLATION_DEFAULT
2025-09-04T00:03:12.985-03:00 DEBUG 1424 --- [           main] o.s.jdbc.support.JdbcTransactionManager  : Acquired Connection [HikariProxyConnection@1911830487 wrapping conn0: url=jdbc:h2:mem:testdb user=SA] for JDBC transaction
2025-09-04T00:03:12.985-03:00 DEBUG 1424 --- [           main] o.s.jdbc.support.JdbcTransactionManager  : Switching JDBC Connection [HikariProxyConnection@1911830487 wrapping conn0: url=jdbc:h2:mem:testdb user=SA] to manual commit
2025-09-04T00:03:12.986-03:00 DEBUG 1424 --- [           main] o.s.jdbc.support.JdbcTransactionManager  : Initiating transaction commit
2025-09-04T00:03:12.987-03:00 DEBUG 1424 --- [           main] o.s.jdbc.support.JdbcTransactionManager  : Committing JDBC transaction on Connection [HikariProxyConnection@1911830487 wrapping conn0: url=jdbc:h2:mem:testdb user=SA]
2025-09-04T00:03:12.987-03:00 DEBUG 1424 --- [           main] o.s.jdbc.support.JdbcTransactionManager  : Releasing JDBC Connection [HikariProxyConnection@1911830487 wrapping conn0: url=jdbc:h2:mem:testdb user=SA] after transaction
2025-09-04T00:03:12.987-03:00 DEBUG 1424 --- [           main] o.s.jdbc.support.JdbcTransactionManager  : Creating new transaction with name [null]: PROPAGATION_REQUIRED,ISOLATION_DEFAULT
2025-09-04T00:03:12.987-03:00 DEBUG 1424 --- [           main] o.s.jdbc.support.JdbcTransactionManager  : Acquired Connection [HikariProxyConnection@551821075 wrapping conn0: url=jdbc:h2:mem:testdb user=SA] for JDBC transaction
2025-09-04T00:03:12.988-03:00 DEBUG 1424 --- [           main] o.s.jdbc.support.JdbcTransactionManager  : Switching JDBC Connection [HikariProxyConnection@551821075 wrapping conn0: url=jdbc:h2:mem:testdb user=SA] to manual commit
2025-09-04T00:03:12.989-03:00 DEBUG 1424 --- [           main] o.s.jdbc.support.JdbcTransactionManager  : Initiating transaction commit
2025-09-04T00:03:12.990-03:00 DEBUG 1424 --- [           main] o.s.jdbc.support.JdbcTransactionManager  : Committing JDBC transaction on Connection [HikariProxyConnection@551821075 wrapping conn0: url=jdbc:h2:mem:testdb user=SA]
2025-09-04T00:03:12.990-03:00 DEBUG 1424 --- [           main] o.s.jdbc.support.JdbcTransactionManager  : Releasing JDBC Connection [HikariProxyConnection@551821075 wrapping conn0: url=jdbc:h2:mem:testdb user=SA] after transaction
2025-09-04T00:03:12.990-03:00 DEBUG 1424 --- [           main] o.s.jdbc.support.JdbcTransactionManager  : Creating new transaction with name [null]: PROPAGATION_REQUIRED,ISOLATION_DEFAULT
2025-09-04T00:03:12.990-03:00 DEBUG 1424 --- [           main] o.s.jdbc.support.JdbcTransactionManager  : Acquired Connection [HikariProxyConnection@1067780644 wrapping conn0: url=jdbc:h2:mem:testdb user=SA] for JDBC transaction
2025-09-04T00:03:12.990-03:00 DEBUG 1424 --- [           main] o.s.jdbc.support.JdbcTransactionManager  : Switching JDBC Connection [HikariProxyConnection@1067780644 wrapping conn0: url=jdbc:h2:mem:testdb user=SA] to manual commit
2025-09-04T00:03:12.992-03:00 DEBUG 1424 --- [           main] o.s.jdbc.support.JdbcTransactionManager  : Initiating transaction commit
2025-09-04T00:03:12.992-03:00 DEBUG 1424 --- [           main] o.s.jdbc.support.JdbcTransactionManager  : Committing JDBC transaction on Connection [HikariProxyConnection@1067780644 wrapping conn0: url=jdbc:h2:mem:testdb user=SA]
2025-09-04T00:03:12.993-03:00 DEBUG 1424 --- [           main] o.s.jdbc.support.JdbcTransactionManager  : Releasing JDBC Connection [HikariProxyConnection@1067780644 wrapping conn0: url=jdbc:h2:mem:testdb user=SA] after transaction
2025-09-04T00:03:12.993-03:00 DEBUG 1424 --- [           main] o.s.jdbc.support.JdbcTransactionManager  : Creating new transaction with name [null]: PROPAGATION_REQUIRED,ISOLATION_DEFAULT
2025-09-04T00:03:12.993-03:00 DEBUG 1424 --- [           main] o.s.jdbc.support.JdbcTransactionManager  : Acquired Connection [HikariProxyConnection@1478007685 wrapping conn0: url=jdbc:h2:mem:testdb user=SA] for JDBC transaction
2025-09-04T00:03:12.993-03:00 DEBUG 1424 --- [           main] o.s.jdbc.support.JdbcTransactionManager  : Switching JDBC Connection [HikariProxyConnection@1478007685 wrapping conn0: url=jdbc:h2:mem:testdb user=SA] to manual commit
2025-09-04T00:03:12.995-03:00 DEBUG 1424 --- [           main] o.s.jdbc.support.JdbcTransactionManager  : Initiating transaction commit
2025-09-04T00:03:12.996-03:00 DEBUG 1424 --- [           main] o.s.jdbc.support.JdbcTransactionManager  : Committing JDBC transaction on Connection [HikariProxyConnection@1478007685 wrapping conn0: url=jdbc:h2:mem:testdb user=SA]
2025-09-04T00:03:12.996-03:00 DEBUG 1424 --- [           main] o.s.jdbc.support.JdbcTransactionManager  : Releasing JDBC Connection [HikariProxyConnection@1478007685 wrapping conn0: url=jdbc:h2:mem:testdb user=SA] after transaction
2025-09-04T00:03:12.996-03:00 DEBUG 1424 --- [           main] o.s.jdbc.support.JdbcTransactionManager  : Creating new transaction with name [null]: PROPAGATION_REQUIRED,ISOLATION_DEFAULT
2025-09-04T00:03:12.996-03:00 DEBUG 1424 --- [           main] o.s.jdbc.support.JdbcTransactionManager  : Acquired Connection [HikariProxyConnection@1581377197 wrapping conn0: url=jdbc:h2:mem:testdb user=SA] for JDBC transaction
2025-09-04T00:03:12.996-03:00 DEBUG 1424 --- [           main] o.s.jdbc.support.JdbcTransactionManager  : Switching JDBC Connection [HikariProxyConnection@1581377197 wrapping conn0: url=jdbc:h2:mem:testdb user=SA] to manual commit
2025-09-04T00:03:12.998-03:00 DEBUG 1424 --- [           main] o.s.jdbc.support.JdbcTransactionManager  : Initiating transaction commit
2025-09-04T00:03:12.998-03:00 DEBUG 1424 --- [           main] o.s.jdbc.support.JdbcTransactionManager  : Committing JDBC transaction on Connection [HikariProxyConnection@1581377197 wrapping conn0: url=jdbc:h2:mem:testdb user=SA]
2025-09-04T00:03:12.999-03:00 DEBUG 1424 --- [           main] o.s.jdbc.support.JdbcTransactionManager  : Releasing JDBC Connection [HikariProxyConnection@1581377197 wrapping conn0: url=jdbc:h2:mem:testdb user=SA] after transaction
2025-09-04T00:03:12.999-03:00 DEBUG 1424 --- [           main] o.s.jdbc.support.JdbcTransactionManager  : Creating new transaction with name [null]: PROPAGATION_REQUIRED,ISOLATION_DEFAULT
2025-09-04T00:03:12.999-03:00 DEBUG 1424 --- [           main] o.s.jdbc.support.JdbcTransactionManager  : Acquired Connection [HikariProxyConnection@985514269 wrapping conn0: url=jdbc:h2:mem:testdb user=SA] for JDBC transaction
2025-09-04T00:03:12.999-03:00 DEBUG 1424 --- [           main] o.s.jdbc.support.JdbcTransactionManager  : Switching JDBC Connection [HikariProxyConnection@985514269 wrapping conn0: url=jdbc:h2:mem:testdb user=SA] to manual commit
2025-09-04T00:03:13.001-03:00 DEBUG 1424 --- [           main] o.s.jdbc.support.JdbcTransactionManager  : Initiating transaction commit
2025-09-04T00:03:13.001-03:00 DEBUG 1424 --- [           main] o.s.jdbc.support.JdbcTransactionManager  : Committing JDBC transaction on Connection [HikariProxyConnection@985514269 wrapping conn0: url=jdbc:h2:mem:testdb user=SA]
2025-09-04T00:03:13.001-03:00 DEBUG 1424 --- [           main] o.s.jdbc.support.JdbcTransactionManager  : Releasing JDBC Connection [HikariProxyConnection@985514269 wrapping conn0: url=jdbc:h2:mem:testdb user=SA] after transaction
2025-09-04T00:03:13.002-03:00 DEBUG 1424 --- [           main] o.s.jdbc.support.JdbcTransactionManager  : Creating new transaction with name [null]: PROPAGATION_REQUIRED,ISOLATION_DEFAULT
2025-09-04T00:03:13.002-03:00 DEBUG 1424 --- [           main] o.s.jdbc.support.JdbcTransactionManager  : Acquired Connection [HikariProxyConnection@862853054 wrapping conn0: url=jdbc:h2:mem:testdb user=SA] for JDBC transaction
2025-09-04T00:03:13.002-03:00 DEBUG 1424 --- [           main] o.s.jdbc.support.JdbcTransactionManager  : Switching JDBC Connection [HikariProxyConnection@862853054 wrapping conn0: url=jdbc:h2:mem:testdb user=SA] to manual commit
2025-09-04T00:03:13.003-03:00 DEBUG 1424 --- [           main] o.s.jdbc.support.JdbcTransactionManager  : Initiating transaction commit
2025-09-04T00:03:13.004-03:00 DEBUG 1424 --- [           main] o.s.jdbc.support.JdbcTransactionManager  : Committing JDBC transaction on Connection [HikariProxyConnection@862853054 wrapping conn0: url=jdbc:h2:mem:testdb user=SA]
2025-09-04T00:03:13.005-03:00 DEBUG 1424 --- [           main] o.s.jdbc.support.JdbcTransactionManager  : Releasing JDBC Connection [HikariProxyConnection@862853054 wrapping conn0: url=jdbc:h2:mem:testdb user=SA] after transaction
2025-09-04T00:03:13.005-03:00 DEBUG 1424 --- [           main] o.s.jdbc.support.JdbcTransactionManager  : Creating new transaction with name [null]: PROPAGATION_REQUIRED,ISOLATION_DEFAULT
2025-09-04T00:03:13.005-03:00 DEBUG 1424 --- [           main] o.s.jdbc.support.JdbcTransactionManager  : Acquired Connection [HikariProxyConnection@1819701896 wrapping conn0: url=jdbc:h2:mem:testdb user=SA] for JDBC transaction
2025-09-04T00:03:13.005-03:00 DEBUG 1424 --- [           main] o.s.jdbc.support.JdbcTransactionManager  : Switching JDBC Connection [HikariProxyConnection@1819701896 wrapping conn0: url=jdbc:h2:mem:testdb user=SA] to manual commit
2025-09-04T00:03:13.007-03:00 DEBUG 1424 --- [           main] o.s.jdbc.support.JdbcTransactionManager  : Initiating transaction commit
2025-09-04T00:03:13.007-03:00 DEBUG 1424 --- [           main] o.s.jdbc.support.JdbcTransactionManager  : Committing JDBC transaction on Connection [HikariProxyConnection@1819701896 wrapping conn0: url=jdbc:h2:mem:testdb user=SA]
2025-09-04T00:03:13.007-03:00 DEBUG 1424 --- [           main] o.s.jdbc.support.JdbcTransactionManager  : Releasing JDBC Connection [HikariProxyConnection@1819701896 wrapping conn0: url=jdbc:h2:mem:testdb user=SA] after transaction
2025-09-04T00:03:13.008-03:00 DEBUG 1424 --- [           main] o.s.jdbc.support.JdbcTransactionManager  : Creating new transaction with name [null]: PROPAGATION_REQUIRED,ISOLATION_DEFAULT
2025-09-04T00:03:13.008-03:00 DEBUG 1424 --- [           main] o.s.jdbc.support.JdbcTransactionManager  : Acquired Connection [HikariProxyConnection@312362475 wrapping conn0: url=jdbc:h2:mem:testdb user=SA] for JDBC transaction
2025-09-04T00:03:13.008-03:00 DEBUG 1424 --- [           main] o.s.jdbc.support.JdbcTransactionManager  : Switching JDBC Connection [HikariProxyConnection@312362475 wrapping conn0: url=jdbc:h2:mem:testdb user=SA] to manual commit
2025-09-04T00:03:13.009-03:00 DEBUG 1424 --- [           main] o.s.jdbc.support.JdbcTransactionManager  : Initiating transaction commit
2025-09-04T00:03:13.010-03:00 DEBUG 1424 --- [           main] o.s.jdbc.support.JdbcTransactionManager  : Committing JDBC transaction on Connection [HikariProxyConnection@312362475 wrapping conn0: url=jdbc:h2:mem:testdb user=SA]
2025-09-04T00:03:13.010-03:00 DEBUG 1424 --- [           main] o.s.jdbc.support.JdbcTransactionManager  : Releasing JDBC Connection [HikariProxyConnection@312362475 wrapping conn0: url=jdbc:h2:mem:testdb user=SA] after transaction
2025-09-04T00:03:13.010-03:00 DEBUG 1424 --- [           main] o.s.jdbc.support.JdbcTransactionManager  : Creating new transaction with name [null]: PROPAGATION_REQUIRED,ISOLATION_DEFAULT
2025-09-04T00:03:13.010-03:00 DEBUG 1424 --- [           main] o.s.jdbc.support.JdbcTransactionManager  : Acquired Connection [HikariProxyConnection@1249789597 wrapping conn0: url=jdbc:h2:mem:testdb user=SA] for JDBC transaction
2025-09-04T00:03:13.010-03:00 DEBUG 1424 --- [           main] o.s.jdbc.support.JdbcTransactionManager  : Switching JDBC Connection [HikariProxyConnection@1249789597 wrapping conn0: url=jdbc:h2:mem:testdb user=SA] to manual commit
2025-09-04T00:03:13.013-03:00 DEBUG 1424 --- [           main] o.s.jdbc.support.JdbcTransactionManager  : Initiating transaction commit
2025-09-04T00:03:13.013-03:00 DEBUG 1424 --- [           main] o.s.jdbc.support.JdbcTransactionManager  : Committing JDBC transaction on Connection [HikariProxyConnection@1249789597 wrapping conn0: url=jdbc:h2:mem:testdb user=SA]
2025-09-04T00:03:13.014-03:00 DEBUG 1424 --- [           main] o.s.jdbc.support.JdbcTransactionManager  : Releasing JDBC Connection [HikariProxyConnection@1249789597 wrapping conn0: url=jdbc:h2:mem:testdb user=SA] after transaction
2025-09-04T00:03:13.014-03:00 DEBUG 1424 --- [           main] o.s.jdbc.support.JdbcTransactionManager  : Creating new transaction with name [null]: PROPAGATION_REQUIRED,ISOLATION_DEFAULT
2025-09-04T00:03:13.014-03:00 DEBUG 1424 --- [           main] o.s.jdbc.support.JdbcTransactionManager  : Acquired Connection [HikariProxyConnection@140468053 wrapping conn0: url=jdbc:h2:mem:testdb user=SA] for JDBC transaction
2025-09-04T00:03:13.015-03:00 DEBUG 1424 --- [           main] o.s.jdbc.support.JdbcTransactionManager  : Switching JDBC Connection [HikariProxyConnection@140468053 wrapping conn0: url=jdbc:h2:mem:testdb user=SA] to manual commit
2025-09-04T00:03:13.016-03:00 DEBUG 1424 --- [           main] o.s.jdbc.support.JdbcTransactionManager  : Initiating transaction commit
2025-09-04T00:03:13.017-03:00 DEBUG 1424 --- [           main] o.s.jdbc.support.JdbcTransactionManager  : Committing JDBC transaction on Connection [HikariProxyConnection@140468053 wrapping conn0: url=jdbc:h2:mem:testdb user=SA]
2025-09-04T00:03:13.017-03:00 DEBUG 1424 --- [           main] o.s.jdbc.support.JdbcTransactionManager  : Releasing JDBC Connection [HikariProxyConnection@140468053 wrapping conn0: url=jdbc:h2:mem:testdb user=SA] after transaction
2025-09-04T00:03:13.017-03:00 DEBUG 1424 --- [           main] o.s.jdbc.support.JdbcTransactionManager  : Creating new transaction with name [null]: PROPAGATION_REQUIRED,ISOLATION_DEFAULT
2025-09-04T00:03:13.017-03:00 DEBUG 1424 --- [           main] o.s.jdbc.support.JdbcTransactionManager  : Acquired Connection [HikariProxyConnection@960704936 wrapping conn0: url=jdbc:h2:mem:testdb user=SA] for JDBC transaction
2025-09-04T00:03:13.018-03:00 DEBUG 1424 --- [           main] o.s.jdbc.support.JdbcTransactionManager  : Switching JDBC Connection [HikariProxyConnection@960704936 wrapping conn0: url=jdbc:h2:mem:testdb user=SA] to manual commit
2025-09-04T00:03:13.020-03:00 DEBUG 1424 --- [           main] o.s.jdbc.support.JdbcTransactionManager  : Initiating transaction commit
2025-09-04T00:03:13.020-03:00 DEBUG 1424 --- [           main] o.s.jdbc.support.JdbcTransactionManager  : Committing JDBC transaction on Connection [HikariProxyConnection@960704936 wrapping conn0: url=jdbc:h2:mem:testdb user=SA]
2025-09-04T00:03:13.020-03:00 DEBUG 1424 --- [           main] o.s.jdbc.support.JdbcTransactionManager  : Releasing JDBC Connection [HikariProxyConnection@960704936 wrapping conn0: url=jdbc:h2:mem:testdb user=SA] after transaction
2025-09-04T00:03:13.021-03:00 DEBUG 1424 --- [           main] o.s.jdbc.support.JdbcTransactionManager  : Creating new transaction with name [null]: PROPAGATION_REQUIRED,ISOLATION_DEFAULT
2025-09-04T00:03:13.021-03:00 DEBUG 1424 --- [           main] o.s.jdbc.support.JdbcTransactionManager  : Acquired Connection [HikariProxyConnection@1416656186 wrapping conn0: url=jdbc:h2:mem:testdb user=SA] for JDBC transaction
2025-09-04T00:03:13.021-03:00 DEBUG 1424 --- [           main] o.s.jdbc.support.JdbcTransactionManager  : Switching JDBC Connection [HikariProxyConnection@1416656186 wrapping conn0: url=jdbc:h2:mem:testdb user=SA] to manual commit
2025-09-04T00:03:13.022-03:00 DEBUG 1424 --- [           main] o.s.jdbc.support.JdbcTransactionManager  : Initiating transaction commit
2025-09-04T00:03:13.022-03:00 DEBUG 1424 --- [           main] o.s.jdbc.support.JdbcTransactionManager  : Committing JDBC transaction on Connection [HikariProxyConnection@1416656186 wrapping conn0: url=jdbc:h2:mem:testdb user=SA]
2025-09-04T00:03:13.022-03:00 DEBUG 1424 --- [           main] o.s.jdbc.support.JdbcTransactionManager  : Releasing JDBC Connection [HikariProxyConnection@1416656186 wrapping conn0: url=jdbc:h2:mem:testdb user=SA] after transaction
2025-09-04T00:03:13.023-03:00 DEBUG 1424 --- [           main] o.s.jdbc.support.JdbcTransactionManager  : Creating new transaction with name [null]: PROPAGATION_REQUIRED,ISOLATION_DEFAULT
2025-09-04T00:03:13.023-03:00 DEBUG 1424 --- [           main] o.s.jdbc.support.JdbcTransactionManager  : Acquired Connection [HikariProxyConnection@2064513681 wrapping conn0: url=jdbc:h2:mem:testdb user=SA] for JDBC transaction
2025-09-04T00:03:13.023-03:00 DEBUG 1424 --- [           main] o.s.jdbc.support.JdbcTransactionManager  : Switching JDBC Connection [HikariProxyConnection@2064513681 wrapping conn0: url=jdbc:h2:mem:testdb user=SA] to manual commit
2025-09-04T00:03:13.026-03:00 DEBUG 1424 --- [           main] o.s.jdbc.support.JdbcTransactionManager  : Initiating transaction commit
2025-09-04T00:03:13.026-03:00 DEBUG 1424 --- [           main] o.s.jdbc.support.JdbcTransactionManager  : Committing JDBC transaction on Connection [HikariProxyConnection@2064513681 wrapping conn0: url=jdbc:h2:mem:testdb user=SA]
2025-09-04T00:03:13.027-03:00 DEBUG 1424 --- [           main] o.s.jdbc.support.JdbcTransactionManager  : Releasing JDBC Connection [HikariProxyConnection@2064513681 wrapping conn0: url=jdbc:h2:mem:testdb user=SA] after transaction
2025-09-04T00:03:13.027-03:00 DEBUG 1424 --- [           main] o.s.jdbc.support.JdbcTransactionManager  : Creating new transaction with name [null]: PROPAGATION_REQUIRED,ISOLATION_DEFAULT
2025-09-04T00:03:13.027-03:00 DEBUG 1424 --- [           main] o.s.jdbc.support.JdbcTransactionManager  : Acquired Connection [HikariProxyConnection@857865061 wrapping conn0: url=jdbc:h2:mem:testdb user=SA] for JDBC transaction
2025-09-04T00:03:13.027-03:00 DEBUG 1424 --- [           main] o.s.jdbc.support.JdbcTransactionManager  : Switching JDBC Connection [HikariProxyConnection@857865061 wrapping conn0: url=jdbc:h2:mem:testdb user=SA] to manual commit
2025-09-04T00:03:13.029-03:00 DEBUG 1424 --- [           main] o.s.jdbc.support.JdbcTransactionManager  : Initiating transaction commit
2025-09-04T00:03:13.029-03:00 DEBUG 1424 --- [           main] o.s.jdbc.support.JdbcTransactionManager  : Committing JDBC transaction on Connection [HikariProxyConnection@857865061 wrapping conn0: url=jdbc:h2:mem:testdb user=SA]
2025-09-04T00:03:13.029-03:00 DEBUG 1424 --- [           main] o.s.jdbc.support.JdbcTransactionManager  : Releasing JDBC Connection [HikariProxyConnection@857865061 wrapping conn0: url=jdbc:h2:mem:testdb user=SA] after transaction
2025-09-04T00:03:13.030-03:00 DEBUG 1424 --- [           main] o.s.jdbc.support.JdbcTransactionManager  : Creating new transaction with name [null]: PROPAGATION_REQUIRED,ISOLATION_DEFAULT
2025-09-04T00:03:13.030-03:00 DEBUG 1424 --- [           main] o.s.jdbc.support.JdbcTransactionManager  : Acquired Connection [HikariProxyConnection@1715414246 wrapping conn0: url=jdbc:h2:mem:testdb user=SA] for JDBC transaction
2025-09-04T00:03:13.030-03:00 DEBUG 1424 --- [           main] o.s.jdbc.support.JdbcTransactionManager  : Switching JDBC Connection [HikariProxyConnection@1715414246 wrapping conn0: url=jdbc:h2:mem:testdb user=SA] to manual commit
2025-09-04T00:03:13.032-03:00 DEBUG 1424 --- [           main] o.s.jdbc.support.JdbcTransactionManager  : Initiating transaction commit
2025-09-04T00:03:13.032-03:00 DEBUG 1424 --- [           main] o.s.jdbc.support.JdbcTransactionManager  : Committing JDBC transaction on Connection [HikariProxyConnection@1715414246 wrapping conn0: url=jdbc:h2:mem:testdb user=SA]
2025-09-04T00:03:13.032-03:00 DEBUG 1424 --- [           main] o.s.jdbc.support.JdbcTransactionManager  : Releasing JDBC Connection [HikariProxyConnection@1715414246 wrapping conn0: url=jdbc:h2:mem:testdb user=SA] after transaction
2025-09-04T00:03:13.032-03:00 DEBUG 1424 --- [           main] o.s.jdbc.support.JdbcTransactionManager  : Creating new transaction with name [null]: PROPAGATION_REQUIRED,ISOLATION_DEFAULT
2025-09-04T00:03:13.032-03:00 DEBUG 1424 --- [           main] o.s.jdbc.support.JdbcTransactionManager  : Acquired Connection [HikariProxyConnection@1108674897 wrapping conn0: url=jdbc:h2:mem:testdb user=SA] for JDBC transaction
2025-09-04T00:03:13.032-03:00 DEBUG 1424 --- [           main] o.s.jdbc.support.JdbcTransactionManager  : Switching JDBC Connection [HikariProxyConnection@1108674897 wrapping conn0: url=jdbc:h2:mem:testdb user=SA] to manual commit
2025-09-04T00:03:13.033-03:00 DEBUG 1424 --- [           main] o.s.jdbc.support.JdbcTransactionManager  : Initiating transaction commit
2025-09-04T00:03:13.033-03:00 DEBUG 1424 --- [           main] o.s.jdbc.support.JdbcTransactionManager  : Committing JDBC transaction on Connection [HikariProxyConnection@1108674897 wrapping conn0: url=jdbc:h2:mem:testdb user=SA]
2025-09-04T00:03:13.033-03:00 DEBUG 1424 --- [           main] o.s.jdbc.support.JdbcTransactionManager  : Releasing JDBC Connection [HikariProxyConnection@1108674897 wrapping conn0: url=jdbc:h2:mem:testdb user=SA] after transaction
2025-09-04T00:03:13.034-03:00 DEBUG 1424 --- [           main] o.s.jdbc.support.JdbcTransactionManager  : Creating new transaction with name [null]: PROPAGATION_REQUIRED,ISOLATION_DEFAULT
2025-09-04T00:03:13.034-03:00 DEBUG 1424 --- [           main] o.s.jdbc.support.JdbcTransactionManager  : Acquired Connection [HikariProxyConnection@990656754 wrapping conn0: url=jdbc:h2:mem:testdb user=SA] for JDBC transaction
2025-09-04T00:03:13.034-03:00 DEBUG 1424 --- [           main] o.s.jdbc.support.JdbcTransactionManager  : Switching JDBC Connection [HikariProxyConnection@990656754 wrapping conn0: url=jdbc:h2:mem:testdb user=SA] to manual commit
2025-09-04T00:03:13.036-03:00 DEBUG 1424 --- [           main] o.s.jdbc.support.JdbcTransactionManager  : Initiating transaction commit
2025-09-04T00:03:13.036-03:00 DEBUG 1424 --- [           main] o.s.jdbc.support.JdbcTransactionManager  : Committing JDBC transaction on Connection [HikariProxyConnection@990656754 wrapping conn0: url=jdbc:h2:mem:testdb user=SA]
2025-09-04T00:03:13.037-03:00 DEBUG 1424 --- [           main] o.s.jdbc.support.JdbcTransactionManager  : Releasing JDBC Connection [HikariProxyConnection@990656754 wrapping conn0: url=jdbc:h2:mem:testdb user=SA] after transaction
2025-09-04T00:03:13.037-03:00 DEBUG 1424 --- [           main] o.s.jdbc.support.JdbcTransactionManager  : Creating new transaction with name [null]: PROPAGATION_REQUIRED,ISOLATION_DEFAULT
2025-09-04T00:03:13.037-03:00 DEBUG 1424 --- [           main] o.s.jdbc.support.JdbcTransactionManager  : Acquired Connection [HikariProxyConnection@921999281 wrapping conn0: url=jdbc:h2:mem:testdb user=SA] for JDBC transaction
2025-09-04T00:03:13.037-03:00 DEBUG 1424 --- [           main] o.s.jdbc.support.JdbcTransactionManager  : Switching JDBC Connection [HikariProxyConnection@921999281 wrapping conn0: url=jdbc:h2:mem:testdb user=SA] to manual commit
2025-09-04T00:03:13.038-03:00 DEBUG 1424 --- [           main] o.s.jdbc.support.JdbcTransactionManager  : Initiating transaction commit
2025-09-04T00:03:13.038-03:00 DEBUG 1424 --- [           main] o.s.jdbc.support.JdbcTransactionManager  : Committing JDBC transaction on Connection [HikariProxyConnection@921999281 wrapping conn0: url=jdbc:h2:mem:testdb user=SA]
2025-09-04T00:03:13.039-03:00 DEBUG 1424 --- [           main] o.s.jdbc.support.JdbcTransactionManager  : Releasing JDBC Connection [HikariProxyConnection@921999281 wrapping conn0: url=jdbc:h2:mem:testdb user=SA] after transaction
2025-09-04T00:03:13.039-03:00 DEBUG 1424 --- [           main] o.s.jdbc.support.JdbcTransactionManager  : Creating new transaction with name [null]: PROPAGATION_REQUIRED,ISOLATION_DEFAULT
2025-09-04T00:03:13.039-03:00 DEBUG 1424 --- [           main] o.s.jdbc.support.JdbcTransactionManager  : Acquired Connection [HikariProxyConnection@286772348 wrapping conn0: url=jdbc:h2:mem:testdb user=SA] for JDBC transaction
2025-09-04T00:03:13.039-03:00 DEBUG 1424 --- [           main] o.s.jdbc.support.JdbcTransactionManager  : Switching JDBC Connection [HikariProxyConnection@286772348 wrapping conn0: url=jdbc:h2:mem:testdb user=SA] to manual commit
2025-09-04T00:03:13.041-03:00 DEBUG 1424 --- [           main] o.s.jdbc.support.JdbcTransactionManager  : Initiating transaction commit
2025-09-04T00:03:13.041-03:00 DEBUG 1424 --- [           main] o.s.jdbc.support.JdbcTransactionManager  : Committing JDBC transaction on Connection [HikariProxyConnection@286772348 wrapping conn0: url=jdbc:h2:mem:testdb user=SA]
2025-09-04T00:03:13.041-03:00 DEBUG 1424 --- [           main] o.s.jdbc.support.JdbcTransactionManager  : Releasing JDBC Connection [HikariProxyConnection@286772348 wrapping conn0: url=jdbc:h2:mem:testdb user=SA] after transaction
2025-09-04T00:03:13.042-03:00 DEBUG 1424 --- [           main] o.s.jdbc.support.JdbcTransactionManager  : Creating new transaction with name [null]: PROPAGATION_REQUIRED,ISOLATION_DEFAULT
2025-09-04T00:03:13.042-03:00 DEBUG 1424 --- [           main] o.s.jdbc.support.JdbcTransactionManager  : Acquired Connection [HikariProxyConnection@1439452257 wrapping conn0: url=jdbc:h2:mem:testdb user=SA] for JDBC transaction
2025-09-04T00:03:13.042-03:00 DEBUG 1424 --- [           main] o.s.jdbc.support.JdbcTransactionManager  : Switching JDBC Connection [HikariProxyConnection@1439452257 wrapping conn0: url=jdbc:h2:mem:testdb user=SA] to manual commit
2025-09-04T00:03:13.043-03:00 DEBUG 1424 --- [           main] o.s.jdbc.support.JdbcTransactionManager  : Initiating transaction commit
2025-09-04T00:03:13.043-03:00 DEBUG 1424 --- [           main] o.s.jdbc.support.JdbcTransactionManager  : Committing JDBC transaction on Connection [HikariProxyConnection@1439452257 wrapping conn0: url=jdbc:h2:mem:testdb user=SA]
2025-09-04T00:03:13.043-03:00 DEBUG 1424 --- [           main] o.s.jdbc.support.JdbcTransactionManager  : Releasing JDBC Connection [HikariProxyConnection@1439452257 wrapping conn0: url=jdbc:h2:mem:testdb user=SA] after transaction
2025-09-04T00:03:13.044-03:00 DEBUG 1424 --- [           main] o.s.jdbc.support.JdbcTransactionManager  : Creating new transaction with name [null]: PROPAGATION_REQUIRED,ISOLATION_DEFAULT
2025-09-04T00:03:13.044-03:00 DEBUG 1424 --- [           main] o.s.jdbc.support.JdbcTransactionManager  : Acquired Connection [HikariProxyConnection@81639848 wrapping conn0: url=jdbc:h2:mem:testdb user=SA] for JDBC transaction
2025-09-04T00:03:13.044-03:00 DEBUG 1424 --- [           main] o.s.jdbc.support.JdbcTransactionManager  : Switching JDBC Connection [HikariProxyConnection@81639848 wrapping conn0: url=jdbc:h2:mem:testdb user=SA] to manual commit
2025-09-04T00:03:13.046-03:00 DEBUG 1424 --- [           main] o.s.jdbc.support.JdbcTransactionManager  : Initiating transaction commit
2025-09-04T00:03:13.046-03:00 DEBUG 1424 --- [           main] o.s.jdbc.support.JdbcTransactionManager  : Committing JDBC transaction on Connection [HikariProxyConnection@81639848 wrapping conn0: url=jdbc:h2:mem:testdb user=SA]
2025-09-04T00:03:13.047-03:00 DEBUG 1424 --- [           main] o.s.jdbc.support.JdbcTransactionManager  : Releasing JDBC Connection [HikariProxyConnection@81639848 wrapping conn0: url=jdbc:h2:mem:testdb user=SA] after transaction
2025-09-04T00:03:13.047-03:00 DEBUG 1424 --- [           main] o.s.jdbc.support.JdbcTransactionManager  : Creating new transaction with name [null]: PROPAGATION_REQUIRED,ISOLATION_DEFAULT
2025-09-04T00:03:13.047-03:00 DEBUG 1424 --- [           main] o.s.jdbc.support.JdbcTransactionManager  : Acquired Connection [HikariProxyConnection@1279013285 wrapping conn0: url=jdbc:h2:mem:testdb user=SA] for JDBC transaction
2025-09-04T00:03:13.047-03:00 DEBUG 1424 --- [           main] o.s.jdbc.support.JdbcTransactionManager  : Switching JDBC Connection [HikariProxyConnection@1279013285 wrapping conn0: url=jdbc:h2:mem:testdb user=SA] to manual commit
2025-09-04T00:03:13.048-03:00 DEBUG 1424 --- [           main] o.s.jdbc.support.JdbcTransactionManager  : Initiating transaction commit
2025-09-04T00:03:13.048-03:00 DEBUG 1424 --- [           main] o.s.jdbc.support.JdbcTransactionManager  : Committing JDBC transaction on Connection [HikariProxyConnection@1279013285 wrapping conn0: url=jdbc:h2:mem:testdb user=SA]
2025-09-04T00:03:13.049-03:00 DEBUG 1424 --- [           main] o.s.jdbc.support.JdbcTransactionManager  : Releasing JDBC Connection [HikariProxyConnection@1279013285 wrapping conn0: url=jdbc:h2:mem:testdb user=SA] after transaction
2025-09-04T00:03:13.049-03:00 DEBUG 1424 --- [           main] o.s.jdbc.support.JdbcTransactionManager  : Creating new transaction with name [null]: PROPAGATION_REQUIRED,ISOLATION_DEFAULT
2025-09-04T00:03:13.049-03:00 DEBUG 1424 --- [           main] o.s.jdbc.support.JdbcTransactionManager  : Acquired Connection [HikariProxyConnection@972774879 wrapping conn0: url=jdbc:h2:mem:testdb user=SA] for JDBC transaction
2025-09-04T00:03:13.049-03:00 DEBUG 1424 --- [           main] o.s.jdbc.support.JdbcTransactionManager  : Switching JDBC Connection [HikariProxyConnection@972774879 wrapping conn0: url=jdbc:h2:mem:testdb user=SA] to manual commit
2025-09-04T00:03:13.051-03:00 DEBUG 1424 --- [           main] o.s.jdbc.support.JdbcTransactionManager  : Initiating transaction commit
2025-09-04T00:03:13.051-03:00 DEBUG 1424 --- [           main] o.s.jdbc.support.JdbcTransactionManager  : Committing JDBC transaction on Connection [HikariProxyConnection@972774879 wrapping conn0: url=jdbc:h2:mem:testdb user=SA]
2025-09-04T00:03:13.051-03:00 DEBUG 1424 --- [           main] o.s.jdbc.support.JdbcTransactionManager  : Releasing JDBC Connection [HikariProxyConnection@972774879 wrapping conn0: url=jdbc:h2:mem:testdb user=SA] after transaction
2025-09-04T00:03:13.052-03:00 DEBUG 1424 --- [           main] o.s.jdbc.support.JdbcTransactionManager  : Creating new transaction with name [null]: PROPAGATION_REQUIRED,ISOLATION_DEFAULT
2025-09-04T00:03:13.052-03:00 DEBUG 1424 --- [           main] o.s.jdbc.support.JdbcTransactionManager  : Acquired Connection [HikariProxyConnection@1236369608 wrapping conn0: url=jdbc:h2:mem:testdb user=SA] for JDBC transaction
2025-09-04T00:03:13.052-03:00 DEBUG 1424 --- [           main] o.s.jdbc.support.JdbcTransactionManager  : Switching JDBC Connection [HikariProxyConnection@1236369608 wrapping conn0: url=jdbc:h2:mem:testdb user=SA] to manual commit
2025-09-04T00:03:13.053-03:00 DEBUG 1424 --- [           main] o.s.jdbc.support.JdbcTransactionManager  : Initiating transaction commit
2025-09-04T00:03:13.053-03:00 DEBUG 1424 --- [           main] o.s.jdbc.support.JdbcTransactionManager  : Committing JDBC transaction on Connection [HikariProxyConnection@1236369608 wrapping conn0: url=jdbc:h2:mem:testdb user=SA]
2025-09-04T00:03:13.054-03:00 DEBUG 1424 --- [           main] o.s.jdbc.support.JdbcTransactionManager  : Releasing JDBC Connection [HikariProxyConnection@1236369608 wrapping conn0: url=jdbc:h2:mem:testdb user=SA] after transaction
2025-09-04T00:03:13.054-03:00 DEBUG 1424 --- [           main] o.s.jdbc.support.JdbcTransactionManager  : Creating new transaction with name [null]: PROPAGATION_REQUIRED,ISOLATION_DEFAULT
2025-09-04T00:03:13.054-03:00 DEBUG 1424 --- [           main] o.s.jdbc.support.JdbcTransactionManager  : Acquired Connection [HikariProxyConnection@1869873220 wrapping conn0: url=jdbc:h2:mem:testdb user=SA] for JDBC transaction
2025-09-04T00:03:13.054-03:00 DEBUG 1424 --- [           main] o.s.jdbc.support.JdbcTransactionManager  : Switching JDBC Connection [HikariProxyConnection@1869873220 wrapping conn0: url=jdbc:h2:mem:testdb user=SA] to manual commit
2025-09-04T00:03:13.057-03:00 DEBUG 1424 --- [           main] o.s.jdbc.support.JdbcTransactionManager  : Initiating transaction commit
2025-09-04T00:03:13.057-03:00 DEBUG 1424 --- [           main] o.s.jdbc.support.JdbcTransactionManager  : Committing JDBC transaction on Connection [HikariProxyConnection@1869873220 wrapping conn0: url=jdbc:h2:mem:testdb user=SA]
2025-09-04T00:03:13.058-03:00 DEBUG 1424 --- [           main] o.s.jdbc.support.JdbcTransactionManager  : Releasing JDBC Connection [HikariProxyConnection@1869873220 wrapping conn0: url=jdbc:h2:mem:testdb user=SA] after transaction
2025-09-04T00:03:13.058-03:00 DEBUG 1424 --- [           main] o.s.jdbc.support.JdbcTransactionManager  : Creating new transaction with name [null]: PROPAGATION_REQUIRED,ISOLATION_DEFAULT
2025-09-04T00:03:13.058-03:00 DEBUG 1424 --- [           main] o.s.jdbc.support.JdbcTransactionManager  : Acquired Connection [HikariProxyConnection@662786209 wrapping conn0: url=jdbc:h2:mem:testdb user=SA] for JDBC transaction
2025-09-04T00:03:13.058-03:00 DEBUG 1424 --- [           main] o.s.jdbc.support.JdbcTransactionManager  : Switching JDBC Connection [HikariProxyConnection@662786209 wrapping conn0: url=jdbc:h2:mem:testdb user=SA] to manual commit
2025-09-04T00:03:13.059-03:00 DEBUG 1424 --- [           main] o.s.jdbc.support.JdbcTransactionManager  : Initiating transaction commit
2025-09-04T00:03:13.060-03:00 DEBUG 1424 --- [           main] o.s.jdbc.support.JdbcTransactionManager  : Committing JDBC transaction on Connection [HikariProxyConnection@662786209 wrapping conn0: url=jdbc:h2:mem:testdb user=SA]
2025-09-04T00:03:13.060-03:00 DEBUG 1424 --- [           main] o.s.jdbc.support.JdbcTransactionManager  : Releasing JDBC Connection [HikariProxyConnection@662786209 wrapping conn0: url=jdbc:h2:mem:testdb user=SA] after transaction
2025-09-04T00:03:13.060-03:00 DEBUG 1424 --- [           main] o.s.jdbc.support.JdbcTransactionManager  : Creating new transaction with name [null]: PROPAGATION_REQUIRED,ISOLATION_DEFAULT
2025-09-04T00:03:13.060-03:00 DEBUG 1424 --- [           main] o.s.jdbc.support.JdbcTransactionManager  : Acquired Connection [HikariProxyConnection@1898859288 wrapping conn0: url=jdbc:h2:mem:testdb user=SA] for JDBC transaction
2025-09-04T00:03:13.060-03:00 DEBUG 1424 --- [           main] o.s.jdbc.support.JdbcTransactionManager  : Switching JDBC Connection [HikariProxyConnection@1898859288 wrapping conn0: url=jdbc:h2:mem:testdb user=SA] to manual commit
2025-09-04T00:03:13.063-03:00 DEBUG 1424 --- [           main] o.s.jdbc.support.JdbcTransactionManager  : Initiating transaction commit
2025-09-04T00:03:13.063-03:00 DEBUG 1424 --- [           main] o.s.jdbc.support.JdbcTransactionManager  : Committing JDBC transaction on Connection [HikariProxyConnection@1898859288 wrapping conn0: url=jdbc:h2:mem:testdb user=SA]
2025-09-04T00:03:13.063-03:00 DEBUG 1424 --- [           main] o.s.jdbc.support.JdbcTransactionManager  : Releasing JDBC Connection [HikariProxyConnection@1898859288 wrapping conn0: url=jdbc:h2:mem:testdb user=SA] after transaction
2025-09-04T00:03:13.063-03:00 DEBUG 1424 --- [           main] o.s.jdbc.support.JdbcTransactionManager  : Creating new transaction with name [null]: PROPAGATION_REQUIRED,ISOLATION_DEFAULT
2025-09-04T00:03:13.064-03:00 DEBUG 1424 --- [           main] o.s.jdbc.support.JdbcTransactionManager  : Acquired Connection [HikariProxyConnection@667957103 wrapping conn0: url=jdbc:h2:mem:testdb user=SA] for JDBC transaction
2025-09-04T00:03:13.064-03:00 DEBUG 1424 --- [           main] o.s.jdbc.support.JdbcTransactionManager  : Switching JDBC Connection [HikariProxyConnection@667957103 wrapping conn0: url=jdbc:h2:mem:testdb user=SA] to manual commit
2025-09-04T00:03:13.065-03:00 DEBUG 1424 --- [           main] o.s.jdbc.support.JdbcTransactionManager  : Initiating transaction commit
2025-09-04T00:03:13.065-03:00 DEBUG 1424 --- [           main] o.s.jdbc.support.JdbcTransactionManager  : Committing JDBC transaction on Connection [HikariProxyConnection@667957103 wrapping conn0: url=jdbc:h2:mem:testdb user=SA]
2025-09-04T00:03:13.066-03:00 DEBUG 1424 --- [           main] o.s.jdbc.support.JdbcTransactionManager  : Releasing JDBC Connection [HikariProxyConnection@667957103 wrapping conn0: url=jdbc:h2:mem:testdb user=SA] after transaction
2025-09-04T00:03:13.066-03:00 DEBUG 1424 --- [           main] o.s.jdbc.support.JdbcTransactionManager  : Creating new transaction with name [null]: PROPAGATION_REQUIRED,ISOLATION_DEFAULT
2025-09-04T00:03:13.066-03:00 DEBUG 1424 --- [           main] o.s.jdbc.support.JdbcTransactionManager  : Acquired Connection [HikariProxyConnection@1082987260 wrapping conn0: url=jdbc:h2:mem:testdb user=SA] for JDBC transaction
2025-09-04T00:03:13.066-03:00 DEBUG 1424 --- [           main] o.s.jdbc.support.JdbcTransactionManager  : Switching JDBC Connection [HikariProxyConnection@1082987260 wrapping conn0: url=jdbc:h2:mem:testdb user=SA] to manual commit
2025-09-04T00:03:13.073-03:00 DEBUG 1424 --- [           main] o.s.jdbc.support.JdbcTransactionManager  : Initiating transaction commit
2025-09-04T00:03:13.073-03:00 DEBUG 1424 --- [           main] o.s.jdbc.support.JdbcTransactionManager  : Committing JDBC transaction on Connection [HikariProxyConnection@1082987260 wrapping conn0: url=jdbc:h2:mem:testdb user=SA]
2025-09-04T00:03:13.074-03:00 DEBUG 1424 --- [           main] o.s.jdbc.support.JdbcTransactionManager  : Releasing JDBC Connection [HikariProxyConnection@1082987260 wrapping conn0: url=jdbc:h2:mem:testdb user=SA] after transaction
2025-09-04T00:03:13.079-03:00 DEBUG 1424 --- [           main] o.s.jdbc.support.JdbcTransactionManager  : Creating new transaction with name [null]: PROPAGATION_REQUIRED,ISOLATION_DEFAULT
2025-09-04T00:03:13.079-03:00 DEBUG 1424 --- [           main] o.s.jdbc.support.JdbcTransactionManager  : Acquired Connection [HikariProxyConnection@1776057124 wrapping conn0: url=jdbc:h2:mem:testdb user=SA] for JDBC transaction
2025-09-04T00:03:13.079-03:00 DEBUG 1424 --- [           main] o.s.jdbc.support.JdbcTransactionManager  : Switching JDBC Connection [HikariProxyConnection@1776057124 wrapping conn0: url=jdbc:h2:mem:testdb user=SA] to manual commit
2025-09-04T00:03:13.329-03:00  WARN 1424 --- [           main] org.camunda.bpm.engine.util              : ENGINE-09004 Warnings during parsing: 
* Exclusive Gateway 'TipoTarefaSolicitadaGateway' has outgoing sequence flow 'OperacaoInvalidaSequenceFlow' without condition which is not the default flow. We assume it to be the default flow, but it is bad modeling practice, better set the default flow in your gateway. | resource /Users/marcelo/eclipse-workspace/AIC7Demo/target/classes/bpmn/process.bpmn
2025-09-04T00:03:13.349-03:00 DEBUG 1424 --- [           main] o.s.jdbc.support.JdbcTransactionManager  : Initiating transaction commit
2025-09-04T00:03:13.349-03:00 DEBUG 1424 --- [           main] o.s.jdbc.support.JdbcTransactionManager  : Committing JDBC transaction on Connection [HikariProxyConnection@1776057124 wrapping conn0: url=jdbc:h2:mem:testdb user=SA]
2025-09-04T00:03:13.350-03:00 DEBUG 1424 --- [           main] o.s.jdbc.support.JdbcTransactionManager  : Releasing JDBC Connection [HikariProxyConnection@1776057124 wrapping conn0: url=jdbc:h2:mem:testdb user=SA] after transaction
2025-09-04T00:03:13.429-03:00  INFO 1424 --- [           main] .c.b.s.b.s.r.CamundaJerseyResourceConfig : Configuring camunda rest api.
2025-09-04T00:03:13.454-03:00  INFO 1424 --- [           main] .c.b.s.b.s.r.CamundaJerseyResourceConfig : Finished configuring camunda rest api.
2025-09-04T00:03:14.244-03:00  INFO 1424 --- [           main] pmSpringSecurityDisableAutoConfiguration : Disabling Camunda Spring Security oauth2 integration
2025-09-04T00:03:14.288-03:00  INFO 1424 --- [           main] o.s.s.web.DefaultSecurityFilterChain     : Will secure any request with [org.springframework.security.web.session.DisableEncodeUrlFilter@793248d, org.springframework.security.web.context.request.async.WebAsyncManagerIntegrationFilter@6731b6bd, org.springframework.security.web.context.SecurityContextHolderFilter@5694f6a0, org.springframework.security.web.header.HeaderWriterFilter@68aa1164, org.springframework.security.web.authentication.logout.LogoutFilter@88fc9cb, org.springframework.security.web.savedrequest.RequestCacheAwareFilter@3857c5d5, org.springframework.security.web.servletapi.SecurityContextHolderAwareRequestFilter@5cf39df6, org.springframework.security.web.authentication.AnonymousAuthenticationFilter@768f2398, org.springframework.security.web.access.ExceptionTranslationFilter@5bbb0a25, org.springframework.security.web.access.intercept.AuthorizationFilter@76c2d002]
2025-09-04T00:03:14.389-03:00  INFO 1424 --- [           main] o.s.b.a.h2.H2ConsoleAutoConfiguration    : H2 console available at '/h2-console'. Database available at 'jdbc:h2:mem:testdb'
2025-09-04T00:03:14.511-03:00  INFO 1424 --- [           main] c.m.w.core.service.CadastroServiceTest   : Started CadastroServiceTest in 8.334 seconds (process running for 9.568)
2025-09-04T00:03:14.515-03:00  INFO 1424 --- [           main] org.camunda.bpm.engine.jobexecutor       : ENGINE-14014 Starting up the JobExecutor[org.camunda.bpm.engine.spring.components.jobexecutor.SpringJobExecutor].
2025-09-04T00:03:14.517-03:00  INFO 1424 --- [ingJobExecutor]] org.camunda.bpm.engine.jobexecutor       : ENGINE-14018 JobExecutor[org.camunda.bpm.engine.spring.components.jobexecutor.SpringJobExecutor] starting to acquire jobs
2025-09-04T00:03:14.519-03:00 DEBUG 1424 --- [ingJobExecutor]] o.s.jdbc.support.JdbcTransactionManager  : Creating new transaction with name [null]: PROPAGATION_REQUIRED,ISOLATION_DEFAULT
2025-09-04T00:03:14.519-03:00 DEBUG 1424 --- [ingJobExecutor]] o.s.jdbc.support.JdbcTransactionManager  : Acquired Connection [HikariProxyConnection@1382579401 wrapping conn0: url=jdbc:h2:mem:testdb user=SA] for JDBC transaction
2025-09-04T00:03:14.519-03:00 DEBUG 1424 --- [ingJobExecutor]] o.s.jdbc.support.JdbcTransactionManager  : Switching JDBC Connection [HikariProxyConnection@1382579401 wrapping conn0: url=jdbc:h2:mem:testdb user=SA] to manual commit
2025-09-04T00:03:14.523-03:00 DEBUG 1424 --- [ingJobExecutor]] o.s.jdbc.support.JdbcTransactionManager  : Initiating transaction commit
2025-09-04T00:03:14.523-03:00 DEBUG 1424 --- [ingJobExecutor]] o.s.jdbc.support.JdbcTransactionManager  : Committing JDBC transaction on Connection [HikariProxyConnection@1382579401 wrapping conn0: url=jdbc:h2:mem:testdb user=SA]
2025-09-04T00:03:14.523-03:00 DEBUG 1424 --- [ingJobExecutor]] o.s.jdbc.support.JdbcTransactionManager  : Releasing JDBC Connection [HikariProxyConnection@1382579401 wrapping conn0: url=jdbc:h2:mem:testdb user=SA] after transaction
2025-09-04T00:03:14.543-03:00 DEBUG 1424 --- [           main] o.s.jdbc.support.JdbcTransactionManager  : Creating new transaction with name [com.mls.workflow.core.service.CadastroServiceTest.testDelete_ExistingId_ShouldReturnTrue]: PROPAGATION_REQUIRED,ISOLATION_DEFAULT
2025-09-04T00:03:14.544-03:00 DEBUG 1424 --- [           main] o.s.jdbc.support.JdbcTransactionManager  : Acquired Connection [HikariProxyConnection@2107902964 wrapping conn0: url=jdbc:h2:mem:testdb user=SA] for JDBC transaction
2025-09-04T00:03:14.544-03:00 DEBUG 1424 --- [           main] o.s.jdbc.support.JdbcTransactionManager  : Switching JDBC Connection [HikariProxyConnection@2107902964 wrapping conn0: url=jdbc:h2:mem:testdb user=SA] to manual commit
2025-09-04T00:03:15.310-03:00 DEBUG 1424 --- [           main] o.s.jdbc.core.JdbcTemplate               : Executing prepared SQL update
2025-09-04T00:03:15.311-03:00 DEBUG 1424 --- [           main] o.s.jdbc.core.JdbcTemplate               : Executing prepared SQL statement [DELETE FROM AIC_CADASTRO WHERE ID = ?]
2025-09-04T00:03:15.368-03:00 DEBUG 1424 --- [           main] o.s.jdbc.core.JdbcTemplate               : Executing prepared SQL query
2025-09-04T00:03:15.368-03:00 DEBUG 1424 --- [           main] o.s.jdbc.core.JdbcTemplate               : Executing prepared SQL statement [SELECT ID, NOME, EMAIL, IDADE FROM AIC_CADASTRO WHERE ID = ?]
2025-09-04T00:03:15.378-03:00 DEBUG 1424 --- [           main] o.s.jdbc.support.JdbcTransactionManager  : Initiating transaction rollback
2025-09-04T00:03:15.379-03:00 DEBUG 1424 --- [           main] o.s.jdbc.support.JdbcTransactionManager  : Rolling back JDBC transaction on Connection [HikariProxyConnection@2107902964 wrapping conn0: url=jdbc:h2:mem:testdb user=SA]
2025-09-04T00:03:15.381-03:00 DEBUG 1424 --- [           main] o.s.jdbc.support.JdbcTransactionManager  : Releasing JDBC Connection [HikariProxyConnection@2107902964 wrapping conn0: url=jdbc:h2:mem:testdb user=SA] after transaction
]]></system-out>
    <system-err><![CDATA[WARNING: A Java agent has been loaded dynamically (/Users/marcelo/.m2/repository/net/bytebuddy/byte-buddy-agent/1.14.16/byte-buddy-agent-1.14.16.jar)
WARNING: If a serviceability tool is in use, please run with -XX:+EnableDynamicAgentLoading to hide this warning
WARNING: If a serviceability tool is not in use, please run with -Djdk.instrument.traceUsage for more information
WARNING: Dynamic loading of agents will be disallowed by default in a future release
]]></system-err>
  </testcase>
  <testcase name="testUpdate_NonExistingId_ShouldReturnNull" classname="com.mls.workflow.core.service.CadastroServiceTest" time="0.053">
    <system-out><![CDATA[2025-09-04T00:03:15.390-03:00 DEBUG 1424 --- [           main] o.s.jdbc.support.JdbcTransactionManager  : Creating new transaction with name [com.mls.workflow.core.service.CadastroServiceTest.testUpdate_NonExistingId_ShouldReturnNull]: PROPAGATION_REQUIRED,ISOLATION_DEFAULT
2025-09-04T00:03:15.391-03:00 DEBUG 1424 --- [           main] o.s.jdbc.support.JdbcTransactionManager  : Acquired Connection [HikariProxyConnection@1068375753 wrapping conn0: url=jdbc:h2:mem:testdb user=SA] for JDBC transaction
2025-09-04T00:03:15.391-03:00 DEBUG 1424 --- [           main] o.s.jdbc.support.JdbcTransactionManager  : Switching JDBC Connection [HikariProxyConnection@1068375753 wrapping conn0: url=jdbc:h2:mem:testdb user=SA] to manual commit
2025-09-04T00:03:15.435-03:00 DEBUG 1424 --- [           main] o.s.jdbc.core.JdbcTemplate               : Executing prepared SQL update
2025-09-04T00:03:15.436-03:00 DEBUG 1424 --- [           main] o.s.jdbc.core.JdbcTemplate               : Executing prepared SQL statement [UPDATE AIC_CADASTRO SET NOME = ?, EMAIL = ?, IDADE = ? WHERE ID = ?]
2025-09-04T00:03:15.441-03:00 DEBUG 1424 --- [           main] o.s.jdbc.support.JdbcTransactionManager  : Initiating transaction rollback
2025-09-04T00:03:15.441-03:00 DEBUG 1424 --- [           main] o.s.jdbc.support.JdbcTransactionManager  : Rolling back JDBC transaction on Connection [HikariProxyConnection@1068375753 wrapping conn0: url=jdbc:h2:mem:testdb user=SA]
2025-09-04T00:03:15.441-03:00 DEBUG 1424 --- [           main] o.s.jdbc.support.JdbcTransactionManager  : Releasing JDBC Connection [HikariProxyConnection@1068375753 wrapping conn0: url=jdbc:h2:mem:testdb user=SA] after transaction
]]></system-out>
  </testcase>
  <testcase name="testCreate_NegativeAge_ShouldThrowConstraintViolationException" classname="com.mls.workflow.core.service.CadastroServiceTest" time="0.014">
    <system-out><![CDATA[2025-09-04T00:03:15.444-03:00 DEBUG 1424 --- [           main] o.s.jdbc.support.JdbcTransactionManager  : Creating new transaction with name [com.mls.workflow.core.service.CadastroServiceTest.testCreate_NegativeAge_ShouldThrowConstraintViolationException]: PROPAGATION_REQUIRED,ISOLATION_DEFAULT
2025-09-04T00:03:15.445-03:00 DEBUG 1424 --- [           main] o.s.jdbc.support.JdbcTransactionManager  : Acquired Connection [HikariProxyConnection@1699911101 wrapping conn0: url=jdbc:h2:mem:testdb user=SA] for JDBC transaction
2025-09-04T00:03:15.445-03:00 DEBUG 1424 --- [           main] o.s.jdbc.support.JdbcTransactionManager  : Switching JDBC Connection [HikariProxyConnection@1699911101 wrapping conn0: url=jdbc:h2:mem:testdb user=SA] to manual commit
2025-09-04T00:03:15.456-03:00 DEBUG 1424 --- [           main] o.s.jdbc.support.JdbcTransactionManager  : Initiating transaction rollback
2025-09-04T00:03:15.456-03:00 DEBUG 1424 --- [           main] o.s.jdbc.support.JdbcTransactionManager  : Rolling back JDBC transaction on Connection [HikariProxyConnection@1699911101 wrapping conn0: url=jdbc:h2:mem:testdb user=SA]
2025-09-04T00:03:15.456-03:00 DEBUG 1424 --- [           main] o.s.jdbc.support.JdbcTransactionManager  : Releasing JDBC Connection [HikariProxyConnection@1699911101 wrapping conn0: url=jdbc:h2:mem:testdb user=SA] after transaction
]]></system-out>
  </testcase>
  <testcase name="testUpdate_NullId_ShouldThrowConstraintViolationException" classname="com.mls.workflow.core.service.CadastroServiceTest" time="0.016">
    <system-out><![CDATA[2025-09-04T00:03:15.459-03:00 DEBUG 1424 --- [           main] o.s.jdbc.support.JdbcTransactionManager  : Creating new transaction with name [com.mls.workflow.core.service.CadastroServiceTest.testUpdate_NullId_ShouldThrowConstraintViolationException]: PROPAGATION_REQUIRED,ISOLATION_DEFAULT
2025-09-04T00:03:15.459-03:00 DEBUG 1424 --- [           main] o.s.jdbc.support.JdbcTransactionManager  : Acquired Connection [HikariProxyConnection@350761035 wrapping conn0: url=jdbc:h2:mem:testdb user=SA] for JDBC transaction
2025-09-04T00:03:15.459-03:00 DEBUG 1424 --- [           main] o.s.jdbc.support.JdbcTransactionManager  : Switching JDBC Connection [HikariProxyConnection@350761035 wrapping conn0: url=jdbc:h2:mem:testdb user=SA] to manual commit
2025-09-04T00:03:15.473-03:00 DEBUG 1424 --- [           main] o.s.jdbc.support.JdbcTransactionManager  : Initiating transaction rollback
2025-09-04T00:03:15.474-03:00 DEBUG 1424 --- [           main] o.s.jdbc.support.JdbcTransactionManager  : Rolling back JDBC transaction on Connection [HikariProxyConnection@350761035 wrapping conn0: url=jdbc:h2:mem:testdb user=SA]
2025-09-04T00:03:15.474-03:00 DEBUG 1424 --- [           main] o.s.jdbc.support.JdbcTransactionManager  : Releasing JDBC Connection [HikariProxyConnection@350761035 wrapping conn0: url=jdbc:h2:mem:testdb user=SA] after transaction
]]></system-out>
  </testcase>
  <testcase name="testCreate_NullCadastro_ShouldThrowConstraintViolationException" classname="com.mls.workflow.core.service.CadastroServiceTest" time="0.006">
    <system-out><![CDATA[2025-09-04T00:03:15.477-03:00 DEBUG 1424 --- [           main] o.s.jdbc.support.JdbcTransactionManager  : Creating new transaction with name [com.mls.workflow.core.service.CadastroServiceTest.testCreate_NullCadastro_ShouldThrowConstraintViolationException]: PROPAGATION_REQUIRED,ISOLATION_DEFAULT
2025-09-04T00:03:15.477-03:00 DEBUG 1424 --- [           main] o.s.jdbc.support.JdbcTransactionManager  : Acquired Connection [HikariProxyConnection@1229311263 wrapping conn0: url=jdbc:h2:mem:testdb user=SA] for JDBC transaction
2025-09-04T00:03:15.477-03:00 DEBUG 1424 --- [           main] o.s.jdbc.support.JdbcTransactionManager  : Switching JDBC Connection [HikariProxyConnection@1229311263 wrapping conn0: url=jdbc:h2:mem:testdb user=SA] to manual commit
2025-09-04T00:03:15.482-03:00 DEBUG 1424 --- [           main] o.s.jdbc.support.JdbcTransactionManager  : Initiating transaction rollback
2025-09-04T00:03:15.482-03:00 DEBUG 1424 --- [           main] o.s.jdbc.support.JdbcTransactionManager  : Rolling back JDBC transaction on Connection [HikariProxyConnection@1229311263 wrapping conn0: url=jdbc:h2:mem:testdb user=SA]
2025-09-04T00:03:15.482-03:00 DEBUG 1424 --- [           main] o.s.jdbc.support.JdbcTransactionManager  : Releasing JDBC Connection [HikariProxyConnection@1229311263 wrapping conn0: url=jdbc:h2:mem:testdb user=SA] after transaction
]]></system-out>
  </testcase>
  <testcase name="testUpdate_ExistingId_ShouldUpdateAndReturnCadastro" classname="com.mls.workflow.core.service.CadastroServiceTest" time="0.015">
    <system-out><![CDATA[2025-09-04T00:03:15.484-03:00 DEBUG 1424 --- [           main] o.s.jdbc.support.JdbcTransactionManager  : Creating new transaction with name [com.mls.workflow.core.service.CadastroServiceTest.testUpdate_ExistingId_ShouldUpdateAndReturnCadastro]: PROPAGATION_REQUIRED,ISOLATION_DEFAULT
2025-09-04T00:03:15.484-03:00 DEBUG 1424 --- [           main] o.s.jdbc.support.JdbcTransactionManager  : Acquired Connection [HikariProxyConnection@1152035207 wrapping conn0: url=jdbc:h2:mem:testdb user=SA] for JDBC transaction
2025-09-04T00:03:15.484-03:00 DEBUG 1424 --- [           main] o.s.jdbc.support.JdbcTransactionManager  : Switching JDBC Connection [HikariProxyConnection@1152035207 wrapping conn0: url=jdbc:h2:mem:testdb user=SA] to manual commit
2025-09-04T00:03:15.486-03:00 DEBUG 1424 --- [           main] o.s.jdbc.core.JdbcTemplate               : Executing prepared SQL update
2025-09-04T00:03:15.486-03:00 DEBUG 1424 --- [           main] o.s.jdbc.core.JdbcTemplate               : Executing prepared SQL statement [UPDATE AIC_CADASTRO SET NOME = ?, EMAIL = ?, IDADE = ? WHERE ID = ?]
2025-09-04T00:03:15.494-03:00 DEBUG 1424 --- [           main] o.s.jdbc.core.JdbcTemplate               : Executing prepared SQL query
2025-09-04T00:03:15.495-03:00 DEBUG 1424 --- [           main] o.s.jdbc.core.JdbcTemplate               : Executing prepared SQL statement [SELECT ID, NOME, EMAIL, IDADE FROM AIC_CADASTRO WHERE ID = ?]
2025-09-04T00:03:15.497-03:00 DEBUG 1424 --- [           main] o.s.jdbc.support.JdbcTransactionManager  : Initiating transaction rollback
2025-09-04T00:03:15.497-03:00 DEBUG 1424 --- [           main] o.s.jdbc.support.JdbcTransactionManager  : Rolling back JDBC transaction on Connection [HikariProxyConnection@1152035207 wrapping conn0: url=jdbc:h2:mem:testdb user=SA]
2025-09-04T00:03:15.498-03:00 DEBUG 1424 --- [           main] o.s.jdbc.support.JdbcTransactionManager  : Releasing JDBC Connection [HikariProxyConnection@1152035207 wrapping conn0: url=jdbc:h2:mem:testdb user=SA] after transaction
]]></system-out>
  </testcase>
  <testcase name="testCreateAndRead_CompleteCycle_ShouldWork" classname="com.mls.workflow.core.service.CadastroServiceTest" time="0.015">
    <system-out><![CDATA[2025-09-04T00:03:15.501-03:00 DEBUG 1424 --- [           main] o.s.jdbc.support.JdbcTransactionManager  : Creating new transaction with name [com.mls.workflow.core.service.CadastroServiceTest.testCreateAndRead_CompleteCycle_ShouldWork]: PROPAGATION_REQUIRED,ISOLATION_DEFAULT
2025-09-04T00:03:15.501-03:00 DEBUG 1424 --- [           main] o.s.jdbc.support.JdbcTransactionManager  : Acquired Connection [HikariProxyConnection@526461288 wrapping conn0: url=jdbc:h2:mem:testdb user=SA] for JDBC transaction
2025-09-04T00:03:15.501-03:00 DEBUG 1424 --- [           main] o.s.jdbc.support.JdbcTransactionManager  : Switching JDBC Connection [HikariProxyConnection@526461288 wrapping conn0: url=jdbc:h2:mem:testdb user=SA] to manual commit
2025-09-04T00:03:15.504-03:00 DEBUG 1424 --- [           main] o.s.jdbc.core.JdbcTemplate               : Executing SQL update and returning generated keys
2025-09-04T00:03:15.505-03:00 DEBUG 1424 --- [           main] o.s.jdbc.core.JdbcTemplate               : Executing prepared SQL statement
2025-09-04T00:03:15.509-03:00 DEBUG 1424 --- [           main] o.s.jdbc.core.JdbcTemplate               : Executing prepared SQL query
2025-09-04T00:03:15.509-03:00 DEBUG 1424 --- [           main] o.s.jdbc.core.JdbcTemplate               : Executing prepared SQL statement [SELECT ID, NOME, EMAIL, IDADE FROM AIC_CADASTRO WHERE ID = ?]
2025-09-04T00:03:15.511-03:00 DEBUG 1424 --- [           main] o.s.jdbc.core.JdbcTemplate               : Executing prepared SQL update
2025-09-04T00:03:15.511-03:00 DEBUG 1424 --- [           main] o.s.jdbc.core.JdbcTemplate               : Executing prepared SQL statement [UPDATE AIC_CADASTRO SET NOME = ?, EMAIL = ?, IDADE = ? WHERE ID = ?]
2025-09-04T00:03:15.512-03:00 DEBUG 1424 --- [           main] o.s.jdbc.core.JdbcTemplate               : Executing prepared SQL update
2025-09-04T00:03:15.512-03:00 DEBUG 1424 --- [           main] o.s.jdbc.core.JdbcTemplate               : Executing prepared SQL statement [DELETE FROM AIC_CADASTRO WHERE ID = ?]
2025-09-04T00:03:15.512-03:00 DEBUG 1424 --- [           main] o.s.jdbc.core.JdbcTemplate               : Executing prepared SQL query
2025-09-04T00:03:15.512-03:00 DEBUG 1424 --- [           main] o.s.jdbc.core.JdbcTemplate               : Executing prepared SQL statement [SELECT ID, NOME, EMAIL, IDADE FROM AIC_CADASTRO WHERE ID = ?]
2025-09-04T00:03:15.514-03:00 DEBUG 1424 --- [           main] o.s.jdbc.support.JdbcTransactionManager  : Initiating transaction rollback
2025-09-04T00:03:15.515-03:00 DEBUG 1424 --- [           main] o.s.jdbc.support.JdbcTransactionManager  : Rolling back JDBC transaction on Connection [HikariProxyConnection@526461288 wrapping conn0: url=jdbc:h2:mem:testdb user=SA]
2025-09-04T00:03:15.515-03:00 DEBUG 1424 --- [           main] o.s.jdbc.support.JdbcTransactionManager  : Releasing JDBC Connection [HikariProxyConnection@526461288 wrapping conn0: url=jdbc:h2:mem:testdb user=SA] after transaction
]]></system-out>
  </testcase>
  <testcase name="testRead_ExistingId_ShouldReturnCadastro" classname="com.mls.workflow.core.service.CadastroServiceTest" time="0.005">
    <system-out><![CDATA[2025-09-04T00:03:15.517-03:00 DEBUG 1424 --- [           main] o.s.jdbc.support.JdbcTransactionManager  : Creating new transaction with name [com.mls.workflow.core.service.CadastroServiceTest.testRead_ExistingId_ShouldReturnCadastro]: PROPAGATION_REQUIRED,ISOLATION_DEFAULT
2025-09-04T00:03:15.518-03:00 DEBUG 1424 --- [           main] o.s.jdbc.support.JdbcTransactionManager  : Acquired Connection [HikariProxyConnection@861927284 wrapping conn0: url=jdbc:h2:mem:testdb user=SA] for JDBC transaction
2025-09-04T00:03:15.518-03:00 DEBUG 1424 --- [           main] o.s.jdbc.support.JdbcTransactionManager  : Switching JDBC Connection [HikariProxyConnection@861927284 wrapping conn0: url=jdbc:h2:mem:testdb user=SA] to manual commit
2025-09-04T00:03:15.520-03:00 DEBUG 1424 --- [           main] o.s.jdbc.core.JdbcTemplate               : Executing prepared SQL query
2025-09-04T00:03:15.520-03:00 DEBUG 1424 --- [           main] o.s.jdbc.core.JdbcTemplate               : Executing prepared SQL statement [SELECT ID, NOME, EMAIL, IDADE FROM AIC_CADASTRO WHERE ID = ?]
2025-09-04T00:03:15.522-03:00 DEBUG 1424 --- [           main] o.s.jdbc.support.JdbcTransactionManager  : Initiating transaction rollback
2025-09-04T00:03:15.522-03:00 DEBUG 1424 --- [           main] o.s.jdbc.support.JdbcTransactionManager  : Rolling back JDBC transaction on Connection [HikariProxyConnection@861927284 wrapping conn0: url=jdbc:h2:mem:testdb user=SA]
2025-09-04T00:03:15.522-03:00 DEBUG 1424 --- [           main] o.s.jdbc.support.JdbcTransactionManager  : Releasing JDBC Connection [HikariProxyConnection@861927284 wrapping conn0: url=jdbc:h2:mem:testdb user=SA] after transaction
]]></system-out>
  </testcase>
  <testcase name="testRead_NonExistingId_ShouldReturnEmpty" classname="com.mls.workflow.core.service.CadastroServiceTest" time="0.006">
    <system-out><![CDATA[2025-09-04T00:03:15.524-03:00 DEBUG 1424 --- [           main] o.s.jdbc.support.JdbcTransactionManager  : Creating new transaction with name [com.mls.workflow.core.service.CadastroServiceTest.testRead_NonExistingId_ShouldReturnEmpty]: PROPAGATION_REQUIRED,ISOLATION_DEFAULT
2025-09-04T00:03:15.524-03:00 DEBUG 1424 --- [           main] o.s.jdbc.support.JdbcTransactionManager  : Acquired Connection [HikariProxyConnection@609471415 wrapping conn0: url=jdbc:h2:mem:testdb user=SA] for JDBC transaction
2025-09-04T00:03:15.524-03:00 DEBUG 1424 --- [           main] o.s.jdbc.support.JdbcTransactionManager  : Switching JDBC Connection [HikariProxyConnection@609471415 wrapping conn0: url=jdbc:h2:mem:testdb user=SA] to manual commit
2025-09-04T00:03:15.526-03:00 DEBUG 1424 --- [           main] o.s.jdbc.core.JdbcTemplate               : Executing prepared SQL query
2025-09-04T00:03:15.526-03:00 DEBUG 1424 --- [           main] o.s.jdbc.core.JdbcTemplate               : Executing prepared SQL statement [SELECT ID, NOME, EMAIL, IDADE FROM AIC_CADASTRO WHERE ID = ?]
2025-09-04T00:03:15.528-03:00 DEBUG 1424 --- [           main] o.s.jdbc.support.JdbcTransactionManager  : Initiating transaction rollback
2025-09-04T00:03:15.528-03:00 DEBUG 1424 --- [           main] o.s.jdbc.support.JdbcTransactionManager  : Rolling back JDBC transaction on Connection [HikariProxyConnection@609471415 wrapping conn0: url=jdbc:h2:mem:testdb user=SA]
2025-09-04T00:03:15.529-03:00 DEBUG 1424 --- [           main] o.s.jdbc.support.JdbcTransactionManager  : Releasing JDBC Connection [HikariProxyConnection@609471415 wrapping conn0: url=jdbc:h2:mem:testdb user=SA] after transaction
]]></system-out>
  </testcase>
  <testcase name="testCreate_InvalidEmail_ShouldThrowConstraintViolationException" classname="com.mls.workflow.core.service.CadastroServiceTest" time="0.007">
    <system-out><![CDATA[2025-09-04T00:03:15.531-03:00 DEBUG 1424 --- [           main] o.s.jdbc.support.JdbcTransactionManager  : Creating new transaction with name [com.mls.workflow.core.service.CadastroServiceTest.testCreate_InvalidEmail_ShouldThrowConstraintViolationException]: PROPAGATION_REQUIRED,ISOLATION_DEFAULT
2025-09-04T00:03:15.532-03:00 DEBUG 1424 --- [           main] o.s.jdbc.support.JdbcTransactionManager  : Acquired Connection [HikariProxyConnection@1586437554 wrapping conn0: url=jdbc:h2:mem:testdb user=SA] for JDBC transaction
2025-09-04T00:03:15.532-03:00 DEBUG 1424 --- [           main] o.s.jdbc.support.JdbcTransactionManager  : Switching JDBC Connection [HikariProxyConnection@1586437554 wrapping conn0: url=jdbc:h2:mem:testdb user=SA] to manual commit
2025-09-04T00:03:15.536-03:00 DEBUG 1424 --- [           main] o.s.jdbc.support.JdbcTransactionManager  : Initiating transaction rollback
2025-09-04T00:03:15.537-03:00 DEBUG 1424 --- [           main] o.s.jdbc.support.JdbcTransactionManager  : Rolling back JDBC transaction on Connection [HikariProxyConnection@1586437554 wrapping conn0: url=jdbc:h2:mem:testdb user=SA]
2025-09-04T00:03:15.537-03:00 DEBUG 1424 --- [           main] o.s.jdbc.support.JdbcTransactionManager  : Releasing JDBC Connection [HikariProxyConnection@1586437554 wrapping conn0: url=jdbc:h2:mem:testdb user=SA] after transaction
]]></system-out>
  </testcase>
  <testcase name="testDelete_NonExistingId_ShouldReturnFalse" classname="com.mls.workflow.core.service.CadastroServiceTest" time="0.008">
    <system-out><![CDATA[2025-09-04T00:03:15.539-03:00 DEBUG 1424 --- [           main] o.s.jdbc.support.JdbcTransactionManager  : Creating new transaction with name [com.mls.workflow.core.service.CadastroServiceTest.testDelete_NonExistingId_ShouldReturnFalse]: PROPAGATION_REQUIRED,ISOLATION_DEFAULT
2025-09-04T00:03:15.540-03:00 DEBUG 1424 --- [           main] o.s.jdbc.support.JdbcTransactionManager  : Acquired Connection [HikariProxyConnection@179672397 wrapping conn0: url=jdbc:h2:mem:testdb user=SA] for JDBC transaction
2025-09-04T00:03:15.540-03:00 DEBUG 1424 --- [           main] o.s.jdbc.support.JdbcTransactionManager  : Switching JDBC Connection [HikariProxyConnection@179672397 wrapping conn0: url=jdbc:h2:mem:testdb user=SA] to manual commit
2025-09-04T00:03:15.542-03:00 DEBUG 1424 --- [           main] o.s.jdbc.core.JdbcTemplate               : Executing prepared SQL update
2025-09-04T00:03:15.542-03:00 DEBUG 1424 --- [           main] o.s.jdbc.core.JdbcTemplate               : Executing prepared SQL statement [DELETE FROM AIC_CADASTRO WHERE ID = ?]
2025-09-04T00:03:15.545-03:00 DEBUG 1424 --- [           main] o.s.jdbc.support.JdbcTransactionManager  : Initiating transaction rollback
2025-09-04T00:03:15.546-03:00 DEBUG 1424 --- [           main] o.s.jdbc.support.JdbcTransactionManager  : Rolling back JDBC transaction on Connection [HikariProxyConnection@179672397 wrapping conn0: url=jdbc:h2:mem:testdb user=SA]
2025-09-04T00:03:15.546-03:00 DEBUG 1424 --- [           main] o.s.jdbc.support.JdbcTransactionManager  : Releasing JDBC Connection [HikariProxyConnection@179672397 wrapping conn0: url=jdbc:h2:mem:testdb user=SA] after transaction
]]></system-out>
  </testcase>
  <testcase name="testCreate_ValidCadastro_ShouldReturnCreatedCadastro" classname="com.mls.workflow.core.service.CadastroServiceTest" time="0.006">
    <system-out><![CDATA[2025-09-04T00:03:15.548-03:00 DEBUG 1424 --- [           main] o.s.jdbc.support.JdbcTransactionManager  : Creating new transaction with name [com.mls.workflow.core.service.CadastroServiceTest.testCreate_ValidCadastro_ShouldReturnCreatedCadastro]: PROPAGATION_REQUIRED,ISOLATION_DEFAULT
2025-09-04T00:03:15.548-03:00 DEBUG 1424 --- [           main] o.s.jdbc.support.JdbcTransactionManager  : Acquired Connection [HikariProxyConnection@1203792666 wrapping conn0: url=jdbc:h2:mem:testdb user=SA] for JDBC transaction
2025-09-04T00:03:15.549-03:00 DEBUG 1424 --- [           main] o.s.jdbc.support.JdbcTransactionManager  : Switching JDBC Connection [HikariProxyConnection@1203792666 wrapping conn0: url=jdbc:h2:mem:testdb user=SA] to manual commit
2025-09-04T00:03:15.551-03:00 DEBUG 1424 --- [           main] o.s.jdbc.core.JdbcTemplate               : Executing SQL update and returning generated keys
2025-09-04T00:03:15.551-03:00 DEBUG 1424 --- [           main] o.s.jdbc.core.JdbcTemplate               : Executing prepared SQL statement
2025-09-04T00:03:15.554-03:00 DEBUG 1424 --- [           main] o.s.jdbc.support.JdbcTransactionManager  : Initiating transaction rollback
2025-09-04T00:03:15.554-03:00 DEBUG 1424 --- [           main] o.s.jdbc.support.JdbcTransactionManager  : Rolling back JDBC transaction on Connection [HikariProxyConnection@1203792666 wrapping conn0: url=jdbc:h2:mem:testdb user=SA]
2025-09-04T00:03:15.554-03:00 DEBUG 1424 --- [           main] o.s.jdbc.support.JdbcTransactionManager  : Releasing JDBC Connection [HikariProxyConnection@1203792666 wrapping conn0: url=jdbc:h2:mem:testdb user=SA] after transaction
]]></system-out>
  </testcase>
  <testcase name="testUpdate_InvalidCadastro_ShouldThrowConstraintViolationException" classname="com.mls.workflow.core.service.CadastroServiceTest" time="0.007">
    <system-out><![CDATA[2025-09-04T00:03:15.556-03:00 DEBUG 1424 --- [           main] o.s.jdbc.support.JdbcTransactionManager  : Creating new transaction with name [com.mls.workflow.core.service.CadastroServiceTest.testUpdate_InvalidCadastro_ShouldThrowConstraintViolationException]: PROPAGATION_REQUIRED,ISOLATION_DEFAULT
2025-09-04T00:03:15.556-03:00 DEBUG 1424 --- [           main] o.s.jdbc.support.JdbcTransactionManager  : Acquired Connection [HikariProxyConnection@1248103221 wrapping conn0: url=jdbc:h2:mem:testdb user=SA] for JDBC transaction
2025-09-04T00:03:15.557-03:00 DEBUG 1424 --- [           main] o.s.jdbc.support.JdbcTransactionManager  : Switching JDBC Connection [HikariProxyConnection@1248103221 wrapping conn0: url=jdbc:h2:mem:testdb user=SA] to manual commit
2025-09-04T00:03:15.562-03:00 DEBUG 1424 --- [           main] o.s.jdbc.support.JdbcTransactionManager  : Initiating transaction rollback
2025-09-04T00:03:15.562-03:00 DEBUG 1424 --- [           main] o.s.jdbc.support.JdbcTransactionManager  : Rolling back JDBC transaction on Connection [HikariProxyConnection@1248103221 wrapping conn0: url=jdbc:h2:mem:testdb user=SA]
2025-09-04T00:03:15.562-03:00 DEBUG 1424 --- [           main] o.s.jdbc.support.JdbcTransactionManager  : Releasing JDBC Connection [HikariProxyConnection@1248103221 wrapping conn0: url=jdbc:h2:mem:testdb user=SA] after transaction
]]></system-out>
  </testcase>
  <testcase name="testCreate_InvalidCadastro_ShouldThrowConstraintViolationException" classname="com.mls.workflow.core.service.CadastroServiceTest" time="0.006">
    <system-out><![CDATA[2025-09-04T00:03:15.564-03:00 DEBUG 1424 --- [           main] o.s.jdbc.support.JdbcTransactionManager  : Creating new transaction with name [com.mls.workflow.core.service.CadastroServiceTest.testCreate_InvalidCadastro_ShouldThrowConstraintViolationException]: PROPAGATION_REQUIRED,ISOLATION_DEFAULT
2025-09-04T00:03:15.565-03:00 DEBUG 1424 --- [           main] o.s.jdbc.support.JdbcTransactionManager  : Acquired Connection [HikariProxyConnection@1021710315 wrapping conn0: url=jdbc:h2:mem:testdb user=SA] for JDBC transaction
2025-09-04T00:03:15.565-03:00 DEBUG 1424 --- [           main] o.s.jdbc.support.JdbcTransactionManager  : Switching JDBC Connection [HikariProxyConnection@1021710315 wrapping conn0: url=jdbc:h2:mem:testdb user=SA] to manual commit
2025-09-04T00:03:15.569-03:00 DEBUG 1424 --- [           main] o.s.jdbc.support.JdbcTransactionManager  : Initiating transaction rollback
2025-09-04T00:03:15.570-03:00 DEBUG 1424 --- [           main] o.s.jdbc.support.JdbcTransactionManager  : Rolling back JDBC transaction on Connection [HikariProxyConnection@1021710315 wrapping conn0: url=jdbc:h2:mem:testdb user=SA]
2025-09-04T00:03:15.570-03:00 DEBUG 1424 --- [           main] o.s.jdbc.support.JdbcTransactionManager  : Releasing JDBC Connection [HikariProxyConnection@1021710315 wrapping conn0: url=jdbc:h2:mem:testdb user=SA] after transaction
]]></system-out>
  </testcase>
</testsuite>