<?xml version="1.0" encoding="UTF-8"?>
<testsuite xmlns:xsi="http://www.w3.org/2001/XMLSchema-instance" xsi:noNamespaceSchemaLocation="https://maven.apache.org/surefire/maven-surefire-plugin/xsd/surefire-test-report-3.0.xsd" version="3.0" name="com.mls.workflow.core.service.CadastroServiceTest" time="11.172" tests="14" errors="0" skipped="0" failures="0">
  <properties>
    <property name="java.specification.version" value="24"/>
    <property name="sun.jnu.encoding" value="UTF-8"/>
    <property name="java.class.path" value="/Users/marcelo/eclipse-workspace/AIC7Demo/target/test-classes:/Users/marcelo/eclipse-workspace/AIC7Demo/target/classes:/Users/marcelo/.m2/repository/org/camunda/bpm/springboot/camunda-bpm-spring-boot-starter-rest/7.23.0/camunda-bpm-spring-boot-starter-rest-7.23.0.jar:/Users/marcelo/.m2/repository/org/camunda/bpm/springboot/camunda-bpm-spring-boot-starter/7.23.0/camunda-bpm-spring-boot-starter-7.23.0.jar:/Users/marcelo/.m2/repository/org/camunda/bpm/camunda-engine-spring-6/7.23.0/camunda-engine-spring-6-7.23.0.jar:/Users/marcelo/.m2/repository/org/camunda/bpm/camunda-engine/7.23.0/camunda-engine-7.23.0.jar:/Users/marcelo/.m2/repository/org/camunda/bpm/model/camunda-bpmn-model/7.23.0/camunda-bpmn-model-7.23.0.jar:/Users/marcelo/.m2/repository/org/camunda/bpm/model/camunda-xml-model/7.23.0/camunda-xml-model-7.23.0.jar:/Users/marcelo/.m2/repository/org/camunda/bpm/model/camunda-cmmn-model/7.23.0/camunda-cmmn-model-7.23.0.jar:/Users/marcelo/.m2/repository/org/camunda/bpm/juel/camunda-juel/7.23.0/camunda-juel-7.23.0.jar:/Users/marcelo/.m2/repository/org/camunda/bpm/dmn/camunda-engine-dmn/7.23.0/camunda-engine-dmn-7.23.0.jar:/Users/marcelo/.m2/repository/org/camunda/bpm/model/camunda-dmn-model/7.23.0/camunda-dmn-model-7.23.0.jar:/Users/marcelo/.m2/repository/org/camunda/bpm/dmn/camunda-engine-feel-api/7.23.0/camunda-engine-feel-api-7.23.0.jar:/Users/marcelo/.m2/repository/org/camunda/bpm/dmn/camunda-engine-feel-juel/7.23.0/camunda-engine-feel-juel-7.23.0.jar:/Users/marcelo/.m2/repository/org/camunda/bpm/dmn/camunda-engine-feel-scala/7.23.0/camunda-engine-feel-scala-7.23.0.jar:/Users/marcelo/.m2/repository/org/camunda/feel/feel-engine/1.19.1/feel-engine-1.19.1-scala-shaded.jar:/Users/marcelo/.m2/repository/org/camunda/commons/camunda-commons-typed-values/7.23.0/camunda-commons-typed-values-7.23.0.jar:/Users/marcelo/.m2/repository/org/mybatis/mybatis/3.5.15/mybatis-3.5.15.jar:/Users/marcelo/.m2/repository/joda-time/joda-time/2.12.5/joda-time-2.12.5.jar:/Users/marcelo/.m2/repository/org/springframework/spring-context/6.1.8/spring-context-6.1.8.jar:/Users/marcelo/.m2/repository/org/springframework/spring-tx/6.1.8/spring-tx-6.1.8.jar:/Users/marcelo/.m2/repository/org/springframework/spring-orm/6.1.8/spring-orm-6.1.8.jar:/Users/marcelo/.m2/repository/org/springframework/boot/spring-boot-autoconfigure/3.3.0/spring-boot-autoconfigure-3.3.0.jar:/Users/marcelo/.m2/repository/com/fasterxml/uuid/java-uuid-generator/4.3.0/java-uuid-generator-4.3.0.jar:/Users/marcelo/.m2/repository/com/sun/xml/bind/jaxb-impl/4.0.5/jaxb-impl-4.0.5.jar:/Users/marcelo/.m2/repository/com/sun/xml/bind/jaxb-core/4.0.5/jaxb-core-4.0.5.jar:/Users/marcelo/.m2/repository/org/eclipse/angus/angus-activation/2.0.2/angus-activation-2.0.2.jar:/Users/marcelo/.m2/repository/org/camunda/bpm/camunda-engine-rest-core-jakarta/7.23.0/camunda-engine-rest-core-jakarta-7.23.0.jar:/Users/marcelo/.m2/repository/commons-fileupload/commons-fileupload/1.5/commons-fileupload-1.5.jar:/Users/marcelo/.m2/repository/commons-io/commons-io/2.17.0/commons-io-2.17.0.jar:/Users/marcelo/.m2/repository/com/fasterxml/jackson/jakarta/rs/jackson-jakarta-rs-json-provider/2.17.1/jackson-jakarta-rs-json-provider-2.17.1.jar:/Users/marcelo/.m2/repository/com/fasterxml/jackson/jakarta/rs/jackson-jakarta-rs-base/2.17.1/jackson-jakarta-rs-base-2.17.1.jar:/Users/marcelo/.m2/repository/com/fasterxml/jackson/module/jackson-module-jakarta-xmlbind-annotations/2.17.1/jackson-module-jakarta-xmlbind-annotations-2.17.1.jar:/Users/marcelo/.m2/repository/com/fasterxml/jackson/core/jackson-databind/2.17.1/jackson-databind-2.17.1.jar:/Users/marcelo/.m2/repository/com/fasterxml/jackson/core/jackson-annotations/2.17.1/jackson-annotations-2.17.1.jar:/Users/marcelo/.m2/repository/com/fasterxml/jackson/core/jackson-core/2.17.1/jackson-core-2.17.1.jar:/Users/marcelo/.m2/repository/com/fasterxml/jackson/datatype/jackson-datatype-jsr310/2.17.1/jackson-datatype-jsr310-2.17.1.jar:/Users/marcelo/.m2/repository/org/springframework/boot/spring-boot-starter-jersey/3.3.0/spring-boot-starter-jersey-3.3.0.jar:/Users/marcelo/.m2/repository/org/springframework/boot/spring-boot-starter-json/3.3.0/spring-boot-starter-json-3.3.0.jar:/Users/marcelo/.m2/repository/com/fasterxml/jackson/datatype/jackson-datatype-jdk8/2.17.1/jackson-datatype-jdk8-2.17.1.jar:/Users/marcelo/.m2/repository/com/fasterxml/jackson/module/jackson-module-parameter-names/2.17.1/jackson-module-parameter-names-2.17.1.jar:/Users/marcelo/.m2/repository/org/springframework/boot/spring-boot-starter-tomcat/3.3.0/spring-boot-starter-tomcat-3.3.0.jar:/Users/marcelo/.m2/repository/org/apache/tomcat/embed/tomcat-embed-core/10.1.24/tomcat-embed-core-10.1.24.jar:/Users/marcelo/.m2/repository/org/apache/tomcat/embed/tomcat-embed-websocket/10.1.24/tomcat-embed-websocket-10.1.24.jar:/Users/marcelo/.m2/repository/org/springframework/spring-web/6.1.8/spring-web-6.1.8.jar:/Users/marcelo/.m2/repository/org/glassfish/jersey/containers/jersey-container-servlet-core/3.1.6/jersey-container-servlet-core-3.1.6.jar:/Users/marcelo/.m2/repository/jakarta/inject/jakarta.inject-api/2.0.1/jakarta.inject-api-2.0.1.jar:/Users/marcelo/.m2/repository/org/glassfish/jersey/core/jersey-common/3.1.6/jersey-common-3.1.6.jar:/Users/marcelo/.m2/repository/org/glassfish/hk2/osgi-resource-locator/1.0.3/osgi-resource-locator-1.0.3.jar:/Users/marcelo/.m2/repository/jakarta/ws/rs/jakarta.ws.rs-api/3.1.0/jakarta.ws.rs-api-3.1.0.jar:/Users/marcelo/.m2/repository/org/glassfish/jersey/containers/jersey-container-servlet/3.1.6/jersey-container-servlet-3.1.6.jar:/Users/marcelo/.m2/repository/org/glassfish/jersey/core/jersey-server/3.1.6/jersey-server-3.1.6.jar:/Users/marcelo/.m2/repository/org/glassfish/jersey/core/jersey-client/3.1.6/jersey-client-3.1.6.jar:/Users/marcelo/.m2/repository/org/glassfish/jersey/ext/jersey-bean-validation/3.1.6/jersey-bean-validation-3.1.6.jar:/Users/marcelo/.m2/repository/org/glassfish/expressly/expressly/5.0.0/expressly-5.0.0.jar:/Users/marcelo/.m2/repository/org/glassfish/jersey/ext/jersey-spring6/3.1.6/jersey-spring6-3.1.6.jar:/Users/marcelo/.m2/repository/org/glassfish/jersey/inject/jersey-hk2/3.1.6/jersey-hk2-3.1.6.jar:/Users/marcelo/.m2/repository/org/glassfish/hk2/hk2-locator/3.0.6/hk2-locator-3.0.6.jar:/Users/marcelo/.m2/repository/org/glassfish/hk2/external/aopalliance-repackaged/3.0.6/aopalliance-repackaged-3.0.6.jar:/Users/marcelo/.m2/repository/org/javassist/javassist/3.30.2-GA/javassist-3.30.2-GA.jar:/Users/marcelo/.m2/repository/org/glassfish/hk2/hk2/3.0.6/hk2-3.0.6.jar:/Users/marcelo/.m2/repository/org/glassfish/hk2/hk2-utils/3.0.6/hk2-utils-3.0.6.jar:/Users/marcelo/.m2/repository/org/glassfish/hk2/hk2-api/3.0.6/hk2-api-3.0.6.jar:/Users/marcelo/.m2/repository/org/glassfish/hk2/hk2-core/3.0.6/hk2-core-3.0.6.jar:/Users/marcelo/.m2/repository/org/glassfish/hk2/hk2-runlevel/3.0.6/hk2-runlevel-3.0.6.jar:/Users/marcelo/.m2/repository/org/glassfish/hk2/class-model/3.0.6/class-model-3.0.6.jar:/Users/marcelo/.m2/repository/org/ow2/asm/asm-analysis/9.6/asm-analysis-9.6.jar:/Users/marcelo/.m2/repository/org/ow2/asm/asm-commons/9.6/asm-commons-9.6.jar:/Users/marcelo/.m2/repository/org/ow2/asm/asm-tree/9.6/asm-tree-9.6.jar:/Users/marcelo/.m2/repository/org/ow2/asm/asm-util/9.6/asm-util-9.6.jar:/Users/marcelo/.m2/repository/org/glassfish/hk2/spring-bridge/3.0.6/spring-bridge-3.0.6.jar:/Users/marcelo/.m2/repository/org/glassfish/jersey/media/jersey-media-json-jackson/3.1.6/jersey-media-json-jackson-3.1.6.jar:/Users/marcelo/.m2/repository/org/glassfish/jersey/ext/jersey-entity-filtering/3.1.6/jersey-entity-filtering-3.1.6.jar:/Users/marcelo/.m2/repository/org/camunda/bpm/springboot/camunda-bpm-spring-boot-starter-webapp/7.23.0/camunda-bpm-spring-boot-starter-webapp-7.23.0.jar:/Users/marcelo/.m2/repository/org/camunda/bpm/springboot/camunda-bpm-spring-boot-starter-webapp-core/7.23.0/camunda-bpm-spring-boot-starter-webapp-core-7.23.0.jar:/Users/marcelo/.m2/repository/org/camunda/bpm/webapp/camunda-webapp-jakarta/7.23.0/camunda-webapp-jakarta-7.23.0-classes.jar:/Users/marcelo/.m2/repository/org/springframework/boot/spring-boot-starter-web/3.3.0/spring-boot-starter-web-3.3.0.jar:/Users/marcelo/.m2/repository/org/camunda/bpm/webapp/camunda-webapp-webjar/7.23.0/camunda-webapp-webjar-7.23.0.jar:/Users/marcelo/.m2/repository/org/camunda/bpm/springboot/camunda-bpm-spring-boot-starter-security/7.23.0/camunda-bpm-spring-boot-starter-security-7.23.0.jar:/Users/marcelo/.m2/repository/org/springframework/boot/spring-boot-starter-oauth2-client/3.3.0/spring-boot-starter-oauth2-client-3.3.0.jar:/Users/marcelo/.m2/repository/org/springframework/security/spring-security-core/6.3.0/spring-security-core-6.3.0.jar:/Users/marcelo/.m2/repository/org/springframework/security/spring-security-crypto/6.3.0/spring-security-crypto-6.3.0.jar:/Users/marcelo/.m2/repository/org/springframework/security/spring-security-oauth2-client/6.3.0/spring-security-oauth2-client-6.3.0.jar:/Users/marcelo/.m2/repository/org/springframework/security/spring-security-oauth2-core/6.3.0/spring-security-oauth2-core-6.3.0.jar:/Users/marcelo/.m2/repository/com/nimbusds/oauth2-oidc-sdk/9.43.4/oauth2-oidc-sdk-9.43.4.jar:/Users/marcelo/.m2/repository/com/github/stephenc/jcip/jcip-annotations/1.0-1/jcip-annotations-1.0-1.jar:/Users/marcelo/.m2/repository/com/nimbusds/content-type/2.2/content-type-2.2.jar:/Users/marcelo/.m2/repository/com/nimbusds/lang-tag/1.7/lang-tag-1.7.jar:/Users/marcelo/.m2/repository/org/springframework/security/spring-security-oauth2-jose/6.3.0/spring-security-oauth2-jose-6.3.0.jar:/Users/marcelo/.m2/repository/com/nimbusds/nimbus-jose-jwt/9.37.3/nimbus-jose-jwt-9.37.3.jar:/Users/marcelo/.m2/repository/org/camunda/bpm/camunda-engine-plugin-spin/7.23.0/camunda-engine-plugin-spin-7.23.0.jar:/Users/marcelo/.m2/repository/org/camunda/spin/camunda-spin-core/7.23.0/camunda-spin-core-7.23.0.jar:/Users/marcelo/.m2/repository/org/camunda/spin/camunda-spin-dataformat-all/7.23.0/camunda-spin-dataformat-all-7.23.0.jar:/Users/marcelo/.m2/repository/org/camunda/commons/camunda-commons-logging/7.23.0/camunda-commons-logging-7.23.0.jar:/Users/marcelo/.m2/repository/org/camunda/commons/camunda-commons-utils/7.23.0/camunda-commons-utils-7.23.0.jar:/Users/marcelo/.m2/repository/com/h2database/h2/2.2.224/h2-2.2.224.jar:/Users/marcelo/.m2/repository/org/slf4j/slf4j-api/2.0.13/slf4j-api-2.0.13.jar:/Users/marcelo/.m2/repository/org/springframework/boot/spring-boot-starter-jdbc/3.3.0/spring-boot-starter-jdbc-3.3.0.jar:/Users/marcelo/.m2/repository/org/springframework/boot/spring-boot-starter/3.3.0/spring-boot-starter-3.3.0.jar:/Users/marcelo/.m2/repository/org/springframework/boot/spring-boot/3.3.0/spring-boot-3.3.0.jar:/Users/marcelo/.m2/repository/org/springframework/boot/spring-boot-starter-logging/3.3.0/spring-boot-starter-logging-3.3.0.jar:/Users/marcelo/.m2/repository/ch/qos/logback/logback-classic/1.5.6/logback-classic-1.5.6.jar:/Users/marcelo/.m2/repository/ch/qos/logback/logback-core/1.5.6/logback-core-1.5.6.jar:/Users/marcelo/.m2/repository/org/apache/logging/log4j/log4j-to-slf4j/2.23.1/log4j-to-slf4j-2.23.1.jar:/Users/marcelo/.m2/repository/org/apache/logging/log4j/log4j-api/2.23.1/log4j-api-2.23.1.jar:/Users/marcelo/.m2/repository/org/slf4j/jul-to-slf4j/2.0.13/jul-to-slf4j-2.0.13.jar:/Users/marcelo/.m2/repository/jakarta/annotation/jakarta.annotation-api/2.1.1/jakarta.annotation-api-2.1.1.jar:/Users/marcelo/.m2/repository/org/yaml/snakeyaml/2.2/snakeyaml-2.2.jar:/Users/marcelo/.m2/repository/com/zaxxer/HikariCP/5.1.0/HikariCP-5.1.0.jar:/Users/marcelo/.m2/repository/org/springframework/spring-jdbc/6.1.8/spring-jdbc-6.1.8.jar:/Users/marcelo/.m2/repository/org/springframework/spring-beans/6.1.8/spring-beans-6.1.8.jar:/Users/marcelo/.m2/repository/org/springdoc/springdoc-openapi-starter-webmvc-ui/2.5.0/springdoc-openapi-starter-webmvc-ui-2.5.0.jar:/Users/marcelo/.m2/repository/org/springdoc/springdoc-openapi-starter-webmvc-api/2.5.0/springdoc-openapi-starter-webmvc-api-2.5.0.jar:/Users/marcelo/.m2/repository/org/springdoc/springdoc-openapi-starter-common/2.5.0/springdoc-openapi-starter-common-2.5.0.jar:/Users/marcelo/.m2/repository/io/swagger/core/v3/swagger-core-jakarta/2.2.21/swagger-core-jakarta-2.2.21.jar:/Users/marcelo/.m2/repository/io/swagger/core/v3/swagger-annotations-jakarta/2.2.21/swagger-annotations-jakarta-2.2.21.jar:/Users/marcelo/.m2/repository/io/swagger/core/v3/swagger-models-jakarta/2.2.21/swagger-models-jakarta-2.2.21.jar:/Users/marcelo/.m2/repository/com/fasterxml/jackson/dataformat/jackson-dataformat-yaml/2.17.1/jackson-dataformat-yaml-2.17.1.jar:/Users/marcelo/.m2/repository/org/springframework/spring-webmvc/6.1.8/spring-webmvc-6.1.8.jar:/Users/marcelo/.m2/repository/org/webjars/swagger-ui/5.13.0/swagger-ui-5.13.0.jar:/Users/marcelo/.m2/repository/org/springframework/boot/spring-boot-starter-validation/3.3.0/spring-boot-starter-validation-3.3.0.jar:/Users/marcelo/.m2/repository/org/apache/tomcat/embed/tomcat-embed-el/10.1.24/tomcat-embed-el-10.1.24.jar:/Users/marcelo/.m2/repository/org/hibernate/validator/hibernate-validator/8.0.1.Final/hibernate-validator-8.0.1.Final.jar:/Users/marcelo/.m2/repository/jakarta/validation/jakarta.validation-api/3.0.2/jakarta.validation-api-3.0.2.jar:/Users/marcelo/.m2/repository/org/jboss/logging/jboss-logging/3.5.3.Final/jboss-logging-3.5.3.Final.jar:/Users/marcelo/.m2/repository/com/fasterxml/classmate/1.7.0/classmate-1.7.0.jar:/Users/marcelo/.m2/repository/org/springframework/boot/spring-boot-starter-security/3.3.0/spring-boot-starter-security-3.3.0.jar:/Users/marcelo/.m2/repository/org/springframework/spring-aop/6.1.8/spring-aop-6.1.8.jar:/Users/marcelo/.m2/repository/org/springframework/security/spring-security-config/6.3.0/spring-security-config-6.3.0.jar:/Users/marcelo/.m2/repository/org/springframework/security/spring-security-web/6.3.0/spring-security-web-6.3.0.jar:/Users/marcelo/.m2/repository/org/springframework/spring-expression/6.1.8/spring-expression-6.1.8.jar:/Users/marcelo/.m2/repository/org/springframework/boot/spring-boot-starter-actuator/3.3.0/spring-boot-starter-actuator-3.3.0.jar:/Users/marcelo/.m2/repository/org/springframework/boot/spring-boot-actuator-autoconfigure/3.3.0/spring-boot-actuator-autoconfigure-3.3.0.jar:/Users/marcelo/.m2/repository/org/springframework/boot/spring-boot-actuator/3.3.0/spring-boot-actuator-3.3.0.jar:/Users/marcelo/.m2/repository/io/micrometer/micrometer-observation/1.13.0/micrometer-observation-1.13.0.jar:/Users/marcelo/.m2/repository/io/micrometer/micrometer-commons/1.13.0/micrometer-commons-1.13.0.jar:/Users/marcelo/.m2/repository/io/micrometer/micrometer-jakarta9/1.13.0/micrometer-jakarta9-1.13.0.jar:/Users/marcelo/.m2/repository/io/micrometer/micrometer-core/1.13.0/micrometer-core-1.13.0.jar:/Users/marcelo/.m2/repository/org/hdrhistogram/HdrHistogram/2.2.1/HdrHistogram-2.2.1.jar:/Users/marcelo/.m2/repository/org/latencyutils/LatencyUtils/2.0.3/LatencyUtils-2.0.3.jar:/Users/marcelo/.m2/repository/org/springframework/boot/spring-boot-starter-test/3.3.0/spring-boot-starter-test-3.3.0.jar:/Users/marcelo/.m2/repository/org/springframework/boot/spring-boot-test/3.3.0/spring-boot-test-3.3.0.jar:/Users/marcelo/.m2/repository/org/springframework/boot/spring-boot-test-autoconfigure/3.3.0/spring-boot-test-autoconfigure-3.3.0.jar:/Users/marcelo/.m2/repository/com/jayway/jsonpath/json-path/2.9.0/json-path-2.9.0.jar:/Users/marcelo/.m2/repository/jakarta/xml/bind/jakarta.xml.bind-api/4.0.2/jakarta.xml.bind-api-4.0.2.jar:/Users/marcelo/.m2/repository/jakarta/activation/jakarta.activation-api/2.1.3/jakarta.activation-api-2.1.3.jar:/Users/marcelo/.m2/repository/net/minidev/json-smart/2.5.1/json-smart-2.5.1.jar:/Users/marcelo/.m2/repository/net/minidev/accessors-smart/2.5.1/accessors-smart-2.5.1.jar:/Users/marcelo/.m2/repository/org/ow2/asm/asm/9.6/asm-9.6.jar:/Users/marcelo/.m2/repository/org/assertj/assertj-core/3.25.3/assertj-core-3.25.3.jar:/Users/marcelo/.m2/repository/net/bytebuddy/byte-buddy/1.14.16/byte-buddy-1.14.16.jar:/Users/marcelo/.m2/repository/org/awaitility/awaitility/4.2.1/awaitility-4.2.1.jar:/Users/marcelo/.m2/repository/org/hamcrest/hamcrest/2.2/hamcrest-2.2.jar:/Users/marcelo/.m2/repository/org/junit/jupiter/junit-jupiter/5.10.2/junit-jupiter-5.10.2.jar:/Users/marcelo/.m2/repository/org/junit/jupiter/junit-jupiter-api/5.10.2/junit-jupiter-api-5.10.2.jar:/Users/marcelo/.m2/repository/org/opentest4j/opentest4j/1.3.0/opentest4j-1.3.0.jar:/Users/marcelo/.m2/repository/org/junit/platform/junit-platform-commons/1.10.2/junit-platform-commons-1.10.2.jar:/Users/marcelo/.m2/repository/org/apiguardian/apiguardian-api/1.1.2/apiguardian-api-1.1.2.jar:/Users/marcelo/.m2/repository/org/junit/jupiter/junit-jupiter-params/5.10.2/junit-jupiter-params-5.10.2.jar:/Users/marcelo/.m2/repository/org/junit/jupiter/junit-jupiter-engine/5.10.2/junit-jupiter-engine-5.10.2.jar:/Users/marcelo/.m2/repository/org/junit/platform/junit-platform-engine/1.10.2/junit-platform-engine-1.10.2.jar:/Users/marcelo/.m2/repository/org/mockito/mockito-core/5.11.0/mockito-core-5.11.0.jar:/Users/marcelo/.m2/repository/net/bytebuddy/byte-buddy-agent/1.14.16/byte-buddy-agent-1.14.16.jar:/Users/marcelo/.m2/repository/org/objenesis/objenesis/3.3/objenesis-3.3.jar:/Users/marcelo/.m2/repository/org/mockito/mockito-junit-jupiter/5.11.0/mockito-junit-jupiter-5.11.0.jar:/Users/marcelo/.m2/repository/org/skyscreamer/jsonassert/1.5.1/jsonassert-1.5.1.jar:/Users/marcelo/.m2/repository/com/vaadin/external/google/android-json/0.0.20131108.vaadin1/android-json-0.0.20131108.vaadin1.jar:/Users/marcelo/.m2/repository/org/springframework/spring-core/6.1.8/spring-core-6.1.8.jar:/Users/marcelo/.m2/repository/org/springframework/spring-jcl/6.1.8/spring-jcl-6.1.8.jar:/Users/marcelo/.m2/repository/org/springframework/spring-test/6.1.8/spring-test-6.1.8.jar:/Users/marcelo/.m2/repository/org/xmlunit/xmlunit-core/2.9.1/xmlunit-core-2.9.1.jar:/Users/marcelo/.m2/repository/org/camunda/bpm/camunda-bpm-junit5/7.23.0/camunda-bpm-junit5-7.23.0.jar:/Users/marcelo/.m2/repository/org/camunda/bpm/dmn/camunda-dmn-junit5/7.23.0/camunda-dmn-junit5-7.23.0.jar:/Users/marcelo/.m2/repository/org/camunda/bpm/assert/camunda-bpm-assert/15.0.0/camunda-bpm-assert-15.0.0.jar:/Users/marcelo/.m2/repository/org/camunda/community/mockito/camunda-platform-7-mockito/7.23.4/camunda-platform-7-mockito-7.23.4.jar:/Users/marcelo/.m2/repository/io/holunda/data/camunda-bpm-data/2025.07.1/camunda-bpm-data-2025.07.1.jar:/Users/marcelo/.m2/repository/org/jetbrains/kotlin/kotlin-stdlib-common/1.9.24/kotlin-stdlib-common-1.9.24.jar:/Users/marcelo/.m2/repository/org/jetbrains/kotlin/kotlin-reflect/1.9.24/kotlin-reflect-1.9.24.jar:/Users/marcelo/.m2/repository/org/jetbrains/kotlin/kotlin-stdlib/1.9.24/kotlin-stdlib-1.9.24.jar:/Users/marcelo/.m2/repository/org/jetbrains/annotations/26.0.2/annotations-26.0.2.jar:/Users/marcelo/.m2/repository/com/google/code/findbugs/jsr305/3.0.2/jsr305-3.0.2.jar:/Users/marcelo/.m2/repository/org/apache/commons/commons-lang3/3.14.0/commons-lang3-3.14.0.jar:"/>
    <property name="java.vm.vendor" value="Homebrew"/>
    <property name="sun.arch.data.model" value="64"/>
    <property name="java.vendor.url" value="https://github.com/Homebrew/homebrew-core/issues"/>
    <property name="user.timezone" value="America/Sao_Paulo"/>
    <property name="org.jboss.logging.provider" value="slf4j"/>
    <property name="os.name" value="Mac OS X"/>
    <property name="java.vm.specification.version" value="24"/>
    <property name="sun.java.launcher" value="SUN_STANDARD"/>
    <property name="user.country" value="BR"/>
    <property name="sun.boot.library.path" value="/usr/local/Cellar/openjdk/24.0.2/libexec/openjdk.jdk/Contents/Home/lib"/>
    <property name="sun.java.command" value="/Users/marcelo/eclipse-workspace/AIC7Demo/target/surefire/surefirebooter-20250904021102313_3.jar /Users/marcelo/eclipse-workspace/AIC7Demo/target/surefire 2025-09-04T02-11-02_182-jvmRun1 surefire-20250904021102313_1tmp surefire_0-20250904021102313_2tmp"/>
    <property name="http.nonProxyHosts" value="local|*.local|169.254/16|*.169.254/16"/>
    <property name="jdk.debug" value="release"/>
    <property name="surefire.test.class.path" value="/Users/marcelo/eclipse-workspace/AIC7Demo/target/test-classes:/Users/marcelo/eclipse-workspace/AIC7Demo/target/classes:/Users/marcelo/.m2/repository/org/camunda/bpm/springboot/camunda-bpm-spring-boot-starter-rest/7.23.0/camunda-bpm-spring-boot-starter-rest-7.23.0.jar:/Users/marcelo/.m2/repository/org/camunda/bpm/springboot/camunda-bpm-spring-boot-starter/7.23.0/camunda-bpm-spring-boot-starter-7.23.0.jar:/Users/marcelo/.m2/repository/org/camunda/bpm/camunda-engine-spring-6/7.23.0/camunda-engine-spring-6-7.23.0.jar:/Users/marcelo/.m2/repository/org/camunda/bpm/camunda-engine/7.23.0/camunda-engine-7.23.0.jar:/Users/marcelo/.m2/repository/org/camunda/bpm/model/camunda-bpmn-model/7.23.0/camunda-bpmn-model-7.23.0.jar:/Users/marcelo/.m2/repository/org/camunda/bpm/model/camunda-xml-model/7.23.0/camunda-xml-model-7.23.0.jar:/Users/marcelo/.m2/repository/org/camunda/bpm/model/camunda-cmmn-model/7.23.0/camunda-cmmn-model-7.23.0.jar:/Users/marcelo/.m2/repository/org/camunda/bpm/juel/camunda-juel/7.23.0/camunda-juel-7.23.0.jar:/Users/marcelo/.m2/repository/org/camunda/bpm/dmn/camunda-engine-dmn/7.23.0/camunda-engine-dmn-7.23.0.jar:/Users/marcelo/.m2/repository/org/camunda/bpm/model/camunda-dmn-model/7.23.0/camunda-dmn-model-7.23.0.jar:/Users/marcelo/.m2/repository/org/camunda/bpm/dmn/camunda-engine-feel-api/7.23.0/camunda-engine-feel-api-7.23.0.jar:/Users/marcelo/.m2/repository/org/camunda/bpm/dmn/camunda-engine-feel-juel/7.23.0/camunda-engine-feel-juel-7.23.0.jar:/Users/marcelo/.m2/repository/org/camunda/bpm/dmn/camunda-engine-feel-scala/7.23.0/camunda-engine-feel-scala-7.23.0.jar:/Users/marcelo/.m2/repository/org/camunda/feel/feel-engine/1.19.1/feel-engine-1.19.1-scala-shaded.jar:/Users/marcelo/.m2/repository/org/camunda/commons/camunda-commons-typed-values/7.23.0/camunda-commons-typed-values-7.23.0.jar:/Users/marcelo/.m2/repository/org/mybatis/mybatis/3.5.15/mybatis-3.5.15.jar:/Users/marcelo/.m2/repository/joda-time/joda-time/2.12.5/joda-time-2.12.5.jar:/Users/marcelo/.m2/repository/org/springframework/spring-context/6.1.8/spring-context-6.1.8.jar:/Users/marcelo/.m2/repository/org/springframework/spring-tx/6.1.8/spring-tx-6.1.8.jar:/Users/marcelo/.m2/repository/org/springframework/spring-orm/6.1.8/spring-orm-6.1.8.jar:/Users/marcelo/.m2/repository/org/springframework/boot/spring-boot-autoconfigure/3.3.0/spring-boot-autoconfigure-3.3.0.jar:/Users/marcelo/.m2/repository/com/fasterxml/uuid/java-uuid-generator/4.3.0/java-uuid-generator-4.3.0.jar:/Users/marcelo/.m2/repository/com/sun/xml/bind/jaxb-impl/4.0.5/jaxb-impl-4.0.5.jar:/Users/marcelo/.m2/repository/com/sun/xml/bind/jaxb-core/4.0.5/jaxb-core-4.0.5.jar:/Users/marcelo/.m2/repository/org/eclipse/angus/angus-activation/2.0.2/angus-activation-2.0.2.jar:/Users/marcelo/.m2/repository/org/camunda/bpm/camunda-engine-rest-core-jakarta/7.23.0/camunda-engine-rest-core-jakarta-7.23.0.jar:/Users/marcelo/.m2/repository/commons-fileupload/commons-fileupload/1.5/commons-fileupload-1.5.jar:/Users/marcelo/.m2/repository/commons-io/commons-io/2.17.0/commons-io-2.17.0.jar:/Users/marcelo/.m2/repository/com/fasterxml/jackson/jakarta/rs/jackson-jakarta-rs-json-provider/2.17.1/jackson-jakarta-rs-json-provider-2.17.1.jar:/Users/marcelo/.m2/repository/com/fasterxml/jackson/jakarta/rs/jackson-jakarta-rs-base/2.17.1/jackson-jakarta-rs-base-2.17.1.jar:/Users/marcelo/.m2/repository/com/fasterxml/jackson/module/jackson-module-jakarta-xmlbind-annotations/2.17.1/jackson-module-jakarta-xmlbind-annotations-2.17.1.jar:/Users/marcelo/.m2/repository/com/fasterxml/jackson/core/jackson-databind/2.17.1/jackson-databind-2.17.1.jar:/Users/marcelo/.m2/repository/com/fasterxml/jackson/core/jackson-annotations/2.17.1/jackson-annotations-2.17.1.jar:/Users/marcelo/.m2/repository/com/fasterxml/jackson/core/jackson-core/2.17.1/jackson-core-2.17.1.jar:/Users/marcelo/.m2/repository/com/fasterxml/jackson/datatype/jackson-datatype-jsr310/2.17.1/jackson-datatype-jsr310-2.17.1.jar:/Users/marcelo/.m2/repository/org/springframework/boot/spring-boot-starter-jersey/3.3.0/spring-boot-starter-jersey-3.3.0.jar:/Users/marcelo/.m2/repository/org/springframework/boot/spring-boot-starter-json/3.3.0/spring-boot-starter-json-3.3.0.jar:/Users/marcelo/.m2/repository/com/fasterxml/jackson/datatype/jackson-datatype-jdk8/2.17.1/jackson-datatype-jdk8-2.17.1.jar:/Users/marcelo/.m2/repository/com/fasterxml/jackson/module/jackson-module-parameter-names/2.17.1/jackson-module-parameter-names-2.17.1.jar:/Users/marcelo/.m2/repository/org/springframework/boot/spring-boot-starter-tomcat/3.3.0/spring-boot-starter-tomcat-3.3.0.jar:/Users/marcelo/.m2/repository/org/apache/tomcat/embed/tomcat-embed-core/10.1.24/tomcat-embed-core-10.1.24.jar:/Users/marcelo/.m2/repository/org/apache/tomcat/embed/tomcat-embed-websocket/10.1.24/tomcat-embed-websocket-10.1.24.jar:/Users/marcelo/.m2/repository/org/springframework/spring-web/6.1.8/spring-web-6.1.8.jar:/Users/marcelo/.m2/repository/org/glassfish/jersey/containers/jersey-container-servlet-core/3.1.6/jersey-container-servlet-core-3.1.6.jar:/Users/marcelo/.m2/repository/jakarta/inject/jakarta.inject-api/2.0.1/jakarta.inject-api-2.0.1.jar:/Users/marcelo/.m2/repository/org/glassfish/jersey/core/jersey-common/3.1.6/jersey-common-3.1.6.jar:/Users/marcelo/.m2/repository/org/glassfish/hk2/osgi-resource-locator/1.0.3/osgi-resource-locator-1.0.3.jar:/Users/marcelo/.m2/repository/jakarta/ws/rs/jakarta.ws.rs-api/3.1.0/jakarta.ws.rs-api-3.1.0.jar:/Users/marcelo/.m2/repository/org/glassfish/jersey/containers/jersey-container-servlet/3.1.6/jersey-container-servlet-3.1.6.jar:/Users/marcelo/.m2/repository/org/glassfish/jersey/core/jersey-server/3.1.6/jersey-server-3.1.6.jar:/Users/marcelo/.m2/repository/org/glassfish/jersey/core/jersey-client/3.1.6/jersey-client-3.1.6.jar:/Users/marcelo/.m2/repository/org/glassfish/jersey/ext/jersey-bean-validation/3.1.6/jersey-bean-validation-3.1.6.jar:/Users/marcelo/.m2/repository/org/glassfish/expressly/expressly/5.0.0/expressly-5.0.0.jar:/Users/marcelo/.m2/repository/org/glassfish/jersey/ext/jersey-spring6/3.1.6/jersey-spring6-3.1.6.jar:/Users/marcelo/.m2/repository/org/glassfish/jersey/inject/jersey-hk2/3.1.6/jersey-hk2-3.1.6.jar:/Users/marcelo/.m2/repository/org/glassfish/hk2/hk2-locator/3.0.6/hk2-locator-3.0.6.jar:/Users/marcelo/.m2/repository/org/glassfish/hk2/external/aopalliance-repackaged/3.0.6/aopalliance-repackaged-3.0.6.jar:/Users/marcelo/.m2/repository/org/javassist/javassist/3.30.2-GA/javassist-3.30.2-GA.jar:/Users/marcelo/.m2/repository/org/glassfish/hk2/hk2/3.0.6/hk2-3.0.6.jar:/Users/marcelo/.m2/repository/org/glassfish/hk2/hk2-utils/3.0.6/hk2-utils-3.0.6.jar:/Users/marcelo/.m2/repository/org/glassfish/hk2/hk2-api/3.0.6/hk2-api-3.0.6.jar:/Users/marcelo/.m2/repository/org/glassfish/hk2/hk2-core/3.0.6/hk2-core-3.0.6.jar:/Users/marcelo/.m2/repository/org/glassfish/hk2/hk2-runlevel/3.0.6/hk2-runlevel-3.0.6.jar:/Users/marcelo/.m2/repository/org/glassfish/hk2/class-model/3.0.6/class-model-3.0.6.jar:/Users/marcelo/.m2/repository/org/ow2/asm/asm-analysis/9.6/asm-analysis-9.6.jar:/Users/marcelo/.m2/repository/org/ow2/asm/asm-commons/9.6/asm-commons-9.6.jar:/Users/marcelo/.m2/repository/org/ow2/asm/asm-tree/9.6/asm-tree-9.6.jar:/Users/marcelo/.m2/repository/org/ow2/asm/asm-util/9.6/asm-util-9.6.jar:/Users/marcelo/.m2/repository/org/glassfish/hk2/spring-bridge/3.0.6/spring-bridge-3.0.6.jar:/Users/marcelo/.m2/repository/org/glassfish/jersey/media/jersey-media-json-jackson/3.1.6/jersey-media-json-jackson-3.1.6.jar:/Users/marcelo/.m2/repository/org/glassfish/jersey/ext/jersey-entity-filtering/3.1.6/jersey-entity-filtering-3.1.6.jar:/Users/marcelo/.m2/repository/org/camunda/bpm/springboot/camunda-bpm-spring-boot-starter-webapp/7.23.0/camunda-bpm-spring-boot-starter-webapp-7.23.0.jar:/Users/marcelo/.m2/repository/org/camunda/bpm/springboot/camunda-bpm-spring-boot-starter-webapp-core/7.23.0/camunda-bpm-spring-boot-starter-webapp-core-7.23.0.jar:/Users/marcelo/.m2/repository/org/camunda/bpm/webapp/camunda-webapp-jakarta/7.23.0/camunda-webapp-jakarta-7.23.0-classes.jar:/Users/marcelo/.m2/repository/org/springframework/boot/spring-boot-starter-web/3.3.0/spring-boot-starter-web-3.3.0.jar:/Users/marcelo/.m2/repository/org/camunda/bpm/webapp/camunda-webapp-webjar/7.23.0/camunda-webapp-webjar-7.23.0.jar:/Users/marcelo/.m2/repository/org/camunda/bpm/springboot/camunda-bpm-spring-boot-starter-security/7.23.0/camunda-bpm-spring-boot-starter-security-7.23.0.jar:/Users/marcelo/.m2/repository/org/springframework/boot/spring-boot-starter-oauth2-client/3.3.0/spring-boot-starter-oauth2-client-3.3.0.jar:/Users/marcelo/.m2/repository/org/springframework/security/spring-security-core/6.3.0/spring-security-core-6.3.0.jar:/Users/marcelo/.m2/repository/org/springframework/security/spring-security-crypto/6.3.0/spring-security-crypto-6.3.0.jar:/Users/marcelo/.m2/repository/org/springframework/security/spring-security-oauth2-client/6.3.0/spring-security-oauth2-client-6.3.0.jar:/Users/marcelo/.m2/repository/org/springframework/security/spring-security-oauth2-core/6.3.0/spring-security-oauth2-core-6.3.0.jar:/Users/marcelo/.m2/repository/com/nimbusds/oauth2-oidc-sdk/9.43.4/oauth2-oidc-sdk-9.43.4.jar:/Users/marcelo/.m2/repository/com/github/stephenc/jcip/jcip-annotations/1.0-1/jcip-annotations-1.0-1.jar:/Users/marcelo/.m2/repository/com/nimbusds/content-type/2.2/content-type-2.2.jar:/Users/marcelo/.m2/repository/com/nimbusds/lang-tag/1.7/lang-tag-1.7.jar:/Users/marcelo/.m2/repository/org/springframework/security/spring-security-oauth2-jose/6.3.0/spring-security-oauth2-jose-6.3.0.jar:/Users/marcelo/.m2/repository/com/nimbusds/nimbus-jose-jwt/9.37.3/nimbus-jose-jwt-9.37.3.jar:/Users/marcelo/.m2/repository/org/camunda/bpm/camunda-engine-plugin-spin/7.23.0/camunda-engine-plugin-spin-7.23.0.jar:/Users/marcelo/.m2/repository/org/camunda/spin/camunda-spin-core/7.23.0/camunda-spin-core-7.23.0.jar:/Users/marcelo/.m2/repository/org/camunda/spin/camunda-spin-dataformat-all/7.23.0/camunda-spin-dataformat-all-7.23.0.jar:/Users/marcelo/.m2/repository/org/camunda/commons/camunda-commons-logging/7.23.0/camunda-commons-logging-7.23.0.jar:/Users/marcelo/.m2/repository/org/camunda/commons/camunda-commons-utils/7.23.0/camunda-commons-utils-7.23.0.jar:/Users/marcelo/.m2/repository/com/h2database/h2/2.2.224/h2-2.2.224.jar:/Users/marcelo/.m2/repository/org/slf4j/slf4j-api/2.0.13/slf4j-api-2.0.13.jar:/Users/marcelo/.m2/repository/org/springframework/boot/spring-boot-starter-jdbc/3.3.0/spring-boot-starter-jdbc-3.3.0.jar:/Users/marcelo/.m2/repository/org/springframework/boot/spring-boot-starter/3.3.0/spring-boot-starter-3.3.0.jar:/Users/marcelo/.m2/repository/org/springframework/boot/spring-boot/3.3.0/spring-boot-3.3.0.jar:/Users/marcelo/.m2/repository/org/springframework/boot/spring-boot-starter-logging/3.3.0/spring-boot-starter-logging-3.3.0.jar:/Users/marcelo/.m2/repository/ch/qos/logback/logback-classic/1.5.6/logback-classic-1.5.6.jar:/Users/marcelo/.m2/repository/ch/qos/logback/logback-core/1.5.6/logback-core-1.5.6.jar:/Users/marcelo/.m2/repository/org/apache/logging/log4j/log4j-to-slf4j/2.23.1/log4j-to-slf4j-2.23.1.jar:/Users/marcelo/.m2/repository/org/apache/logging/log4j/log4j-api/2.23.1/log4j-api-2.23.1.jar:/Users/marcelo/.m2/repository/org/slf4j/jul-to-slf4j/2.0.13/jul-to-slf4j-2.0.13.jar:/Users/marcelo/.m2/repository/jakarta/annotation/jakarta.annotation-api/2.1.1/jakarta.annotation-api-2.1.1.jar:/Users/marcelo/.m2/repository/org/yaml/snakeyaml/2.2/snakeyaml-2.2.jar:/Users/marcelo/.m2/repository/com/zaxxer/HikariCP/5.1.0/HikariCP-5.1.0.jar:/Users/marcelo/.m2/repository/org/springframework/spring-jdbc/6.1.8/spring-jdbc-6.1.8.jar:/Users/marcelo/.m2/repository/org/springframework/spring-beans/6.1.8/spring-beans-6.1.8.jar:/Users/marcelo/.m2/repository/org/springdoc/springdoc-openapi-starter-webmvc-ui/2.5.0/springdoc-openapi-starter-webmvc-ui-2.5.0.jar:/Users/marcelo/.m2/repository/org/springdoc/springdoc-openapi-starter-webmvc-api/2.5.0/springdoc-openapi-starter-webmvc-api-2.5.0.jar:/Users/marcelo/.m2/repository/org/springdoc/springdoc-openapi-starter-common/2.5.0/springdoc-openapi-starter-common-2.5.0.jar:/Users/marcelo/.m2/repository/io/swagger/core/v3/swagger-core-jakarta/2.2.21/swagger-core-jakarta-2.2.21.jar:/Users/marcelo/.m2/repository/io/swagger/core/v3/swagger-annotations-jakarta/2.2.21/swagger-annotations-jakarta-2.2.21.jar:/Users/marcelo/.m2/repository/io/swagger/core/v3/swagger-models-jakarta/2.2.21/swagger-models-jakarta-2.2.21.jar:/Users/marcelo/.m2/repository/com/fasterxml/jackson/dataformat/jackson-dataformat-yaml/2.17.1/jackson-dataformat-yaml-2.17.1.jar:/Users/marcelo/.m2/repository/org/springframework/spring-webmvc/6.1.8/spring-webmvc-6.1.8.jar:/Users/marcelo/.m2/repository/org/webjars/swagger-ui/5.13.0/swagger-ui-5.13.0.jar:/Users/marcelo/.m2/repository/org/springframework/boot/spring-boot-starter-validation/3.3.0/spring-boot-starter-validation-3.3.0.jar:/Users/marcelo/.m2/repository/org/apache/tomcat/embed/tomcat-embed-el/10.1.24/tomcat-embed-el-10.1.24.jar:/Users/marcelo/.m2/repository/org/hibernate/validator/hibernate-validator/8.0.1.Final/hibernate-validator-8.0.1.Final.jar:/Users/marcelo/.m2/repository/jakarta/validation/jakarta.validation-api/3.0.2/jakarta.validation-api-3.0.2.jar:/Users/marcelo/.m2/repository/org/jboss/logging/jboss-logging/3.5.3.Final/jboss-logging-3.5.3.Final.jar:/Users/marcelo/.m2/repository/com/fasterxml/classmate/1.7.0/classmate-1.7.0.jar:/Users/marcelo/.m2/repository/org/springframework/boot/spring-boot-starter-security/3.3.0/spring-boot-starter-security-3.3.0.jar:/Users/marcelo/.m2/repository/org/springframework/spring-aop/6.1.8/spring-aop-6.1.8.jar:/Users/marcelo/.m2/repository/org/springframework/security/spring-security-config/6.3.0/spring-security-config-6.3.0.jar:/Users/marcelo/.m2/repository/org/springframework/security/spring-security-web/6.3.0/spring-security-web-6.3.0.jar:/Users/marcelo/.m2/repository/org/springframework/spring-expression/6.1.8/spring-expression-6.1.8.jar:/Users/marcelo/.m2/repository/org/springframework/boot/spring-boot-starter-actuator/3.3.0/spring-boot-starter-actuator-3.3.0.jar:/Users/marcelo/.m2/repository/org/springframework/boot/spring-boot-actuator-autoconfigure/3.3.0/spring-boot-actuator-autoconfigure-3.3.0.jar:/Users/marcelo/.m2/repository/org/springframework/boot/spring-boot-actuator/3.3.0/spring-boot-actuator-3.3.0.jar:/Users/marcelo/.m2/repository/io/micrometer/micrometer-observation/1.13.0/micrometer-observation-1.13.0.jar:/Users/marcelo/.m2/repository/io/micrometer/micrometer-commons/1.13.0/micrometer-commons-1.13.0.jar:/Users/marcelo/.m2/repository/io/micrometer/micrometer-jakarta9/1.13.0/micrometer-jakarta9-1.13.0.jar:/Users/marcelo/.m2/repository/io/micrometer/micrometer-core/1.13.0/micrometer-core-1.13.0.jar:/Users/marcelo/.m2/repository/org/hdrhistogram/HdrHistogram/2.2.1/HdrHistogram-2.2.1.jar:/Users/marcelo/.m2/repository/org/latencyutils/LatencyUtils/2.0.3/LatencyUtils-2.0.3.jar:/Users/marcelo/.m2/repository/org/springframework/boot/spring-boot-starter-test/3.3.0/spring-boot-starter-test-3.3.0.jar:/Users/marcelo/.m2/repository/org/springframework/boot/spring-boot-test/3.3.0/spring-boot-test-3.3.0.jar:/Users/marcelo/.m2/repository/org/springframework/boot/spring-boot-test-autoconfigure/3.3.0/spring-boot-test-autoconfigure-3.3.0.jar:/Users/marcelo/.m2/repository/com/jayway/jsonpath/json-path/2.9.0/json-path-2.9.0.jar:/Users/marcelo/.m2/repository/jakarta/xml/bind/jakarta.xml.bind-api/4.0.2/jakarta.xml.bind-api-4.0.2.jar:/Users/marcelo/.m2/repository/jakarta/activation/jakarta.activation-api/2.1.3/jakarta.activation-api-2.1.3.jar:/Users/marcelo/.m2/repository/net/minidev/json-smart/2.5.1/json-smart-2.5.1.jar:/Users/marcelo/.m2/repository/net/minidev/accessors-smart/2.5.1/accessors-smart-2.5.1.jar:/Users/marcelo/.m2/repository/org/ow2/asm/asm/9.6/asm-9.6.jar:/Users/marcelo/.m2/repository/org/assertj/assertj-core/3.25.3/assertj-core-3.25.3.jar:/Users/marcelo/.m2/repository/net/bytebuddy/byte-buddy/1.14.16/byte-buddy-1.14.16.jar:/Users/marcelo/.m2/repository/org/awaitility/awaitility/4.2.1/awaitility-4.2.1.jar:/Users/marcelo/.m2/repository/org/hamcrest/hamcrest/2.2/hamcrest-2.2.jar:/Users/marcelo/.m2/repository/org/junit/jupiter/junit-jupiter/5.10.2/junit-jupiter-5.10.2.jar:/Users/marcelo/.m2/repository/org/junit/jupiter/junit-jupiter-api/5.10.2/junit-jupiter-api-5.10.2.jar:/Users/marcelo/.m2/repository/org/opentest4j/opentest4j/1.3.0/opentest4j-1.3.0.jar:/Users/marcelo/.m2/repository/org/junit/platform/junit-platform-commons/1.10.2/junit-platform-commons-1.10.2.jar:/Users/marcelo/.m2/repository/org/apiguardian/apiguardian-api/1.1.2/apiguardian-api-1.1.2.jar:/Users/marcelo/.m2/repository/org/junit/jupiter/junit-jupiter-params/5.10.2/junit-jupiter-params-5.10.2.jar:/Users/marcelo/.m2/repository/org/junit/jupiter/junit-jupiter-engine/5.10.2/junit-jupiter-engine-5.10.2.jar:/Users/marcelo/.m2/repository/org/junit/platform/junit-platform-engine/1.10.2/junit-platform-engine-1.10.2.jar:/Users/marcelo/.m2/repository/org/mockito/mockito-core/5.11.0/mockito-core-5.11.0.jar:/Users/marcelo/.m2/repository/net/bytebuddy/byte-buddy-agent/1.14.16/byte-buddy-agent-1.14.16.jar:/Users/marcelo/.m2/repository/org/objenesis/objenesis/3.3/objenesis-3.3.jar:/Users/marcelo/.m2/repository/org/mockito/mockito-junit-jupiter/5.11.0/mockito-junit-jupiter-5.11.0.jar:/Users/marcelo/.m2/repository/org/skyscreamer/jsonassert/1.5.1/jsonassert-1.5.1.jar:/Users/marcelo/.m2/repository/com/vaadin/external/google/android-json/0.0.20131108.vaadin1/android-json-0.0.20131108.vaadin1.jar:/Users/marcelo/.m2/repository/org/springframework/spring-core/6.1.8/spring-core-6.1.8.jar:/Users/marcelo/.m2/repository/org/springframework/spring-jcl/6.1.8/spring-jcl-6.1.8.jar:/Users/marcelo/.m2/repository/org/springframework/spring-test/6.1.8/spring-test-6.1.8.jar:/Users/marcelo/.m2/repository/org/xmlunit/xmlunit-core/2.9.1/xmlunit-core-2.9.1.jar:/Users/marcelo/.m2/repository/org/camunda/bpm/camunda-bpm-junit5/7.23.0/camunda-bpm-junit5-7.23.0.jar:/Users/marcelo/.m2/repository/org/camunda/bpm/dmn/camunda-dmn-junit5/7.23.0/camunda-dmn-junit5-7.23.0.jar:/Users/marcelo/.m2/repository/org/camunda/bpm/assert/camunda-bpm-assert/15.0.0/camunda-bpm-assert-15.0.0.jar:/Users/marcelo/.m2/repository/org/camunda/community/mockito/camunda-platform-7-mockito/7.23.4/camunda-platform-7-mockito-7.23.4.jar:/Users/marcelo/.m2/repository/io/holunda/data/camunda-bpm-data/2025.07.1/camunda-bpm-data-2025.07.1.jar:/Users/marcelo/.m2/repository/org/jetbrains/kotlin/kotlin-stdlib-common/1.9.24/kotlin-stdlib-common-1.9.24.jar:/Users/marcelo/.m2/repository/org/jetbrains/kotlin/kotlin-reflect/1.9.24/kotlin-reflect-1.9.24.jar:/Users/marcelo/.m2/repository/org/jetbrains/kotlin/kotlin-stdlib/1.9.24/kotlin-stdlib-1.9.24.jar:/Users/marcelo/.m2/repository/org/jetbrains/annotations/26.0.2/annotations-26.0.2.jar:/Users/marcelo/.m2/repository/com/google/code/findbugs/jsr305/3.0.2/jsr305-3.0.2.jar:/Users/marcelo/.m2/repository/org/apache/commons/commons-lang3/3.14.0/commons-lang3-3.14.0.jar:"/>
    <property name="sun.cpu.endian" value="little"/>
    <property name="user.home" value="/Users/marcelo"/>
    <property name="user.language" value="en"/>
    <property name="java.specification.vendor" value="Oracle Corporation"/>
    <property name="java.version.date" value="2025-07-15"/>
    <property name="java.home" value="/usr/local/Cellar/openjdk/24.0.2/libexec/openjdk.jdk/Contents/Home"/>
    <property name="file.separator" value="/"/>
    <property name="basedir" value="/Users/marcelo/eclipse-workspace/AIC7Demo"/>
    <property name="java.vm.compressedOopsMode" value="Zero based"/>
    <property name="line.separator" value="&#10;"/>
    <property name="java.vm.specification.vendor" value="Oracle Corporation"/>
    <property name="java.specification.name" value="Java Platform API Specification"/>
    <property name="FILE_LOG_CHARSET" value="UTF-8"/>
    <property name="java.awt.headless" value="true"/>
    <property name="apple.awt.application.name" value="ForkedBooter"/>
    <property name="surefire.real.class.path" value="/Users/marcelo/eclipse-workspace/AIC7Demo/target/surefire/surefirebooter-20250904021102313_3.jar"/>
    <property name="sun.management.compiler" value="HotSpot 64-Bit Tiered Compilers"/>
    <property name="ftp.nonProxyHosts" value="local|*.local|169.254/16|*.169.254/16"/>
    <property name="java.runtime.version" value="24.0.2"/>
    <property name="user.name" value="marcelo"/>
    <property name="stdout.encoding" value="UTF-8"/>
    <property name="path.separator" value=":"/>
    <property name="os.version" value="15.6.1"/>
    <property name="java.runtime.name" value="OpenJDK Runtime Environment"/>
    <property name="file.encoding" value="UTF-8"/>
    <property name="java.vm.name" value="OpenJDK 64-Bit Server VM"/>
    <property name="java.vendor.version" value="Homebrew"/>
    <property name="localRepository" value="/Users/marcelo/.m2/repository"/>
    <property name="java.vendor.url.bug" value="https://github.com/Homebrew/homebrew-core/issues"/>
    <property name="java.io.tmpdir" value="/var/folders/04/qyd8wrd97qsd5w1rpqy1sw5c0000gn/T/"/>
    <property name="com.zaxxer.hikari.pool_number" value="1"/>
    <property name="java.version" value="24.0.2"/>
    <property name="user.dir" value="/Users/marcelo/eclipse-workspace/AIC7Demo"/>
    <property name="os.arch" value="x86_64"/>
    <property name="java.vm.specification.name" value="Java Virtual Machine Specification"/>
    <property name="PID" value="12780"/>
    <property name="CONSOLE_LOG_CHARSET" value="UTF-8"/>
    <property name="native.encoding" value="UTF-8"/>
    <property name="java.library.path" value="/Users/marcelo/Library/Java/Extensions:/Library/Java/Extensions:/Network/Library/Java/Extensions:/System/Library/Java/Extensions:/usr/lib/java:."/>
    <property name="java.vm.info" value="mixed mode, sharing"/>
    <property name="stderr.encoding" value="UTF-8"/>
    <property name="java.vendor" value="Homebrew"/>
    <property name="java.vm.version" value="24.0.2"/>
    <property name="sun.io.unicode.encoding" value="UnicodeBig"/>
    <property name="socksNonProxyHosts" value="local|*.local|169.254/16|*.169.254/16"/>
    <property name="java.class.version" value="68.0"/>
  </properties>
  <testcase name="testDelete_ExistingId_ShouldReturnTrue" classname="com.mls.workflow.core.service.CadastroServiceTest" time="0.782">
    <system-out><![CDATA[02:11:04.273 [main] INFO org.springframework.test.context.support.AnnotationConfigContextLoaderUtils -- Could not detect default configuration classes for test class [com.mls.workflow.core.service.CadastroServiceTest]: CadastroServiceTest does not declare any static, non-private, non-final, nested classes annotated with @Configuration.
02:11:04.420 [main] INFO org.springframework.boot.test.context.SpringBootTestContextBootstrapper -- Found @SpringBootConfiguration com.mls.workflow.Application for test class com.mls.workflow.core.service.CadastroServiceTest

 ____                                 _         ____  _       _    __                      
/ ___| __ _ _ __ ___  _   _ _ __   __| | __ _  |  _ \| | __ _| |_ / _| ___  _ __ _ __ ___  
| |   / _` | '_ ` _ \| | | | '_ \ / _` |/ _` | | |_) | |/ _` | __| |_ / _ \| '__| '_ ` _ \ 
| |__| (_| | | | | | | |_| | | | | (_| | (_| | |  __/| | (_| | |_|  _| (_) | |  | | | | | |
\____/\__,_|_| |_| |_|\__,_|_| |_|\__,_|\__,_| |_|   |_|\__,_|\__|_|  \___/|_|  |_| |_| |_|

  Spring-Boot:  (v3.3.0)
  Camunda Platform: (v7.23.0)
  Camunda Platform Spring Boot Starter: (v7.23.0)

2025-09-04T02:11:04.971-03:00  INFO 12780 --- [           main] c.m.w.core.service.CadastroServiceTest   : Starting CadastroServiceTest using Java 24.0.2 with PID 12780 (started by marcelo in /Users/marcelo/eclipse-workspace/AIC7Demo)
2025-09-04T02:11:04.974-03:00 DEBUG 12780 --- [           main] c.m.w.core.service.CadastroServiceTest   : Running with Spring Boot v3.3.0, Spring v6.1.8
2025-09-04T02:11:04.975-03:00  INFO 12780 --- [           main] c.m.w.core.service.CadastroServiceTest   : The following 1 profile is active: "test"
2025-09-04T02:11:07.418-03:00 DEBUG 12780 --- [           main] o.s.jdbc.datasource.DataSourceUtils      : Fetching JDBC Connection from DataSource
2025-09-04T02:11:07.419-03:00  INFO 12780 --- [           main] com.zaxxer.hikari.HikariDataSource       : HikariPool-1 - Starting...
2025-09-04T02:11:07.647-03:00  INFO 12780 --- [           main] com.zaxxer.hikari.pool.HikariPool        : HikariPool-1 - Added connection conn0: url=jdbc:h2:mem:testdb user=SA
2025-09-04T02:11:07.649-03:00  INFO 12780 --- [           main] com.zaxxer.hikari.HikariDataSource       : HikariPool-1 - Start completed.
2025-09-04T02:11:07.652-03:00 DEBUG 12780 --- [           main] o.s.jdbc.datasource.init.ScriptUtils     : Executing SQL script from file [/Users/marcelo/eclipse-workspace/AIC7Demo/target/classes/schema.sql]
2025-09-04T02:11:07.674-03:00 DEBUG 12780 --- [           main] o.s.jdbc.datasource.init.ScriptUtils     : 0 returned as update count for SQL: CREATE TABLE IF NOT EXISTS AIC_CADASTRO ( ID BIGINT AUTO_INCREMENT PRIMARY KEY, NOME VARCHAR(255) NOT NULL, EMAIL VARCHAR(255) NOT NULL, IDADE INT )
2025-09-04T02:11:07.676-03:00 DEBUG 12780 --- [           main] o.s.jdbc.datasource.init.ScriptUtils     : Executed SQL script from file [/Users/marcelo/eclipse-workspace/AIC7Demo/target/classes/schema.sql] in 21 ms.
2025-09-04T02:11:07.676-03:00 DEBUG 12780 --- [           main] o.s.jdbc.datasource.init.ScriptUtils     : Executing SQL script from file [/Users/marcelo/eclipse-workspace/AIC7Demo/target/test-classes/schema.sql]
2025-09-04T02:11:07.678-03:00 DEBUG 12780 --- [           main] o.s.jdbc.datasource.init.ScriptUtils     : 0 returned as update count for SQL: CREATE TABLE IF NOT EXISTS AIC_CADASTRO ( ID BIGINT AUTO_INCREMENT PRIMARY KEY, NOME VARCHAR(255) NOT NULL, EMAIL VARCHAR(255) NOT NULL, IDADE INT )
2025-09-04T02:11:07.678-03:00 DEBUG 12780 --- [           main] o.s.jdbc.datasource.init.ScriptUtils     : Executed SQL script from file [/Users/marcelo/eclipse-workspace/AIC7Demo/target/test-classes/schema.sql] in 1 ms.
2025-09-04T02:11:07.688-03:00 DEBUG 12780 --- [           main] o.s.jdbc.datasource.DataSourceUtils      : Fetching JDBC Connection from DataSource
2025-09-04T02:11:07.689-03:00 DEBUG 12780 --- [           main] o.s.jdbc.datasource.init.ScriptUtils     : Executing SQL script from file [/Users/marcelo/eclipse-workspace/AIC7Demo/target/test-classes/data.sql]
2025-09-04T02:11:07.693-03:00 DEBUG 12780 --- [           main] o.s.jdbc.datasource.init.ScriptUtils     : 3 returned as update count for SQL: INSERT INTO AIC_CADASTRO (NOME, EMAIL, IDADE) VALUES ('João Silva', 'joao@example.com', 30), ('Maria Santos', 'maria@example.com', 25), ('Pedro Oliveira', 'pedro@example.com', 35)
2025-09-04T02:11:07.693-03:00 DEBUG 12780 --- [           main] o.s.jdbc.datasource.init.ScriptUtils     : Executed SQL script from file [/Users/marcelo/eclipse-workspace/AIC7Demo/target/test-classes/data.sql] in 4 ms.
2025-09-04T02:11:07.972-03:00  INFO 12780 --- [           main] org.camunda.bpm.spring.boot              : STARTER-SB040 Setting up jobExecutor with corePoolSize=3, maxPoolSize:10
2025-09-04T02:11:08.079-03:00  INFO 12780 --- [           main] org.camunda.bpm.engine.cfg               : ENGINE-12003 Plugin 'CompositeProcessEnginePlugin[genericPropertiesConfiguration, camundaProcessEngineConfiguration, camundaDatasourceConfiguration, camundaJobConfiguration, camundaHistoryConfiguration, camundaMetricsConfiguration, camundaAuthorizationConfiguration, camundaDeploymentConfiguration, createAdminUserConfiguration, failedJobConfiguration, eventPublisherPlugin, ApplicationContextClassloaderSwitchPlugin, SpringBootSpinProcessEnginePlugin]' activated on process engine 'default'
2025-09-04T02:11:09.126-03:00  INFO 12780 --- [           main] org.camunda.bpm.spring.boot              : STARTER-SB021 Auto-Deploying resources: [file [/Users/marcelo/eclipse-workspace/AIC7Demo/target/classes/bpmn/process.bpmn]]
2025-09-04T02:11:09.128-03:00  INFO 12780 --- [           main] o.c.b.s.b.s.event.EventPublisherPlugin   : EVENTING-001: Initialized Camunda Spring Boot Eventing Engine Plugin.
2025-09-04T02:11:09.128-03:00  INFO 12780 --- [           main] o.c.b.s.b.s.event.EventPublisherPlugin   : EVENTING-003: Task events will be published as Spring Events.
2025-09-04T02:11:09.128-03:00  INFO 12780 --- [           main] o.c.b.s.b.s.event.EventPublisherPlugin   : EVENTING-005: Execution events will be published as Spring Events.
2025-09-04T02:11:09.129-03:00  INFO 12780 --- [           main] o.c.b.s.b.s.event.EventPublisherPlugin   : EVENTING-009: Listeners will not be invoked if a skipCustomListeners API parameter is set to true by user.
2025-09-04T02:11:09.133-03:00  INFO 12780 --- [           main] o.c.b.s.b.s.event.EventPublisherPlugin   : EVENTING-007: History events will be published as Spring events.
2025-09-04T02:11:09.138-03:00  INFO 12780 --- [           main] org.camunda.spin                         : SPIN-01010 Discovered Spin data format provider: org.camunda.spin.impl.json.jackson.format.JacksonJsonDataFormatProvider[name = application/json]
2025-09-04T02:11:09.299-03:00  INFO 12780 --- [           main] org.camunda.spin                         : SPIN-01010 Discovered Spin data format provider: org.camunda.spin.impl.xml.dom.format.DomXmlDataFormatProvider[name = application/xml]
2025-09-04T02:11:09.379-03:00  INFO 12780 --- [           main] org.camunda.spin                         : SPIN-01009 Discovered Spin data format: org.camunda.spin.impl.xml.dom.format.DomXmlDataFormat[name = application/xml]
2025-09-04T02:11:09.380-03:00  INFO 12780 --- [           main] org.camunda.spin                         : SPIN-01009 Discovered Spin data format: org.camunda.spin.impl.json.jackson.format.JacksonJsonDataFormat[name = application/json]
2025-09-04T02:11:09.509-03:00  INFO 12780 --- [           main] org.camunda.bpm.dmn.feel.scala           : FEEL/SCALA-01001 Spin value mapper detected
2025-09-04T02:11:09.624-03:00 DEBUG 12780 --- [           main] o.s.jdbc.datasource.DataSourceUtils      : Fetching JDBC Connection from DataSource
2025-09-04T02:11:09.625-03:00 DEBUG 12780 --- [           main] o.s.jdbc.datasource.DataSourceUtils      : Fetching JDBC Connection from DataSource
2025-09-04T02:11:11.936-03:00 DEBUG 12780 --- [           main] o.s.jdbc.support.JdbcTransactionManager  : Creating new transaction with name [null]: PROPAGATION_REQUIRED,ISOLATION_DEFAULT
2025-09-04T02:11:11.938-03:00 DEBUG 12780 --- [           main] o.s.jdbc.support.JdbcTransactionManager  : Acquired Connection [HikariProxyConnection@524336000 wrapping conn0: url=jdbc:h2:mem:testdb user=SA] for JDBC transaction
2025-09-04T02:11:11.940-03:00 DEBUG 12780 --- [           main] o.s.jdbc.support.JdbcTransactionManager  : Switching JDBC Connection [HikariProxyConnection@524336000 wrapping conn0: url=jdbc:h2:mem:testdb user=SA] to manual commit
2025-09-04T02:11:12.072-03:00  INFO 12780 --- [           main] org.camunda.bpm.engine.persistence       : ENGINE-03016 Performing database operation 'create' on component 'engine' with resource 'org/camunda/bpm/engine/db/create/activiti.h2.create.engine.sql'
2025-09-04T02:11:12.136-03:00  INFO 12780 --- [           main] org.camunda.bpm.engine.persistence       : ENGINE-03016 Performing database operation 'create' on component 'history' with resource 'org/camunda/bpm/engine/db/create/activiti.h2.create.history.sql'
2025-09-04T02:11:12.149-03:00  INFO 12780 --- [           main] org.camunda.bpm.engine.persistence       : ENGINE-03016 Performing database operation 'create' on component 'identity' with resource 'org/camunda/bpm/engine/db/create/activiti.h2.create.identity.sql'
2025-09-04T02:11:12.169-03:00  INFO 12780 --- [           main] org.camunda.bpm.engine.persistence       : ENGINE-03016 Performing database operation 'create' on component 'case.engine' with resource 'org/camunda/bpm/engine/db/create/activiti.h2.create.case.engine.sql'
2025-09-04T02:11:12.175-03:00  INFO 12780 --- [           main] org.camunda.bpm.engine.persistence       : ENGINE-03016 Performing database operation 'create' on component 'case.history' with resource 'org/camunda/bpm/engine/db/create/activiti.h2.create.case.history.sql'
2025-09-04T02:11:12.179-03:00  INFO 12780 --- [           main] org.camunda.bpm.engine.persistence       : ENGINE-03016 Performing database operation 'create' on component 'decision.engine' with resource 'org/camunda/bpm/engine/db/create/activiti.h2.create.decision.engine.sql'
2025-09-04T02:11:12.189-03:00  INFO 12780 --- [           main] org.camunda.bpm.engine.persistence       : ENGINE-03016 Performing database operation 'create' on component 'decision.history' with resource 'org/camunda/bpm/engine/db/create/activiti.h2.create.decision.history.sql'
2025-09-04T02:11:12.191-03:00 DEBUG 12780 --- [           main] o.s.jdbc.support.JdbcTransactionManager  : Initiating transaction commit
2025-09-04T02:11:12.191-03:00 DEBUG 12780 --- [           main] o.s.jdbc.support.JdbcTransactionManager  : Committing JDBC transaction on Connection [HikariProxyConnection@524336000 wrapping conn0: url=jdbc:h2:mem:testdb user=SA]
2025-09-04T02:11:12.192-03:00 DEBUG 12780 --- [           main] o.s.jdbc.support.JdbcTransactionManager  : Releasing JDBC Connection [HikariProxyConnection@524336000 wrapping conn0: url=jdbc:h2:mem:testdb user=SA] after transaction
2025-09-04T02:11:12.193-03:00 DEBUG 12780 --- [           main] o.s.jdbc.support.JdbcTransactionManager  : Creating new transaction with name [null]: PROPAGATION_REQUIRED,ISOLATION_DEFAULT
2025-09-04T02:11:12.193-03:00 DEBUG 12780 --- [           main] o.s.jdbc.support.JdbcTransactionManager  : Acquired Connection [HikariProxyConnection@65186044 wrapping conn0: url=jdbc:h2:mem:testdb user=SA] for JDBC transaction
2025-09-04T02:11:12.193-03:00 DEBUG 12780 --- [           main] o.s.jdbc.support.JdbcTransactionManager  : Switching JDBC Connection [HikariProxyConnection@65186044 wrapping conn0: url=jdbc:h2:mem:testdb user=SA] to manual commit
2025-09-04T02:11:12.227-03:00  INFO 12780 --- [           main] org.camunda.bpm.engine.persistence       : ENGINE-03067 No history level property found in database
2025-09-04T02:11:12.230-03:00  INFO 12780 --- [           main] org.camunda.bpm.engine.persistence       : ENGINE-03065 Creating historyLevel property in database for level: HistoryLevelFull(name=full, id=3)
2025-09-04T02:11:12.239-03:00 DEBUG 12780 --- [           main] o.s.jdbc.support.JdbcTransactionManager  : Initiating transaction commit
2025-09-04T02:11:12.240-03:00 DEBUG 12780 --- [           main] o.s.jdbc.support.JdbcTransactionManager  : Committing JDBC transaction on Connection [HikariProxyConnection@65186044 wrapping conn0: url=jdbc:h2:mem:testdb user=SA]
2025-09-04T02:11:12.240-03:00 DEBUG 12780 --- [           main] o.s.jdbc.support.JdbcTransactionManager  : Releasing JDBC Connection [HikariProxyConnection@65186044 wrapping conn0: url=jdbc:h2:mem:testdb user=SA] after transaction
2025-09-04T02:11:12.240-03:00 DEBUG 12780 --- [           main] o.s.jdbc.support.JdbcTransactionManager  : Creating new transaction with name [null]: PROPAGATION_REQUIRED,ISOLATION_DEFAULT
2025-09-04T02:11:12.240-03:00 DEBUG 12780 --- [           main] o.s.jdbc.support.JdbcTransactionManager  : Acquired Connection [HikariProxyConnection@1033155741 wrapping conn0: url=jdbc:h2:mem:testdb user=SA] for JDBC transaction
2025-09-04T02:11:12.240-03:00 DEBUG 12780 --- [           main] o.s.jdbc.support.JdbcTransactionManager  : Switching JDBC Connection [HikariProxyConnection@1033155741 wrapping conn0: url=jdbc:h2:mem:testdb user=SA] to manual commit
2025-09-04T02:11:12.243-03:00 DEBUG 12780 --- [           main] o.s.jdbc.support.JdbcTransactionManager  : Participating in existing transaction
2025-09-04T02:11:12.248-03:00 DEBUG 12780 --- [           main] o.s.jdbc.support.JdbcTransactionManager  : Participating in existing transaction
2025-09-04T02:11:12.252-03:00 DEBUG 12780 --- [           main] o.s.jdbc.support.JdbcTransactionManager  : Participating in existing transaction
2025-09-04T02:11:12.254-03:00 DEBUG 12780 --- [           main] o.s.jdbc.support.JdbcTransactionManager  : Initiating transaction commit
2025-09-04T02:11:12.255-03:00 DEBUG 12780 --- [           main] o.s.jdbc.support.JdbcTransactionManager  : Committing JDBC transaction on Connection [HikariProxyConnection@1033155741 wrapping conn0: url=jdbc:h2:mem:testdb user=SA]
2025-09-04T02:11:12.255-03:00 DEBUG 12780 --- [           main] o.s.jdbc.support.JdbcTransactionManager  : Releasing JDBC Connection [HikariProxyConnection@1033155741 wrapping conn0: url=jdbc:h2:mem:testdb user=SA] after transaction
2025-09-04T02:11:12.255-03:00  INFO 12780 --- [           main] org.camunda.bpm.engine                   : ENGINE-00001 Process Engine default created.
2025-09-04T02:11:12.257-03:00 DEBUG 12780 --- [           main] o.s.jdbc.support.JdbcTransactionManager  : Creating new transaction with name [null]: PROPAGATION_REQUIRED,ISOLATION_DEFAULT
2025-09-04T02:11:12.258-03:00 DEBUG 12780 --- [           main] o.s.jdbc.support.JdbcTransactionManager  : Acquired Connection [HikariProxyConnection@295560847 wrapping conn0: url=jdbc:h2:mem:testdb user=SA] for JDBC transaction
2025-09-04T02:11:12.258-03:00 DEBUG 12780 --- [           main] o.s.jdbc.support.JdbcTransactionManager  : Switching JDBC Connection [HikariProxyConnection@295560847 wrapping conn0: url=jdbc:h2:mem:testdb user=SA] to manual commit
2025-09-04T02:11:12.260-03:00 DEBUG 12780 --- [           main] o.s.jdbc.support.JdbcTransactionManager  : Initiating transaction commit
2025-09-04T02:11:12.260-03:00 DEBUG 12780 --- [           main] o.s.jdbc.support.JdbcTransactionManager  : Committing JDBC transaction on Connection [HikariProxyConnection@295560847 wrapping conn0: url=jdbc:h2:mem:testdb user=SA]
2025-09-04T02:11:12.260-03:00 DEBUG 12780 --- [           main] o.s.jdbc.support.JdbcTransactionManager  : Releasing JDBC Connection [HikariProxyConnection@295560847 wrapping conn0: url=jdbc:h2:mem:testdb user=SA] after transaction
2025-09-04T02:11:12.260-03:00 DEBUG 12780 --- [           main] o.s.jdbc.support.JdbcTransactionManager  : Creating new transaction with name [null]: PROPAGATION_REQUIRED,ISOLATION_DEFAULT
2025-09-04T02:11:12.260-03:00 DEBUG 12780 --- [           main] o.s.jdbc.support.JdbcTransactionManager  : Acquired Connection [HikariProxyConnection@7788116 wrapping conn0: url=jdbc:h2:mem:testdb user=SA] for JDBC transaction
2025-09-04T02:11:12.261-03:00 DEBUG 12780 --- [           main] o.s.jdbc.support.JdbcTransactionManager  : Switching JDBC Connection [HikariProxyConnection@7788116 wrapping conn0: url=jdbc:h2:mem:testdb user=SA] to manual commit
2025-09-04T02:11:12.301-03:00 DEBUG 12780 --- [           main] o.s.jdbc.support.JdbcTransactionManager  : Initiating transaction commit
2025-09-04T02:11:12.302-03:00 DEBUG 12780 --- [           main] o.s.jdbc.support.JdbcTransactionManager  : Committing JDBC transaction on Connection [HikariProxyConnection@7788116 wrapping conn0: url=jdbc:h2:mem:testdb user=SA]
2025-09-04T02:11:12.302-03:00 DEBUG 12780 --- [           main] o.s.jdbc.support.JdbcTransactionManager  : Releasing JDBC Connection [HikariProxyConnection@7788116 wrapping conn0: url=jdbc:h2:mem:testdb user=SA] after transaction
2025-09-04T02:11:12.302-03:00 DEBUG 12780 --- [           main] o.s.jdbc.support.JdbcTransactionManager  : Creating new transaction with name [null]: PROPAGATION_REQUIRED,ISOLATION_DEFAULT
2025-09-04T02:11:12.303-03:00 DEBUG 12780 --- [           main] o.s.jdbc.support.JdbcTransactionManager  : Acquired Connection [HikariProxyConnection@1640580768 wrapping conn0: url=jdbc:h2:mem:testdb user=SA] for JDBC transaction
2025-09-04T02:11:12.303-03:00 DEBUG 12780 --- [           main] o.s.jdbc.support.JdbcTransactionManager  : Switching JDBC Connection [HikariProxyConnection@1640580768 wrapping conn0: url=jdbc:h2:mem:testdb user=SA] to manual commit
2025-09-04T02:11:12.303-03:00 DEBUG 12780 --- [           main] o.s.jdbc.support.JdbcTransactionManager  : Initiating transaction commit
2025-09-04T02:11:12.303-03:00 DEBUG 12780 --- [           main] o.s.jdbc.support.JdbcTransactionManager  : Committing JDBC transaction on Connection [HikariProxyConnection@1640580768 wrapping conn0: url=jdbc:h2:mem:testdb user=SA]
2025-09-04T02:11:12.303-03:00 DEBUG 12780 --- [           main] o.s.jdbc.support.JdbcTransactionManager  : Releasing JDBC Connection [HikariProxyConnection@1640580768 wrapping conn0: url=jdbc:h2:mem:testdb user=SA] after transaction
2025-09-04T02:11:12.305-03:00 DEBUG 12780 --- [           main] o.s.jdbc.support.JdbcTransactionManager  : Creating new transaction with name [null]: PROPAGATION_REQUIRED,ISOLATION_DEFAULT
2025-09-04T02:11:12.306-03:00 DEBUG 12780 --- [           main] o.s.jdbc.support.JdbcTransactionManager  : Acquired Connection [HikariProxyConnection@1400445497 wrapping conn0: url=jdbc:h2:mem:testdb user=SA] for JDBC transaction
2025-09-04T02:11:12.306-03:00 DEBUG 12780 --- [           main] o.s.jdbc.support.JdbcTransactionManager  : Switching JDBC Connection [HikariProxyConnection@1400445497 wrapping conn0: url=jdbc:h2:mem:testdb user=SA] to manual commit
2025-09-04T02:11:12.312-03:00 DEBUG 12780 --- [           main] o.s.jdbc.support.JdbcTransactionManager  : Initiating transaction commit
2025-09-04T02:11:12.312-03:00 DEBUG 12780 --- [           main] o.s.jdbc.support.JdbcTransactionManager  : Committing JDBC transaction on Connection [HikariProxyConnection@1400445497 wrapping conn0: url=jdbc:h2:mem:testdb user=SA]
2025-09-04T02:11:12.312-03:00 DEBUG 12780 --- [           main] o.s.jdbc.support.JdbcTransactionManager  : Releasing JDBC Connection [HikariProxyConnection@1400445497 wrapping conn0: url=jdbc:h2:mem:testdb user=SA] after transaction
2025-09-04T02:11:12.313-03:00 DEBUG 12780 --- [           main] o.s.jdbc.support.JdbcTransactionManager  : Creating new transaction with name [null]: PROPAGATION_REQUIRED,ISOLATION_DEFAULT
2025-09-04T02:11:12.313-03:00 DEBUG 12780 --- [           main] o.s.jdbc.support.JdbcTransactionManager  : Acquired Connection [HikariProxyConnection@1170370809 wrapping conn0: url=jdbc:h2:mem:testdb user=SA] for JDBC transaction
2025-09-04T02:11:12.313-03:00 DEBUG 12780 --- [           main] o.s.jdbc.support.JdbcTransactionManager  : Switching JDBC Connection [HikariProxyConnection@1170370809 wrapping conn0: url=jdbc:h2:mem:testdb user=SA] to manual commit
2025-09-04T02:11:12.313-03:00 DEBUG 12780 --- [           main] o.s.jdbc.support.JdbcTransactionManager  : Initiating transaction commit
2025-09-04T02:11:12.313-03:00 DEBUG 12780 --- [           main] o.s.jdbc.support.JdbcTransactionManager  : Committing JDBC transaction on Connection [HikariProxyConnection@1170370809 wrapping conn0: url=jdbc:h2:mem:testdb user=SA]
2025-09-04T02:11:12.313-03:00 DEBUG 12780 --- [           main] o.s.jdbc.support.JdbcTransactionManager  : Releasing JDBC Connection [HikariProxyConnection@1170370809 wrapping conn0: url=jdbc:h2:mem:testdb user=SA] after transaction
2025-09-04T02:11:12.313-03:00 DEBUG 12780 --- [           main] o.s.jdbc.support.JdbcTransactionManager  : Creating new transaction with name [null]: PROPAGATION_REQUIRED,ISOLATION_DEFAULT
2025-09-04T02:11:12.314-03:00 DEBUG 12780 --- [           main] o.s.jdbc.support.JdbcTransactionManager  : Acquired Connection [HikariProxyConnection@1304342085 wrapping conn0: url=jdbc:h2:mem:testdb user=SA] for JDBC transaction
2025-09-04T02:11:12.314-03:00 DEBUG 12780 --- [           main] o.s.jdbc.support.JdbcTransactionManager  : Switching JDBC Connection [HikariProxyConnection@1304342085 wrapping conn0: url=jdbc:h2:mem:testdb user=SA] to manual commit
2025-09-04T02:11:12.324-03:00 DEBUG 12780 --- [           main] o.s.jdbc.support.JdbcTransactionManager  : Initiating transaction commit
2025-09-04T02:11:12.324-03:00 DEBUG 12780 --- [           main] o.s.jdbc.support.JdbcTransactionManager  : Committing JDBC transaction on Connection [HikariProxyConnection@1304342085 wrapping conn0: url=jdbc:h2:mem:testdb user=SA]
2025-09-04T02:11:12.325-03:00 DEBUG 12780 --- [           main] o.s.jdbc.support.JdbcTransactionManager  : Releasing JDBC Connection [HikariProxyConnection@1304342085 wrapping conn0: url=jdbc:h2:mem:testdb user=SA] after transaction
2025-09-04T02:11:12.325-03:00 DEBUG 12780 --- [           main] o.s.jdbc.support.JdbcTransactionManager  : Creating new transaction with name [null]: PROPAGATION_REQUIRED,ISOLATION_DEFAULT
2025-09-04T02:11:12.326-03:00 DEBUG 12780 --- [           main] o.s.jdbc.support.JdbcTransactionManager  : Acquired Connection [HikariProxyConnection@1526448027 wrapping conn0: url=jdbc:h2:mem:testdb user=SA] for JDBC transaction
2025-09-04T02:11:12.326-03:00 DEBUG 12780 --- [           main] o.s.jdbc.support.JdbcTransactionManager  : Switching JDBC Connection [HikariProxyConnection@1526448027 wrapping conn0: url=jdbc:h2:mem:testdb user=SA] to manual commit
2025-09-04T02:11:12.326-03:00 DEBUG 12780 --- [           main] o.s.jdbc.support.JdbcTransactionManager  : Initiating transaction commit
2025-09-04T02:11:12.326-03:00 DEBUG 12780 --- [           main] o.s.jdbc.support.JdbcTransactionManager  : Committing JDBC transaction on Connection [HikariProxyConnection@1526448027 wrapping conn0: url=jdbc:h2:mem:testdb user=SA]
2025-09-04T02:11:12.327-03:00 DEBUG 12780 --- [           main] o.s.jdbc.support.JdbcTransactionManager  : Releasing JDBC Connection [HikariProxyConnection@1526448027 wrapping conn0: url=jdbc:h2:mem:testdb user=SA] after transaction
2025-09-04T02:11:12.327-03:00 DEBUG 12780 --- [           main] o.s.jdbc.support.JdbcTransactionManager  : Creating new transaction with name [null]: PROPAGATION_REQUIRED,ISOLATION_DEFAULT
2025-09-04T02:11:12.327-03:00 DEBUG 12780 --- [           main] o.s.jdbc.support.JdbcTransactionManager  : Acquired Connection [HikariProxyConnection@442410191 wrapping conn0: url=jdbc:h2:mem:testdb user=SA] for JDBC transaction
2025-09-04T02:11:12.327-03:00 DEBUG 12780 --- [           main] o.s.jdbc.support.JdbcTransactionManager  : Switching JDBC Connection [HikariProxyConnection@442410191 wrapping conn0: url=jdbc:h2:mem:testdb user=SA] to manual commit
2025-09-04T02:11:12.334-03:00 DEBUG 12780 --- [           main] o.s.jdbc.support.JdbcTransactionManager  : Initiating transaction commit
2025-09-04T02:11:12.334-03:00 DEBUG 12780 --- [           main] o.s.jdbc.support.JdbcTransactionManager  : Committing JDBC transaction on Connection [HikariProxyConnection@442410191 wrapping conn0: url=jdbc:h2:mem:testdb user=SA]
2025-09-04T02:11:12.334-03:00 DEBUG 12780 --- [           main] o.s.jdbc.support.JdbcTransactionManager  : Releasing JDBC Connection [HikariProxyConnection@442410191 wrapping conn0: url=jdbc:h2:mem:testdb user=SA] after transaction
2025-09-04T02:11:12.334-03:00 DEBUG 12780 --- [           main] o.s.jdbc.support.JdbcTransactionManager  : Creating new transaction with name [null]: PROPAGATION_REQUIRED,ISOLATION_DEFAULT
2025-09-04T02:11:12.334-03:00 DEBUG 12780 --- [           main] o.s.jdbc.support.JdbcTransactionManager  : Acquired Connection [HikariProxyConnection@1090718753 wrapping conn0: url=jdbc:h2:mem:testdb user=SA] for JDBC transaction
2025-09-04T02:11:12.335-03:00 DEBUG 12780 --- [           main] o.s.jdbc.support.JdbcTransactionManager  : Switching JDBC Connection [HikariProxyConnection@1090718753 wrapping conn0: url=jdbc:h2:mem:testdb user=SA] to manual commit
2025-09-04T02:11:12.342-03:00 DEBUG 12780 --- [           main] o.s.jdbc.support.JdbcTransactionManager  : Initiating transaction commit
2025-09-04T02:11:12.342-03:00 DEBUG 12780 --- [           main] o.s.jdbc.support.JdbcTransactionManager  : Committing JDBC transaction on Connection [HikariProxyConnection@1090718753 wrapping conn0: url=jdbc:h2:mem:testdb user=SA]
2025-09-04T02:11:12.343-03:00 DEBUG 12780 --- [           main] o.s.jdbc.support.JdbcTransactionManager  : Releasing JDBC Connection [HikariProxyConnection@1090718753 wrapping conn0: url=jdbc:h2:mem:testdb user=SA] after transaction
2025-09-04T02:11:12.343-03:00 DEBUG 12780 --- [           main] o.s.jdbc.support.JdbcTransactionManager  : Creating new transaction with name [null]: PROPAGATION_REQUIRED,ISOLATION_DEFAULT
2025-09-04T02:11:12.343-03:00 DEBUG 12780 --- [           main] o.s.jdbc.support.JdbcTransactionManager  : Acquired Connection [HikariProxyConnection@1561896839 wrapping conn0: url=jdbc:h2:mem:testdb user=SA] for JDBC transaction
2025-09-04T02:11:12.344-03:00 DEBUG 12780 --- [           main] o.s.jdbc.support.JdbcTransactionManager  : Switching JDBC Connection [HikariProxyConnection@1561896839 wrapping conn0: url=jdbc:h2:mem:testdb user=SA] to manual commit
2025-09-04T02:11:12.352-03:00 DEBUG 12780 --- [           main] o.s.jdbc.support.JdbcTransactionManager  : Initiating transaction commit
2025-09-04T02:11:12.352-03:00 DEBUG 12780 --- [           main] o.s.jdbc.support.JdbcTransactionManager  : Committing JDBC transaction on Connection [HikariProxyConnection@1561896839 wrapping conn0: url=jdbc:h2:mem:testdb user=SA]
2025-09-04T02:11:12.353-03:00 DEBUG 12780 --- [           main] o.s.jdbc.support.JdbcTransactionManager  : Releasing JDBC Connection [HikariProxyConnection@1561896839 wrapping conn0: url=jdbc:h2:mem:testdb user=SA] after transaction
2025-09-04T02:11:12.353-03:00 DEBUG 12780 --- [           main] o.s.jdbc.support.JdbcTransactionManager  : Creating new transaction with name [null]: PROPAGATION_REQUIRED,ISOLATION_DEFAULT
2025-09-04T02:11:12.353-03:00 DEBUG 12780 --- [           main] o.s.jdbc.support.JdbcTransactionManager  : Acquired Connection [HikariProxyConnection@750518820 wrapping conn0: url=jdbc:h2:mem:testdb user=SA] for JDBC transaction
2025-09-04T02:11:12.353-03:00 DEBUG 12780 --- [           main] o.s.jdbc.support.JdbcTransactionManager  : Switching JDBC Connection [HikariProxyConnection@750518820 wrapping conn0: url=jdbc:h2:mem:testdb user=SA] to manual commit
2025-09-04T02:11:12.354-03:00 DEBUG 12780 --- [           main] o.s.jdbc.support.JdbcTransactionManager  : Initiating transaction commit
2025-09-04T02:11:12.355-03:00 DEBUG 12780 --- [           main] o.s.jdbc.support.JdbcTransactionManager  : Committing JDBC transaction on Connection [HikariProxyConnection@750518820 wrapping conn0: url=jdbc:h2:mem:testdb user=SA]
2025-09-04T02:11:12.355-03:00 DEBUG 12780 --- [           main] o.s.jdbc.support.JdbcTransactionManager  : Releasing JDBC Connection [HikariProxyConnection@750518820 wrapping conn0: url=jdbc:h2:mem:testdb user=SA] after transaction
2025-09-04T02:11:12.355-03:00 DEBUG 12780 --- [           main] o.s.jdbc.support.JdbcTransactionManager  : Creating new transaction with name [null]: PROPAGATION_REQUIRED,ISOLATION_DEFAULT
2025-09-04T02:11:12.355-03:00 DEBUG 12780 --- [           main] o.s.jdbc.support.JdbcTransactionManager  : Acquired Connection [HikariProxyConnection@748921347 wrapping conn0: url=jdbc:h2:mem:testdb user=SA] for JDBC transaction
2025-09-04T02:11:12.355-03:00 DEBUG 12780 --- [           main] o.s.jdbc.support.JdbcTransactionManager  : Switching JDBC Connection [HikariProxyConnection@748921347 wrapping conn0: url=jdbc:h2:mem:testdb user=SA] to manual commit
2025-09-04T02:11:12.356-03:00 DEBUG 12780 --- [           main] o.s.jdbc.support.JdbcTransactionManager  : Initiating transaction commit
2025-09-04T02:11:12.356-03:00 DEBUG 12780 --- [           main] o.s.jdbc.support.JdbcTransactionManager  : Committing JDBC transaction on Connection [HikariProxyConnection@748921347 wrapping conn0: url=jdbc:h2:mem:testdb user=SA]
2025-09-04T02:11:12.356-03:00 DEBUG 12780 --- [           main] o.s.jdbc.support.JdbcTransactionManager  : Releasing JDBC Connection [HikariProxyConnection@748921347 wrapping conn0: url=jdbc:h2:mem:testdb user=SA] after transaction
2025-09-04T02:11:12.356-03:00 DEBUG 12780 --- [           main] o.s.jdbc.support.JdbcTransactionManager  : Creating new transaction with name [null]: PROPAGATION_REQUIRED,ISOLATION_DEFAULT
2025-09-04T02:11:12.356-03:00 DEBUG 12780 --- [           main] o.s.jdbc.support.JdbcTransactionManager  : Acquired Connection [HikariProxyConnection@342139255 wrapping conn0: url=jdbc:h2:mem:testdb user=SA] for JDBC transaction
2025-09-04T02:11:12.356-03:00 DEBUG 12780 --- [           main] o.s.jdbc.support.JdbcTransactionManager  : Switching JDBC Connection [HikariProxyConnection@342139255 wrapping conn0: url=jdbc:h2:mem:testdb user=SA] to manual commit
2025-09-04T02:11:12.357-03:00 DEBUG 12780 --- [           main] o.s.jdbc.support.JdbcTransactionManager  : Initiating transaction commit
2025-09-04T02:11:12.357-03:00 DEBUG 12780 --- [           main] o.s.jdbc.support.JdbcTransactionManager  : Committing JDBC transaction on Connection [HikariProxyConnection@342139255 wrapping conn0: url=jdbc:h2:mem:testdb user=SA]
2025-09-04T02:11:12.358-03:00 DEBUG 12780 --- [           main] o.s.jdbc.support.JdbcTransactionManager  : Releasing JDBC Connection [HikariProxyConnection@342139255 wrapping conn0: url=jdbc:h2:mem:testdb user=SA] after transaction
2025-09-04T02:11:12.358-03:00 DEBUG 12780 --- [           main] o.s.jdbc.support.JdbcTransactionManager  : Creating new transaction with name [null]: PROPAGATION_REQUIRED,ISOLATION_DEFAULT
2025-09-04T02:11:12.358-03:00 DEBUG 12780 --- [           main] o.s.jdbc.support.JdbcTransactionManager  : Acquired Connection [HikariProxyConnection@630605810 wrapping conn0: url=jdbc:h2:mem:testdb user=SA] for JDBC transaction
2025-09-04T02:11:12.358-03:00 DEBUG 12780 --- [           main] o.s.jdbc.support.JdbcTransactionManager  : Switching JDBC Connection [HikariProxyConnection@630605810 wrapping conn0: url=jdbc:h2:mem:testdb user=SA] to manual commit
2025-09-04T02:11:12.358-03:00 DEBUG 12780 --- [           main] o.s.jdbc.support.JdbcTransactionManager  : Initiating transaction commit
2025-09-04T02:11:12.359-03:00 DEBUG 12780 --- [           main] o.s.jdbc.support.JdbcTransactionManager  : Committing JDBC transaction on Connection [HikariProxyConnection@630605810 wrapping conn0: url=jdbc:h2:mem:testdb user=SA]
2025-09-04T02:11:12.359-03:00 DEBUG 12780 --- [           main] o.s.jdbc.support.JdbcTransactionManager  : Releasing JDBC Connection [HikariProxyConnection@630605810 wrapping conn0: url=jdbc:h2:mem:testdb user=SA] after transaction
2025-09-04T02:11:12.359-03:00 DEBUG 12780 --- [           main] o.s.jdbc.support.JdbcTransactionManager  : Creating new transaction with name [null]: PROPAGATION_REQUIRED,ISOLATION_DEFAULT
2025-09-04T02:11:12.359-03:00 DEBUG 12780 --- [           main] o.s.jdbc.support.JdbcTransactionManager  : Acquired Connection [HikariProxyConnection@1696054379 wrapping conn0: url=jdbc:h2:mem:testdb user=SA] for JDBC transaction
2025-09-04T02:11:12.359-03:00 DEBUG 12780 --- [           main] o.s.jdbc.support.JdbcTransactionManager  : Switching JDBC Connection [HikariProxyConnection@1696054379 wrapping conn0: url=jdbc:h2:mem:testdb user=SA] to manual commit
2025-09-04T02:11:12.360-03:00 DEBUG 12780 --- [           main] o.s.jdbc.support.JdbcTransactionManager  : Initiating transaction commit
2025-09-04T02:11:12.360-03:00 DEBUG 12780 --- [           main] o.s.jdbc.support.JdbcTransactionManager  : Committing JDBC transaction on Connection [HikariProxyConnection@1696054379 wrapping conn0: url=jdbc:h2:mem:testdb user=SA]
2025-09-04T02:11:12.361-03:00 DEBUG 12780 --- [           main] o.s.jdbc.support.JdbcTransactionManager  : Releasing JDBC Connection [HikariProxyConnection@1696054379 wrapping conn0: url=jdbc:h2:mem:testdb user=SA] after transaction
2025-09-04T02:11:12.361-03:00 DEBUG 12780 --- [           main] o.s.jdbc.support.JdbcTransactionManager  : Creating new transaction with name [null]: PROPAGATION_REQUIRED,ISOLATION_DEFAULT
2025-09-04T02:11:12.361-03:00 DEBUG 12780 --- [           main] o.s.jdbc.support.JdbcTransactionManager  : Acquired Connection [HikariProxyConnection@1156424283 wrapping conn0: url=jdbc:h2:mem:testdb user=SA] for JDBC transaction
2025-09-04T02:11:12.361-03:00 DEBUG 12780 --- [           main] o.s.jdbc.support.JdbcTransactionManager  : Switching JDBC Connection [HikariProxyConnection@1156424283 wrapping conn0: url=jdbc:h2:mem:testdb user=SA] to manual commit
2025-09-04T02:11:12.362-03:00 DEBUG 12780 --- [           main] o.s.jdbc.support.JdbcTransactionManager  : Initiating transaction commit
2025-09-04T02:11:12.362-03:00 DEBUG 12780 --- [           main] o.s.jdbc.support.JdbcTransactionManager  : Committing JDBC transaction on Connection [HikariProxyConnection@1156424283 wrapping conn0: url=jdbc:h2:mem:testdb user=SA]
2025-09-04T02:11:12.362-03:00 DEBUG 12780 --- [           main] o.s.jdbc.support.JdbcTransactionManager  : Releasing JDBC Connection [HikariProxyConnection@1156424283 wrapping conn0: url=jdbc:h2:mem:testdb user=SA] after transaction
2025-09-04T02:11:12.362-03:00 DEBUG 12780 --- [           main] o.s.jdbc.support.JdbcTransactionManager  : Creating new transaction with name [null]: PROPAGATION_REQUIRED,ISOLATION_DEFAULT
2025-09-04T02:11:12.362-03:00 DEBUG 12780 --- [           main] o.s.jdbc.support.JdbcTransactionManager  : Acquired Connection [HikariProxyConnection@110517298 wrapping conn0: url=jdbc:h2:mem:testdb user=SA] for JDBC transaction
2025-09-04T02:11:12.362-03:00 DEBUG 12780 --- [           main] o.s.jdbc.support.JdbcTransactionManager  : Switching JDBC Connection [HikariProxyConnection@110517298 wrapping conn0: url=jdbc:h2:mem:testdb user=SA] to manual commit
2025-09-04T02:11:12.363-03:00 DEBUG 12780 --- [           main] o.s.jdbc.support.JdbcTransactionManager  : Initiating transaction commit
2025-09-04T02:11:12.363-03:00 DEBUG 12780 --- [           main] o.s.jdbc.support.JdbcTransactionManager  : Committing JDBC transaction on Connection [HikariProxyConnection@110517298 wrapping conn0: url=jdbc:h2:mem:testdb user=SA]
2025-09-04T02:11:12.364-03:00 DEBUG 12780 --- [           main] o.s.jdbc.support.JdbcTransactionManager  : Releasing JDBC Connection [HikariProxyConnection@110517298 wrapping conn0: url=jdbc:h2:mem:testdb user=SA] after transaction
2025-09-04T02:11:12.364-03:00 DEBUG 12780 --- [           main] o.s.jdbc.support.JdbcTransactionManager  : Creating new transaction with name [null]: PROPAGATION_REQUIRED,ISOLATION_DEFAULT
2025-09-04T02:11:12.364-03:00 DEBUG 12780 --- [           main] o.s.jdbc.support.JdbcTransactionManager  : Acquired Connection [HikariProxyConnection@1651397972 wrapping conn0: url=jdbc:h2:mem:testdb user=SA] for JDBC transaction
2025-09-04T02:11:12.364-03:00 DEBUG 12780 --- [           main] o.s.jdbc.support.JdbcTransactionManager  : Switching JDBC Connection [HikariProxyConnection@1651397972 wrapping conn0: url=jdbc:h2:mem:testdb user=SA] to manual commit
2025-09-04T02:11:12.365-03:00 DEBUG 12780 --- [           main] o.s.jdbc.support.JdbcTransactionManager  : Initiating transaction commit
2025-09-04T02:11:12.365-03:00 DEBUG 12780 --- [           main] o.s.jdbc.support.JdbcTransactionManager  : Committing JDBC transaction on Connection [HikariProxyConnection@1651397972 wrapping conn0: url=jdbc:h2:mem:testdb user=SA]
2025-09-04T02:11:12.365-03:00 DEBUG 12780 --- [           main] o.s.jdbc.support.JdbcTransactionManager  : Releasing JDBC Connection [HikariProxyConnection@1651397972 wrapping conn0: url=jdbc:h2:mem:testdb user=SA] after transaction
2025-09-04T02:11:12.365-03:00 DEBUG 12780 --- [           main] o.s.jdbc.support.JdbcTransactionManager  : Creating new transaction with name [null]: PROPAGATION_REQUIRED,ISOLATION_DEFAULT
2025-09-04T02:11:12.365-03:00 DEBUG 12780 --- [           main] o.s.jdbc.support.JdbcTransactionManager  : Acquired Connection [HikariProxyConnection@1520495046 wrapping conn0: url=jdbc:h2:mem:testdb user=SA] for JDBC transaction
2025-09-04T02:11:12.366-03:00 DEBUG 12780 --- [           main] o.s.jdbc.support.JdbcTransactionManager  : Switching JDBC Connection [HikariProxyConnection@1520495046 wrapping conn0: url=jdbc:h2:mem:testdb user=SA] to manual commit
2025-09-04T02:11:12.367-03:00 DEBUG 12780 --- [           main] o.s.jdbc.support.JdbcTransactionManager  : Initiating transaction commit
2025-09-04T02:11:12.367-03:00 DEBUG 12780 --- [           main] o.s.jdbc.support.JdbcTransactionManager  : Committing JDBC transaction on Connection [HikariProxyConnection@1520495046 wrapping conn0: url=jdbc:h2:mem:testdb user=SA]
2025-09-04T02:11:12.367-03:00 DEBUG 12780 --- [           main] o.s.jdbc.support.JdbcTransactionManager  : Releasing JDBC Connection [HikariProxyConnection@1520495046 wrapping conn0: url=jdbc:h2:mem:testdb user=SA] after transaction
2025-09-04T02:11:12.367-03:00 DEBUG 12780 --- [           main] o.s.jdbc.support.JdbcTransactionManager  : Creating new transaction with name [null]: PROPAGATION_REQUIRED,ISOLATION_DEFAULT
2025-09-04T02:11:12.368-03:00 DEBUG 12780 --- [           main] o.s.jdbc.support.JdbcTransactionManager  : Acquired Connection [HikariProxyConnection@1200189587 wrapping conn0: url=jdbc:h2:mem:testdb user=SA] for JDBC transaction
2025-09-04T02:11:12.368-03:00 DEBUG 12780 --- [           main] o.s.jdbc.support.JdbcTransactionManager  : Switching JDBC Connection [HikariProxyConnection@1200189587 wrapping conn0: url=jdbc:h2:mem:testdb user=SA] to manual commit
2025-09-04T02:11:12.369-03:00 DEBUG 12780 --- [           main] o.s.jdbc.support.JdbcTransactionManager  : Initiating transaction commit
2025-09-04T02:11:12.369-03:00 DEBUG 12780 --- [           main] o.s.jdbc.support.JdbcTransactionManager  : Committing JDBC transaction on Connection [HikariProxyConnection@1200189587 wrapping conn0: url=jdbc:h2:mem:testdb user=SA]
2025-09-04T02:11:12.369-03:00 DEBUG 12780 --- [           main] o.s.jdbc.support.JdbcTransactionManager  : Releasing JDBC Connection [HikariProxyConnection@1200189587 wrapping conn0: url=jdbc:h2:mem:testdb user=SA] after transaction
2025-09-04T02:11:12.370-03:00 DEBUG 12780 --- [           main] o.s.jdbc.support.JdbcTransactionManager  : Creating new transaction with name [null]: PROPAGATION_REQUIRED,ISOLATION_DEFAULT
2025-09-04T02:11:12.370-03:00 DEBUG 12780 --- [           main] o.s.jdbc.support.JdbcTransactionManager  : Acquired Connection [HikariProxyConnection@1859299978 wrapping conn0: url=jdbc:h2:mem:testdb user=SA] for JDBC transaction
2025-09-04T02:11:12.370-03:00 DEBUG 12780 --- [           main] o.s.jdbc.support.JdbcTransactionManager  : Switching JDBC Connection [HikariProxyConnection@1859299978 wrapping conn0: url=jdbc:h2:mem:testdb user=SA] to manual commit
2025-09-04T02:11:12.371-03:00 DEBUG 12780 --- [           main] o.s.jdbc.support.JdbcTransactionManager  : Initiating transaction commit
2025-09-04T02:11:12.371-03:00 DEBUG 12780 --- [           main] o.s.jdbc.support.JdbcTransactionManager  : Committing JDBC transaction on Connection [HikariProxyConnection@1859299978 wrapping conn0: url=jdbc:h2:mem:testdb user=SA]
2025-09-04T02:11:12.371-03:00 DEBUG 12780 --- [           main] o.s.jdbc.support.JdbcTransactionManager  : Releasing JDBC Connection [HikariProxyConnection@1859299978 wrapping conn0: url=jdbc:h2:mem:testdb user=SA] after transaction
2025-09-04T02:11:12.371-03:00 DEBUG 12780 --- [           main] o.s.jdbc.support.JdbcTransactionManager  : Creating new transaction with name [null]: PROPAGATION_REQUIRED,ISOLATION_DEFAULT
2025-09-04T02:11:12.371-03:00 DEBUG 12780 --- [           main] o.s.jdbc.support.JdbcTransactionManager  : Acquired Connection [HikariProxyConnection@1601034396 wrapping conn0: url=jdbc:h2:mem:testdb user=SA] for JDBC transaction
2025-09-04T02:11:12.372-03:00 DEBUG 12780 --- [           main] o.s.jdbc.support.JdbcTransactionManager  : Switching JDBC Connection [HikariProxyConnection@1601034396 wrapping conn0: url=jdbc:h2:mem:testdb user=SA] to manual commit
2025-09-04T02:11:12.373-03:00 DEBUG 12780 --- [           main] o.s.jdbc.support.JdbcTransactionManager  : Initiating transaction commit
2025-09-04T02:11:12.373-03:00 DEBUG 12780 --- [           main] o.s.jdbc.support.JdbcTransactionManager  : Committing JDBC transaction on Connection [HikariProxyConnection@1601034396 wrapping conn0: url=jdbc:h2:mem:testdb user=SA]
2025-09-04T02:11:12.373-03:00 DEBUG 12780 --- [           main] o.s.jdbc.support.JdbcTransactionManager  : Releasing JDBC Connection [HikariProxyConnection@1601034396 wrapping conn0: url=jdbc:h2:mem:testdb user=SA] after transaction
2025-09-04T02:11:12.373-03:00 DEBUG 12780 --- [           main] o.s.jdbc.support.JdbcTransactionManager  : Creating new transaction with name [null]: PROPAGATION_REQUIRED,ISOLATION_DEFAULT
2025-09-04T02:11:12.373-03:00 DEBUG 12780 --- [           main] o.s.jdbc.support.JdbcTransactionManager  : Acquired Connection [HikariProxyConnection@462507574 wrapping conn0: url=jdbc:h2:mem:testdb user=SA] for JDBC transaction
2025-09-04T02:11:12.374-03:00 DEBUG 12780 --- [           main] o.s.jdbc.support.JdbcTransactionManager  : Switching JDBC Connection [HikariProxyConnection@462507574 wrapping conn0: url=jdbc:h2:mem:testdb user=SA] to manual commit
2025-09-04T02:11:12.375-03:00 DEBUG 12780 --- [           main] o.s.jdbc.support.JdbcTransactionManager  : Initiating transaction commit
2025-09-04T02:11:12.375-03:00 DEBUG 12780 --- [           main] o.s.jdbc.support.JdbcTransactionManager  : Committing JDBC transaction on Connection [HikariProxyConnection@462507574 wrapping conn0: url=jdbc:h2:mem:testdb user=SA]
2025-09-04T02:11:12.375-03:00 DEBUG 12780 --- [           main] o.s.jdbc.support.JdbcTransactionManager  : Releasing JDBC Connection [HikariProxyConnection@462507574 wrapping conn0: url=jdbc:h2:mem:testdb user=SA] after transaction
2025-09-04T02:11:12.375-03:00 DEBUG 12780 --- [           main] o.s.jdbc.support.JdbcTransactionManager  : Creating new transaction with name [null]: PROPAGATION_REQUIRED,ISOLATION_DEFAULT
2025-09-04T02:11:12.375-03:00 DEBUG 12780 --- [           main] o.s.jdbc.support.JdbcTransactionManager  : Acquired Connection [HikariProxyConnection@418082467 wrapping conn0: url=jdbc:h2:mem:testdb user=SA] for JDBC transaction
2025-09-04T02:11:12.375-03:00 DEBUG 12780 --- [           main] o.s.jdbc.support.JdbcTransactionManager  : Switching JDBC Connection [HikariProxyConnection@418082467 wrapping conn0: url=jdbc:h2:mem:testdb user=SA] to manual commit
2025-09-04T02:11:12.376-03:00 DEBUG 12780 --- [           main] o.s.jdbc.support.JdbcTransactionManager  : Initiating transaction commit
2025-09-04T02:11:12.376-03:00 DEBUG 12780 --- [           main] o.s.jdbc.support.JdbcTransactionManager  : Committing JDBC transaction on Connection [HikariProxyConnection@418082467 wrapping conn0: url=jdbc:h2:mem:testdb user=SA]
2025-09-04T02:11:12.376-03:00 DEBUG 12780 --- [           main] o.s.jdbc.support.JdbcTransactionManager  : Releasing JDBC Connection [HikariProxyConnection@418082467 wrapping conn0: url=jdbc:h2:mem:testdb user=SA] after transaction
2025-09-04T02:11:12.376-03:00 DEBUG 12780 --- [           main] o.s.jdbc.support.JdbcTransactionManager  : Creating new transaction with name [null]: PROPAGATION_REQUIRED,ISOLATION_DEFAULT
2025-09-04T02:11:12.377-03:00 DEBUG 12780 --- [           main] o.s.jdbc.support.JdbcTransactionManager  : Acquired Connection [HikariProxyConnection@142936165 wrapping conn0: url=jdbc:h2:mem:testdb user=SA] for JDBC transaction
2025-09-04T02:11:12.377-03:00 DEBUG 12780 --- [           main] o.s.jdbc.support.JdbcTransactionManager  : Switching JDBC Connection [HikariProxyConnection@142936165 wrapping conn0: url=jdbc:h2:mem:testdb user=SA] to manual commit
2025-09-04T02:11:12.378-03:00 DEBUG 12780 --- [           main] o.s.jdbc.support.JdbcTransactionManager  : Initiating transaction commit
2025-09-04T02:11:12.379-03:00 DEBUG 12780 --- [           main] o.s.jdbc.support.JdbcTransactionManager  : Committing JDBC transaction on Connection [HikariProxyConnection@142936165 wrapping conn0: url=jdbc:h2:mem:testdb user=SA]
2025-09-04T02:11:12.379-03:00 DEBUG 12780 --- [           main] o.s.jdbc.support.JdbcTransactionManager  : Releasing JDBC Connection [HikariProxyConnection@142936165 wrapping conn0: url=jdbc:h2:mem:testdb user=SA] after transaction
2025-09-04T02:11:12.379-03:00 DEBUG 12780 --- [           main] o.s.jdbc.support.JdbcTransactionManager  : Creating new transaction with name [null]: PROPAGATION_REQUIRED,ISOLATION_DEFAULT
2025-09-04T02:11:12.379-03:00 DEBUG 12780 --- [           main] o.s.jdbc.support.JdbcTransactionManager  : Acquired Connection [HikariProxyConnection@2110547577 wrapping conn0: url=jdbc:h2:mem:testdb user=SA] for JDBC transaction
2025-09-04T02:11:12.379-03:00 DEBUG 12780 --- [           main] o.s.jdbc.support.JdbcTransactionManager  : Switching JDBC Connection [HikariProxyConnection@2110547577 wrapping conn0: url=jdbc:h2:mem:testdb user=SA] to manual commit
2025-09-04T02:11:12.381-03:00 DEBUG 12780 --- [           main] o.s.jdbc.support.JdbcTransactionManager  : Initiating transaction commit
2025-09-04T02:11:12.381-03:00 DEBUG 12780 --- [           main] o.s.jdbc.support.JdbcTransactionManager  : Committing JDBC transaction on Connection [HikariProxyConnection@2110547577 wrapping conn0: url=jdbc:h2:mem:testdb user=SA]
2025-09-04T02:11:12.381-03:00 DEBUG 12780 --- [           main] o.s.jdbc.support.JdbcTransactionManager  : Releasing JDBC Connection [HikariProxyConnection@2110547577 wrapping conn0: url=jdbc:h2:mem:testdb user=SA] after transaction
2025-09-04T02:11:12.382-03:00 DEBUG 12780 --- [           main] o.s.jdbc.support.JdbcTransactionManager  : Creating new transaction with name [null]: PROPAGATION_REQUIRED,ISOLATION_DEFAULT
2025-09-04T02:11:12.382-03:00 DEBUG 12780 --- [           main] o.s.jdbc.support.JdbcTransactionManager  : Acquired Connection [HikariProxyConnection@1691075214 wrapping conn0: url=jdbc:h2:mem:testdb user=SA] for JDBC transaction
2025-09-04T02:11:12.382-03:00 DEBUG 12780 --- [           main] o.s.jdbc.support.JdbcTransactionManager  : Switching JDBC Connection [HikariProxyConnection@1691075214 wrapping conn0: url=jdbc:h2:mem:testdb user=SA] to manual commit
2025-09-04T02:11:12.384-03:00 DEBUG 12780 --- [           main] o.s.jdbc.support.JdbcTransactionManager  : Initiating transaction commit
2025-09-04T02:11:12.384-03:00 DEBUG 12780 --- [           main] o.s.jdbc.support.JdbcTransactionManager  : Committing JDBC transaction on Connection [HikariProxyConnection@1691075214 wrapping conn0: url=jdbc:h2:mem:testdb user=SA]
2025-09-04T02:11:12.384-03:00 DEBUG 12780 --- [           main] o.s.jdbc.support.JdbcTransactionManager  : Releasing JDBC Connection [HikariProxyConnection@1691075214 wrapping conn0: url=jdbc:h2:mem:testdb user=SA] after transaction
2025-09-04T02:11:12.384-03:00 DEBUG 12780 --- [           main] o.s.jdbc.support.JdbcTransactionManager  : Creating new transaction with name [null]: PROPAGATION_REQUIRED,ISOLATION_DEFAULT
2025-09-04T02:11:12.385-03:00 DEBUG 12780 --- [           main] o.s.jdbc.support.JdbcTransactionManager  : Acquired Connection [HikariProxyConnection@1212327555 wrapping conn0: url=jdbc:h2:mem:testdb user=SA] for JDBC transaction
2025-09-04T02:11:12.385-03:00 DEBUG 12780 --- [           main] o.s.jdbc.support.JdbcTransactionManager  : Switching JDBC Connection [HikariProxyConnection@1212327555 wrapping conn0: url=jdbc:h2:mem:testdb user=SA] to manual commit
2025-09-04T02:11:12.388-03:00 DEBUG 12780 --- [           main] o.s.jdbc.support.JdbcTransactionManager  : Initiating transaction commit
2025-09-04T02:11:12.388-03:00 DEBUG 12780 --- [           main] o.s.jdbc.support.JdbcTransactionManager  : Committing JDBC transaction on Connection [HikariProxyConnection@1212327555 wrapping conn0: url=jdbc:h2:mem:testdb user=SA]
2025-09-04T02:11:12.388-03:00 DEBUG 12780 --- [           main] o.s.jdbc.support.JdbcTransactionManager  : Releasing JDBC Connection [HikariProxyConnection@1212327555 wrapping conn0: url=jdbc:h2:mem:testdb user=SA] after transaction
2025-09-04T02:11:12.388-03:00 DEBUG 12780 --- [           main] o.s.jdbc.support.JdbcTransactionManager  : Creating new transaction with name [null]: PROPAGATION_REQUIRED,ISOLATION_DEFAULT
2025-09-04T02:11:12.388-03:00 DEBUG 12780 --- [           main] o.s.jdbc.support.JdbcTransactionManager  : Acquired Connection [HikariProxyConnection@1598381457 wrapping conn0: url=jdbc:h2:mem:testdb user=SA] for JDBC transaction
2025-09-04T02:11:12.388-03:00 DEBUG 12780 --- [           main] o.s.jdbc.support.JdbcTransactionManager  : Switching JDBC Connection [HikariProxyConnection@1598381457 wrapping conn0: url=jdbc:h2:mem:testdb user=SA] to manual commit
2025-09-04T02:11:12.390-03:00 DEBUG 12780 --- [           main] o.s.jdbc.support.JdbcTransactionManager  : Initiating transaction commit
2025-09-04T02:11:12.390-03:00 DEBUG 12780 --- [           main] o.s.jdbc.support.JdbcTransactionManager  : Committing JDBC transaction on Connection [HikariProxyConnection@1598381457 wrapping conn0: url=jdbc:h2:mem:testdb user=SA]
2025-09-04T02:11:12.390-03:00 DEBUG 12780 --- [           main] o.s.jdbc.support.JdbcTransactionManager  : Releasing JDBC Connection [HikariProxyConnection@1598381457 wrapping conn0: url=jdbc:h2:mem:testdb user=SA] after transaction
2025-09-04T02:11:12.390-03:00 DEBUG 12780 --- [           main] o.s.jdbc.support.JdbcTransactionManager  : Creating new transaction with name [null]: PROPAGATION_REQUIRED,ISOLATION_DEFAULT
2025-09-04T02:11:12.390-03:00 DEBUG 12780 --- [           main] o.s.jdbc.support.JdbcTransactionManager  : Acquired Connection [HikariProxyConnection@1265118833 wrapping conn0: url=jdbc:h2:mem:testdb user=SA] for JDBC transaction
2025-09-04T02:11:12.390-03:00 DEBUG 12780 --- [           main] o.s.jdbc.support.JdbcTransactionManager  : Switching JDBC Connection [HikariProxyConnection@1265118833 wrapping conn0: url=jdbc:h2:mem:testdb user=SA] to manual commit
2025-09-04T02:11:12.391-03:00 DEBUG 12780 --- [           main] o.s.jdbc.support.JdbcTransactionManager  : Initiating transaction commit
2025-09-04T02:11:12.391-03:00 DEBUG 12780 --- [           main] o.s.jdbc.support.JdbcTransactionManager  : Committing JDBC transaction on Connection [HikariProxyConnection@1265118833 wrapping conn0: url=jdbc:h2:mem:testdb user=SA]
2025-09-04T02:11:12.392-03:00 DEBUG 12780 --- [           main] o.s.jdbc.support.JdbcTransactionManager  : Releasing JDBC Connection [HikariProxyConnection@1265118833 wrapping conn0: url=jdbc:h2:mem:testdb user=SA] after transaction
2025-09-04T02:11:12.392-03:00 DEBUG 12780 --- [           main] o.s.jdbc.support.JdbcTransactionManager  : Creating new transaction with name [null]: PROPAGATION_REQUIRED,ISOLATION_DEFAULT
2025-09-04T02:11:12.392-03:00 DEBUG 12780 --- [           main] o.s.jdbc.support.JdbcTransactionManager  : Acquired Connection [HikariProxyConnection@1519446620 wrapping conn0: url=jdbc:h2:mem:testdb user=SA] for JDBC transaction
2025-09-04T02:11:12.392-03:00 DEBUG 12780 --- [           main] o.s.jdbc.support.JdbcTransactionManager  : Switching JDBC Connection [HikariProxyConnection@1519446620 wrapping conn0: url=jdbc:h2:mem:testdb user=SA] to manual commit
2025-09-04T02:11:12.394-03:00 DEBUG 12780 --- [           main] o.s.jdbc.support.JdbcTransactionManager  : Initiating transaction commit
2025-09-04T02:11:12.394-03:00 DEBUG 12780 --- [           main] o.s.jdbc.support.JdbcTransactionManager  : Committing JDBC transaction on Connection [HikariProxyConnection@1519446620 wrapping conn0: url=jdbc:h2:mem:testdb user=SA]
2025-09-04T02:11:12.394-03:00 DEBUG 12780 --- [           main] o.s.jdbc.support.JdbcTransactionManager  : Releasing JDBC Connection [HikariProxyConnection@1519446620 wrapping conn0: url=jdbc:h2:mem:testdb user=SA] after transaction
2025-09-04T02:11:12.394-03:00 DEBUG 12780 --- [           main] o.s.jdbc.support.JdbcTransactionManager  : Creating new transaction with name [null]: PROPAGATION_REQUIRED,ISOLATION_DEFAULT
2025-09-04T02:11:12.394-03:00 DEBUG 12780 --- [           main] o.s.jdbc.support.JdbcTransactionManager  : Acquired Connection [HikariProxyConnection@1508898150 wrapping conn0: url=jdbc:h2:mem:testdb user=SA] for JDBC transaction
2025-09-04T02:11:12.394-03:00 DEBUG 12780 --- [           main] o.s.jdbc.support.JdbcTransactionManager  : Switching JDBC Connection [HikariProxyConnection@1508898150 wrapping conn0: url=jdbc:h2:mem:testdb user=SA] to manual commit
2025-09-04T02:11:12.395-03:00 DEBUG 12780 --- [           main] o.s.jdbc.support.JdbcTransactionManager  : Initiating transaction commit
2025-09-04T02:11:12.395-03:00 DEBUG 12780 --- [           main] o.s.jdbc.support.JdbcTransactionManager  : Committing JDBC transaction on Connection [HikariProxyConnection@1508898150 wrapping conn0: url=jdbc:h2:mem:testdb user=SA]
2025-09-04T02:11:12.395-03:00 DEBUG 12780 --- [           main] o.s.jdbc.support.JdbcTransactionManager  : Releasing JDBC Connection [HikariProxyConnection@1508898150 wrapping conn0: url=jdbc:h2:mem:testdb user=SA] after transaction
2025-09-04T02:11:12.395-03:00 DEBUG 12780 --- [           main] o.s.jdbc.support.JdbcTransactionManager  : Creating new transaction with name [null]: PROPAGATION_REQUIRED,ISOLATION_DEFAULT
2025-09-04T02:11:12.395-03:00 DEBUG 12780 --- [           main] o.s.jdbc.support.JdbcTransactionManager  : Acquired Connection [HikariProxyConnection@1340636345 wrapping conn0: url=jdbc:h2:mem:testdb user=SA] for JDBC transaction
2025-09-04T02:11:12.395-03:00 DEBUG 12780 --- [           main] o.s.jdbc.support.JdbcTransactionManager  : Switching JDBC Connection [HikariProxyConnection@1340636345 wrapping conn0: url=jdbc:h2:mem:testdb user=SA] to manual commit
2025-09-04T02:11:12.396-03:00 DEBUG 12780 --- [           main] o.s.jdbc.support.JdbcTransactionManager  : Initiating transaction commit
2025-09-04T02:11:12.396-03:00 DEBUG 12780 --- [           main] o.s.jdbc.support.JdbcTransactionManager  : Committing JDBC transaction on Connection [HikariProxyConnection@1340636345 wrapping conn0: url=jdbc:h2:mem:testdb user=SA]
2025-09-04T02:11:12.396-03:00 DEBUG 12780 --- [           main] o.s.jdbc.support.JdbcTransactionManager  : Releasing JDBC Connection [HikariProxyConnection@1340636345 wrapping conn0: url=jdbc:h2:mem:testdb user=SA] after transaction
2025-09-04T02:11:12.396-03:00 DEBUG 12780 --- [           main] o.s.jdbc.support.JdbcTransactionManager  : Creating new transaction with name [null]: PROPAGATION_REQUIRED,ISOLATION_DEFAULT
2025-09-04T02:11:12.396-03:00 DEBUG 12780 --- [           main] o.s.jdbc.support.JdbcTransactionManager  : Acquired Connection [HikariProxyConnection@1212396383 wrapping conn0: url=jdbc:h2:mem:testdb user=SA] for JDBC transaction
2025-09-04T02:11:12.397-03:00 DEBUG 12780 --- [           main] o.s.jdbc.support.JdbcTransactionManager  : Switching JDBC Connection [HikariProxyConnection@1212396383 wrapping conn0: url=jdbc:h2:mem:testdb user=SA] to manual commit
2025-09-04T02:11:12.397-03:00 DEBUG 12780 --- [           main] o.s.jdbc.support.JdbcTransactionManager  : Initiating transaction commit
2025-09-04T02:11:12.397-03:00 DEBUG 12780 --- [           main] o.s.jdbc.support.JdbcTransactionManager  : Committing JDBC transaction on Connection [HikariProxyConnection@1212396383 wrapping conn0: url=jdbc:h2:mem:testdb user=SA]
2025-09-04T02:11:12.397-03:00 DEBUG 12780 --- [           main] o.s.jdbc.support.JdbcTransactionManager  : Releasing JDBC Connection [HikariProxyConnection@1212396383 wrapping conn0: url=jdbc:h2:mem:testdb user=SA] after transaction
2025-09-04T02:11:12.397-03:00 DEBUG 12780 --- [           main] o.s.jdbc.support.JdbcTransactionManager  : Creating new transaction with name [null]: PROPAGATION_REQUIRED,ISOLATION_DEFAULT
2025-09-04T02:11:12.398-03:00 DEBUG 12780 --- [           main] o.s.jdbc.support.JdbcTransactionManager  : Acquired Connection [HikariProxyConnection@1806689200 wrapping conn0: url=jdbc:h2:mem:testdb user=SA] for JDBC transaction
2025-09-04T02:11:12.398-03:00 DEBUG 12780 --- [           main] o.s.jdbc.support.JdbcTransactionManager  : Switching JDBC Connection [HikariProxyConnection@1806689200 wrapping conn0: url=jdbc:h2:mem:testdb user=SA] to manual commit
2025-09-04T02:11:12.399-03:00 DEBUG 12780 --- [           main] o.s.jdbc.support.JdbcTransactionManager  : Initiating transaction commit
2025-09-04T02:11:12.399-03:00 DEBUG 12780 --- [           main] o.s.jdbc.support.JdbcTransactionManager  : Committing JDBC transaction on Connection [HikariProxyConnection@1806689200 wrapping conn0: url=jdbc:h2:mem:testdb user=SA]
2025-09-04T02:11:12.399-03:00 DEBUG 12780 --- [           main] o.s.jdbc.support.JdbcTransactionManager  : Releasing JDBC Connection [HikariProxyConnection@1806689200 wrapping conn0: url=jdbc:h2:mem:testdb user=SA] after transaction
2025-09-04T02:11:12.399-03:00 DEBUG 12780 --- [           main] o.s.jdbc.support.JdbcTransactionManager  : Creating new transaction with name [null]: PROPAGATION_REQUIRED,ISOLATION_DEFAULT
2025-09-04T02:11:12.399-03:00 DEBUG 12780 --- [           main] o.s.jdbc.support.JdbcTransactionManager  : Acquired Connection [HikariProxyConnection@1495063172 wrapping conn0: url=jdbc:h2:mem:testdb user=SA] for JDBC transaction
2025-09-04T02:11:12.399-03:00 DEBUG 12780 --- [           main] o.s.jdbc.support.JdbcTransactionManager  : Switching JDBC Connection [HikariProxyConnection@1495063172 wrapping conn0: url=jdbc:h2:mem:testdb user=SA] to manual commit
2025-09-04T02:11:12.400-03:00 DEBUG 12780 --- [           main] o.s.jdbc.support.JdbcTransactionManager  : Initiating transaction commit
2025-09-04T02:11:12.400-03:00 DEBUG 12780 --- [           main] o.s.jdbc.support.JdbcTransactionManager  : Committing JDBC transaction on Connection [HikariProxyConnection@1495063172 wrapping conn0: url=jdbc:h2:mem:testdb user=SA]
2025-09-04T02:11:12.400-03:00 DEBUG 12780 --- [           main] o.s.jdbc.support.JdbcTransactionManager  : Releasing JDBC Connection [HikariProxyConnection@1495063172 wrapping conn0: url=jdbc:h2:mem:testdb user=SA] after transaction
2025-09-04T02:11:12.400-03:00 DEBUG 12780 --- [           main] o.s.jdbc.support.JdbcTransactionManager  : Creating new transaction with name [null]: PROPAGATION_REQUIRED,ISOLATION_DEFAULT
2025-09-04T02:11:12.401-03:00 DEBUG 12780 --- [           main] o.s.jdbc.support.JdbcTransactionManager  : Acquired Connection [HikariProxyConnection@1479770936 wrapping conn0: url=jdbc:h2:mem:testdb user=SA] for JDBC transaction
2025-09-04T02:11:12.401-03:00 DEBUG 12780 --- [           main] o.s.jdbc.support.JdbcTransactionManager  : Switching JDBC Connection [HikariProxyConnection@1479770936 wrapping conn0: url=jdbc:h2:mem:testdb user=SA] to manual commit
2025-09-04T02:11:12.403-03:00 DEBUG 12780 --- [           main] o.s.jdbc.support.JdbcTransactionManager  : Initiating transaction commit
2025-09-04T02:11:12.403-03:00 DEBUG 12780 --- [           main] o.s.jdbc.support.JdbcTransactionManager  : Committing JDBC transaction on Connection [HikariProxyConnection@1479770936 wrapping conn0: url=jdbc:h2:mem:testdb user=SA]
2025-09-04T02:11:12.403-03:00 DEBUG 12780 --- [           main] o.s.jdbc.support.JdbcTransactionManager  : Releasing JDBC Connection [HikariProxyConnection@1479770936 wrapping conn0: url=jdbc:h2:mem:testdb user=SA] after transaction
2025-09-04T02:11:12.403-03:00 DEBUG 12780 --- [           main] o.s.jdbc.support.JdbcTransactionManager  : Creating new transaction with name [null]: PROPAGATION_REQUIRED,ISOLATION_DEFAULT
2025-09-04T02:11:12.403-03:00 DEBUG 12780 --- [           main] o.s.jdbc.support.JdbcTransactionManager  : Acquired Connection [HikariProxyConnection@1771217223 wrapping conn0: url=jdbc:h2:mem:testdb user=SA] for JDBC transaction
2025-09-04T02:11:12.404-03:00 DEBUG 12780 --- [           main] o.s.jdbc.support.JdbcTransactionManager  : Switching JDBC Connection [HikariProxyConnection@1771217223 wrapping conn0: url=jdbc:h2:mem:testdb user=SA] to manual commit
2025-09-04T02:11:12.405-03:00 DEBUG 12780 --- [           main] o.s.jdbc.support.JdbcTransactionManager  : Initiating transaction commit
2025-09-04T02:11:12.405-03:00 DEBUG 12780 --- [           main] o.s.jdbc.support.JdbcTransactionManager  : Committing JDBC transaction on Connection [HikariProxyConnection@1771217223 wrapping conn0: url=jdbc:h2:mem:testdb user=SA]
2025-09-04T02:11:12.405-03:00 DEBUG 12780 --- [           main] o.s.jdbc.support.JdbcTransactionManager  : Releasing JDBC Connection [HikariProxyConnection@1771217223 wrapping conn0: url=jdbc:h2:mem:testdb user=SA] after transaction
2025-09-04T02:11:12.405-03:00 DEBUG 12780 --- [           main] o.s.jdbc.support.JdbcTransactionManager  : Creating new transaction with name [null]: PROPAGATION_REQUIRED,ISOLATION_DEFAULT
2025-09-04T02:11:12.405-03:00 DEBUG 12780 --- [           main] o.s.jdbc.support.JdbcTransactionManager  : Acquired Connection [HikariProxyConnection@1263831315 wrapping conn0: url=jdbc:h2:mem:testdb user=SA] for JDBC transaction
2025-09-04T02:11:12.406-03:00 DEBUG 12780 --- [           main] o.s.jdbc.support.JdbcTransactionManager  : Switching JDBC Connection [HikariProxyConnection@1263831315 wrapping conn0: url=jdbc:h2:mem:testdb user=SA] to manual commit
2025-09-04T02:11:12.407-03:00 DEBUG 12780 --- [           main] o.s.jdbc.support.JdbcTransactionManager  : Initiating transaction commit
2025-09-04T02:11:12.407-03:00 DEBUG 12780 --- [           main] o.s.jdbc.support.JdbcTransactionManager  : Committing JDBC transaction on Connection [HikariProxyConnection@1263831315 wrapping conn0: url=jdbc:h2:mem:testdb user=SA]
2025-09-04T02:11:12.407-03:00 DEBUG 12780 --- [           main] o.s.jdbc.support.JdbcTransactionManager  : Releasing JDBC Connection [HikariProxyConnection@1263831315 wrapping conn0: url=jdbc:h2:mem:testdb user=SA] after transaction
2025-09-04T02:11:12.407-03:00 DEBUG 12780 --- [           main] o.s.jdbc.support.JdbcTransactionManager  : Creating new transaction with name [null]: PROPAGATION_REQUIRED,ISOLATION_DEFAULT
2025-09-04T02:11:12.407-03:00 DEBUG 12780 --- [           main] o.s.jdbc.support.JdbcTransactionManager  : Acquired Connection [HikariProxyConnection@1298177219 wrapping conn0: url=jdbc:h2:mem:testdb user=SA] for JDBC transaction
2025-09-04T02:11:12.407-03:00 DEBUG 12780 --- [           main] o.s.jdbc.support.JdbcTransactionManager  : Switching JDBC Connection [HikariProxyConnection@1298177219 wrapping conn0: url=jdbc:h2:mem:testdb user=SA] to manual commit
2025-09-04T02:11:12.408-03:00 DEBUG 12780 --- [           main] o.s.jdbc.support.JdbcTransactionManager  : Initiating transaction commit
2025-09-04T02:11:12.408-03:00 DEBUG 12780 --- [           main] o.s.jdbc.support.JdbcTransactionManager  : Committing JDBC transaction on Connection [HikariProxyConnection@1298177219 wrapping conn0: url=jdbc:h2:mem:testdb user=SA]
2025-09-04T02:11:12.408-03:00 DEBUG 12780 --- [           main] o.s.jdbc.support.JdbcTransactionManager  : Releasing JDBC Connection [HikariProxyConnection@1298177219 wrapping conn0: url=jdbc:h2:mem:testdb user=SA] after transaction
2025-09-04T02:11:12.408-03:00 DEBUG 12780 --- [           main] o.s.jdbc.support.JdbcTransactionManager  : Creating new transaction with name [null]: PROPAGATION_REQUIRED,ISOLATION_DEFAULT
2025-09-04T02:11:12.408-03:00 DEBUG 12780 --- [           main] o.s.jdbc.support.JdbcTransactionManager  : Acquired Connection [HikariProxyConnection@2055022026 wrapping conn0: url=jdbc:h2:mem:testdb user=SA] for JDBC transaction
2025-09-04T02:11:12.408-03:00 DEBUG 12780 --- [           main] o.s.jdbc.support.JdbcTransactionManager  : Switching JDBC Connection [HikariProxyConnection@2055022026 wrapping conn0: url=jdbc:h2:mem:testdb user=SA] to manual commit
2025-09-04T02:11:12.409-03:00 DEBUG 12780 --- [           main] o.s.jdbc.support.JdbcTransactionManager  : Initiating transaction commit
2025-09-04T02:11:12.409-03:00 DEBUG 12780 --- [           main] o.s.jdbc.support.JdbcTransactionManager  : Committing JDBC transaction on Connection [HikariProxyConnection@2055022026 wrapping conn0: url=jdbc:h2:mem:testdb user=SA]
2025-09-04T02:11:12.409-03:00 DEBUG 12780 --- [           main] o.s.jdbc.support.JdbcTransactionManager  : Releasing JDBC Connection [HikariProxyConnection@2055022026 wrapping conn0: url=jdbc:h2:mem:testdb user=SA] after transaction
2025-09-04T02:11:12.410-03:00 DEBUG 12780 --- [           main] o.s.jdbc.support.JdbcTransactionManager  : Creating new transaction with name [null]: PROPAGATION_REQUIRED,ISOLATION_DEFAULT
2025-09-04T02:11:12.410-03:00 DEBUG 12780 --- [           main] o.s.jdbc.support.JdbcTransactionManager  : Acquired Connection [HikariProxyConnection@645532522 wrapping conn0: url=jdbc:h2:mem:testdb user=SA] for JDBC transaction
2025-09-04T02:11:12.410-03:00 DEBUG 12780 --- [           main] o.s.jdbc.support.JdbcTransactionManager  : Switching JDBC Connection [HikariProxyConnection@645532522 wrapping conn0: url=jdbc:h2:mem:testdb user=SA] to manual commit
2025-09-04T02:11:12.411-03:00 DEBUG 12780 --- [           main] o.s.jdbc.support.JdbcTransactionManager  : Initiating transaction commit
2025-09-04T02:11:12.411-03:00 DEBUG 12780 --- [           main] o.s.jdbc.support.JdbcTransactionManager  : Committing JDBC transaction on Connection [HikariProxyConnection@645532522 wrapping conn0: url=jdbc:h2:mem:testdb user=SA]
2025-09-04T02:11:12.412-03:00 DEBUG 12780 --- [           main] o.s.jdbc.support.JdbcTransactionManager  : Releasing JDBC Connection [HikariProxyConnection@645532522 wrapping conn0: url=jdbc:h2:mem:testdb user=SA] after transaction
2025-09-04T02:11:12.412-03:00 DEBUG 12780 --- [           main] o.s.jdbc.support.JdbcTransactionManager  : Creating new transaction with name [null]: PROPAGATION_REQUIRED,ISOLATION_DEFAULT
2025-09-04T02:11:12.412-03:00 DEBUG 12780 --- [           main] o.s.jdbc.support.JdbcTransactionManager  : Acquired Connection [HikariProxyConnection@1359191753 wrapping conn0: url=jdbc:h2:mem:testdb user=SA] for JDBC transaction
2025-09-04T02:11:12.412-03:00 DEBUG 12780 --- [           main] o.s.jdbc.support.JdbcTransactionManager  : Switching JDBC Connection [HikariProxyConnection@1359191753 wrapping conn0: url=jdbc:h2:mem:testdb user=SA] to manual commit
2025-09-04T02:11:12.414-03:00 DEBUG 12780 --- [           main] o.s.jdbc.support.JdbcTransactionManager  : Initiating transaction commit
2025-09-04T02:11:12.414-03:00 DEBUG 12780 --- [           main] o.s.jdbc.support.JdbcTransactionManager  : Committing JDBC transaction on Connection [HikariProxyConnection@1359191753 wrapping conn0: url=jdbc:h2:mem:testdb user=SA]
2025-09-04T02:11:12.414-03:00 DEBUG 12780 --- [           main] o.s.jdbc.support.JdbcTransactionManager  : Releasing JDBC Connection [HikariProxyConnection@1359191753 wrapping conn0: url=jdbc:h2:mem:testdb user=SA] after transaction
2025-09-04T02:11:12.415-03:00 DEBUG 12780 --- [           main] o.s.jdbc.support.JdbcTransactionManager  : Creating new transaction with name [null]: PROPAGATION_REQUIRED,ISOLATION_DEFAULT
2025-09-04T02:11:12.415-03:00 DEBUG 12780 --- [           main] o.s.jdbc.support.JdbcTransactionManager  : Acquired Connection [HikariProxyConnection@1610625797 wrapping conn0: url=jdbc:h2:mem:testdb user=SA] for JDBC transaction
2025-09-04T02:11:12.415-03:00 DEBUG 12780 --- [           main] o.s.jdbc.support.JdbcTransactionManager  : Switching JDBC Connection [HikariProxyConnection@1610625797 wrapping conn0: url=jdbc:h2:mem:testdb user=SA] to manual commit
2025-09-04T02:11:12.416-03:00 DEBUG 12780 --- [           main] o.s.jdbc.support.JdbcTransactionManager  : Initiating transaction commit
2025-09-04T02:11:12.416-03:00 DEBUG 12780 --- [           main] o.s.jdbc.support.JdbcTransactionManager  : Committing JDBC transaction on Connection [HikariProxyConnection@1610625797 wrapping conn0: url=jdbc:h2:mem:testdb user=SA]
2025-09-04T02:11:12.417-03:00 DEBUG 12780 --- [           main] o.s.jdbc.support.JdbcTransactionManager  : Releasing JDBC Connection [HikariProxyConnection@1610625797 wrapping conn0: url=jdbc:h2:mem:testdb user=SA] after transaction
2025-09-04T02:11:12.418-03:00 DEBUG 12780 --- [           main] o.s.jdbc.support.JdbcTransactionManager  : Creating new transaction with name [null]: PROPAGATION_REQUIRED,ISOLATION_DEFAULT
2025-09-04T02:11:12.419-03:00 DEBUG 12780 --- [           main] o.s.jdbc.support.JdbcTransactionManager  : Acquired Connection [HikariProxyConnection@1915066647 wrapping conn0: url=jdbc:h2:mem:testdb user=SA] for JDBC transaction
2025-09-04T02:11:12.419-03:00 DEBUG 12780 --- [           main] o.s.jdbc.support.JdbcTransactionManager  : Switching JDBC Connection [HikariProxyConnection@1915066647 wrapping conn0: url=jdbc:h2:mem:testdb user=SA] to manual commit
2025-09-04T02:11:12.422-03:00 DEBUG 12780 --- [           main] o.s.jdbc.support.JdbcTransactionManager  : Initiating transaction commit
2025-09-04T02:11:12.422-03:00 DEBUG 12780 --- [           main] o.s.jdbc.support.JdbcTransactionManager  : Committing JDBC transaction on Connection [HikariProxyConnection@1915066647 wrapping conn0: url=jdbc:h2:mem:testdb user=SA]
2025-09-04T02:11:12.423-03:00 DEBUG 12780 --- [           main] o.s.jdbc.support.JdbcTransactionManager  : Releasing JDBC Connection [HikariProxyConnection@1915066647 wrapping conn0: url=jdbc:h2:mem:testdb user=SA] after transaction
2025-09-04T02:11:12.423-03:00 DEBUG 12780 --- [           main] o.s.jdbc.support.JdbcTransactionManager  : Creating new transaction with name [null]: PROPAGATION_REQUIRED,ISOLATION_DEFAULT
2025-09-04T02:11:12.423-03:00 DEBUG 12780 --- [           main] o.s.jdbc.support.JdbcTransactionManager  : Acquired Connection [HikariProxyConnection@1073233096 wrapping conn0: url=jdbc:h2:mem:testdb user=SA] for JDBC transaction
2025-09-04T02:11:12.423-03:00 DEBUG 12780 --- [           main] o.s.jdbc.support.JdbcTransactionManager  : Switching JDBC Connection [HikariProxyConnection@1073233096 wrapping conn0: url=jdbc:h2:mem:testdb user=SA] to manual commit
2025-09-04T02:11:12.424-03:00 DEBUG 12780 --- [           main] o.s.jdbc.support.JdbcTransactionManager  : Initiating transaction commit
2025-09-04T02:11:12.424-03:00 DEBUG 12780 --- [           main] o.s.jdbc.support.JdbcTransactionManager  : Committing JDBC transaction on Connection [HikariProxyConnection@1073233096 wrapping conn0: url=jdbc:h2:mem:testdb user=SA]
2025-09-04T02:11:12.424-03:00 DEBUG 12780 --- [           main] o.s.jdbc.support.JdbcTransactionManager  : Releasing JDBC Connection [HikariProxyConnection@1073233096 wrapping conn0: url=jdbc:h2:mem:testdb user=SA] after transaction
2025-09-04T02:11:12.424-03:00 DEBUG 12780 --- [           main] o.s.jdbc.support.JdbcTransactionManager  : Creating new transaction with name [null]: PROPAGATION_REQUIRED,ISOLATION_DEFAULT
2025-09-04T02:11:12.424-03:00 DEBUG 12780 --- [           main] o.s.jdbc.support.JdbcTransactionManager  : Acquired Connection [HikariProxyConnection@862682532 wrapping conn0: url=jdbc:h2:mem:testdb user=SA] for JDBC transaction
2025-09-04T02:11:12.424-03:00 DEBUG 12780 --- [           main] o.s.jdbc.support.JdbcTransactionManager  : Switching JDBC Connection [HikariProxyConnection@862682532 wrapping conn0: url=jdbc:h2:mem:testdb user=SA] to manual commit
2025-09-04T02:11:12.426-03:00 DEBUG 12780 --- [           main] o.s.jdbc.support.JdbcTransactionManager  : Initiating transaction commit
2025-09-04T02:11:12.426-03:00 DEBUG 12780 --- [           main] o.s.jdbc.support.JdbcTransactionManager  : Committing JDBC transaction on Connection [HikariProxyConnection@862682532 wrapping conn0: url=jdbc:h2:mem:testdb user=SA]
2025-09-04T02:11:12.426-03:00 DEBUG 12780 --- [           main] o.s.jdbc.support.JdbcTransactionManager  : Releasing JDBC Connection [HikariProxyConnection@862682532 wrapping conn0: url=jdbc:h2:mem:testdb user=SA] after transaction
2025-09-04T02:11:12.426-03:00 DEBUG 12780 --- [           main] o.s.jdbc.support.JdbcTransactionManager  : Creating new transaction with name [null]: PROPAGATION_REQUIRED,ISOLATION_DEFAULT
2025-09-04T02:11:12.426-03:00 DEBUG 12780 --- [           main] o.s.jdbc.support.JdbcTransactionManager  : Acquired Connection [HikariProxyConnection@511291644 wrapping conn0: url=jdbc:h2:mem:testdb user=SA] for JDBC transaction
2025-09-04T02:11:12.426-03:00 DEBUG 12780 --- [           main] o.s.jdbc.support.JdbcTransactionManager  : Switching JDBC Connection [HikariProxyConnection@511291644 wrapping conn0: url=jdbc:h2:mem:testdb user=SA] to manual commit
2025-09-04T02:11:12.427-03:00 DEBUG 12780 --- [           main] o.s.jdbc.support.JdbcTransactionManager  : Initiating transaction commit
2025-09-04T02:11:12.427-03:00 DEBUG 12780 --- [           main] o.s.jdbc.support.JdbcTransactionManager  : Committing JDBC transaction on Connection [HikariProxyConnection@511291644 wrapping conn0: url=jdbc:h2:mem:testdb user=SA]
2025-09-04T02:11:12.427-03:00 DEBUG 12780 --- [           main] o.s.jdbc.support.JdbcTransactionManager  : Releasing JDBC Connection [HikariProxyConnection@511291644 wrapping conn0: url=jdbc:h2:mem:testdb user=SA] after transaction
2025-09-04T02:11:12.428-03:00 DEBUG 12780 --- [           main] o.s.jdbc.support.JdbcTransactionManager  : Creating new transaction with name [null]: PROPAGATION_REQUIRED,ISOLATION_DEFAULT
2025-09-04T02:11:12.428-03:00 DEBUG 12780 --- [           main] o.s.jdbc.support.JdbcTransactionManager  : Acquired Connection [HikariProxyConnection@1585853402 wrapping conn0: url=jdbc:h2:mem:testdb user=SA] for JDBC transaction
2025-09-04T02:11:12.428-03:00 DEBUG 12780 --- [           main] o.s.jdbc.support.JdbcTransactionManager  : Switching JDBC Connection [HikariProxyConnection@1585853402 wrapping conn0: url=jdbc:h2:mem:testdb user=SA] to manual commit
2025-09-04T02:11:12.429-03:00 DEBUG 12780 --- [           main] o.s.jdbc.support.JdbcTransactionManager  : Initiating transaction commit
2025-09-04T02:11:12.430-03:00 DEBUG 12780 --- [           main] o.s.jdbc.support.JdbcTransactionManager  : Committing JDBC transaction on Connection [HikariProxyConnection@1585853402 wrapping conn0: url=jdbc:h2:mem:testdb user=SA]
2025-09-04T02:11:12.430-03:00 DEBUG 12780 --- [           main] o.s.jdbc.support.JdbcTransactionManager  : Releasing JDBC Connection [HikariProxyConnection@1585853402 wrapping conn0: url=jdbc:h2:mem:testdb user=SA] after transaction
2025-09-04T02:11:12.430-03:00 DEBUG 12780 --- [           main] o.s.jdbc.support.JdbcTransactionManager  : Creating new transaction with name [null]: PROPAGATION_REQUIRED,ISOLATION_DEFAULT
2025-09-04T02:11:12.430-03:00 DEBUG 12780 --- [           main] o.s.jdbc.support.JdbcTransactionManager  : Acquired Connection [HikariProxyConnection@594437475 wrapping conn0: url=jdbc:h2:mem:testdb user=SA] for JDBC transaction
2025-09-04T02:11:12.430-03:00 DEBUG 12780 --- [           main] o.s.jdbc.support.JdbcTransactionManager  : Switching JDBC Connection [HikariProxyConnection@594437475 wrapping conn0: url=jdbc:h2:mem:testdb user=SA] to manual commit
2025-09-04T02:11:12.431-03:00 DEBUG 12780 --- [           main] o.s.jdbc.support.JdbcTransactionManager  : Initiating transaction commit
2025-09-04T02:11:12.431-03:00 DEBUG 12780 --- [           main] o.s.jdbc.support.JdbcTransactionManager  : Committing JDBC transaction on Connection [HikariProxyConnection@594437475 wrapping conn0: url=jdbc:h2:mem:testdb user=SA]
2025-09-04T02:11:12.431-03:00 DEBUG 12780 --- [           main] o.s.jdbc.support.JdbcTransactionManager  : Releasing JDBC Connection [HikariProxyConnection@594437475 wrapping conn0: url=jdbc:h2:mem:testdb user=SA] after transaction
2025-09-04T02:11:12.431-03:00 DEBUG 12780 --- [           main] o.s.jdbc.support.JdbcTransactionManager  : Creating new transaction with name [null]: PROPAGATION_REQUIRED,ISOLATION_DEFAULT
2025-09-04T02:11:12.431-03:00 DEBUG 12780 --- [           main] o.s.jdbc.support.JdbcTransactionManager  : Acquired Connection [HikariProxyConnection@1039634839 wrapping conn0: url=jdbc:h2:mem:testdb user=SA] for JDBC transaction
2025-09-04T02:11:12.431-03:00 DEBUG 12780 --- [           main] o.s.jdbc.support.JdbcTransactionManager  : Switching JDBC Connection [HikariProxyConnection@1039634839 wrapping conn0: url=jdbc:h2:mem:testdb user=SA] to manual commit
2025-09-04T02:11:12.432-03:00 DEBUG 12780 --- [           main] o.s.jdbc.support.JdbcTransactionManager  : Initiating transaction commit
2025-09-04T02:11:12.433-03:00 DEBUG 12780 --- [           main] o.s.jdbc.support.JdbcTransactionManager  : Committing JDBC transaction on Connection [HikariProxyConnection@1039634839 wrapping conn0: url=jdbc:h2:mem:testdb user=SA]
2025-09-04T02:11:12.433-03:00 DEBUG 12780 --- [           main] o.s.jdbc.support.JdbcTransactionManager  : Releasing JDBC Connection [HikariProxyConnection@1039634839 wrapping conn0: url=jdbc:h2:mem:testdb user=SA] after transaction
2025-09-04T02:11:12.433-03:00 DEBUG 12780 --- [           main] o.s.jdbc.support.JdbcTransactionManager  : Creating new transaction with name [null]: PROPAGATION_REQUIRED,ISOLATION_DEFAULT
2025-09-04T02:11:12.433-03:00 DEBUG 12780 --- [           main] o.s.jdbc.support.JdbcTransactionManager  : Acquired Connection [HikariProxyConnection@56702195 wrapping conn0: url=jdbc:h2:mem:testdb user=SA] for JDBC transaction
2025-09-04T02:11:12.433-03:00 DEBUG 12780 --- [           main] o.s.jdbc.support.JdbcTransactionManager  : Switching JDBC Connection [HikariProxyConnection@56702195 wrapping conn0: url=jdbc:h2:mem:testdb user=SA] to manual commit
2025-09-04T02:11:12.434-03:00 DEBUG 12780 --- [           main] o.s.jdbc.support.JdbcTransactionManager  : Initiating transaction commit
2025-09-04T02:11:12.435-03:00 DEBUG 12780 --- [           main] o.s.jdbc.support.JdbcTransactionManager  : Committing JDBC transaction on Connection [HikariProxyConnection@56702195 wrapping conn0: url=jdbc:h2:mem:testdb user=SA]
2025-09-04T02:11:12.435-03:00 DEBUG 12780 --- [           main] o.s.jdbc.support.JdbcTransactionManager  : Releasing JDBC Connection [HikariProxyConnection@56702195 wrapping conn0: url=jdbc:h2:mem:testdb user=SA] after transaction
2025-09-04T02:11:12.435-03:00 DEBUG 12780 --- [           main] o.s.jdbc.support.JdbcTransactionManager  : Creating new transaction with name [null]: PROPAGATION_REQUIRED,ISOLATION_DEFAULT
2025-09-04T02:11:12.436-03:00 DEBUG 12780 --- [           main] o.s.jdbc.support.JdbcTransactionManager  : Acquired Connection [HikariProxyConnection@1165313953 wrapping conn0: url=jdbc:h2:mem:testdb user=SA] for JDBC transaction
2025-09-04T02:11:12.436-03:00 DEBUG 12780 --- [           main] o.s.jdbc.support.JdbcTransactionManager  : Switching JDBC Connection [HikariProxyConnection@1165313953 wrapping conn0: url=jdbc:h2:mem:testdb user=SA] to manual commit
2025-09-04T02:11:12.442-03:00 DEBUG 12780 --- [           main] o.s.jdbc.support.JdbcTransactionManager  : Initiating transaction commit
2025-09-04T02:11:12.442-03:00 DEBUG 12780 --- [           main] o.s.jdbc.support.JdbcTransactionManager  : Committing JDBC transaction on Connection [HikariProxyConnection@1165313953 wrapping conn0: url=jdbc:h2:mem:testdb user=SA]
2025-09-04T02:11:12.442-03:00 DEBUG 12780 --- [           main] o.s.jdbc.support.JdbcTransactionManager  : Releasing JDBC Connection [HikariProxyConnection@1165313953 wrapping conn0: url=jdbc:h2:mem:testdb user=SA] after transaction
2025-09-04T02:11:12.446-03:00 DEBUG 12780 --- [           main] o.s.jdbc.support.JdbcTransactionManager  : Creating new transaction with name [null]: PROPAGATION_REQUIRED,ISOLATION_DEFAULT
2025-09-04T02:11:12.446-03:00 DEBUG 12780 --- [           main] o.s.jdbc.support.JdbcTransactionManager  : Acquired Connection [HikariProxyConnection@919488700 wrapping conn0: url=jdbc:h2:mem:testdb user=SA] for JDBC transaction
2025-09-04T02:11:12.446-03:00 DEBUG 12780 --- [           main] o.s.jdbc.support.JdbcTransactionManager  : Switching JDBC Connection [HikariProxyConnection@919488700 wrapping conn0: url=jdbc:h2:mem:testdb user=SA] to manual commit
2025-09-04T02:11:12.655-03:00  WARN 12780 --- [           main] org.camunda.bpm.engine.util              : ENGINE-09004 Warnings during parsing: 
* Exclusive Gateway 'TipoTarefaSolicitadaGateway' has outgoing sequence flow 'OperacaoInvalidaSequenceFlow' without condition which is not the default flow. We assume it to be the default flow, but it is bad modeling practice, better set the default flow in your gateway. | resource /Users/marcelo/eclipse-workspace/AIC7Demo/target/classes/bpmn/process.bpmn
2025-09-04T02:11:12.669-03:00 DEBUG 12780 --- [           main] o.s.jdbc.support.JdbcTransactionManager  : Initiating transaction commit
2025-09-04T02:11:12.670-03:00 DEBUG 12780 --- [           main] o.s.jdbc.support.JdbcTransactionManager  : Committing JDBC transaction on Connection [HikariProxyConnection@919488700 wrapping conn0: url=jdbc:h2:mem:testdb user=SA]
2025-09-04T02:11:12.670-03:00 DEBUG 12780 --- [           main] o.s.jdbc.support.JdbcTransactionManager  : Releasing JDBC Connection [HikariProxyConnection@919488700 wrapping conn0: url=jdbc:h2:mem:testdb user=SA] after transaction
2025-09-04T02:11:12.746-03:00  INFO 12780 --- [           main] .c.b.s.b.s.r.CamundaJerseyResourceConfig : Configuring camunda rest api.
2025-09-04T02:11:12.770-03:00  INFO 12780 --- [           main] .c.b.s.b.s.r.CamundaJerseyResourceConfig : Finished configuring camunda rest api.
2025-09-04T02:11:13.543-03:00  INFO 12780 --- [           main] pmSpringSecurityDisableAutoConfiguration : Disabling Camunda Spring Security oauth2 integration
2025-09-04T02:11:13.643-03:00  INFO 12780 --- [           main] o.s.s.web.DefaultSecurityFilterChain     : Will secure any request with [org.springframework.security.web.session.DisableEncodeUrlFilter@191d69a, org.springframework.security.web.context.request.async.WebAsyncManagerIntegrationFilter@251ed676, org.springframework.security.web.context.SecurityContextHolderFilter@7dcd8e74, org.springframework.security.web.header.HeaderWriterFilter@3294b641, org.springframework.security.web.authentication.logout.LogoutFilter@12e4822b, org.springframework.security.web.savedrequest.RequestCacheAwareFilter@4e64e44c, org.springframework.security.web.servletapi.SecurityContextHolderAwareRequestFilter@598b15ba, org.springframework.security.web.authentication.AnonymousAuthenticationFilter@616e7884, org.springframework.security.web.access.ExceptionTranslationFilter@5a1e28ee, org.springframework.security.web.access.intercept.AuthorizationFilter@20309365]
2025-09-04T02:11:14.033-03:00  INFO 12780 --- [           main] o.s.b.a.h2.H2ConsoleAutoConfiguration    : H2 console available at '/h2-console'. Database available at 'jdbc:h2:mem:testdb'
2025-09-04T02:11:14.065-03:00  INFO 12780 --- [           main] o.s.b.a.e.web.EndpointLinksResolver      : Exposing 2 endpoints beneath base path '/actuator'
2025-09-04T02:11:14.232-03:00  INFO 12780 --- [           main] c.m.w.core.service.CadastroServiceTest   : Started CadastroServiceTest in 9.638 seconds (process running for 11.795)
2025-09-04T02:11:14.372-03:00  INFO 12780 --- [           main] org.camunda.bpm.engine.jobexecutor       : ENGINE-14014 Starting up the JobExecutor[org.camunda.bpm.engine.spring.components.jobexecutor.SpringJobExecutor].
2025-09-04T02:11:14.373-03:00  INFO 12780 --- [ingJobExecutor]] org.camunda.bpm.engine.jobexecutor       : ENGINE-14018 JobExecutor[org.camunda.bpm.engine.spring.components.jobexecutor.SpringJobExecutor] starting to acquire jobs
2025-09-04T02:11:14.374-03:00 DEBUG 12780 --- [ingJobExecutor]] o.s.jdbc.support.JdbcTransactionManager  : Creating new transaction with name [null]: PROPAGATION_REQUIRED,ISOLATION_DEFAULT
2025-09-04T02:11:14.375-03:00 DEBUG 12780 --- [ingJobExecutor]] o.s.jdbc.support.JdbcTransactionManager  : Acquired Connection [HikariProxyConnection@1738214053 wrapping conn0: url=jdbc:h2:mem:testdb user=SA] for JDBC transaction
2025-09-04T02:11:14.375-03:00 DEBUG 12780 --- [ingJobExecutor]] o.s.jdbc.support.JdbcTransactionManager  : Switching JDBC Connection [HikariProxyConnection@1738214053 wrapping conn0: url=jdbc:h2:mem:testdb user=SA] to manual commit
2025-09-04T02:11:14.381-03:00 DEBUG 12780 --- [ingJobExecutor]] o.s.jdbc.support.JdbcTransactionManager  : Initiating transaction commit
2025-09-04T02:11:14.381-03:00 DEBUG 12780 --- [ingJobExecutor]] o.s.jdbc.support.JdbcTransactionManager  : Committing JDBC transaction on Connection [HikariProxyConnection@1738214053 wrapping conn0: url=jdbc:h2:mem:testdb user=SA]
2025-09-04T02:11:14.382-03:00 DEBUG 12780 --- [ingJobExecutor]] o.s.jdbc.support.JdbcTransactionManager  : Releasing JDBC Connection [HikariProxyConnection@1738214053 wrapping conn0: url=jdbc:h2:mem:testdb user=SA] after transaction
2025-09-04T02:11:14.399-03:00 DEBUG 12780 --- [           main] o.s.jdbc.support.JdbcTransactionManager  : Creating new transaction with name [com.mls.workflow.core.service.CadastroServiceTest.testDelete_ExistingId_ShouldReturnTrue]: PROPAGATION_REQUIRED,ISOLATION_DEFAULT
2025-09-04T02:11:14.399-03:00 DEBUG 12780 --- [           main] o.s.jdbc.support.JdbcTransactionManager  : Acquired Connection [HikariProxyConnection@1884685996 wrapping conn0: url=jdbc:h2:mem:testdb user=SA] for JDBC transaction
2025-09-04T02:11:14.399-03:00 DEBUG 12780 --- [           main] o.s.jdbc.support.JdbcTransactionManager  : Switching JDBC Connection [HikariProxyConnection@1884685996 wrapping conn0: url=jdbc:h2:mem:testdb user=SA] to manual commit
2025-09-04T02:11:15.157-03:00 DEBUG 12780 --- [           main] o.s.jdbc.core.JdbcTemplate               : Executing prepared SQL update
2025-09-04T02:11:15.157-03:00 DEBUG 12780 --- [           main] o.s.jdbc.core.JdbcTemplate               : Executing prepared SQL statement [DELETE FROM AIC_CADASTRO WHERE ID = ?]
2025-09-04T02:11:15.164-03:00 DEBUG 12780 --- [           main] o.s.jdbc.core.JdbcTemplate               : Executing prepared SQL query
2025-09-04T02:11:15.164-03:00 DEBUG 12780 --- [           main] o.s.jdbc.core.JdbcTemplate               : Executing prepared SQL statement [SELECT ID, NOME, EMAIL, IDADE FROM AIC_CADASTRO WHERE ID = ?]
2025-09-04T02:11:15.172-03:00 DEBUG 12780 --- [           main] o.s.jdbc.support.JdbcTransactionManager  : Initiating transaction rollback
2025-09-04T02:11:15.173-03:00 DEBUG 12780 --- [           main] o.s.jdbc.support.JdbcTransactionManager  : Rolling back JDBC transaction on Connection [HikariProxyConnection@1884685996 wrapping conn0: url=jdbc:h2:mem:testdb user=SA]
2025-09-04T02:11:15.173-03:00 DEBUG 12780 --- [           main] o.s.jdbc.support.JdbcTransactionManager  : Releasing JDBC Connection [HikariProxyConnection@1884685996 wrapping conn0: url=jdbc:h2:mem:testdb user=SA] after transaction
]]></system-out>
    <system-err><![CDATA[WARNING: A Java agent has been loaded dynamically (/Users/marcelo/.m2/repository/net/bytebuddy/byte-buddy-agent/1.14.16/byte-buddy-agent-1.14.16.jar)
WARNING: If a serviceability tool is in use, please run with -XX:+EnableDynamicAgentLoading to hide this warning
WARNING: If a serviceability tool is not in use, please run with -Djdk.instrument.traceUsage for more information
WARNING: Dynamic loading of agents will be disallowed by default in a future release
]]></system-err>
  </testcase>
  <testcase name="testUpdate_NonExistingId_ShouldReturnNull" classname="com.mls.workflow.core.service.CadastroServiceTest" time="0.031">
    <system-out><![CDATA[2025-09-04T02:11:15.177-03:00 DEBUG 12780 --- [           main] o.s.jdbc.support.JdbcTransactionManager  : Creating new transaction with name [com.mls.workflow.core.service.CadastroServiceTest.testUpdate_NonExistingId_ShouldReturnNull]: PROPAGATION_REQUIRED,ISOLATION_DEFAULT
2025-09-04T02:11:15.178-03:00 DEBUG 12780 --- [           main] o.s.jdbc.support.JdbcTransactionManager  : Acquired Connection [HikariProxyConnection@102734091 wrapping conn0: url=jdbc:h2:mem:testdb user=SA] for JDBC transaction
2025-09-04T02:11:15.178-03:00 DEBUG 12780 --- [           main] o.s.jdbc.support.JdbcTransactionManager  : Switching JDBC Connection [HikariProxyConnection@102734091 wrapping conn0: url=jdbc:h2:mem:testdb user=SA] to manual commit
2025-09-04T02:11:15.201-03:00 DEBUG 12780 --- [           main] o.s.jdbc.core.JdbcTemplate               : Executing prepared SQL update
2025-09-04T02:11:15.201-03:00 DEBUG 12780 --- [           main] o.s.jdbc.core.JdbcTemplate               : Executing prepared SQL statement [UPDATE AIC_CADASTRO SET NOME = ?, EMAIL = ?, IDADE = ? WHERE ID = ?]
2025-09-04T02:11:15.206-03:00 DEBUG 12780 --- [           main] o.s.jdbc.support.JdbcTransactionManager  : Initiating transaction rollback
2025-09-04T02:11:15.207-03:00 DEBUG 12780 --- [           main] o.s.jdbc.support.JdbcTransactionManager  : Rolling back JDBC transaction on Connection [HikariProxyConnection@102734091 wrapping conn0: url=jdbc:h2:mem:testdb user=SA]
2025-09-04T02:11:15.207-03:00 DEBUG 12780 --- [           main] o.s.jdbc.support.JdbcTransactionManager  : Releasing JDBC Connection [HikariProxyConnection@102734091 wrapping conn0: url=jdbc:h2:mem:testdb user=SA] after transaction
]]></system-out>
  </testcase>
  <testcase name="testCreate_NegativeAge_ShouldThrowConstraintViolationException" classname="com.mls.workflow.core.service.CadastroServiceTest" time="0.01">
    <system-out><![CDATA[2025-09-04T02:11:15.209-03:00 DEBUG 12780 --- [           main] o.s.jdbc.support.JdbcTransactionManager  : Creating new transaction with name [com.mls.workflow.core.service.CadastroServiceTest.testCreate_NegativeAge_ShouldThrowConstraintViolationException]: PROPAGATION_REQUIRED,ISOLATION_DEFAULT
2025-09-04T02:11:15.210-03:00 DEBUG 12780 --- [           main] o.s.jdbc.support.JdbcTransactionManager  : Acquired Connection [HikariProxyConnection@2029896123 wrapping conn0: url=jdbc:h2:mem:testdb user=SA] for JDBC transaction
2025-09-04T02:11:15.210-03:00 DEBUG 12780 --- [           main] o.s.jdbc.support.JdbcTransactionManager  : Switching JDBC Connection [HikariProxyConnection@2029896123 wrapping conn0: url=jdbc:h2:mem:testdb user=SA] to manual commit
2025-09-04T02:11:15.218-03:00 DEBUG 12780 --- [           main] o.s.jdbc.support.JdbcTransactionManager  : Initiating transaction rollback
2025-09-04T02:11:15.218-03:00 DEBUG 12780 --- [           main] o.s.jdbc.support.JdbcTransactionManager  : Rolling back JDBC transaction on Connection [HikariProxyConnection@2029896123 wrapping conn0: url=jdbc:h2:mem:testdb user=SA]
2025-09-04T02:11:15.219-03:00 DEBUG 12780 --- [           main] o.s.jdbc.support.JdbcTransactionManager  : Releasing JDBC Connection [HikariProxyConnection@2029896123 wrapping conn0: url=jdbc:h2:mem:testdb user=SA] after transaction
]]></system-out>
  </testcase>
  <testcase name="testUpdate_NullId_ShouldThrowConstraintViolationException" classname="com.mls.workflow.core.service.CadastroServiceTest" time="0.019">
    <system-out><![CDATA[2025-09-04T02:11:15.222-03:00 DEBUG 12780 --- [           main] o.s.jdbc.support.JdbcTransactionManager  : Creating new transaction with name [com.mls.workflow.core.service.CadastroServiceTest.testUpdate_NullId_ShouldThrowConstraintViolationException]: PROPAGATION_REQUIRED,ISOLATION_DEFAULT
2025-09-04T02:11:15.222-03:00 DEBUG 12780 --- [           main] o.s.jdbc.support.JdbcTransactionManager  : Acquired Connection [HikariProxyConnection@2146527172 wrapping conn0: url=jdbc:h2:mem:testdb user=SA] for JDBC transaction
2025-09-04T02:11:15.222-03:00 DEBUG 12780 --- [           main] o.s.jdbc.support.JdbcTransactionManager  : Switching JDBC Connection [HikariProxyConnection@2146527172 wrapping conn0: url=jdbc:h2:mem:testdb user=SA] to manual commit
2025-09-04T02:11:15.239-03:00 DEBUG 12780 --- [           main] o.s.jdbc.support.JdbcTransactionManager  : Initiating transaction rollback
2025-09-04T02:11:15.239-03:00 DEBUG 12780 --- [           main] o.s.jdbc.support.JdbcTransactionManager  : Rolling back JDBC transaction on Connection [HikariProxyConnection@2146527172 wrapping conn0: url=jdbc:h2:mem:testdb user=SA]
2025-09-04T02:11:15.240-03:00 DEBUG 12780 --- [           main] o.s.jdbc.support.JdbcTransactionManager  : Releasing JDBC Connection [HikariProxyConnection@2146527172 wrapping conn0: url=jdbc:h2:mem:testdb user=SA] after transaction
]]></system-out>
  </testcase>
  <testcase name="testCreate_NullCadastro_ShouldThrowConstraintViolationException" classname="com.mls.workflow.core.service.CadastroServiceTest" time="0.009">
    <system-out><![CDATA[2025-09-04T02:11:15.242-03:00 DEBUG 12780 --- [           main] o.s.jdbc.support.JdbcTransactionManager  : Creating new transaction with name [com.mls.workflow.core.service.CadastroServiceTest.testCreate_NullCadastro_ShouldThrowConstraintViolationException]: PROPAGATION_REQUIRED,ISOLATION_DEFAULT
2025-09-04T02:11:15.243-03:00 DEBUG 12780 --- [           main] o.s.jdbc.support.JdbcTransactionManager  : Acquired Connection [HikariProxyConnection@545710008 wrapping conn0: url=jdbc:h2:mem:testdb user=SA] for JDBC transaction
2025-09-04T02:11:15.243-03:00 DEBUG 12780 --- [           main] o.s.jdbc.support.JdbcTransactionManager  : Switching JDBC Connection [HikariProxyConnection@545710008 wrapping conn0: url=jdbc:h2:mem:testdb user=SA] to manual commit
2025-09-04T02:11:15.250-03:00 DEBUG 12780 --- [           main] o.s.jdbc.support.JdbcTransactionManager  : Initiating transaction rollback
2025-09-04T02:11:15.250-03:00 DEBUG 12780 --- [           main] o.s.jdbc.support.JdbcTransactionManager  : Rolling back JDBC transaction on Connection [HikariProxyConnection@545710008 wrapping conn0: url=jdbc:h2:mem:testdb user=SA]
2025-09-04T02:11:15.251-03:00 DEBUG 12780 --- [           main] o.s.jdbc.support.JdbcTransactionManager  : Releasing JDBC Connection [HikariProxyConnection@545710008 wrapping conn0: url=jdbc:h2:mem:testdb user=SA] after transaction
]]></system-out>
  </testcase>
  <testcase name="testUpdate_ExistingId_ShouldUpdateAndReturnCadastro" classname="com.mls.workflow.core.service.CadastroServiceTest" time="0.009">
    <system-out><![CDATA[2025-09-04T02:11:15.253-03:00 DEBUG 12780 --- [           main] o.s.jdbc.support.JdbcTransactionManager  : Creating new transaction with name [com.mls.workflow.core.service.CadastroServiceTest.testUpdate_ExistingId_ShouldUpdateAndReturnCadastro]: PROPAGATION_REQUIRED,ISOLATION_DEFAULT
2025-09-04T02:11:15.253-03:00 DEBUG 12780 --- [           main] o.s.jdbc.support.JdbcTransactionManager  : Acquired Connection [HikariProxyConnection@729949515 wrapping conn0: url=jdbc:h2:mem:testdb user=SA] for JDBC transaction
2025-09-04T02:11:15.254-03:00 DEBUG 12780 --- [           main] o.s.jdbc.support.JdbcTransactionManager  : Switching JDBC Connection [HikariProxyConnection@729949515 wrapping conn0: url=jdbc:h2:mem:testdb user=SA] to manual commit
2025-09-04T02:11:15.256-03:00 DEBUG 12780 --- [           main] o.s.jdbc.core.JdbcTemplate               : Executing prepared SQL update
2025-09-04T02:11:15.256-03:00 DEBUG 12780 --- [           main] o.s.jdbc.core.JdbcTemplate               : Executing prepared SQL statement [UPDATE AIC_CADASTRO SET NOME = ?, EMAIL = ?, IDADE = ? WHERE ID = ?]
2025-09-04T02:11:15.258-03:00 DEBUG 12780 --- [           main] o.s.jdbc.core.JdbcTemplate               : Executing prepared SQL query
2025-09-04T02:11:15.258-03:00 DEBUG 12780 --- [           main] o.s.jdbc.core.JdbcTemplate               : Executing prepared SQL statement [SELECT ID, NOME, EMAIL, IDADE FROM AIC_CADASTRO WHERE ID = ?]
2025-09-04T02:11:15.260-03:00 DEBUG 12780 --- [           main] o.s.jdbc.support.JdbcTransactionManager  : Initiating transaction rollback
2025-09-04T02:11:15.260-03:00 DEBUG 12780 --- [           main] o.s.jdbc.support.JdbcTransactionManager  : Rolling back JDBC transaction on Connection [HikariProxyConnection@729949515 wrapping conn0: url=jdbc:h2:mem:testdb user=SA]
2025-09-04T02:11:15.260-03:00 DEBUG 12780 --- [           main] o.s.jdbc.support.JdbcTransactionManager  : Releasing JDBC Connection [HikariProxyConnection@729949515 wrapping conn0: url=jdbc:h2:mem:testdb user=SA] after transaction
]]></system-out>
  </testcase>
  <testcase name="testCreateAndRead_CompleteCycle_ShouldWork" classname="com.mls.workflow.core.service.CadastroServiceTest" time="0.013">
    <system-out><![CDATA[2025-09-04T02:11:15.262-03:00 DEBUG 12780 --- [           main] o.s.jdbc.support.JdbcTransactionManager  : Creating new transaction with name [com.mls.workflow.core.service.CadastroServiceTest.testCreateAndRead_CompleteCycle_ShouldWork]: PROPAGATION_REQUIRED,ISOLATION_DEFAULT
2025-09-04T02:11:15.262-03:00 DEBUG 12780 --- [           main] o.s.jdbc.support.JdbcTransactionManager  : Acquired Connection [HikariProxyConnection@982878604 wrapping conn0: url=jdbc:h2:mem:testdb user=SA] for JDBC transaction
2025-09-04T02:11:15.262-03:00 DEBUG 12780 --- [           main] o.s.jdbc.support.JdbcTransactionManager  : Switching JDBC Connection [HikariProxyConnection@982878604 wrapping conn0: url=jdbc:h2:mem:testdb user=SA] to manual commit
2025-09-04T02:11:15.265-03:00 DEBUG 12780 --- [           main] o.s.jdbc.core.JdbcTemplate               : Executing SQL update and returning generated keys
2025-09-04T02:11:15.265-03:00 DEBUG 12780 --- [           main] o.s.jdbc.core.JdbcTemplate               : Executing prepared SQL statement
2025-09-04T02:11:15.268-03:00 DEBUG 12780 --- [           main] o.s.jdbc.core.JdbcTemplate               : Executing prepared SQL query
2025-09-04T02:11:15.268-03:00 DEBUG 12780 --- [           main] o.s.jdbc.core.JdbcTemplate               : Executing prepared SQL statement [SELECT ID, NOME, EMAIL, IDADE FROM AIC_CADASTRO WHERE ID = ?]
2025-09-04T02:11:15.269-03:00 DEBUG 12780 --- [           main] o.s.jdbc.core.JdbcTemplate               : Executing prepared SQL update
2025-09-04T02:11:15.269-03:00 DEBUG 12780 --- [           main] o.s.jdbc.core.JdbcTemplate               : Executing prepared SQL statement [UPDATE AIC_CADASTRO SET NOME = ?, EMAIL = ?, IDADE = ? WHERE ID = ?]
2025-09-04T02:11:15.270-03:00 DEBUG 12780 --- [           main] o.s.jdbc.core.JdbcTemplate               : Executing prepared SQL update
2025-09-04T02:11:15.271-03:00 DEBUG 12780 --- [           main] o.s.jdbc.core.JdbcTemplate               : Executing prepared SQL statement [DELETE FROM AIC_CADASTRO WHERE ID = ?]
2025-09-04T02:11:15.271-03:00 DEBUG 12780 --- [           main] o.s.jdbc.core.JdbcTemplate               : Executing prepared SQL query
2025-09-04T02:11:15.271-03:00 DEBUG 12780 --- [           main] o.s.jdbc.core.JdbcTemplate               : Executing prepared SQL statement [SELECT ID, NOME, EMAIL, IDADE FROM AIC_CADASTRO WHERE ID = ?]
2025-09-04T02:11:15.273-03:00 DEBUG 12780 --- [           main] o.s.jdbc.support.JdbcTransactionManager  : Initiating transaction rollback
2025-09-04T02:11:15.273-03:00 DEBUG 12780 --- [           main] o.s.jdbc.support.JdbcTransactionManager  : Rolling back JDBC transaction on Connection [HikariProxyConnection@982878604 wrapping conn0: url=jdbc:h2:mem:testdb user=SA]
2025-09-04T02:11:15.273-03:00 DEBUG 12780 --- [           main] o.s.jdbc.support.JdbcTransactionManager  : Releasing JDBC Connection [HikariProxyConnection@982878604 wrapping conn0: url=jdbc:h2:mem:testdb user=SA] after transaction
]]></system-out>
  </testcase>
  <testcase name="testRead_ExistingId_ShouldReturnCadastro" classname="com.mls.workflow.core.service.CadastroServiceTest" time="0.006">
    <system-out><![CDATA[2025-09-04T02:11:15.275-03:00 DEBUG 12780 --- [           main] o.s.jdbc.support.JdbcTransactionManager  : Creating new transaction with name [com.mls.workflow.core.service.CadastroServiceTest.testRead_ExistingId_ShouldReturnCadastro]: PROPAGATION_REQUIRED,ISOLATION_DEFAULT
2025-09-04T02:11:15.275-03:00 DEBUG 12780 --- [           main] o.s.jdbc.support.JdbcTransactionManager  : Acquired Connection [HikariProxyConnection@1304642577 wrapping conn0: url=jdbc:h2:mem:testdb user=SA] for JDBC transaction
2025-09-04T02:11:15.275-03:00 DEBUG 12780 --- [           main] o.s.jdbc.support.JdbcTransactionManager  : Switching JDBC Connection [HikariProxyConnection@1304642577 wrapping conn0: url=jdbc:h2:mem:testdb user=SA] to manual commit
2025-09-04T02:11:15.276-03:00 DEBUG 12780 --- [           main] o.s.jdbc.core.JdbcTemplate               : Executing prepared SQL query
2025-09-04T02:11:15.277-03:00 DEBUG 12780 --- [           main] o.s.jdbc.core.JdbcTemplate               : Executing prepared SQL statement [SELECT ID, NOME, EMAIL, IDADE FROM AIC_CADASTRO WHERE ID = ?]
2025-09-04T02:11:15.279-03:00 DEBUG 12780 --- [           main] o.s.jdbc.support.JdbcTransactionManager  : Initiating transaction rollback
2025-09-04T02:11:15.279-03:00 DEBUG 12780 --- [           main] o.s.jdbc.support.JdbcTransactionManager  : Rolling back JDBC transaction on Connection [HikariProxyConnection@1304642577 wrapping conn0: url=jdbc:h2:mem:testdb user=SA]
2025-09-04T02:11:15.279-03:00 DEBUG 12780 --- [           main] o.s.jdbc.support.JdbcTransactionManager  : Releasing JDBC Connection [HikariProxyConnection@1304642577 wrapping conn0: url=jdbc:h2:mem:testdb user=SA] after transaction
]]></system-out>
  </testcase>
  <testcase name="testRead_NonExistingId_ShouldReturnEmpty" classname="com.mls.workflow.core.service.CadastroServiceTest" time="0.012">
    <system-out><![CDATA[2025-09-04T02:11:15.281-03:00 DEBUG 12780 --- [           main] o.s.jdbc.support.JdbcTransactionManager  : Creating new transaction with name [com.mls.workflow.core.service.CadastroServiceTest.testRead_NonExistingId_ShouldReturnEmpty]: PROPAGATION_REQUIRED,ISOLATION_DEFAULT
2025-09-04T02:11:15.282-03:00 DEBUG 12780 --- [           main] o.s.jdbc.support.JdbcTransactionManager  : Acquired Connection [HikariProxyConnection@191479412 wrapping conn0: url=jdbc:h2:mem:testdb user=SA] for JDBC transaction
2025-09-04T02:11:15.282-03:00 DEBUG 12780 --- [           main] o.s.jdbc.support.JdbcTransactionManager  : Switching JDBC Connection [HikariProxyConnection@191479412 wrapping conn0: url=jdbc:h2:mem:testdb user=SA] to manual commit
2025-09-04T02:11:15.289-03:00 DEBUG 12780 --- [           main] o.s.jdbc.core.JdbcTemplate               : Executing prepared SQL query
2025-09-04T02:11:15.289-03:00 DEBUG 12780 --- [           main] o.s.jdbc.core.JdbcTemplate               : Executing prepared SQL statement [SELECT ID, NOME, EMAIL, IDADE FROM AIC_CADASTRO WHERE ID = ?]
2025-09-04T02:11:15.292-03:00 DEBUG 12780 --- [           main] o.s.jdbc.support.JdbcTransactionManager  : Initiating transaction rollback
2025-09-04T02:11:15.293-03:00 DEBUG 12780 --- [           main] o.s.jdbc.support.JdbcTransactionManager  : Rolling back JDBC transaction on Connection [HikariProxyConnection@191479412 wrapping conn0: url=jdbc:h2:mem:testdb user=SA]
2025-09-04T02:11:15.293-03:00 DEBUG 12780 --- [           main] o.s.jdbc.support.JdbcTransactionManager  : Releasing JDBC Connection [HikariProxyConnection@191479412 wrapping conn0: url=jdbc:h2:mem:testdb user=SA] after transaction
]]></system-out>
  </testcase>
  <testcase name="testCreate_InvalidEmail_ShouldThrowConstraintViolationException" classname="com.mls.workflow.core.service.CadastroServiceTest" time="0.006">
    <system-out><![CDATA[2025-09-04T02:11:15.295-03:00 DEBUG 12780 --- [           main] o.s.jdbc.support.JdbcTransactionManager  : Creating new transaction with name [com.mls.workflow.core.service.CadastroServiceTest.testCreate_InvalidEmail_ShouldThrowConstraintViolationException]: PROPAGATION_REQUIRED,ISOLATION_DEFAULT
2025-09-04T02:11:15.296-03:00 DEBUG 12780 --- [           main] o.s.jdbc.support.JdbcTransactionManager  : Acquired Connection [HikariProxyConnection@584393428 wrapping conn0: url=jdbc:h2:mem:testdb user=SA] for JDBC transaction
2025-09-04T02:11:15.296-03:00 DEBUG 12780 --- [           main] o.s.jdbc.support.JdbcTransactionManager  : Switching JDBC Connection [HikariProxyConnection@584393428 wrapping conn0: url=jdbc:h2:mem:testdb user=SA] to manual commit
2025-09-04T02:11:15.300-03:00 DEBUG 12780 --- [           main] o.s.jdbc.support.JdbcTransactionManager  : Initiating transaction rollback
2025-09-04T02:11:15.300-03:00 DEBUG 12780 --- [           main] o.s.jdbc.support.JdbcTransactionManager  : Rolling back JDBC transaction on Connection [HikariProxyConnection@584393428 wrapping conn0: url=jdbc:h2:mem:testdb user=SA]
2025-09-04T02:11:15.300-03:00 DEBUG 12780 --- [           main] o.s.jdbc.support.JdbcTransactionManager  : Releasing JDBC Connection [HikariProxyConnection@584393428 wrapping conn0: url=jdbc:h2:mem:testdb user=SA] after transaction
]]></system-out>
  </testcase>
  <testcase name="testDelete_NonExistingId_ShouldReturnFalse" classname="com.mls.workflow.core.service.CadastroServiceTest" time="0.005">
    <system-out><![CDATA[2025-09-04T02:11:15.302-03:00 DEBUG 12780 --- [           main] o.s.jdbc.support.JdbcTransactionManager  : Creating new transaction with name [com.mls.workflow.core.service.CadastroServiceTest.testDelete_NonExistingId_ShouldReturnFalse]: PROPAGATION_REQUIRED,ISOLATION_DEFAULT
2025-09-04T02:11:15.302-03:00 DEBUG 12780 --- [           main] o.s.jdbc.support.JdbcTransactionManager  : Acquired Connection [HikariProxyConnection@2010974921 wrapping conn0: url=jdbc:h2:mem:testdb user=SA] for JDBC transaction
2025-09-04T02:11:15.303-03:00 DEBUG 12780 --- [           main] o.s.jdbc.support.JdbcTransactionManager  : Switching JDBC Connection [HikariProxyConnection@2010974921 wrapping conn0: url=jdbc:h2:mem:testdb user=SA] to manual commit
2025-09-04T02:11:15.305-03:00 DEBUG 12780 --- [           main] o.s.jdbc.core.JdbcTemplate               : Executing prepared SQL update
2025-09-04T02:11:15.305-03:00 DEBUG 12780 --- [           main] o.s.jdbc.core.JdbcTemplate               : Executing prepared SQL statement [DELETE FROM AIC_CADASTRO WHERE ID = ?]
2025-09-04T02:11:15.307-03:00 DEBUG 12780 --- [           main] o.s.jdbc.support.JdbcTransactionManager  : Initiating transaction rollback
2025-09-04T02:11:15.307-03:00 DEBUG 12780 --- [           main] o.s.jdbc.support.JdbcTransactionManager  : Rolling back JDBC transaction on Connection [HikariProxyConnection@2010974921 wrapping conn0: url=jdbc:h2:mem:testdb user=SA]
2025-09-04T02:11:15.307-03:00 DEBUG 12780 --- [           main] o.s.jdbc.support.JdbcTransactionManager  : Releasing JDBC Connection [HikariProxyConnection@2010974921 wrapping conn0: url=jdbc:h2:mem:testdb user=SA] after transaction
]]></system-out>
  </testcase>
  <testcase name="testCreate_ValidCadastro_ShouldReturnCreatedCadastro" classname="com.mls.workflow.core.service.CadastroServiceTest" time="0.006">
    <system-out><![CDATA[2025-09-04T02:11:15.309-03:00 DEBUG 12780 --- [           main] o.s.jdbc.support.JdbcTransactionManager  : Creating new transaction with name [com.mls.workflow.core.service.CadastroServiceTest.testCreate_ValidCadastro_ShouldReturnCreatedCadastro]: PROPAGATION_REQUIRED,ISOLATION_DEFAULT
2025-09-04T02:11:15.309-03:00 DEBUG 12780 --- [           main] o.s.jdbc.support.JdbcTransactionManager  : Acquired Connection [HikariProxyConnection@1317342824 wrapping conn0: url=jdbc:h2:mem:testdb user=SA] for JDBC transaction
2025-09-04T02:11:15.309-03:00 DEBUG 12780 --- [           main] o.s.jdbc.support.JdbcTransactionManager  : Switching JDBC Connection [HikariProxyConnection@1317342824 wrapping conn0: url=jdbc:h2:mem:testdb user=SA] to manual commit
2025-09-04T02:11:15.311-03:00 DEBUG 12780 --- [           main] o.s.jdbc.core.JdbcTemplate               : Executing SQL update and returning generated keys
2025-09-04T02:11:15.311-03:00 DEBUG 12780 --- [           main] o.s.jdbc.core.JdbcTemplate               : Executing prepared SQL statement
2025-09-04T02:11:15.314-03:00 DEBUG 12780 --- [           main] o.s.jdbc.support.JdbcTransactionManager  : Initiating transaction rollback
2025-09-04T02:11:15.314-03:00 DEBUG 12780 --- [           main] o.s.jdbc.support.JdbcTransactionManager  : Rolling back JDBC transaction on Connection [HikariProxyConnection@1317342824 wrapping conn0: url=jdbc:h2:mem:testdb user=SA]
2025-09-04T02:11:15.314-03:00 DEBUG 12780 --- [           main] o.s.jdbc.support.JdbcTransactionManager  : Releasing JDBC Connection [HikariProxyConnection@1317342824 wrapping conn0: url=jdbc:h2:mem:testdb user=SA] after transaction
]]></system-out>
  </testcase>
  <testcase name="testUpdate_InvalidCadastro_ShouldThrowConstraintViolationException" classname="com.mls.workflow.core.service.CadastroServiceTest" time="0.006">
    <system-out><![CDATA[2025-09-04T02:11:15.316-03:00 DEBUG 12780 --- [           main] o.s.jdbc.support.JdbcTransactionManager  : Creating new transaction with name [com.mls.workflow.core.service.CadastroServiceTest.testUpdate_InvalidCadastro_ShouldThrowConstraintViolationException]: PROPAGATION_REQUIRED,ISOLATION_DEFAULT
2025-09-04T02:11:15.316-03:00 DEBUG 12780 --- [           main] o.s.jdbc.support.JdbcTransactionManager  : Acquired Connection [HikariProxyConnection@290161071 wrapping conn0: url=jdbc:h2:mem:testdb user=SA] for JDBC transaction
2025-09-04T02:11:15.316-03:00 DEBUG 12780 --- [           main] o.s.jdbc.support.JdbcTransactionManager  : Switching JDBC Connection [HikariProxyConnection@290161071 wrapping conn0: url=jdbc:h2:mem:testdb user=SA] to manual commit
2025-09-04T02:11:15.321-03:00 DEBUG 12780 --- [           main] o.s.jdbc.support.JdbcTransactionManager  : Initiating transaction rollback
2025-09-04T02:11:15.321-03:00 DEBUG 12780 --- [           main] o.s.jdbc.support.JdbcTransactionManager  : Rolling back JDBC transaction on Connection [HikariProxyConnection@290161071 wrapping conn0: url=jdbc:h2:mem:testdb user=SA]
2025-09-04T02:11:15.321-03:00 DEBUG 12780 --- [           main] o.s.jdbc.support.JdbcTransactionManager  : Releasing JDBC Connection [HikariProxyConnection@290161071 wrapping conn0: url=jdbc:h2:mem:testdb user=SA] after transaction
]]></system-out>
  </testcase>
  <testcase name="testCreate_InvalidCadastro_ShouldThrowConstraintViolationException" classname="com.mls.workflow.core.service.CadastroServiceTest" time="0.005">
    <system-out><![CDATA[2025-09-04T02:11:15.322-03:00 DEBUG 12780 --- [           main] o.s.jdbc.support.JdbcTransactionManager  : Creating new transaction with name [com.mls.workflow.core.service.CadastroServiceTest.testCreate_InvalidCadastro_ShouldThrowConstraintViolationException]: PROPAGATION_REQUIRED,ISOLATION_DEFAULT
2025-09-04T02:11:15.323-03:00 DEBUG 12780 --- [           main] o.s.jdbc.support.JdbcTransactionManager  : Acquired Connection [HikariProxyConnection@1826651574 wrapping conn0: url=jdbc:h2:mem:testdb user=SA] for JDBC transaction
2025-09-04T02:11:15.323-03:00 DEBUG 12780 --- [           main] o.s.jdbc.support.JdbcTransactionManager  : Switching JDBC Connection [HikariProxyConnection@1826651574 wrapping conn0: url=jdbc:h2:mem:testdb user=SA] to manual commit
2025-09-04T02:11:15.326-03:00 DEBUG 12780 --- [           main] o.s.jdbc.support.JdbcTransactionManager  : Initiating transaction rollback
2025-09-04T02:11:15.326-03:00 DEBUG 12780 --- [           main] o.s.jdbc.support.JdbcTransactionManager  : Rolling back JDBC transaction on Connection [HikariProxyConnection@1826651574 wrapping conn0: url=jdbc:h2:mem:testdb user=SA]
2025-09-04T02:11:15.327-03:00 DEBUG 12780 --- [           main] o.s.jdbc.support.JdbcTransactionManager  : Releasing JDBC Connection [HikariProxyConnection@1826651574 wrapping conn0: url=jdbc:h2:mem:testdb user=SA] after transaction
]]></system-out>
  </testcase>
</testsuite>