<?xml version="1.0" encoding="UTF-8"?>
<testsuite xmlns:xsi="http://www.w3.org/2001/XMLSchema-instance" xsi:noNamespaceSchemaLocation="https://maven.apache.org/surefire/maven-surefire-plugin/xsd/surefire-test-report-3.0.xsd" version="3.0" name="com.mls.workflow.core.service.CadastroServiceTest" time="7.643" tests="14" errors="0" skipped="0" failures="0">
  <properties>
    <property name="java.specification.version" value="24"/>
    <property name="sun.jnu.encoding" value="UTF-8"/>
    <property name="java.class.path" value="/Users/marcelo/eclipse-workspace/AIC7Demo/target/test-classes:/Users/marcelo/eclipse-workspace/AIC7Demo/target/classes:/Users/marcelo/.m2/repository/org/camunda/bpm/springboot/camunda-bpm-spring-boot-starter-rest/7.23.0/camunda-bpm-spring-boot-starter-rest-7.23.0.jar:/Users/marcelo/.m2/repository/org/camunda/bpm/springboot/camunda-bpm-spring-boot-starter/7.23.0/camunda-bpm-spring-boot-starter-7.23.0.jar:/Users/marcelo/.m2/repository/org/camunda/bpm/camunda-engine-spring-6/7.23.0/camunda-engine-spring-6-7.23.0.jar:/Users/marcelo/.m2/repository/org/camunda/bpm/camunda-engine/7.23.0/camunda-engine-7.23.0.jar:/Users/marcelo/.m2/repository/org/camunda/bpm/model/camunda-bpmn-model/7.23.0/camunda-bpmn-model-7.23.0.jar:/Users/marcelo/.m2/repository/org/camunda/bpm/model/camunda-xml-model/7.23.0/camunda-xml-model-7.23.0.jar:/Users/marcelo/.m2/repository/org/camunda/bpm/model/camunda-cmmn-model/7.23.0/camunda-cmmn-model-7.23.0.jar:/Users/marcelo/.m2/repository/org/camunda/bpm/juel/camunda-juel/7.23.0/camunda-juel-7.23.0.jar:/Users/marcelo/.m2/repository/org/camunda/bpm/dmn/camunda-engine-dmn/7.23.0/camunda-engine-dmn-7.23.0.jar:/Users/marcelo/.m2/repository/org/camunda/bpm/model/camunda-dmn-model/7.23.0/camunda-dmn-model-7.23.0.jar:/Users/marcelo/.m2/repository/org/camunda/bpm/dmn/camunda-engine-feel-api/7.23.0/camunda-engine-feel-api-7.23.0.jar:/Users/marcelo/.m2/repository/org/camunda/bpm/dmn/camunda-engine-feel-juel/7.23.0/camunda-engine-feel-juel-7.23.0.jar:/Users/marcelo/.m2/repository/org/camunda/bpm/dmn/camunda-engine-feel-scala/7.23.0/camunda-engine-feel-scala-7.23.0.jar:/Users/marcelo/.m2/repository/org/camunda/feel/feel-engine/1.19.1/feel-engine-1.19.1-scala-shaded.jar:/Users/marcelo/.m2/repository/org/camunda/commons/camunda-commons-typed-values/7.23.0/camunda-commons-typed-values-7.23.0.jar:/Users/marcelo/.m2/repository/org/mybatis/mybatis/3.5.15/mybatis-3.5.15.jar:/Users/marcelo/.m2/repository/joda-time/joda-time/2.12.5/joda-time-2.12.5.jar:/Users/marcelo/.m2/repository/org/springframework/spring-context/6.1.8/spring-context-6.1.8.jar:/Users/marcelo/.m2/repository/org/springframework/spring-tx/6.1.8/spring-tx-6.1.8.jar:/Users/marcelo/.m2/repository/org/springframework/spring-orm/6.1.8/spring-orm-6.1.8.jar:/Users/marcelo/.m2/repository/org/springframework/boot/spring-boot-autoconfigure/3.3.0/spring-boot-autoconfigure-3.3.0.jar:/Users/marcelo/.m2/repository/org/apache/commons/commons-lang3/3.14.0/commons-lang3-3.14.0.jar:/Users/marcelo/.m2/repository/com/fasterxml/uuid/java-uuid-generator/4.3.0/java-uuid-generator-4.3.0.jar:/Users/marcelo/.m2/repository/com/sun/xml/bind/jaxb-impl/4.0.5/jaxb-impl-4.0.5.jar:/Users/marcelo/.m2/repository/com/sun/xml/bind/jaxb-core/4.0.5/jaxb-core-4.0.5.jar:/Users/marcelo/.m2/repository/org/eclipse/angus/angus-activation/2.0.2/angus-activation-2.0.2.jar:/Users/marcelo/.m2/repository/org/camunda/bpm/camunda-engine-rest-core-jakarta/7.23.0/camunda-engine-rest-core-jakarta-7.23.0.jar:/Users/marcelo/.m2/repository/commons-fileupload/commons-fileupload/1.5/commons-fileupload-1.5.jar:/Users/marcelo/.m2/repository/commons-io/commons-io/2.17.0/commons-io-2.17.0.jar:/Users/marcelo/.m2/repository/com/fasterxml/jackson/jakarta/rs/jackson-jakarta-rs-json-provider/2.17.1/jackson-jakarta-rs-json-provider-2.17.1.jar:/Users/marcelo/.m2/repository/com/fasterxml/jackson/jakarta/rs/jackson-jakarta-rs-base/2.17.1/jackson-jakarta-rs-base-2.17.1.jar:/Users/marcelo/.m2/repository/com/fasterxml/jackson/module/jackson-module-jakarta-xmlbind-annotations/2.17.1/jackson-module-jakarta-xmlbind-annotations-2.17.1.jar:/Users/marcelo/.m2/repository/com/fasterxml/jackson/core/jackson-databind/2.17.1/jackson-databind-2.17.1.jar:/Users/marcelo/.m2/repository/com/fasterxml/jackson/core/jackson-annotations/2.17.1/jackson-annotations-2.17.1.jar:/Users/marcelo/.m2/repository/com/fasterxml/jackson/core/jackson-core/2.17.1/jackson-core-2.17.1.jar:/Users/marcelo/.m2/repository/com/fasterxml/jackson/datatype/jackson-datatype-jsr310/2.17.1/jackson-datatype-jsr310-2.17.1.jar:/Users/marcelo/.m2/repository/org/springframework/boot/spring-boot-starter-jersey/3.3.0/spring-boot-starter-jersey-3.3.0.jar:/Users/marcelo/.m2/repository/org/springframework/boot/spring-boot-starter-json/3.3.0/spring-boot-starter-json-3.3.0.jar:/Users/marcelo/.m2/repository/com/fasterxml/jackson/datatype/jackson-datatype-jdk8/2.17.1/jackson-datatype-jdk8-2.17.1.jar:/Users/marcelo/.m2/repository/com/fasterxml/jackson/module/jackson-module-parameter-names/2.17.1/jackson-module-parameter-names-2.17.1.jar:/Users/marcelo/.m2/repository/org/springframework/boot/spring-boot-starter-tomcat/3.3.0/spring-boot-starter-tomcat-3.3.0.jar:/Users/marcelo/.m2/repository/org/apache/tomcat/embed/tomcat-embed-core/10.1.24/tomcat-embed-core-10.1.24.jar:/Users/marcelo/.m2/repository/org/apache/tomcat/embed/tomcat-embed-websocket/10.1.24/tomcat-embed-websocket-10.1.24.jar:/Users/marcelo/.m2/repository/org/springframework/spring-web/6.1.8/spring-web-6.1.8.jar:/Users/marcelo/.m2/repository/org/glassfish/jersey/containers/jersey-container-servlet-core/3.1.6/jersey-container-servlet-core-3.1.6.jar:/Users/marcelo/.m2/repository/jakarta/inject/jakarta.inject-api/2.0.1/jakarta.inject-api-2.0.1.jar:/Users/marcelo/.m2/repository/org/glassfish/jersey/core/jersey-common/3.1.6/jersey-common-3.1.6.jar:/Users/marcelo/.m2/repository/org/glassfish/hk2/osgi-resource-locator/1.0.3/osgi-resource-locator-1.0.3.jar:/Users/marcelo/.m2/repository/jakarta/ws/rs/jakarta.ws.rs-api/3.1.0/jakarta.ws.rs-api-3.1.0.jar:/Users/marcelo/.m2/repository/org/glassfish/jersey/containers/jersey-container-servlet/3.1.6/jersey-container-servlet-3.1.6.jar:/Users/marcelo/.m2/repository/org/glassfish/jersey/core/jersey-server/3.1.6/jersey-server-3.1.6.jar:/Users/marcelo/.m2/repository/org/glassfish/jersey/core/jersey-client/3.1.6/jersey-client-3.1.6.jar:/Users/marcelo/.m2/repository/org/glassfish/jersey/ext/jersey-bean-validation/3.1.6/jersey-bean-validation-3.1.6.jar:/Users/marcelo/.m2/repository/org/glassfish/expressly/expressly/5.0.0/expressly-5.0.0.jar:/Users/marcelo/.m2/repository/org/glassfish/jersey/ext/jersey-spring6/3.1.6/jersey-spring6-3.1.6.jar:/Users/marcelo/.m2/repository/org/glassfish/jersey/inject/jersey-hk2/3.1.6/jersey-hk2-3.1.6.jar:/Users/marcelo/.m2/repository/org/glassfish/hk2/hk2-locator/3.0.6/hk2-locator-3.0.6.jar:/Users/marcelo/.m2/repository/org/glassfish/hk2/external/aopalliance-repackaged/3.0.6/aopalliance-repackaged-3.0.6.jar:/Users/marcelo/.m2/repository/org/javassist/javassist/3.30.2-GA/javassist-3.30.2-GA.jar:/Users/marcelo/.m2/repository/org/glassfish/hk2/hk2/3.0.6/hk2-3.0.6.jar:/Users/marcelo/.m2/repository/org/glassfish/hk2/hk2-utils/3.0.6/hk2-utils-3.0.6.jar:/Users/marcelo/.m2/repository/org/glassfish/hk2/hk2-api/3.0.6/hk2-api-3.0.6.jar:/Users/marcelo/.m2/repository/org/glassfish/hk2/hk2-core/3.0.6/hk2-core-3.0.6.jar:/Users/marcelo/.m2/repository/org/glassfish/hk2/hk2-runlevel/3.0.6/hk2-runlevel-3.0.6.jar:/Users/marcelo/.m2/repository/org/glassfish/hk2/class-model/3.0.6/class-model-3.0.6.jar:/Users/marcelo/.m2/repository/org/ow2/asm/asm-analysis/9.6/asm-analysis-9.6.jar:/Users/marcelo/.m2/repository/org/ow2/asm/asm-commons/9.6/asm-commons-9.6.jar:/Users/marcelo/.m2/repository/org/ow2/asm/asm-tree/9.6/asm-tree-9.6.jar:/Users/marcelo/.m2/repository/org/ow2/asm/asm-util/9.6/asm-util-9.6.jar:/Users/marcelo/.m2/repository/org/glassfish/hk2/spring-bridge/3.0.6/spring-bridge-3.0.6.jar:/Users/marcelo/.m2/repository/org/glassfish/jersey/media/jersey-media-json-jackson/3.1.6/jersey-media-json-jackson-3.1.6.jar:/Users/marcelo/.m2/repository/org/glassfish/jersey/ext/jersey-entity-filtering/3.1.6/jersey-entity-filtering-3.1.6.jar:/Users/marcelo/.m2/repository/org/camunda/bpm/springboot/camunda-bpm-spring-boot-starter-webapp/7.23.0/camunda-bpm-spring-boot-starter-webapp-7.23.0.jar:/Users/marcelo/.m2/repository/org/camunda/bpm/springboot/camunda-bpm-spring-boot-starter-webapp-core/7.23.0/camunda-bpm-spring-boot-starter-webapp-core-7.23.0.jar:/Users/marcelo/.m2/repository/org/camunda/bpm/webapp/camunda-webapp-jakarta/7.23.0/camunda-webapp-jakarta-7.23.0-classes.jar:/Users/marcelo/.m2/repository/org/springframework/boot/spring-boot-starter-web/3.3.0/spring-boot-starter-web-3.3.0.jar:/Users/marcelo/.m2/repository/org/camunda/bpm/webapp/camunda-webapp-webjar/7.23.0/camunda-webapp-webjar-7.23.0.jar:/Users/marcelo/.m2/repository/org/camunda/bpm/springboot/camunda-bpm-spring-boot-starter-security/7.23.0/camunda-bpm-spring-boot-starter-security-7.23.0.jar:/Users/marcelo/.m2/repository/org/springframework/boot/spring-boot-starter-oauth2-client/3.3.0/spring-boot-starter-oauth2-client-3.3.0.jar:/Users/marcelo/.m2/repository/org/springframework/security/spring-security-core/6.3.0/spring-security-core-6.3.0.jar:/Users/marcelo/.m2/repository/org/springframework/security/spring-security-crypto/6.3.0/spring-security-crypto-6.3.0.jar:/Users/marcelo/.m2/repository/org/springframework/security/spring-security-oauth2-client/6.3.0/spring-security-oauth2-client-6.3.0.jar:/Users/marcelo/.m2/repository/org/springframework/security/spring-security-oauth2-core/6.3.0/spring-security-oauth2-core-6.3.0.jar:/Users/marcelo/.m2/repository/com/nimbusds/oauth2-oidc-sdk/9.43.4/oauth2-oidc-sdk-9.43.4.jar:/Users/marcelo/.m2/repository/com/github/stephenc/jcip/jcip-annotations/1.0-1/jcip-annotations-1.0-1.jar:/Users/marcelo/.m2/repository/com/nimbusds/content-type/2.2/content-type-2.2.jar:/Users/marcelo/.m2/repository/com/nimbusds/lang-tag/1.7/lang-tag-1.7.jar:/Users/marcelo/.m2/repository/org/springframework/security/spring-security-oauth2-jose/6.3.0/spring-security-oauth2-jose-6.3.0.jar:/Users/marcelo/.m2/repository/com/nimbusds/nimbus-jose-jwt/9.37.3/nimbus-jose-jwt-9.37.3.jar:/Users/marcelo/.m2/repository/org/camunda/bpm/camunda-engine-plugin-spin/7.23.0/camunda-engine-plugin-spin-7.23.0.jar:/Users/marcelo/.m2/repository/org/camunda/spin/camunda-spin-core/7.23.0/camunda-spin-core-7.23.0.jar:/Users/marcelo/.m2/repository/org/camunda/spin/camunda-spin-dataformat-all/7.23.0/camunda-spin-dataformat-all-7.23.0.jar:/Users/marcelo/.m2/repository/org/camunda/commons/camunda-commons-logging/7.23.0/camunda-commons-logging-7.23.0.jar:/Users/marcelo/.m2/repository/org/camunda/commons/camunda-commons-utils/7.23.0/camunda-commons-utils-7.23.0.jar:/Users/marcelo/.m2/repository/com/h2database/h2/2.2.224/h2-2.2.224.jar:/Users/marcelo/.m2/repository/org/slf4j/slf4j-api/2.0.13/slf4j-api-2.0.13.jar:/Users/marcelo/.m2/repository/org/springframework/boot/spring-boot-starter-jdbc/3.3.0/spring-boot-starter-jdbc-3.3.0.jar:/Users/marcelo/.m2/repository/org/springframework/boot/spring-boot-starter/3.3.0/spring-boot-starter-3.3.0.jar:/Users/marcelo/.m2/repository/org/springframework/boot/spring-boot/3.3.0/spring-boot-3.3.0.jar:/Users/marcelo/.m2/repository/org/springframework/boot/spring-boot-starter-logging/3.3.0/spring-boot-starter-logging-3.3.0.jar:/Users/marcelo/.m2/repository/ch/qos/logback/logback-classic/1.5.6/logback-classic-1.5.6.jar:/Users/marcelo/.m2/repository/ch/qos/logback/logback-core/1.5.6/logback-core-1.5.6.jar:/Users/marcelo/.m2/repository/org/apache/logging/log4j/log4j-to-slf4j/2.23.1/log4j-to-slf4j-2.23.1.jar:/Users/marcelo/.m2/repository/org/apache/logging/log4j/log4j-api/2.23.1/log4j-api-2.23.1.jar:/Users/marcelo/.m2/repository/org/slf4j/jul-to-slf4j/2.0.13/jul-to-slf4j-2.0.13.jar:/Users/marcelo/.m2/repository/jakarta/annotation/jakarta.annotation-api/2.1.1/jakarta.annotation-api-2.1.1.jar:/Users/marcelo/.m2/repository/org/yaml/snakeyaml/2.2/snakeyaml-2.2.jar:/Users/marcelo/.m2/repository/com/zaxxer/HikariCP/5.1.0/HikariCP-5.1.0.jar:/Users/marcelo/.m2/repository/org/springframework/spring-jdbc/6.1.8/spring-jdbc-6.1.8.jar:/Users/marcelo/.m2/repository/org/springframework/spring-beans/6.1.8/spring-beans-6.1.8.jar:/Users/marcelo/.m2/repository/org/springdoc/springdoc-openapi-starter-webmvc-ui/2.5.0/springdoc-openapi-starter-webmvc-ui-2.5.0.jar:/Users/marcelo/.m2/repository/org/springdoc/springdoc-openapi-starter-webmvc-api/2.5.0/springdoc-openapi-starter-webmvc-api-2.5.0.jar:/Users/marcelo/.m2/repository/org/springdoc/springdoc-openapi-starter-common/2.5.0/springdoc-openapi-starter-common-2.5.0.jar:/Users/marcelo/.m2/repository/io/swagger/core/v3/swagger-core-jakarta/2.2.21/swagger-core-jakarta-2.2.21.jar:/Users/marcelo/.m2/repository/io/swagger/core/v3/swagger-annotations-jakarta/2.2.21/swagger-annotations-jakarta-2.2.21.jar:/Users/marcelo/.m2/repository/io/swagger/core/v3/swagger-models-jakarta/2.2.21/swagger-models-jakarta-2.2.21.jar:/Users/marcelo/.m2/repository/com/fasterxml/jackson/dataformat/jackson-dataformat-yaml/2.17.1/jackson-dataformat-yaml-2.17.1.jar:/Users/marcelo/.m2/repository/org/springframework/spring-webmvc/6.1.8/spring-webmvc-6.1.8.jar:/Users/marcelo/.m2/repository/org/webjars/swagger-ui/5.13.0/swagger-ui-5.13.0.jar:/Users/marcelo/.m2/repository/org/springframework/boot/spring-boot-starter-validation/3.3.0/spring-boot-starter-validation-3.3.0.jar:/Users/marcelo/.m2/repository/org/apache/tomcat/embed/tomcat-embed-el/10.1.24/tomcat-embed-el-10.1.24.jar:/Users/marcelo/.m2/repository/org/hibernate/validator/hibernate-validator/8.0.1.Final/hibernate-validator-8.0.1.Final.jar:/Users/marcelo/.m2/repository/jakarta/validation/jakarta.validation-api/3.0.2/jakarta.validation-api-3.0.2.jar:/Users/marcelo/.m2/repository/org/jboss/logging/jboss-logging/3.5.3.Final/jboss-logging-3.5.3.Final.jar:/Users/marcelo/.m2/repository/com/fasterxml/classmate/1.7.0/classmate-1.7.0.jar:/Users/marcelo/.m2/repository/org/springframework/boot/spring-boot-starter-security/3.3.0/spring-boot-starter-security-3.3.0.jar:/Users/marcelo/.m2/repository/org/springframework/spring-aop/6.1.8/spring-aop-6.1.8.jar:/Users/marcelo/.m2/repository/org/springframework/security/spring-security-config/6.3.0/spring-security-config-6.3.0.jar:/Users/marcelo/.m2/repository/org/springframework/security/spring-security-web/6.3.0/spring-security-web-6.3.0.jar:/Users/marcelo/.m2/repository/org/springframework/spring-expression/6.1.8/spring-expression-6.1.8.jar:/Users/marcelo/.m2/repository/org/springframework/boot/spring-boot-starter-actuator/3.3.0/spring-boot-starter-actuator-3.3.0.jar:/Users/marcelo/.m2/repository/org/springframework/boot/spring-boot-actuator-autoconfigure/3.3.0/spring-boot-actuator-autoconfigure-3.3.0.jar:/Users/marcelo/.m2/repository/org/springframework/boot/spring-boot-actuator/3.3.0/spring-boot-actuator-3.3.0.jar:/Users/marcelo/.m2/repository/io/micrometer/micrometer-observation/1.13.0/micrometer-observation-1.13.0.jar:/Users/marcelo/.m2/repository/io/micrometer/micrometer-commons/1.13.0/micrometer-commons-1.13.0.jar:/Users/marcelo/.m2/repository/io/micrometer/micrometer-jakarta9/1.13.0/micrometer-jakarta9-1.13.0.jar:/Users/marcelo/.m2/repository/io/micrometer/micrometer-core/1.13.0/micrometer-core-1.13.0.jar:/Users/marcelo/.m2/repository/org/hdrhistogram/HdrHistogram/2.2.1/HdrHistogram-2.2.1.jar:/Users/marcelo/.m2/repository/org/latencyutils/LatencyUtils/2.0.3/LatencyUtils-2.0.3.jar:/Users/marcelo/.m2/repository/org/springframework/boot/spring-boot-starter-test/3.3.0/spring-boot-starter-test-3.3.0.jar:/Users/marcelo/.m2/repository/org/springframework/boot/spring-boot-test/3.3.0/spring-boot-test-3.3.0.jar:/Users/marcelo/.m2/repository/org/springframework/boot/spring-boot-test-autoconfigure/3.3.0/spring-boot-test-autoconfigure-3.3.0.jar:/Users/marcelo/.m2/repository/com/jayway/jsonpath/json-path/2.9.0/json-path-2.9.0.jar:/Users/marcelo/.m2/repository/jakarta/xml/bind/jakarta.xml.bind-api/4.0.2/jakarta.xml.bind-api-4.0.2.jar:/Users/marcelo/.m2/repository/jakarta/activation/jakarta.activation-api/2.1.3/jakarta.activation-api-2.1.3.jar:/Users/marcelo/.m2/repository/net/minidev/json-smart/2.5.1/json-smart-2.5.1.jar:/Users/marcelo/.m2/repository/net/minidev/accessors-smart/2.5.1/accessors-smart-2.5.1.jar:/Users/marcelo/.m2/repository/org/ow2/asm/asm/9.6/asm-9.6.jar:/Users/marcelo/.m2/repository/org/assertj/assertj-core/3.25.3/assertj-core-3.25.3.jar:/Users/marcelo/.m2/repository/net/bytebuddy/byte-buddy/1.14.16/byte-buddy-1.14.16.jar:/Users/marcelo/.m2/repository/org/awaitility/awaitility/4.2.1/awaitility-4.2.1.jar:/Users/marcelo/.m2/repository/org/hamcrest/hamcrest/2.2/hamcrest-2.2.jar:/Users/marcelo/.m2/repository/org/junit/jupiter/junit-jupiter/5.10.2/junit-jupiter-5.10.2.jar:/Users/marcelo/.m2/repository/org/junit/jupiter/junit-jupiter-api/5.10.2/junit-jupiter-api-5.10.2.jar:/Users/marcelo/.m2/repository/org/opentest4j/opentest4j/1.3.0/opentest4j-1.3.0.jar:/Users/marcelo/.m2/repository/org/junit/platform/junit-platform-commons/1.10.2/junit-platform-commons-1.10.2.jar:/Users/marcelo/.m2/repository/org/apiguardian/apiguardian-api/1.1.2/apiguardian-api-1.1.2.jar:/Users/marcelo/.m2/repository/org/junit/jupiter/junit-jupiter-params/5.10.2/junit-jupiter-params-5.10.2.jar:/Users/marcelo/.m2/repository/org/junit/jupiter/junit-jupiter-engine/5.10.2/junit-jupiter-engine-5.10.2.jar:/Users/marcelo/.m2/repository/org/junit/platform/junit-platform-engine/1.10.2/junit-platform-engine-1.10.2.jar:/Users/marcelo/.m2/repository/org/mockito/mockito-core/5.11.0/mockito-core-5.11.0.jar:/Users/marcelo/.m2/repository/net/bytebuddy/byte-buddy-agent/1.14.16/byte-buddy-agent-1.14.16.jar:/Users/marcelo/.m2/repository/org/objenesis/objenesis/3.3/objenesis-3.3.jar:/Users/marcelo/.m2/repository/org/mockito/mockito-junit-jupiter/5.11.0/mockito-junit-jupiter-5.11.0.jar:/Users/marcelo/.m2/repository/org/skyscreamer/jsonassert/1.5.1/jsonassert-1.5.1.jar:/Users/marcelo/.m2/repository/com/vaadin/external/google/android-json/0.0.20131108.vaadin1/android-json-0.0.20131108.vaadin1.jar:/Users/marcelo/.m2/repository/org/springframework/spring-core/6.1.8/spring-core-6.1.8.jar:/Users/marcelo/.m2/repository/org/springframework/spring-jcl/6.1.8/spring-jcl-6.1.8.jar:/Users/marcelo/.m2/repository/org/springframework/spring-test/6.1.8/spring-test-6.1.8.jar:/Users/marcelo/.m2/repository/org/xmlunit/xmlunit-core/2.9.1/xmlunit-core-2.9.1.jar:"/>
    <property name="java.vm.vendor" value="Homebrew"/>
    <property name="sun.arch.data.model" value="64"/>
    <property name="java.vendor.url" value="https://github.com/Homebrew/homebrew-core/issues"/>
    <property name="user.timezone" value="America/Sao_Paulo"/>
    <property name="org.jboss.logging.provider" value="slf4j"/>
    <property name="os.name" value="Mac OS X"/>
    <property name="java.vm.specification.version" value="24"/>
    <property name="sun.java.launcher" value="SUN_STANDARD"/>
    <property name="user.country" value="BR"/>
    <property name="sun.boot.library.path" value="/usr/local/Cellar/openjdk/24.0.2/libexec/openjdk.jdk/Contents/Home/lib"/>
    <property name="sun.java.command" value="/Users/marcelo/eclipse-workspace/AIC7Demo/target/surefire/surefirebooter-20250904011048571_3.jar /Users/marcelo/eclipse-workspace/AIC7Demo/target/surefire 2025-09-04T01-10-48_477-jvmRun1 surefire-20250904011048571_1tmp surefire_0-20250904011048571_2tmp"/>
    <property name="http.nonProxyHosts" value="local|*.local|169.254/16|*.169.254/16"/>
    <property name="jdk.debug" value="release"/>
    <property name="surefire.test.class.path" value="/Users/marcelo/eclipse-workspace/AIC7Demo/target/test-classes:/Users/marcelo/eclipse-workspace/AIC7Demo/target/classes:/Users/marcelo/.m2/repository/org/camunda/bpm/springboot/camunda-bpm-spring-boot-starter-rest/7.23.0/camunda-bpm-spring-boot-starter-rest-7.23.0.jar:/Users/marcelo/.m2/repository/org/camunda/bpm/springboot/camunda-bpm-spring-boot-starter/7.23.0/camunda-bpm-spring-boot-starter-7.23.0.jar:/Users/marcelo/.m2/repository/org/camunda/bpm/camunda-engine-spring-6/7.23.0/camunda-engine-spring-6-7.23.0.jar:/Users/marcelo/.m2/repository/org/camunda/bpm/camunda-engine/7.23.0/camunda-engine-7.23.0.jar:/Users/marcelo/.m2/repository/org/camunda/bpm/model/camunda-bpmn-model/7.23.0/camunda-bpmn-model-7.23.0.jar:/Users/marcelo/.m2/repository/org/camunda/bpm/model/camunda-xml-model/7.23.0/camunda-xml-model-7.23.0.jar:/Users/marcelo/.m2/repository/org/camunda/bpm/model/camunda-cmmn-model/7.23.0/camunda-cmmn-model-7.23.0.jar:/Users/marcelo/.m2/repository/org/camunda/bpm/juel/camunda-juel/7.23.0/camunda-juel-7.23.0.jar:/Users/marcelo/.m2/repository/org/camunda/bpm/dmn/camunda-engine-dmn/7.23.0/camunda-engine-dmn-7.23.0.jar:/Users/marcelo/.m2/repository/org/camunda/bpm/model/camunda-dmn-model/7.23.0/camunda-dmn-model-7.23.0.jar:/Users/marcelo/.m2/repository/org/camunda/bpm/dmn/camunda-engine-feel-api/7.23.0/camunda-engine-feel-api-7.23.0.jar:/Users/marcelo/.m2/repository/org/camunda/bpm/dmn/camunda-engine-feel-juel/7.23.0/camunda-engine-feel-juel-7.23.0.jar:/Users/marcelo/.m2/repository/org/camunda/bpm/dmn/camunda-engine-feel-scala/7.23.0/camunda-engine-feel-scala-7.23.0.jar:/Users/marcelo/.m2/repository/org/camunda/feel/feel-engine/1.19.1/feel-engine-1.19.1-scala-shaded.jar:/Users/marcelo/.m2/repository/org/camunda/commons/camunda-commons-typed-values/7.23.0/camunda-commons-typed-values-7.23.0.jar:/Users/marcelo/.m2/repository/org/mybatis/mybatis/3.5.15/mybatis-3.5.15.jar:/Users/marcelo/.m2/repository/joda-time/joda-time/2.12.5/joda-time-2.12.5.jar:/Users/marcelo/.m2/repository/org/springframework/spring-context/6.1.8/spring-context-6.1.8.jar:/Users/marcelo/.m2/repository/org/springframework/spring-tx/6.1.8/spring-tx-6.1.8.jar:/Users/marcelo/.m2/repository/org/springframework/spring-orm/6.1.8/spring-orm-6.1.8.jar:/Users/marcelo/.m2/repository/org/springframework/boot/spring-boot-autoconfigure/3.3.0/spring-boot-autoconfigure-3.3.0.jar:/Users/marcelo/.m2/repository/org/apache/commons/commons-lang3/3.14.0/commons-lang3-3.14.0.jar:/Users/marcelo/.m2/repository/com/fasterxml/uuid/java-uuid-generator/4.3.0/java-uuid-generator-4.3.0.jar:/Users/marcelo/.m2/repository/com/sun/xml/bind/jaxb-impl/4.0.5/jaxb-impl-4.0.5.jar:/Users/marcelo/.m2/repository/com/sun/xml/bind/jaxb-core/4.0.5/jaxb-core-4.0.5.jar:/Users/marcelo/.m2/repository/org/eclipse/angus/angus-activation/2.0.2/angus-activation-2.0.2.jar:/Users/marcelo/.m2/repository/org/camunda/bpm/camunda-engine-rest-core-jakarta/7.23.0/camunda-engine-rest-core-jakarta-7.23.0.jar:/Users/marcelo/.m2/repository/commons-fileupload/commons-fileupload/1.5/commons-fileupload-1.5.jar:/Users/marcelo/.m2/repository/commons-io/commons-io/2.17.0/commons-io-2.17.0.jar:/Users/marcelo/.m2/repository/com/fasterxml/jackson/jakarta/rs/jackson-jakarta-rs-json-provider/2.17.1/jackson-jakarta-rs-json-provider-2.17.1.jar:/Users/marcelo/.m2/repository/com/fasterxml/jackson/jakarta/rs/jackson-jakarta-rs-base/2.17.1/jackson-jakarta-rs-base-2.17.1.jar:/Users/marcelo/.m2/repository/com/fasterxml/jackson/module/jackson-module-jakarta-xmlbind-annotations/2.17.1/jackson-module-jakarta-xmlbind-annotations-2.17.1.jar:/Users/marcelo/.m2/repository/com/fasterxml/jackson/core/jackson-databind/2.17.1/jackson-databind-2.17.1.jar:/Users/marcelo/.m2/repository/com/fasterxml/jackson/core/jackson-annotations/2.17.1/jackson-annotations-2.17.1.jar:/Users/marcelo/.m2/repository/com/fasterxml/jackson/core/jackson-core/2.17.1/jackson-core-2.17.1.jar:/Users/marcelo/.m2/repository/com/fasterxml/jackson/datatype/jackson-datatype-jsr310/2.17.1/jackson-datatype-jsr310-2.17.1.jar:/Users/marcelo/.m2/repository/org/springframework/boot/spring-boot-starter-jersey/3.3.0/spring-boot-starter-jersey-3.3.0.jar:/Users/marcelo/.m2/repository/org/springframework/boot/spring-boot-starter-json/3.3.0/spring-boot-starter-json-3.3.0.jar:/Users/marcelo/.m2/repository/com/fasterxml/jackson/datatype/jackson-datatype-jdk8/2.17.1/jackson-datatype-jdk8-2.17.1.jar:/Users/marcelo/.m2/repository/com/fasterxml/jackson/module/jackson-module-parameter-names/2.17.1/jackson-module-parameter-names-2.17.1.jar:/Users/marcelo/.m2/repository/org/springframework/boot/spring-boot-starter-tomcat/3.3.0/spring-boot-starter-tomcat-3.3.0.jar:/Users/marcelo/.m2/repository/org/apache/tomcat/embed/tomcat-embed-core/10.1.24/tomcat-embed-core-10.1.24.jar:/Users/marcelo/.m2/repository/org/apache/tomcat/embed/tomcat-embed-websocket/10.1.24/tomcat-embed-websocket-10.1.24.jar:/Users/marcelo/.m2/repository/org/springframework/spring-web/6.1.8/spring-web-6.1.8.jar:/Users/marcelo/.m2/repository/org/glassfish/jersey/containers/jersey-container-servlet-core/3.1.6/jersey-container-servlet-core-3.1.6.jar:/Users/marcelo/.m2/repository/jakarta/inject/jakarta.inject-api/2.0.1/jakarta.inject-api-2.0.1.jar:/Users/marcelo/.m2/repository/org/glassfish/jersey/core/jersey-common/3.1.6/jersey-common-3.1.6.jar:/Users/marcelo/.m2/repository/org/glassfish/hk2/osgi-resource-locator/1.0.3/osgi-resource-locator-1.0.3.jar:/Users/marcelo/.m2/repository/jakarta/ws/rs/jakarta.ws.rs-api/3.1.0/jakarta.ws.rs-api-3.1.0.jar:/Users/marcelo/.m2/repository/org/glassfish/jersey/containers/jersey-container-servlet/3.1.6/jersey-container-servlet-3.1.6.jar:/Users/marcelo/.m2/repository/org/glassfish/jersey/core/jersey-server/3.1.6/jersey-server-3.1.6.jar:/Users/marcelo/.m2/repository/org/glassfish/jersey/core/jersey-client/3.1.6/jersey-client-3.1.6.jar:/Users/marcelo/.m2/repository/org/glassfish/jersey/ext/jersey-bean-validation/3.1.6/jersey-bean-validation-3.1.6.jar:/Users/marcelo/.m2/repository/org/glassfish/expressly/expressly/5.0.0/expressly-5.0.0.jar:/Users/marcelo/.m2/repository/org/glassfish/jersey/ext/jersey-spring6/3.1.6/jersey-spring6-3.1.6.jar:/Users/marcelo/.m2/repository/org/glassfish/jersey/inject/jersey-hk2/3.1.6/jersey-hk2-3.1.6.jar:/Users/marcelo/.m2/repository/org/glassfish/hk2/hk2-locator/3.0.6/hk2-locator-3.0.6.jar:/Users/marcelo/.m2/repository/org/glassfish/hk2/external/aopalliance-repackaged/3.0.6/aopalliance-repackaged-3.0.6.jar:/Users/marcelo/.m2/repository/org/javassist/javassist/3.30.2-GA/javassist-3.30.2-GA.jar:/Users/marcelo/.m2/repository/org/glassfish/hk2/hk2/3.0.6/hk2-3.0.6.jar:/Users/marcelo/.m2/repository/org/glassfish/hk2/hk2-utils/3.0.6/hk2-utils-3.0.6.jar:/Users/marcelo/.m2/repository/org/glassfish/hk2/hk2-api/3.0.6/hk2-api-3.0.6.jar:/Users/marcelo/.m2/repository/org/glassfish/hk2/hk2-core/3.0.6/hk2-core-3.0.6.jar:/Users/marcelo/.m2/repository/org/glassfish/hk2/hk2-runlevel/3.0.6/hk2-runlevel-3.0.6.jar:/Users/marcelo/.m2/repository/org/glassfish/hk2/class-model/3.0.6/class-model-3.0.6.jar:/Users/marcelo/.m2/repository/org/ow2/asm/asm-analysis/9.6/asm-analysis-9.6.jar:/Users/marcelo/.m2/repository/org/ow2/asm/asm-commons/9.6/asm-commons-9.6.jar:/Users/marcelo/.m2/repository/org/ow2/asm/asm-tree/9.6/asm-tree-9.6.jar:/Users/marcelo/.m2/repository/org/ow2/asm/asm-util/9.6/asm-util-9.6.jar:/Users/marcelo/.m2/repository/org/glassfish/hk2/spring-bridge/3.0.6/spring-bridge-3.0.6.jar:/Users/marcelo/.m2/repository/org/glassfish/jersey/media/jersey-media-json-jackson/3.1.6/jersey-media-json-jackson-3.1.6.jar:/Users/marcelo/.m2/repository/org/glassfish/jersey/ext/jersey-entity-filtering/3.1.6/jersey-entity-filtering-3.1.6.jar:/Users/marcelo/.m2/repository/org/camunda/bpm/springboot/camunda-bpm-spring-boot-starter-webapp/7.23.0/camunda-bpm-spring-boot-starter-webapp-7.23.0.jar:/Users/marcelo/.m2/repository/org/camunda/bpm/springboot/camunda-bpm-spring-boot-starter-webapp-core/7.23.0/camunda-bpm-spring-boot-starter-webapp-core-7.23.0.jar:/Users/marcelo/.m2/repository/org/camunda/bpm/webapp/camunda-webapp-jakarta/7.23.0/camunda-webapp-jakarta-7.23.0-classes.jar:/Users/marcelo/.m2/repository/org/springframework/boot/spring-boot-starter-web/3.3.0/spring-boot-starter-web-3.3.0.jar:/Users/marcelo/.m2/repository/org/camunda/bpm/webapp/camunda-webapp-webjar/7.23.0/camunda-webapp-webjar-7.23.0.jar:/Users/marcelo/.m2/repository/org/camunda/bpm/springboot/camunda-bpm-spring-boot-starter-security/7.23.0/camunda-bpm-spring-boot-starter-security-7.23.0.jar:/Users/marcelo/.m2/repository/org/springframework/boot/spring-boot-starter-oauth2-client/3.3.0/spring-boot-starter-oauth2-client-3.3.0.jar:/Users/marcelo/.m2/repository/org/springframework/security/spring-security-core/6.3.0/spring-security-core-6.3.0.jar:/Users/marcelo/.m2/repository/org/springframework/security/spring-security-crypto/6.3.0/spring-security-crypto-6.3.0.jar:/Users/marcelo/.m2/repository/org/springframework/security/spring-security-oauth2-client/6.3.0/spring-security-oauth2-client-6.3.0.jar:/Users/marcelo/.m2/repository/org/springframework/security/spring-security-oauth2-core/6.3.0/spring-security-oauth2-core-6.3.0.jar:/Users/marcelo/.m2/repository/com/nimbusds/oauth2-oidc-sdk/9.43.4/oauth2-oidc-sdk-9.43.4.jar:/Users/marcelo/.m2/repository/com/github/stephenc/jcip/jcip-annotations/1.0-1/jcip-annotations-1.0-1.jar:/Users/marcelo/.m2/repository/com/nimbusds/content-type/2.2/content-type-2.2.jar:/Users/marcelo/.m2/repository/com/nimbusds/lang-tag/1.7/lang-tag-1.7.jar:/Users/marcelo/.m2/repository/org/springframework/security/spring-security-oauth2-jose/6.3.0/spring-security-oauth2-jose-6.3.0.jar:/Users/marcelo/.m2/repository/com/nimbusds/nimbus-jose-jwt/9.37.3/nimbus-jose-jwt-9.37.3.jar:/Users/marcelo/.m2/repository/org/camunda/bpm/camunda-engine-plugin-spin/7.23.0/camunda-engine-plugin-spin-7.23.0.jar:/Users/marcelo/.m2/repository/org/camunda/spin/camunda-spin-core/7.23.0/camunda-spin-core-7.23.0.jar:/Users/marcelo/.m2/repository/org/camunda/spin/camunda-spin-dataformat-all/7.23.0/camunda-spin-dataformat-all-7.23.0.jar:/Users/marcelo/.m2/repository/org/camunda/commons/camunda-commons-logging/7.23.0/camunda-commons-logging-7.23.0.jar:/Users/marcelo/.m2/repository/org/camunda/commons/camunda-commons-utils/7.23.0/camunda-commons-utils-7.23.0.jar:/Users/marcelo/.m2/repository/com/h2database/h2/2.2.224/h2-2.2.224.jar:/Users/marcelo/.m2/repository/org/slf4j/slf4j-api/2.0.13/slf4j-api-2.0.13.jar:/Users/marcelo/.m2/repository/org/springframework/boot/spring-boot-starter-jdbc/3.3.0/spring-boot-starter-jdbc-3.3.0.jar:/Users/marcelo/.m2/repository/org/springframework/boot/spring-boot-starter/3.3.0/spring-boot-starter-3.3.0.jar:/Users/marcelo/.m2/repository/org/springframework/boot/spring-boot/3.3.0/spring-boot-3.3.0.jar:/Users/marcelo/.m2/repository/org/springframework/boot/spring-boot-starter-logging/3.3.0/spring-boot-starter-logging-3.3.0.jar:/Users/marcelo/.m2/repository/ch/qos/logback/logback-classic/1.5.6/logback-classic-1.5.6.jar:/Users/marcelo/.m2/repository/ch/qos/logback/logback-core/1.5.6/logback-core-1.5.6.jar:/Users/marcelo/.m2/repository/org/apache/logging/log4j/log4j-to-slf4j/2.23.1/log4j-to-slf4j-2.23.1.jar:/Users/marcelo/.m2/repository/org/apache/logging/log4j/log4j-api/2.23.1/log4j-api-2.23.1.jar:/Users/marcelo/.m2/repository/org/slf4j/jul-to-slf4j/2.0.13/jul-to-slf4j-2.0.13.jar:/Users/marcelo/.m2/repository/jakarta/annotation/jakarta.annotation-api/2.1.1/jakarta.annotation-api-2.1.1.jar:/Users/marcelo/.m2/repository/org/yaml/snakeyaml/2.2/snakeyaml-2.2.jar:/Users/marcelo/.m2/repository/com/zaxxer/HikariCP/5.1.0/HikariCP-5.1.0.jar:/Users/marcelo/.m2/repository/org/springframework/spring-jdbc/6.1.8/spring-jdbc-6.1.8.jar:/Users/marcelo/.m2/repository/org/springframework/spring-beans/6.1.8/spring-beans-6.1.8.jar:/Users/marcelo/.m2/repository/org/springdoc/springdoc-openapi-starter-webmvc-ui/2.5.0/springdoc-openapi-starter-webmvc-ui-2.5.0.jar:/Users/marcelo/.m2/repository/org/springdoc/springdoc-openapi-starter-webmvc-api/2.5.0/springdoc-openapi-starter-webmvc-api-2.5.0.jar:/Users/marcelo/.m2/repository/org/springdoc/springdoc-openapi-starter-common/2.5.0/springdoc-openapi-starter-common-2.5.0.jar:/Users/marcelo/.m2/repository/io/swagger/core/v3/swagger-core-jakarta/2.2.21/swagger-core-jakarta-2.2.21.jar:/Users/marcelo/.m2/repository/io/swagger/core/v3/swagger-annotations-jakarta/2.2.21/swagger-annotations-jakarta-2.2.21.jar:/Users/marcelo/.m2/repository/io/swagger/core/v3/swagger-models-jakarta/2.2.21/swagger-models-jakarta-2.2.21.jar:/Users/marcelo/.m2/repository/com/fasterxml/jackson/dataformat/jackson-dataformat-yaml/2.17.1/jackson-dataformat-yaml-2.17.1.jar:/Users/marcelo/.m2/repository/org/springframework/spring-webmvc/6.1.8/spring-webmvc-6.1.8.jar:/Users/marcelo/.m2/repository/org/webjars/swagger-ui/5.13.0/swagger-ui-5.13.0.jar:/Users/marcelo/.m2/repository/org/springframework/boot/spring-boot-starter-validation/3.3.0/spring-boot-starter-validation-3.3.0.jar:/Users/marcelo/.m2/repository/org/apache/tomcat/embed/tomcat-embed-el/10.1.24/tomcat-embed-el-10.1.24.jar:/Users/marcelo/.m2/repository/org/hibernate/validator/hibernate-validator/8.0.1.Final/hibernate-validator-8.0.1.Final.jar:/Users/marcelo/.m2/repository/jakarta/validation/jakarta.validation-api/3.0.2/jakarta.validation-api-3.0.2.jar:/Users/marcelo/.m2/repository/org/jboss/logging/jboss-logging/3.5.3.Final/jboss-logging-3.5.3.Final.jar:/Users/marcelo/.m2/repository/com/fasterxml/classmate/1.7.0/classmate-1.7.0.jar:/Users/marcelo/.m2/repository/org/springframework/boot/spring-boot-starter-security/3.3.0/spring-boot-starter-security-3.3.0.jar:/Users/marcelo/.m2/repository/org/springframework/spring-aop/6.1.8/spring-aop-6.1.8.jar:/Users/marcelo/.m2/repository/org/springframework/security/spring-security-config/6.3.0/spring-security-config-6.3.0.jar:/Users/marcelo/.m2/repository/org/springframework/security/spring-security-web/6.3.0/spring-security-web-6.3.0.jar:/Users/marcelo/.m2/repository/org/springframework/spring-expression/6.1.8/spring-expression-6.1.8.jar:/Users/marcelo/.m2/repository/org/springframework/boot/spring-boot-starter-actuator/3.3.0/spring-boot-starter-actuator-3.3.0.jar:/Users/marcelo/.m2/repository/org/springframework/boot/spring-boot-actuator-autoconfigure/3.3.0/spring-boot-actuator-autoconfigure-3.3.0.jar:/Users/marcelo/.m2/repository/org/springframework/boot/spring-boot-actuator/3.3.0/spring-boot-actuator-3.3.0.jar:/Users/marcelo/.m2/repository/io/micrometer/micrometer-observation/1.13.0/micrometer-observation-1.13.0.jar:/Users/marcelo/.m2/repository/io/micrometer/micrometer-commons/1.13.0/micrometer-commons-1.13.0.jar:/Users/marcelo/.m2/repository/io/micrometer/micrometer-jakarta9/1.13.0/micrometer-jakarta9-1.13.0.jar:/Users/marcelo/.m2/repository/io/micrometer/micrometer-core/1.13.0/micrometer-core-1.13.0.jar:/Users/marcelo/.m2/repository/org/hdrhistogram/HdrHistogram/2.2.1/HdrHistogram-2.2.1.jar:/Users/marcelo/.m2/repository/org/latencyutils/LatencyUtils/2.0.3/LatencyUtils-2.0.3.jar:/Users/marcelo/.m2/repository/org/springframework/boot/spring-boot-starter-test/3.3.0/spring-boot-starter-test-3.3.0.jar:/Users/marcelo/.m2/repository/org/springframework/boot/spring-boot-test/3.3.0/spring-boot-test-3.3.0.jar:/Users/marcelo/.m2/repository/org/springframework/boot/spring-boot-test-autoconfigure/3.3.0/spring-boot-test-autoconfigure-3.3.0.jar:/Users/marcelo/.m2/repository/com/jayway/jsonpath/json-path/2.9.0/json-path-2.9.0.jar:/Users/marcelo/.m2/repository/jakarta/xml/bind/jakarta.xml.bind-api/4.0.2/jakarta.xml.bind-api-4.0.2.jar:/Users/marcelo/.m2/repository/jakarta/activation/jakarta.activation-api/2.1.3/jakarta.activation-api-2.1.3.jar:/Users/marcelo/.m2/repository/net/minidev/json-smart/2.5.1/json-smart-2.5.1.jar:/Users/marcelo/.m2/repository/net/minidev/accessors-smart/2.5.1/accessors-smart-2.5.1.jar:/Users/marcelo/.m2/repository/org/ow2/asm/asm/9.6/asm-9.6.jar:/Users/marcelo/.m2/repository/org/assertj/assertj-core/3.25.3/assertj-core-3.25.3.jar:/Users/marcelo/.m2/repository/net/bytebuddy/byte-buddy/1.14.16/byte-buddy-1.14.16.jar:/Users/marcelo/.m2/repository/org/awaitility/awaitility/4.2.1/awaitility-4.2.1.jar:/Users/marcelo/.m2/repository/org/hamcrest/hamcrest/2.2/hamcrest-2.2.jar:/Users/marcelo/.m2/repository/org/junit/jupiter/junit-jupiter/5.10.2/junit-jupiter-5.10.2.jar:/Users/marcelo/.m2/repository/org/junit/jupiter/junit-jupiter-api/5.10.2/junit-jupiter-api-5.10.2.jar:/Users/marcelo/.m2/repository/org/opentest4j/opentest4j/1.3.0/opentest4j-1.3.0.jar:/Users/marcelo/.m2/repository/org/junit/platform/junit-platform-commons/1.10.2/junit-platform-commons-1.10.2.jar:/Users/marcelo/.m2/repository/org/apiguardian/apiguardian-api/1.1.2/apiguardian-api-1.1.2.jar:/Users/marcelo/.m2/repository/org/junit/jupiter/junit-jupiter-params/5.10.2/junit-jupiter-params-5.10.2.jar:/Users/marcelo/.m2/repository/org/junit/jupiter/junit-jupiter-engine/5.10.2/junit-jupiter-engine-5.10.2.jar:/Users/marcelo/.m2/repository/org/junit/platform/junit-platform-engine/1.10.2/junit-platform-engine-1.10.2.jar:/Users/marcelo/.m2/repository/org/mockito/mockito-core/5.11.0/mockito-core-5.11.0.jar:/Users/marcelo/.m2/repository/net/bytebuddy/byte-buddy-agent/1.14.16/byte-buddy-agent-1.14.16.jar:/Users/marcelo/.m2/repository/org/objenesis/objenesis/3.3/objenesis-3.3.jar:/Users/marcelo/.m2/repository/org/mockito/mockito-junit-jupiter/5.11.0/mockito-junit-jupiter-5.11.0.jar:/Users/marcelo/.m2/repository/org/skyscreamer/jsonassert/1.5.1/jsonassert-1.5.1.jar:/Users/marcelo/.m2/repository/com/vaadin/external/google/android-json/0.0.20131108.vaadin1/android-json-0.0.20131108.vaadin1.jar:/Users/marcelo/.m2/repository/org/springframework/spring-core/6.1.8/spring-core-6.1.8.jar:/Users/marcelo/.m2/repository/org/springframework/spring-jcl/6.1.8/spring-jcl-6.1.8.jar:/Users/marcelo/.m2/repository/org/springframework/spring-test/6.1.8/spring-test-6.1.8.jar:/Users/marcelo/.m2/repository/org/xmlunit/xmlunit-core/2.9.1/xmlunit-core-2.9.1.jar:"/>
    <property name="sun.cpu.endian" value="little"/>
    <property name="user.home" value="/Users/marcelo"/>
    <property name="user.language" value="en"/>
    <property name="java.specification.vendor" value="Oracle Corporation"/>
    <property name="java.version.date" value="2025-07-15"/>
    <property name="java.home" value="/usr/local/Cellar/openjdk/24.0.2/libexec/openjdk.jdk/Contents/Home"/>
    <property name="file.separator" value="/"/>
    <property name="basedir" value="/Users/marcelo/eclipse-workspace/AIC7Demo"/>
    <property name="java.vm.compressedOopsMode" value="Zero based"/>
    <property name="line.separator" value="&#10;"/>
    <property name="java.vm.specification.vendor" value="Oracle Corporation"/>
    <property name="java.specification.name" value="Java Platform API Specification"/>
    <property name="FILE_LOG_CHARSET" value="UTF-8"/>
    <property name="java.awt.headless" value="true"/>
    <property name="apple.awt.application.name" value="ForkedBooter"/>
    <property name="surefire.real.class.path" value="/Users/marcelo/eclipse-workspace/AIC7Demo/target/surefire/surefirebooter-20250904011048571_3.jar"/>
    <property name="sun.management.compiler" value="HotSpot 64-Bit Tiered Compilers"/>
    <property name="ftp.nonProxyHosts" value="local|*.local|169.254/16|*.169.254/16"/>
    <property name="java.runtime.version" value="24.0.2"/>
    <property name="user.name" value="marcelo"/>
    <property name="stdout.encoding" value="UTF-8"/>
    <property name="path.separator" value=":"/>
    <property name="os.version" value="15.6.1"/>
    <property name="java.runtime.name" value="OpenJDK Runtime Environment"/>
    <property name="file.encoding" value="UTF-8"/>
    <property name="java.vm.name" value="OpenJDK 64-Bit Server VM"/>
    <property name="java.vendor.version" value="Homebrew"/>
    <property name="localRepository" value="/Users/marcelo/.m2/repository"/>
    <property name="java.vendor.url.bug" value="https://github.com/Homebrew/homebrew-core/issues"/>
    <property name="java.io.tmpdir" value="/var/folders/04/qyd8wrd97qsd5w1rpqy1sw5c0000gn/T/"/>
    <property name="com.zaxxer.hikari.pool_number" value="1"/>
    <property name="java.version" value="24.0.2"/>
    <property name="user.dir" value="/Users/marcelo/eclipse-workspace/AIC7Demo"/>
    <property name="os.arch" value="x86_64"/>
    <property name="java.vm.specification.name" value="Java Virtual Machine Specification"/>
    <property name="PID" value="7203"/>
    <property name="CONSOLE_LOG_CHARSET" value="UTF-8"/>
    <property name="native.encoding" value="UTF-8"/>
    <property name="java.library.path" value="/Users/marcelo/Library/Java/Extensions:/Library/Java/Extensions:/Network/Library/Java/Extensions:/System/Library/Java/Extensions:/usr/lib/java:."/>
    <property name="java.vm.info" value="mixed mode, sharing"/>
    <property name="stderr.encoding" value="UTF-8"/>
    <property name="java.vendor" value="Homebrew"/>
    <property name="java.vm.version" value="24.0.2"/>
    <property name="sun.io.unicode.encoding" value="UnicodeBig"/>
    <property name="socksNonProxyHosts" value="local|*.local|169.254/16|*.169.254/16"/>
    <property name="java.class.version" value="68.0"/>
  </properties>
  <testcase name="testDelete_ExistingId_ShouldReturnTrue" classname="com.mls.workflow.core.service.CadastroServiceTest" time="0.629">
    <system-out><![CDATA[01:10:49.275 [main] INFO org.springframework.test.context.support.AnnotationConfigContextLoaderUtils -- Could not detect default configuration classes for test class [com.mls.workflow.core.service.CadastroServiceTest]: CadastroServiceTest does not declare any static, non-private, non-final, nested classes annotated with @Configuration.
01:10:49.392 [main] INFO org.springframework.boot.test.context.SpringBootTestContextBootstrapper -- Found @SpringBootConfiguration com.mls.workflow.Application for test class com.mls.workflow.core.service.CadastroServiceTest

 ____                                 _         ____  _       _    __                      
/ ___| __ _ _ __ ___  _   _ _ __   __| | __ _  |  _ \| | __ _| |_ / _| ___  _ __ _ __ ___  
| |   / _` | '_ ` _ \| | | | '_ \ / _` |/ _` | | |_) | |/ _` | __| |_ / _ \| '__| '_ ` _ \ 
| |__| (_| | | | | | | |_| | | | | (_| | (_| | |  __/| | (_| | |_|  _| (_) | |  | | | | | |
\____/\__,_|_| |_| |_|\__,_|_| |_|\__,_|\__,_| |_|   |_|\__,_|\__|_|  \___/|_|  |_| |_| |_|

  Spring-Boot:  (v3.3.0)
  Camunda Platform: (v7.23.0)
  Camunda Platform Spring Boot Starter: (v7.23.0)

2025-09-04T01:10:49.794-03:00  INFO 7203 --- [           main] c.m.w.core.service.CadastroServiceTest   : Starting CadastroServiceTest using Java 24.0.2 with PID 7203 (started by marcelo in /Users/marcelo/eclipse-workspace/AIC7Demo)
2025-09-04T01:10:49.798-03:00 DEBUG 7203 --- [           main] c.m.w.core.service.CadastroServiceTest   : Running with Spring Boot v3.3.0, Spring v6.1.8
2025-09-04T01:10:49.799-03:00  INFO 7203 --- [           main] c.m.w.core.service.CadastroServiceTest   : The following 1 profile is active: "test"
2025-09-04T01:10:51.206-03:00 DEBUG 7203 --- [           main] o.s.jdbc.datasource.DataSourceUtils      : Fetching JDBC Connection from DataSource
2025-09-04T01:10:51.207-03:00  INFO 7203 --- [           main] com.zaxxer.hikari.HikariDataSource       : HikariPool-1 - Starting...
2025-09-04T01:10:51.399-03:00  INFO 7203 --- [           main] com.zaxxer.hikari.pool.HikariPool        : HikariPool-1 - Added connection conn0: url=jdbc:h2:mem:testdb user=SA
2025-09-04T01:10:51.401-03:00  INFO 7203 --- [           main] com.zaxxer.hikari.HikariDataSource       : HikariPool-1 - Start completed.
2025-09-04T01:10:51.404-03:00 DEBUG 7203 --- [           main] o.s.jdbc.datasource.init.ScriptUtils     : Executing SQL script from file [/Users/marcelo/eclipse-workspace/AIC7Demo/target/classes/schema.sql]
2025-09-04T01:10:51.417-03:00 DEBUG 7203 --- [           main] o.s.jdbc.datasource.init.ScriptUtils     : 0 returned as update count for SQL: CREATE TABLE IF NOT EXISTS AIC_CADASTRO ( ID BIGINT AUTO_INCREMENT PRIMARY KEY, NOME VARCHAR(255) NOT NULL, EMAIL VARCHAR(255) NOT NULL, IDADE INT )
2025-09-04T01:10:51.419-03:00 DEBUG 7203 --- [           main] o.s.jdbc.datasource.init.ScriptUtils     : Executed SQL script from file [/Users/marcelo/eclipse-workspace/AIC7Demo/target/classes/schema.sql] in 13 ms.
2025-09-04T01:10:51.419-03:00 DEBUG 7203 --- [           main] o.s.jdbc.datasource.init.ScriptUtils     : Executing SQL script from file [/Users/marcelo/eclipse-workspace/AIC7Demo/target/test-classes/schema.sql]
2025-09-04T01:10:51.420-03:00 DEBUG 7203 --- [           main] o.s.jdbc.datasource.init.ScriptUtils     : 0 returned as update count for SQL: CREATE TABLE IF NOT EXISTS AIC_CADASTRO ( ID BIGINT AUTO_INCREMENT PRIMARY KEY, NOME VARCHAR(255) NOT NULL, EMAIL VARCHAR(255) NOT NULL, IDADE INT )
2025-09-04T01:10:51.420-03:00 DEBUG 7203 --- [           main] o.s.jdbc.datasource.init.ScriptUtils     : Executed SQL script from file [/Users/marcelo/eclipse-workspace/AIC7Demo/target/test-classes/schema.sql] in 1 ms.
2025-09-04T01:10:51.426-03:00 DEBUG 7203 --- [           main] o.s.jdbc.datasource.DataSourceUtils      : Fetching JDBC Connection from DataSource
2025-09-04T01:10:51.427-03:00 DEBUG 7203 --- [           main] o.s.jdbc.datasource.init.ScriptUtils     : Executing SQL script from file [/Users/marcelo/eclipse-workspace/AIC7Demo/target/test-classes/data.sql]
2025-09-04T01:10:51.429-03:00 DEBUG 7203 --- [           main] o.s.jdbc.datasource.init.ScriptUtils     : 3 returned as update count for SQL: INSERT INTO AIC_CADASTRO (NOME, EMAIL, IDADE) VALUES ('João Silva', 'joao@example.com', 30), ('Maria Santos', 'maria@example.com', 25), ('Pedro Oliveira', 'pedro@example.com', 35)
2025-09-04T01:10:51.430-03:00 DEBUG 7203 --- [           main] o.s.jdbc.datasource.init.ScriptUtils     : Executed SQL script from file [/Users/marcelo/eclipse-workspace/AIC7Demo/target/test-classes/data.sql] in 3 ms.
2025-09-04T01:10:51.634-03:00  INFO 7203 --- [           main] org.camunda.bpm.spring.boot              : STARTER-SB040 Setting up jobExecutor with corePoolSize=3, maxPoolSize:10
2025-09-04T01:10:51.716-03:00  INFO 7203 --- [           main] org.camunda.bpm.engine.cfg               : ENGINE-12003 Plugin 'CompositeProcessEnginePlugin[genericPropertiesConfiguration, camundaProcessEngineConfiguration, camundaDatasourceConfiguration, camundaJobConfiguration, camundaHistoryConfiguration, camundaMetricsConfiguration, camundaAuthorizationConfiguration, camundaDeploymentConfiguration, createAdminUserConfiguration, failedJobConfiguration, eventPublisherPlugin, ApplicationContextClassloaderSwitchPlugin, SpringBootSpinProcessEnginePlugin]' activated on process engine 'default'
2025-09-04T01:10:52.483-03:00  INFO 7203 --- [           main] org.camunda.bpm.spring.boot              : STARTER-SB021 Auto-Deploying resources: [file [/Users/marcelo/eclipse-workspace/AIC7Demo/target/classes/bpmn/process.bpmn]]
2025-09-04T01:10:52.485-03:00  INFO 7203 --- [           main] o.c.b.s.b.s.event.EventPublisherPlugin   : EVENTING-001: Initialized Camunda Spring Boot Eventing Engine Plugin.
2025-09-04T01:10:52.485-03:00  INFO 7203 --- [           main] o.c.b.s.b.s.event.EventPublisherPlugin   : EVENTING-003: Task events will be published as Spring Events.
2025-09-04T01:10:52.485-03:00  INFO 7203 --- [           main] o.c.b.s.b.s.event.EventPublisherPlugin   : EVENTING-005: Execution events will be published as Spring Events.
2025-09-04T01:10:52.485-03:00  INFO 7203 --- [           main] o.c.b.s.b.s.event.EventPublisherPlugin   : EVENTING-009: Listeners will not be invoked if a skipCustomListeners API parameter is set to true by user.
2025-09-04T01:10:52.489-03:00  INFO 7203 --- [           main] o.c.b.s.b.s.event.EventPublisherPlugin   : EVENTING-007: History events will be published as Spring events.
2025-09-04T01:10:52.492-03:00  INFO 7203 --- [           main] org.camunda.spin                         : SPIN-01010 Discovered Spin data format provider: org.camunda.spin.impl.json.jackson.format.JacksonJsonDataFormatProvider[name = application/json]
2025-09-04T01:10:52.598-03:00  INFO 7203 --- [           main] org.camunda.spin                         : SPIN-01010 Discovered Spin data format provider: org.camunda.spin.impl.xml.dom.format.DomXmlDataFormatProvider[name = application/xml]
2025-09-04T01:10:52.660-03:00  INFO 7203 --- [           main] org.camunda.spin                         : SPIN-01009 Discovered Spin data format: org.camunda.spin.impl.xml.dom.format.DomXmlDataFormat[name = application/xml]
2025-09-04T01:10:52.660-03:00  INFO 7203 --- [           main] org.camunda.spin                         : SPIN-01009 Discovered Spin data format: org.camunda.spin.impl.json.jackson.format.JacksonJsonDataFormat[name = application/json]
2025-09-04T01:10:52.760-03:00  INFO 7203 --- [           main] org.camunda.bpm.dmn.feel.scala           : FEEL/SCALA-01001 Spin value mapper detected
2025-09-04T01:10:52.855-03:00 DEBUG 7203 --- [           main] o.s.jdbc.datasource.DataSourceUtils      : Fetching JDBC Connection from DataSource
2025-09-04T01:10:52.856-03:00 DEBUG 7203 --- [           main] o.s.jdbc.datasource.DataSourceUtils      : Fetching JDBC Connection from DataSource
2025-09-04T01:10:54.293-03:00 DEBUG 7203 --- [           main] o.s.jdbc.support.JdbcTransactionManager  : Creating new transaction with name [null]: PROPAGATION_REQUIRED,ISOLATION_DEFAULT
2025-09-04T01:10:54.296-03:00 DEBUG 7203 --- [           main] o.s.jdbc.support.JdbcTransactionManager  : Acquired Connection [HikariProxyConnection@214864565 wrapping conn0: url=jdbc:h2:mem:testdb user=SA] for JDBC transaction
2025-09-04T01:10:54.297-03:00 DEBUG 7203 --- [           main] o.s.jdbc.support.JdbcTransactionManager  : Switching JDBC Connection [HikariProxyConnection@214864565 wrapping conn0: url=jdbc:h2:mem:testdb user=SA] to manual commit
2025-09-04T01:10:54.408-03:00  INFO 7203 --- [           main] org.camunda.bpm.engine.persistence       : ENGINE-03016 Performing database operation 'create' on component 'engine' with resource 'org/camunda/bpm/engine/db/create/activiti.h2.create.engine.sql'
2025-09-04T01:10:54.445-03:00  INFO 7203 --- [           main] org.camunda.bpm.engine.persistence       : ENGINE-03016 Performing database operation 'create' on component 'history' with resource 'org/camunda/bpm/engine/db/create/activiti.h2.create.history.sql'
2025-09-04T01:10:54.457-03:00  INFO 7203 --- [           main] org.camunda.bpm.engine.persistence       : ENGINE-03016 Performing database operation 'create' on component 'identity' with resource 'org/camunda/bpm/engine/db/create/activiti.h2.create.identity.sql'
2025-09-04T01:10:54.467-03:00  INFO 7203 --- [           main] org.camunda.bpm.engine.persistence       : ENGINE-03016 Performing database operation 'create' on component 'case.engine' with resource 'org/camunda/bpm/engine/db/create/activiti.h2.create.case.engine.sql'
2025-09-04T01:10:54.471-03:00  INFO 7203 --- [           main] org.camunda.bpm.engine.persistence       : ENGINE-03016 Performing database operation 'create' on component 'case.history' with resource 'org/camunda/bpm/engine/db/create/activiti.h2.create.case.history.sql'
2025-09-04T01:10:54.474-03:00  INFO 7203 --- [           main] org.camunda.bpm.engine.persistence       : ENGINE-03016 Performing database operation 'create' on component 'decision.engine' with resource 'org/camunda/bpm/engine/db/create/activiti.h2.create.decision.engine.sql'
2025-09-04T01:10:54.480-03:00  INFO 7203 --- [           main] org.camunda.bpm.engine.persistence       : ENGINE-03016 Performing database operation 'create' on component 'decision.history' with resource 'org/camunda/bpm/engine/db/create/activiti.h2.create.decision.history.sql'
2025-09-04T01:10:54.482-03:00 DEBUG 7203 --- [           main] o.s.jdbc.support.JdbcTransactionManager  : Initiating transaction commit
2025-09-04T01:10:54.482-03:00 DEBUG 7203 --- [           main] o.s.jdbc.support.JdbcTransactionManager  : Committing JDBC transaction on Connection [HikariProxyConnection@214864565 wrapping conn0: url=jdbc:h2:mem:testdb user=SA]
2025-09-04T01:10:54.483-03:00 DEBUG 7203 --- [           main] o.s.jdbc.support.JdbcTransactionManager  : Releasing JDBC Connection [HikariProxyConnection@214864565 wrapping conn0: url=jdbc:h2:mem:testdb user=SA] after transaction
2025-09-04T01:10:54.484-03:00 DEBUG 7203 --- [           main] o.s.jdbc.support.JdbcTransactionManager  : Creating new transaction with name [null]: PROPAGATION_REQUIRED,ISOLATION_DEFAULT
2025-09-04T01:10:54.484-03:00 DEBUG 7203 --- [           main] o.s.jdbc.support.JdbcTransactionManager  : Acquired Connection [HikariProxyConnection@585212380 wrapping conn0: url=jdbc:h2:mem:testdb user=SA] for JDBC transaction
2025-09-04T01:10:54.484-03:00 DEBUG 7203 --- [           main] o.s.jdbc.support.JdbcTransactionManager  : Switching JDBC Connection [HikariProxyConnection@585212380 wrapping conn0: url=jdbc:h2:mem:testdb user=SA] to manual commit
2025-09-04T01:10:54.507-03:00  INFO 7203 --- [           main] org.camunda.bpm.engine.persistence       : ENGINE-03067 No history level property found in database
2025-09-04T01:10:54.508-03:00  INFO 7203 --- [           main] org.camunda.bpm.engine.persistence       : ENGINE-03065 Creating historyLevel property in database for level: HistoryLevelFull(name=full, id=3)
2025-09-04T01:10:54.513-03:00 DEBUG 7203 --- [           main] o.s.jdbc.support.JdbcTransactionManager  : Initiating transaction commit
2025-09-04T01:10:54.514-03:00 DEBUG 7203 --- [           main] o.s.jdbc.support.JdbcTransactionManager  : Committing JDBC transaction on Connection [HikariProxyConnection@585212380 wrapping conn0: url=jdbc:h2:mem:testdb user=SA]
2025-09-04T01:10:54.514-03:00 DEBUG 7203 --- [           main] o.s.jdbc.support.JdbcTransactionManager  : Releasing JDBC Connection [HikariProxyConnection@585212380 wrapping conn0: url=jdbc:h2:mem:testdb user=SA] after transaction
2025-09-04T01:10:54.514-03:00 DEBUG 7203 --- [           main] o.s.jdbc.support.JdbcTransactionManager  : Creating new transaction with name [null]: PROPAGATION_REQUIRED,ISOLATION_DEFAULT
2025-09-04T01:10:54.514-03:00 DEBUG 7203 --- [           main] o.s.jdbc.support.JdbcTransactionManager  : Acquired Connection [HikariProxyConnection@2135547685 wrapping conn0: url=jdbc:h2:mem:testdb user=SA] for JDBC transaction
2025-09-04T01:10:54.514-03:00 DEBUG 7203 --- [           main] o.s.jdbc.support.JdbcTransactionManager  : Switching JDBC Connection [HikariProxyConnection@2135547685 wrapping conn0: url=jdbc:h2:mem:testdb user=SA] to manual commit
2025-09-04T01:10:54.516-03:00 DEBUG 7203 --- [           main] o.s.jdbc.support.JdbcTransactionManager  : Participating in existing transaction
2025-09-04T01:10:54.520-03:00 DEBUG 7203 --- [           main] o.s.jdbc.support.JdbcTransactionManager  : Participating in existing transaction
2025-09-04T01:10:54.523-03:00 DEBUG 7203 --- [           main] o.s.jdbc.support.JdbcTransactionManager  : Participating in existing transaction
2025-09-04T01:10:54.524-03:00 DEBUG 7203 --- [           main] o.s.jdbc.support.JdbcTransactionManager  : Initiating transaction commit
2025-09-04T01:10:54.524-03:00 DEBUG 7203 --- [           main] o.s.jdbc.support.JdbcTransactionManager  : Committing JDBC transaction on Connection [HikariProxyConnection@2135547685 wrapping conn0: url=jdbc:h2:mem:testdb user=SA]
2025-09-04T01:10:54.525-03:00 DEBUG 7203 --- [           main] o.s.jdbc.support.JdbcTransactionManager  : Releasing JDBC Connection [HikariProxyConnection@2135547685 wrapping conn0: url=jdbc:h2:mem:testdb user=SA] after transaction
2025-09-04T01:10:54.525-03:00  INFO 7203 --- [           main] org.camunda.bpm.engine                   : ENGINE-00001 Process Engine default created.
2025-09-04T01:10:54.526-03:00 DEBUG 7203 --- [           main] o.s.jdbc.support.JdbcTransactionManager  : Creating new transaction with name [null]: PROPAGATION_REQUIRED,ISOLATION_DEFAULT
2025-09-04T01:10:54.527-03:00 DEBUG 7203 --- [           main] o.s.jdbc.support.JdbcTransactionManager  : Acquired Connection [HikariProxyConnection@504138124 wrapping conn0: url=jdbc:h2:mem:testdb user=SA] for JDBC transaction
2025-09-04T01:10:54.527-03:00 DEBUG 7203 --- [           main] o.s.jdbc.support.JdbcTransactionManager  : Switching JDBC Connection [HikariProxyConnection@504138124 wrapping conn0: url=jdbc:h2:mem:testdb user=SA] to manual commit
2025-09-04T01:10:54.528-03:00 DEBUG 7203 --- [           main] o.s.jdbc.support.JdbcTransactionManager  : Initiating transaction commit
2025-09-04T01:10:54.528-03:00 DEBUG 7203 --- [           main] o.s.jdbc.support.JdbcTransactionManager  : Committing JDBC transaction on Connection [HikariProxyConnection@504138124 wrapping conn0: url=jdbc:h2:mem:testdb user=SA]
2025-09-04T01:10:54.528-03:00 DEBUG 7203 --- [           main] o.s.jdbc.support.JdbcTransactionManager  : Releasing JDBC Connection [HikariProxyConnection@504138124 wrapping conn0: url=jdbc:h2:mem:testdb user=SA] after transaction
2025-09-04T01:10:54.528-03:00 DEBUG 7203 --- [           main] o.s.jdbc.support.JdbcTransactionManager  : Creating new transaction with name [null]: PROPAGATION_REQUIRED,ISOLATION_DEFAULT
2025-09-04T01:10:54.528-03:00 DEBUG 7203 --- [           main] o.s.jdbc.support.JdbcTransactionManager  : Acquired Connection [HikariProxyConnection@1544507531 wrapping conn0: url=jdbc:h2:mem:testdb user=SA] for JDBC transaction
2025-09-04T01:10:54.528-03:00 DEBUG 7203 --- [           main] o.s.jdbc.support.JdbcTransactionManager  : Switching JDBC Connection [HikariProxyConnection@1544507531 wrapping conn0: url=jdbc:h2:mem:testdb user=SA] to manual commit
2025-09-04T01:10:54.562-03:00 DEBUG 7203 --- [           main] o.s.jdbc.support.JdbcTransactionManager  : Initiating transaction commit
2025-09-04T01:10:54.562-03:00 DEBUG 7203 --- [           main] o.s.jdbc.support.JdbcTransactionManager  : Committing JDBC transaction on Connection [HikariProxyConnection@1544507531 wrapping conn0: url=jdbc:h2:mem:testdb user=SA]
2025-09-04T01:10:54.562-03:00 DEBUG 7203 --- [           main] o.s.jdbc.support.JdbcTransactionManager  : Releasing JDBC Connection [HikariProxyConnection@1544507531 wrapping conn0: url=jdbc:h2:mem:testdb user=SA] after transaction
2025-09-04T01:10:54.564-03:00 DEBUG 7203 --- [           main] o.s.jdbc.support.JdbcTransactionManager  : Creating new transaction with name [null]: PROPAGATION_REQUIRED,ISOLATION_DEFAULT
2025-09-04T01:10:54.564-03:00 DEBUG 7203 --- [           main] o.s.jdbc.support.JdbcTransactionManager  : Acquired Connection [HikariProxyConnection@1036078976 wrapping conn0: url=jdbc:h2:mem:testdb user=SA] for JDBC transaction
2025-09-04T01:10:54.564-03:00 DEBUG 7203 --- [           main] o.s.jdbc.support.JdbcTransactionManager  : Switching JDBC Connection [HikariProxyConnection@1036078976 wrapping conn0: url=jdbc:h2:mem:testdb user=SA] to manual commit
2025-09-04T01:10:54.564-03:00 DEBUG 7203 --- [           main] o.s.jdbc.support.JdbcTransactionManager  : Initiating transaction commit
2025-09-04T01:10:54.564-03:00 DEBUG 7203 --- [           main] o.s.jdbc.support.JdbcTransactionManager  : Committing JDBC transaction on Connection [HikariProxyConnection@1036078976 wrapping conn0: url=jdbc:h2:mem:testdb user=SA]
2025-09-04T01:10:54.565-03:00 DEBUG 7203 --- [           main] o.s.jdbc.support.JdbcTransactionManager  : Releasing JDBC Connection [HikariProxyConnection@1036078976 wrapping conn0: url=jdbc:h2:mem:testdb user=SA] after transaction
2025-09-04T01:10:54.567-03:00 DEBUG 7203 --- [           main] o.s.jdbc.support.JdbcTransactionManager  : Creating new transaction with name [null]: PROPAGATION_REQUIRED,ISOLATION_DEFAULT
2025-09-04T01:10:54.568-03:00 DEBUG 7203 --- [           main] o.s.jdbc.support.JdbcTransactionManager  : Acquired Connection [HikariProxyConnection@438188203 wrapping conn0: url=jdbc:h2:mem:testdb user=SA] for JDBC transaction
2025-09-04T01:10:54.568-03:00 DEBUG 7203 --- [           main] o.s.jdbc.support.JdbcTransactionManager  : Switching JDBC Connection [HikariProxyConnection@438188203 wrapping conn0: url=jdbc:h2:mem:testdb user=SA] to manual commit
2025-09-04T01:10:54.575-03:00 DEBUG 7203 --- [           main] o.s.jdbc.support.JdbcTransactionManager  : Initiating transaction commit
2025-09-04T01:10:54.575-03:00 DEBUG 7203 --- [           main] o.s.jdbc.support.JdbcTransactionManager  : Committing JDBC transaction on Connection [HikariProxyConnection@438188203 wrapping conn0: url=jdbc:h2:mem:testdb user=SA]
2025-09-04T01:10:54.575-03:00 DEBUG 7203 --- [           main] o.s.jdbc.support.JdbcTransactionManager  : Releasing JDBC Connection [HikariProxyConnection@438188203 wrapping conn0: url=jdbc:h2:mem:testdb user=SA] after transaction
2025-09-04T01:10:54.575-03:00 DEBUG 7203 --- [           main] o.s.jdbc.support.JdbcTransactionManager  : Creating new transaction with name [null]: PROPAGATION_REQUIRED,ISOLATION_DEFAULT
2025-09-04T01:10:54.575-03:00 DEBUG 7203 --- [           main] o.s.jdbc.support.JdbcTransactionManager  : Acquired Connection [HikariProxyConnection@427274463 wrapping conn0: url=jdbc:h2:mem:testdb user=SA] for JDBC transaction
2025-09-04T01:10:54.575-03:00 DEBUG 7203 --- [           main] o.s.jdbc.support.JdbcTransactionManager  : Switching JDBC Connection [HikariProxyConnection@427274463 wrapping conn0: url=jdbc:h2:mem:testdb user=SA] to manual commit
2025-09-04T01:10:54.576-03:00 DEBUG 7203 --- [           main] o.s.jdbc.support.JdbcTransactionManager  : Initiating transaction commit
2025-09-04T01:10:54.576-03:00 DEBUG 7203 --- [           main] o.s.jdbc.support.JdbcTransactionManager  : Committing JDBC transaction on Connection [HikariProxyConnection@427274463 wrapping conn0: url=jdbc:h2:mem:testdb user=SA]
2025-09-04T01:10:54.576-03:00 DEBUG 7203 --- [           main] o.s.jdbc.support.JdbcTransactionManager  : Releasing JDBC Connection [HikariProxyConnection@427274463 wrapping conn0: url=jdbc:h2:mem:testdb user=SA] after transaction
2025-09-04T01:10:54.576-03:00 DEBUG 7203 --- [           main] o.s.jdbc.support.JdbcTransactionManager  : Creating new transaction with name [null]: PROPAGATION_REQUIRED,ISOLATION_DEFAULT
2025-09-04T01:10:54.576-03:00 DEBUG 7203 --- [           main] o.s.jdbc.support.JdbcTransactionManager  : Acquired Connection [HikariProxyConnection@850268617 wrapping conn0: url=jdbc:h2:mem:testdb user=SA] for JDBC transaction
2025-09-04T01:10:54.576-03:00 DEBUG 7203 --- [           main] o.s.jdbc.support.JdbcTransactionManager  : Switching JDBC Connection [HikariProxyConnection@850268617 wrapping conn0: url=jdbc:h2:mem:testdb user=SA] to manual commit
2025-09-04T01:10:54.584-03:00 DEBUG 7203 --- [           main] o.s.jdbc.support.JdbcTransactionManager  : Initiating transaction commit
2025-09-04T01:10:54.584-03:00 DEBUG 7203 --- [           main] o.s.jdbc.support.JdbcTransactionManager  : Committing JDBC transaction on Connection [HikariProxyConnection@850268617 wrapping conn0: url=jdbc:h2:mem:testdb user=SA]
2025-09-04T01:10:54.584-03:00 DEBUG 7203 --- [           main] o.s.jdbc.support.JdbcTransactionManager  : Releasing JDBC Connection [HikariProxyConnection@850268617 wrapping conn0: url=jdbc:h2:mem:testdb user=SA] after transaction
2025-09-04T01:10:54.584-03:00 DEBUG 7203 --- [           main] o.s.jdbc.support.JdbcTransactionManager  : Creating new transaction with name [null]: PROPAGATION_REQUIRED,ISOLATION_DEFAULT
2025-09-04T01:10:54.585-03:00 DEBUG 7203 --- [           main] o.s.jdbc.support.JdbcTransactionManager  : Acquired Connection [HikariProxyConnection@1111849105 wrapping conn0: url=jdbc:h2:mem:testdb user=SA] for JDBC transaction
2025-09-04T01:10:54.585-03:00 DEBUG 7203 --- [           main] o.s.jdbc.support.JdbcTransactionManager  : Switching JDBC Connection [HikariProxyConnection@1111849105 wrapping conn0: url=jdbc:h2:mem:testdb user=SA] to manual commit
2025-09-04T01:10:54.585-03:00 DEBUG 7203 --- [           main] o.s.jdbc.support.JdbcTransactionManager  : Initiating transaction commit
2025-09-04T01:10:54.585-03:00 DEBUG 7203 --- [           main] o.s.jdbc.support.JdbcTransactionManager  : Committing JDBC transaction on Connection [HikariProxyConnection@1111849105 wrapping conn0: url=jdbc:h2:mem:testdb user=SA]
2025-09-04T01:10:54.585-03:00 DEBUG 7203 --- [           main] o.s.jdbc.support.JdbcTransactionManager  : Releasing JDBC Connection [HikariProxyConnection@1111849105 wrapping conn0: url=jdbc:h2:mem:testdb user=SA] after transaction
2025-09-04T01:10:54.586-03:00 DEBUG 7203 --- [           main] o.s.jdbc.support.JdbcTransactionManager  : Creating new transaction with name [null]: PROPAGATION_REQUIRED,ISOLATION_DEFAULT
2025-09-04T01:10:54.586-03:00 DEBUG 7203 --- [           main] o.s.jdbc.support.JdbcTransactionManager  : Acquired Connection [HikariProxyConnection@406488308 wrapping conn0: url=jdbc:h2:mem:testdb user=SA] for JDBC transaction
2025-09-04T01:10:54.586-03:00 DEBUG 7203 --- [           main] o.s.jdbc.support.JdbcTransactionManager  : Switching JDBC Connection [HikariProxyConnection@406488308 wrapping conn0: url=jdbc:h2:mem:testdb user=SA] to manual commit
2025-09-04T01:10:54.589-03:00 DEBUG 7203 --- [           main] o.s.jdbc.support.JdbcTransactionManager  : Initiating transaction commit
2025-09-04T01:10:54.589-03:00 DEBUG 7203 --- [           main] o.s.jdbc.support.JdbcTransactionManager  : Committing JDBC transaction on Connection [HikariProxyConnection@406488308 wrapping conn0: url=jdbc:h2:mem:testdb user=SA]
2025-09-04T01:10:54.589-03:00 DEBUG 7203 --- [           main] o.s.jdbc.support.JdbcTransactionManager  : Releasing JDBC Connection [HikariProxyConnection@406488308 wrapping conn0: url=jdbc:h2:mem:testdb user=SA] after transaction
2025-09-04T01:10:54.589-03:00 DEBUG 7203 --- [           main] o.s.jdbc.support.JdbcTransactionManager  : Creating new transaction with name [null]: PROPAGATION_REQUIRED,ISOLATION_DEFAULT
2025-09-04T01:10:54.589-03:00 DEBUG 7203 --- [           main] o.s.jdbc.support.JdbcTransactionManager  : Acquired Connection [HikariProxyConnection@1473758481 wrapping conn0: url=jdbc:h2:mem:testdb user=SA] for JDBC transaction
2025-09-04T01:10:54.590-03:00 DEBUG 7203 --- [           main] o.s.jdbc.support.JdbcTransactionManager  : Switching JDBC Connection [HikariProxyConnection@1473758481 wrapping conn0: url=jdbc:h2:mem:testdb user=SA] to manual commit
2025-09-04T01:10:54.594-03:00 DEBUG 7203 --- [           main] o.s.jdbc.support.JdbcTransactionManager  : Initiating transaction commit
2025-09-04T01:10:54.594-03:00 DEBUG 7203 --- [           main] o.s.jdbc.support.JdbcTransactionManager  : Committing JDBC transaction on Connection [HikariProxyConnection@1473758481 wrapping conn0: url=jdbc:h2:mem:testdb user=SA]
2025-09-04T01:10:54.594-03:00 DEBUG 7203 --- [           main] o.s.jdbc.support.JdbcTransactionManager  : Releasing JDBC Connection [HikariProxyConnection@1473758481 wrapping conn0: url=jdbc:h2:mem:testdb user=SA] after transaction
2025-09-04T01:10:54.595-03:00 DEBUG 7203 --- [           main] o.s.jdbc.support.JdbcTransactionManager  : Creating new transaction with name [null]: PROPAGATION_REQUIRED,ISOLATION_DEFAULT
2025-09-04T01:10:54.595-03:00 DEBUG 7203 --- [           main] o.s.jdbc.support.JdbcTransactionManager  : Acquired Connection [HikariProxyConnection@161573617 wrapping conn0: url=jdbc:h2:mem:testdb user=SA] for JDBC transaction
2025-09-04T01:10:54.595-03:00 DEBUG 7203 --- [           main] o.s.jdbc.support.JdbcTransactionManager  : Switching JDBC Connection [HikariProxyConnection@161573617 wrapping conn0: url=jdbc:h2:mem:testdb user=SA] to manual commit
2025-09-04T01:10:54.601-03:00 DEBUG 7203 --- [           main] o.s.jdbc.support.JdbcTransactionManager  : Initiating transaction commit
2025-09-04T01:10:54.602-03:00 DEBUG 7203 --- [           main] o.s.jdbc.support.JdbcTransactionManager  : Committing JDBC transaction on Connection [HikariProxyConnection@161573617 wrapping conn0: url=jdbc:h2:mem:testdb user=SA]
2025-09-04T01:10:54.602-03:00 DEBUG 7203 --- [           main] o.s.jdbc.support.JdbcTransactionManager  : Releasing JDBC Connection [HikariProxyConnection@161573617 wrapping conn0: url=jdbc:h2:mem:testdb user=SA] after transaction
2025-09-04T01:10:54.602-03:00 DEBUG 7203 --- [           main] o.s.jdbc.support.JdbcTransactionManager  : Creating new transaction with name [null]: PROPAGATION_REQUIRED,ISOLATION_DEFAULT
2025-09-04T01:10:54.602-03:00 DEBUG 7203 --- [           main] o.s.jdbc.support.JdbcTransactionManager  : Acquired Connection [HikariProxyConnection@1195378184 wrapping conn0: url=jdbc:h2:mem:testdb user=SA] for JDBC transaction
2025-09-04T01:10:54.602-03:00 DEBUG 7203 --- [           main] o.s.jdbc.support.JdbcTransactionManager  : Switching JDBC Connection [HikariProxyConnection@1195378184 wrapping conn0: url=jdbc:h2:mem:testdb user=SA] to manual commit
2025-09-04T01:10:54.604-03:00 DEBUG 7203 --- [           main] o.s.jdbc.support.JdbcTransactionManager  : Initiating transaction commit
2025-09-04T01:10:54.604-03:00 DEBUG 7203 --- [           main] o.s.jdbc.support.JdbcTransactionManager  : Committing JDBC transaction on Connection [HikariProxyConnection@1195378184 wrapping conn0: url=jdbc:h2:mem:testdb user=SA]
2025-09-04T01:10:54.604-03:00 DEBUG 7203 --- [           main] o.s.jdbc.support.JdbcTransactionManager  : Releasing JDBC Connection [HikariProxyConnection@1195378184 wrapping conn0: url=jdbc:h2:mem:testdb user=SA] after transaction
2025-09-04T01:10:54.604-03:00 DEBUG 7203 --- [           main] o.s.jdbc.support.JdbcTransactionManager  : Creating new transaction with name [null]: PROPAGATION_REQUIRED,ISOLATION_DEFAULT
2025-09-04T01:10:54.604-03:00 DEBUG 7203 --- [           main] o.s.jdbc.support.JdbcTransactionManager  : Acquired Connection [HikariProxyConnection@1739257986 wrapping conn0: url=jdbc:h2:mem:testdb user=SA] for JDBC transaction
2025-09-04T01:10:54.604-03:00 DEBUG 7203 --- [           main] o.s.jdbc.support.JdbcTransactionManager  : Switching JDBC Connection [HikariProxyConnection@1739257986 wrapping conn0: url=jdbc:h2:mem:testdb user=SA] to manual commit
2025-09-04T01:10:54.605-03:00 DEBUG 7203 --- [           main] o.s.jdbc.support.JdbcTransactionManager  : Initiating transaction commit
2025-09-04T01:10:54.605-03:00 DEBUG 7203 --- [           main] o.s.jdbc.support.JdbcTransactionManager  : Committing JDBC transaction on Connection [HikariProxyConnection@1739257986 wrapping conn0: url=jdbc:h2:mem:testdb user=SA]
2025-09-04T01:10:54.605-03:00 DEBUG 7203 --- [           main] o.s.jdbc.support.JdbcTransactionManager  : Releasing JDBC Connection [HikariProxyConnection@1739257986 wrapping conn0: url=jdbc:h2:mem:testdb user=SA] after transaction
2025-09-04T01:10:54.605-03:00 DEBUG 7203 --- [           main] o.s.jdbc.support.JdbcTransactionManager  : Creating new transaction with name [null]: PROPAGATION_REQUIRED,ISOLATION_DEFAULT
2025-09-04T01:10:54.605-03:00 DEBUG 7203 --- [           main] o.s.jdbc.support.JdbcTransactionManager  : Acquired Connection [HikariProxyConnection@692827822 wrapping conn0: url=jdbc:h2:mem:testdb user=SA] for JDBC transaction
2025-09-04T01:10:54.605-03:00 DEBUG 7203 --- [           main] o.s.jdbc.support.JdbcTransactionManager  : Switching JDBC Connection [HikariProxyConnection@692827822 wrapping conn0: url=jdbc:h2:mem:testdb user=SA] to manual commit
2025-09-04T01:10:54.606-03:00 DEBUG 7203 --- [           main] o.s.jdbc.support.JdbcTransactionManager  : Initiating transaction commit
2025-09-04T01:10:54.606-03:00 DEBUG 7203 --- [           main] o.s.jdbc.support.JdbcTransactionManager  : Committing JDBC transaction on Connection [HikariProxyConnection@692827822 wrapping conn0: url=jdbc:h2:mem:testdb user=SA]
2025-09-04T01:10:54.606-03:00 DEBUG 7203 --- [           main] o.s.jdbc.support.JdbcTransactionManager  : Releasing JDBC Connection [HikariProxyConnection@692827822 wrapping conn0: url=jdbc:h2:mem:testdb user=SA] after transaction
2025-09-04T01:10:54.606-03:00 DEBUG 7203 --- [           main] o.s.jdbc.support.JdbcTransactionManager  : Creating new transaction with name [null]: PROPAGATION_REQUIRED,ISOLATION_DEFAULT
2025-09-04T01:10:54.606-03:00 DEBUG 7203 --- [           main] o.s.jdbc.support.JdbcTransactionManager  : Acquired Connection [HikariProxyConnection@1907119907 wrapping conn0: url=jdbc:h2:mem:testdb user=SA] for JDBC transaction
2025-09-04T01:10:54.606-03:00 DEBUG 7203 --- [           main] o.s.jdbc.support.JdbcTransactionManager  : Switching JDBC Connection [HikariProxyConnection@1907119907 wrapping conn0: url=jdbc:h2:mem:testdb user=SA] to manual commit
2025-09-04T01:10:54.607-03:00 DEBUG 7203 --- [           main] o.s.jdbc.support.JdbcTransactionManager  : Initiating transaction commit
2025-09-04T01:10:54.607-03:00 DEBUG 7203 --- [           main] o.s.jdbc.support.JdbcTransactionManager  : Committing JDBC transaction on Connection [HikariProxyConnection@1907119907 wrapping conn0: url=jdbc:h2:mem:testdb user=SA]
2025-09-04T01:10:54.607-03:00 DEBUG 7203 --- [           main] o.s.jdbc.support.JdbcTransactionManager  : Releasing JDBC Connection [HikariProxyConnection@1907119907 wrapping conn0: url=jdbc:h2:mem:testdb user=SA] after transaction
2025-09-04T01:10:54.607-03:00 DEBUG 7203 --- [           main] o.s.jdbc.support.JdbcTransactionManager  : Creating new transaction with name [null]: PROPAGATION_REQUIRED,ISOLATION_DEFAULT
2025-09-04T01:10:54.608-03:00 DEBUG 7203 --- [           main] o.s.jdbc.support.JdbcTransactionManager  : Acquired Connection [HikariProxyConnection@255401554 wrapping conn0: url=jdbc:h2:mem:testdb user=SA] for JDBC transaction
2025-09-04T01:10:54.608-03:00 DEBUG 7203 --- [           main] o.s.jdbc.support.JdbcTransactionManager  : Switching JDBC Connection [HikariProxyConnection@255401554 wrapping conn0: url=jdbc:h2:mem:testdb user=SA] to manual commit
2025-09-04T01:10:54.608-03:00 DEBUG 7203 --- [           main] o.s.jdbc.support.JdbcTransactionManager  : Initiating transaction commit
2025-09-04T01:10:54.609-03:00 DEBUG 7203 --- [           main] o.s.jdbc.support.JdbcTransactionManager  : Committing JDBC transaction on Connection [HikariProxyConnection@255401554 wrapping conn0: url=jdbc:h2:mem:testdb user=SA]
2025-09-04T01:10:54.609-03:00 DEBUG 7203 --- [           main] o.s.jdbc.support.JdbcTransactionManager  : Releasing JDBC Connection [HikariProxyConnection@255401554 wrapping conn0: url=jdbc:h2:mem:testdb user=SA] after transaction
2025-09-04T01:10:54.609-03:00 DEBUG 7203 --- [           main] o.s.jdbc.support.JdbcTransactionManager  : Creating new transaction with name [null]: PROPAGATION_REQUIRED,ISOLATION_DEFAULT
2025-09-04T01:10:54.609-03:00 DEBUG 7203 --- [           main] o.s.jdbc.support.JdbcTransactionManager  : Acquired Connection [HikariProxyConnection@1263633989 wrapping conn0: url=jdbc:h2:mem:testdb user=SA] for JDBC transaction
2025-09-04T01:10:54.609-03:00 DEBUG 7203 --- [           main] o.s.jdbc.support.JdbcTransactionManager  : Switching JDBC Connection [HikariProxyConnection@1263633989 wrapping conn0: url=jdbc:h2:mem:testdb user=SA] to manual commit
2025-09-04T01:10:54.610-03:00 DEBUG 7203 --- [           main] o.s.jdbc.support.JdbcTransactionManager  : Initiating transaction commit
2025-09-04T01:10:54.610-03:00 DEBUG 7203 --- [           main] o.s.jdbc.support.JdbcTransactionManager  : Committing JDBC transaction on Connection [HikariProxyConnection@1263633989 wrapping conn0: url=jdbc:h2:mem:testdb user=SA]
2025-09-04T01:10:54.610-03:00 DEBUG 7203 --- [           main] o.s.jdbc.support.JdbcTransactionManager  : Releasing JDBC Connection [HikariProxyConnection@1263633989 wrapping conn0: url=jdbc:h2:mem:testdb user=SA] after transaction
2025-09-04T01:10:54.610-03:00 DEBUG 7203 --- [           main] o.s.jdbc.support.JdbcTransactionManager  : Creating new transaction with name [null]: PROPAGATION_REQUIRED,ISOLATION_DEFAULT
2025-09-04T01:10:54.610-03:00 DEBUG 7203 --- [           main] o.s.jdbc.support.JdbcTransactionManager  : Acquired Connection [HikariProxyConnection@1850109919 wrapping conn0: url=jdbc:h2:mem:testdb user=SA] for JDBC transaction
2025-09-04T01:10:54.610-03:00 DEBUG 7203 --- [           main] o.s.jdbc.support.JdbcTransactionManager  : Switching JDBC Connection [HikariProxyConnection@1850109919 wrapping conn0: url=jdbc:h2:mem:testdb user=SA] to manual commit
2025-09-04T01:10:54.611-03:00 DEBUG 7203 --- [           main] o.s.jdbc.support.JdbcTransactionManager  : Initiating transaction commit
2025-09-04T01:10:54.611-03:00 DEBUG 7203 --- [           main] o.s.jdbc.support.JdbcTransactionManager  : Committing JDBC transaction on Connection [HikariProxyConnection@1850109919 wrapping conn0: url=jdbc:h2:mem:testdb user=SA]
2025-09-04T01:10:54.612-03:00 DEBUG 7203 --- [           main] o.s.jdbc.support.JdbcTransactionManager  : Releasing JDBC Connection [HikariProxyConnection@1850109919 wrapping conn0: url=jdbc:h2:mem:testdb user=SA] after transaction
2025-09-04T01:10:54.612-03:00 DEBUG 7203 --- [           main] o.s.jdbc.support.JdbcTransactionManager  : Creating new transaction with name [null]: PROPAGATION_REQUIRED,ISOLATION_DEFAULT
2025-09-04T01:10:54.612-03:00 DEBUG 7203 --- [           main] o.s.jdbc.support.JdbcTransactionManager  : Acquired Connection [HikariProxyConnection@1340776217 wrapping conn0: url=jdbc:h2:mem:testdb user=SA] for JDBC transaction
2025-09-04T01:10:54.612-03:00 DEBUG 7203 --- [           main] o.s.jdbc.support.JdbcTransactionManager  : Switching JDBC Connection [HikariProxyConnection@1340776217 wrapping conn0: url=jdbc:h2:mem:testdb user=SA] to manual commit
2025-09-04T01:10:54.612-03:00 DEBUG 7203 --- [           main] o.s.jdbc.support.JdbcTransactionManager  : Initiating transaction commit
2025-09-04T01:10:54.613-03:00 DEBUG 7203 --- [           main] o.s.jdbc.support.JdbcTransactionManager  : Committing JDBC transaction on Connection [HikariProxyConnection@1340776217 wrapping conn0: url=jdbc:h2:mem:testdb user=SA]
2025-09-04T01:10:54.613-03:00 DEBUG 7203 --- [           main] o.s.jdbc.support.JdbcTransactionManager  : Releasing JDBC Connection [HikariProxyConnection@1340776217 wrapping conn0: url=jdbc:h2:mem:testdb user=SA] after transaction
2025-09-04T01:10:54.613-03:00 DEBUG 7203 --- [           main] o.s.jdbc.support.JdbcTransactionManager  : Creating new transaction with name [null]: PROPAGATION_REQUIRED,ISOLATION_DEFAULT
2025-09-04T01:10:54.613-03:00 DEBUG 7203 --- [           main] o.s.jdbc.support.JdbcTransactionManager  : Acquired Connection [HikariProxyConnection@1791292189 wrapping conn0: url=jdbc:h2:mem:testdb user=SA] for JDBC transaction
2025-09-04T01:10:54.613-03:00 DEBUG 7203 --- [           main] o.s.jdbc.support.JdbcTransactionManager  : Switching JDBC Connection [HikariProxyConnection@1791292189 wrapping conn0: url=jdbc:h2:mem:testdb user=SA] to manual commit
2025-09-04T01:10:54.614-03:00 DEBUG 7203 --- [           main] o.s.jdbc.support.JdbcTransactionManager  : Initiating transaction commit
2025-09-04T01:10:54.614-03:00 DEBUG 7203 --- [           main] o.s.jdbc.support.JdbcTransactionManager  : Committing JDBC transaction on Connection [HikariProxyConnection@1791292189 wrapping conn0: url=jdbc:h2:mem:testdb user=SA]
2025-09-04T01:10:54.614-03:00 DEBUG 7203 --- [           main] o.s.jdbc.support.JdbcTransactionManager  : Releasing JDBC Connection [HikariProxyConnection@1791292189 wrapping conn0: url=jdbc:h2:mem:testdb user=SA] after transaction
2025-09-04T01:10:54.614-03:00 DEBUG 7203 --- [           main] o.s.jdbc.support.JdbcTransactionManager  : Creating new transaction with name [null]: PROPAGATION_REQUIRED,ISOLATION_DEFAULT
2025-09-04T01:10:54.615-03:00 DEBUG 7203 --- [           main] o.s.jdbc.support.JdbcTransactionManager  : Acquired Connection [HikariProxyConnection@191259494 wrapping conn0: url=jdbc:h2:mem:testdb user=SA] for JDBC transaction
2025-09-04T01:10:54.615-03:00 DEBUG 7203 --- [           main] o.s.jdbc.support.JdbcTransactionManager  : Switching JDBC Connection [HikariProxyConnection@191259494 wrapping conn0: url=jdbc:h2:mem:testdb user=SA] to manual commit
2025-09-04T01:10:54.615-03:00 DEBUG 7203 --- [           main] o.s.jdbc.support.JdbcTransactionManager  : Initiating transaction commit
2025-09-04T01:10:54.615-03:00 DEBUG 7203 --- [           main] o.s.jdbc.support.JdbcTransactionManager  : Committing JDBC transaction on Connection [HikariProxyConnection@191259494 wrapping conn0: url=jdbc:h2:mem:testdb user=SA]
2025-09-04T01:10:54.615-03:00 DEBUG 7203 --- [           main] o.s.jdbc.support.JdbcTransactionManager  : Releasing JDBC Connection [HikariProxyConnection@191259494 wrapping conn0: url=jdbc:h2:mem:testdb user=SA] after transaction
2025-09-04T01:10:54.616-03:00 DEBUG 7203 --- [           main] o.s.jdbc.support.JdbcTransactionManager  : Creating new transaction with name [null]: PROPAGATION_REQUIRED,ISOLATION_DEFAULT
2025-09-04T01:10:54.616-03:00 DEBUG 7203 --- [           main] o.s.jdbc.support.JdbcTransactionManager  : Acquired Connection [HikariProxyConnection@2076083498 wrapping conn0: url=jdbc:h2:mem:testdb user=SA] for JDBC transaction
2025-09-04T01:10:54.616-03:00 DEBUG 7203 --- [           main] o.s.jdbc.support.JdbcTransactionManager  : Switching JDBC Connection [HikariProxyConnection@2076083498 wrapping conn0: url=jdbc:h2:mem:testdb user=SA] to manual commit
2025-09-04T01:10:54.616-03:00 DEBUG 7203 --- [           main] o.s.jdbc.support.JdbcTransactionManager  : Initiating transaction commit
2025-09-04T01:10:54.617-03:00 DEBUG 7203 --- [           main] o.s.jdbc.support.JdbcTransactionManager  : Committing JDBC transaction on Connection [HikariProxyConnection@2076083498 wrapping conn0: url=jdbc:h2:mem:testdb user=SA]
2025-09-04T01:10:54.617-03:00 DEBUG 7203 --- [           main] o.s.jdbc.support.JdbcTransactionManager  : Releasing JDBC Connection [HikariProxyConnection@2076083498 wrapping conn0: url=jdbc:h2:mem:testdb user=SA] after transaction
2025-09-04T01:10:54.617-03:00 DEBUG 7203 --- [           main] o.s.jdbc.support.JdbcTransactionManager  : Creating new transaction with name [null]: PROPAGATION_REQUIRED,ISOLATION_DEFAULT
2025-09-04T01:10:54.617-03:00 DEBUG 7203 --- [           main] o.s.jdbc.support.JdbcTransactionManager  : Acquired Connection [HikariProxyConnection@719119378 wrapping conn0: url=jdbc:h2:mem:testdb user=SA] for JDBC transaction
2025-09-04T01:10:54.617-03:00 DEBUG 7203 --- [           main] o.s.jdbc.support.JdbcTransactionManager  : Switching JDBC Connection [HikariProxyConnection@719119378 wrapping conn0: url=jdbc:h2:mem:testdb user=SA] to manual commit
2025-09-04T01:10:54.618-03:00 DEBUG 7203 --- [           main] o.s.jdbc.support.JdbcTransactionManager  : Initiating transaction commit
2025-09-04T01:10:54.618-03:00 DEBUG 7203 --- [           main] o.s.jdbc.support.JdbcTransactionManager  : Committing JDBC transaction on Connection [HikariProxyConnection@719119378 wrapping conn0: url=jdbc:h2:mem:testdb user=SA]
2025-09-04T01:10:54.618-03:00 DEBUG 7203 --- [           main] o.s.jdbc.support.JdbcTransactionManager  : Releasing JDBC Connection [HikariProxyConnection@719119378 wrapping conn0: url=jdbc:h2:mem:testdb user=SA] after transaction
2025-09-04T01:10:54.618-03:00 DEBUG 7203 --- [           main] o.s.jdbc.support.JdbcTransactionManager  : Creating new transaction with name [null]: PROPAGATION_REQUIRED,ISOLATION_DEFAULT
2025-09-04T01:10:54.618-03:00 DEBUG 7203 --- [           main] o.s.jdbc.support.JdbcTransactionManager  : Acquired Connection [HikariProxyConnection@1837411216 wrapping conn0: url=jdbc:h2:mem:testdb user=SA] for JDBC transaction
2025-09-04T01:10:54.618-03:00 DEBUG 7203 --- [           main] o.s.jdbc.support.JdbcTransactionManager  : Switching JDBC Connection [HikariProxyConnection@1837411216 wrapping conn0: url=jdbc:h2:mem:testdb user=SA] to manual commit
2025-09-04T01:10:54.619-03:00 DEBUG 7203 --- [           main] o.s.jdbc.support.JdbcTransactionManager  : Initiating transaction commit
2025-09-04T01:10:54.619-03:00 DEBUG 7203 --- [           main] o.s.jdbc.support.JdbcTransactionManager  : Committing JDBC transaction on Connection [HikariProxyConnection@1837411216 wrapping conn0: url=jdbc:h2:mem:testdb user=SA]
2025-09-04T01:10:54.619-03:00 DEBUG 7203 --- [           main] o.s.jdbc.support.JdbcTransactionManager  : Releasing JDBC Connection [HikariProxyConnection@1837411216 wrapping conn0: url=jdbc:h2:mem:testdb user=SA] after transaction
2025-09-04T01:10:54.619-03:00 DEBUG 7203 --- [           main] o.s.jdbc.support.JdbcTransactionManager  : Creating new transaction with name [null]: PROPAGATION_REQUIRED,ISOLATION_DEFAULT
2025-09-04T01:10:54.619-03:00 DEBUG 7203 --- [           main] o.s.jdbc.support.JdbcTransactionManager  : Acquired Connection [HikariProxyConnection@2092141162 wrapping conn0: url=jdbc:h2:mem:testdb user=SA] for JDBC transaction
2025-09-04T01:10:54.619-03:00 DEBUG 7203 --- [           main] o.s.jdbc.support.JdbcTransactionManager  : Switching JDBC Connection [HikariProxyConnection@2092141162 wrapping conn0: url=jdbc:h2:mem:testdb user=SA] to manual commit
2025-09-04T01:10:54.620-03:00 DEBUG 7203 --- [           main] o.s.jdbc.support.JdbcTransactionManager  : Initiating transaction commit
2025-09-04T01:10:54.620-03:00 DEBUG 7203 --- [           main] o.s.jdbc.support.JdbcTransactionManager  : Committing JDBC transaction on Connection [HikariProxyConnection@2092141162 wrapping conn0: url=jdbc:h2:mem:testdb user=SA]
2025-09-04T01:10:54.620-03:00 DEBUG 7203 --- [           main] o.s.jdbc.support.JdbcTransactionManager  : Releasing JDBC Connection [HikariProxyConnection@2092141162 wrapping conn0: url=jdbc:h2:mem:testdb user=SA] after transaction
2025-09-04T01:10:54.620-03:00 DEBUG 7203 --- [           main] o.s.jdbc.support.JdbcTransactionManager  : Creating new transaction with name [null]: PROPAGATION_REQUIRED,ISOLATION_DEFAULT
2025-09-04T01:10:54.620-03:00 DEBUG 7203 --- [           main] o.s.jdbc.support.JdbcTransactionManager  : Acquired Connection [HikariProxyConnection@823351646 wrapping conn0: url=jdbc:h2:mem:testdb user=SA] for JDBC transaction
2025-09-04T01:10:54.620-03:00 DEBUG 7203 --- [           main] o.s.jdbc.support.JdbcTransactionManager  : Switching JDBC Connection [HikariProxyConnection@823351646 wrapping conn0: url=jdbc:h2:mem:testdb user=SA] to manual commit
2025-09-04T01:10:54.621-03:00 DEBUG 7203 --- [           main] o.s.jdbc.support.JdbcTransactionManager  : Initiating transaction commit
2025-09-04T01:10:54.621-03:00 DEBUG 7203 --- [           main] o.s.jdbc.support.JdbcTransactionManager  : Committing JDBC transaction on Connection [HikariProxyConnection@823351646 wrapping conn0: url=jdbc:h2:mem:testdb user=SA]
2025-09-04T01:10:54.621-03:00 DEBUG 7203 --- [           main] o.s.jdbc.support.JdbcTransactionManager  : Releasing JDBC Connection [HikariProxyConnection@823351646 wrapping conn0: url=jdbc:h2:mem:testdb user=SA] after transaction
2025-09-04T01:10:54.621-03:00 DEBUG 7203 --- [           main] o.s.jdbc.support.JdbcTransactionManager  : Creating new transaction with name [null]: PROPAGATION_REQUIRED,ISOLATION_DEFAULT
2025-09-04T01:10:54.621-03:00 DEBUG 7203 --- [           main] o.s.jdbc.support.JdbcTransactionManager  : Acquired Connection [HikariProxyConnection@1888591894 wrapping conn0: url=jdbc:h2:mem:testdb user=SA] for JDBC transaction
2025-09-04T01:10:54.621-03:00 DEBUG 7203 --- [           main] o.s.jdbc.support.JdbcTransactionManager  : Switching JDBC Connection [HikariProxyConnection@1888591894 wrapping conn0: url=jdbc:h2:mem:testdb user=SA] to manual commit
2025-09-04T01:10:54.622-03:00 DEBUG 7203 --- [           main] o.s.jdbc.support.JdbcTransactionManager  : Initiating transaction commit
2025-09-04T01:10:54.622-03:00 DEBUG 7203 --- [           main] o.s.jdbc.support.JdbcTransactionManager  : Committing JDBC transaction on Connection [HikariProxyConnection@1888591894 wrapping conn0: url=jdbc:h2:mem:testdb user=SA]
2025-09-04T01:10:54.622-03:00 DEBUG 7203 --- [           main] o.s.jdbc.support.JdbcTransactionManager  : Releasing JDBC Connection [HikariProxyConnection@1888591894 wrapping conn0: url=jdbc:h2:mem:testdb user=SA] after transaction
2025-09-04T01:10:54.622-03:00 DEBUG 7203 --- [           main] o.s.jdbc.support.JdbcTransactionManager  : Creating new transaction with name [null]: PROPAGATION_REQUIRED,ISOLATION_DEFAULT
2025-09-04T01:10:54.622-03:00 DEBUG 7203 --- [           main] o.s.jdbc.support.JdbcTransactionManager  : Acquired Connection [HikariProxyConnection@1059749024 wrapping conn0: url=jdbc:h2:mem:testdb user=SA] for JDBC transaction
2025-09-04T01:10:54.622-03:00 DEBUG 7203 --- [           main] o.s.jdbc.support.JdbcTransactionManager  : Switching JDBC Connection [HikariProxyConnection@1059749024 wrapping conn0: url=jdbc:h2:mem:testdb user=SA] to manual commit
2025-09-04T01:10:54.623-03:00 DEBUG 7203 --- [           main] o.s.jdbc.support.JdbcTransactionManager  : Initiating transaction commit
2025-09-04T01:10:54.623-03:00 DEBUG 7203 --- [           main] o.s.jdbc.support.JdbcTransactionManager  : Committing JDBC transaction on Connection [HikariProxyConnection@1059749024 wrapping conn0: url=jdbc:h2:mem:testdb user=SA]
2025-09-04T01:10:54.623-03:00 DEBUG 7203 --- [           main] o.s.jdbc.support.JdbcTransactionManager  : Releasing JDBC Connection [HikariProxyConnection@1059749024 wrapping conn0: url=jdbc:h2:mem:testdb user=SA] after transaction
2025-09-04T01:10:54.623-03:00 DEBUG 7203 --- [           main] o.s.jdbc.support.JdbcTransactionManager  : Creating new transaction with name [null]: PROPAGATION_REQUIRED,ISOLATION_DEFAULT
2025-09-04T01:10:54.624-03:00 DEBUG 7203 --- [           main] o.s.jdbc.support.JdbcTransactionManager  : Acquired Connection [HikariProxyConnection@1586365091 wrapping conn0: url=jdbc:h2:mem:testdb user=SA] for JDBC transaction
2025-09-04T01:10:54.624-03:00 DEBUG 7203 --- [           main] o.s.jdbc.support.JdbcTransactionManager  : Switching JDBC Connection [HikariProxyConnection@1586365091 wrapping conn0: url=jdbc:h2:mem:testdb user=SA] to manual commit
2025-09-04T01:10:54.624-03:00 DEBUG 7203 --- [           main] o.s.jdbc.support.JdbcTransactionManager  : Initiating transaction commit
2025-09-04T01:10:54.624-03:00 DEBUG 7203 --- [           main] o.s.jdbc.support.JdbcTransactionManager  : Committing JDBC transaction on Connection [HikariProxyConnection@1586365091 wrapping conn0: url=jdbc:h2:mem:testdb user=SA]
2025-09-04T01:10:54.624-03:00 DEBUG 7203 --- [           main] o.s.jdbc.support.JdbcTransactionManager  : Releasing JDBC Connection [HikariProxyConnection@1586365091 wrapping conn0: url=jdbc:h2:mem:testdb user=SA] after transaction
2025-09-04T01:10:54.625-03:00 DEBUG 7203 --- [           main] o.s.jdbc.support.JdbcTransactionManager  : Creating new transaction with name [null]: PROPAGATION_REQUIRED,ISOLATION_DEFAULT
2025-09-04T01:10:54.625-03:00 DEBUG 7203 --- [           main] o.s.jdbc.support.JdbcTransactionManager  : Acquired Connection [HikariProxyConnection@1717005266 wrapping conn0: url=jdbc:h2:mem:testdb user=SA] for JDBC transaction
2025-09-04T01:10:54.625-03:00 DEBUG 7203 --- [           main] o.s.jdbc.support.JdbcTransactionManager  : Switching JDBC Connection [HikariProxyConnection@1717005266 wrapping conn0: url=jdbc:h2:mem:testdb user=SA] to manual commit
2025-09-04T01:10:54.625-03:00 DEBUG 7203 --- [           main] o.s.jdbc.support.JdbcTransactionManager  : Initiating transaction commit
2025-09-04T01:10:54.626-03:00 DEBUG 7203 --- [           main] o.s.jdbc.support.JdbcTransactionManager  : Committing JDBC transaction on Connection [HikariProxyConnection@1717005266 wrapping conn0: url=jdbc:h2:mem:testdb user=SA]
2025-09-04T01:10:54.626-03:00 DEBUG 7203 --- [           main] o.s.jdbc.support.JdbcTransactionManager  : Releasing JDBC Connection [HikariProxyConnection@1717005266 wrapping conn0: url=jdbc:h2:mem:testdb user=SA] after transaction
2025-09-04T01:10:54.626-03:00 DEBUG 7203 --- [           main] o.s.jdbc.support.JdbcTransactionManager  : Creating new transaction with name [null]: PROPAGATION_REQUIRED,ISOLATION_DEFAULT
2025-09-04T01:10:54.626-03:00 DEBUG 7203 --- [           main] o.s.jdbc.support.JdbcTransactionManager  : Acquired Connection [HikariProxyConnection@2131361552 wrapping conn0: url=jdbc:h2:mem:testdb user=SA] for JDBC transaction
2025-09-04T01:10:54.626-03:00 DEBUG 7203 --- [           main] o.s.jdbc.support.JdbcTransactionManager  : Switching JDBC Connection [HikariProxyConnection@2131361552 wrapping conn0: url=jdbc:h2:mem:testdb user=SA] to manual commit
2025-09-04T01:10:54.626-03:00 DEBUG 7203 --- [           main] o.s.jdbc.support.JdbcTransactionManager  : Initiating transaction commit
2025-09-04T01:10:54.626-03:00 DEBUG 7203 --- [           main] o.s.jdbc.support.JdbcTransactionManager  : Committing JDBC transaction on Connection [HikariProxyConnection@2131361552 wrapping conn0: url=jdbc:h2:mem:testdb user=SA]
2025-09-04T01:10:54.627-03:00 DEBUG 7203 --- [           main] o.s.jdbc.support.JdbcTransactionManager  : Releasing JDBC Connection [HikariProxyConnection@2131361552 wrapping conn0: url=jdbc:h2:mem:testdb user=SA] after transaction
2025-09-04T01:10:54.627-03:00 DEBUG 7203 --- [           main] o.s.jdbc.support.JdbcTransactionManager  : Creating new transaction with name [null]: PROPAGATION_REQUIRED,ISOLATION_DEFAULT
2025-09-04T01:10:54.627-03:00 DEBUG 7203 --- [           main] o.s.jdbc.support.JdbcTransactionManager  : Acquired Connection [HikariProxyConnection@248512306 wrapping conn0: url=jdbc:h2:mem:testdb user=SA] for JDBC transaction
2025-09-04T01:10:54.627-03:00 DEBUG 7203 --- [           main] o.s.jdbc.support.JdbcTransactionManager  : Switching JDBC Connection [HikariProxyConnection@248512306 wrapping conn0: url=jdbc:h2:mem:testdb user=SA] to manual commit
2025-09-04T01:10:54.628-03:00 DEBUG 7203 --- [           main] o.s.jdbc.support.JdbcTransactionManager  : Initiating transaction commit
2025-09-04T01:10:54.628-03:00 DEBUG 7203 --- [           main] o.s.jdbc.support.JdbcTransactionManager  : Committing JDBC transaction on Connection [HikariProxyConnection@248512306 wrapping conn0: url=jdbc:h2:mem:testdb user=SA]
2025-09-04T01:10:54.628-03:00 DEBUG 7203 --- [           main] o.s.jdbc.support.JdbcTransactionManager  : Releasing JDBC Connection [HikariProxyConnection@248512306 wrapping conn0: url=jdbc:h2:mem:testdb user=SA] after transaction
2025-09-04T01:10:54.628-03:00 DEBUG 7203 --- [           main] o.s.jdbc.support.JdbcTransactionManager  : Creating new transaction with name [null]: PROPAGATION_REQUIRED,ISOLATION_DEFAULT
2025-09-04T01:10:54.628-03:00 DEBUG 7203 --- [           main] o.s.jdbc.support.JdbcTransactionManager  : Acquired Connection [HikariProxyConnection@203717378 wrapping conn0: url=jdbc:h2:mem:testdb user=SA] for JDBC transaction
2025-09-04T01:10:54.628-03:00 DEBUG 7203 --- [           main] o.s.jdbc.support.JdbcTransactionManager  : Switching JDBC Connection [HikariProxyConnection@203717378 wrapping conn0: url=jdbc:h2:mem:testdb user=SA] to manual commit
2025-09-04T01:10:54.629-03:00 DEBUG 7203 --- [           main] o.s.jdbc.support.JdbcTransactionManager  : Initiating transaction commit
2025-09-04T01:10:54.629-03:00 DEBUG 7203 --- [           main] o.s.jdbc.support.JdbcTransactionManager  : Committing JDBC transaction on Connection [HikariProxyConnection@203717378 wrapping conn0: url=jdbc:h2:mem:testdb user=SA]
2025-09-04T01:10:54.629-03:00 DEBUG 7203 --- [           main] o.s.jdbc.support.JdbcTransactionManager  : Releasing JDBC Connection [HikariProxyConnection@203717378 wrapping conn0: url=jdbc:h2:mem:testdb user=SA] after transaction
2025-09-04T01:10:54.629-03:00 DEBUG 7203 --- [           main] o.s.jdbc.support.JdbcTransactionManager  : Creating new transaction with name [null]: PROPAGATION_REQUIRED,ISOLATION_DEFAULT
2025-09-04T01:10:54.629-03:00 DEBUG 7203 --- [           main] o.s.jdbc.support.JdbcTransactionManager  : Acquired Connection [HikariProxyConnection@1992840325 wrapping conn0: url=jdbc:h2:mem:testdb user=SA] for JDBC transaction
2025-09-04T01:10:54.629-03:00 DEBUG 7203 --- [           main] o.s.jdbc.support.JdbcTransactionManager  : Switching JDBC Connection [HikariProxyConnection@1992840325 wrapping conn0: url=jdbc:h2:mem:testdb user=SA] to manual commit
2025-09-04T01:10:54.630-03:00 DEBUG 7203 --- [           main] o.s.jdbc.support.JdbcTransactionManager  : Initiating transaction commit
2025-09-04T01:10:54.630-03:00 DEBUG 7203 --- [           main] o.s.jdbc.support.JdbcTransactionManager  : Committing JDBC transaction on Connection [HikariProxyConnection@1992840325 wrapping conn0: url=jdbc:h2:mem:testdb user=SA]
2025-09-04T01:10:54.630-03:00 DEBUG 7203 --- [           main] o.s.jdbc.support.JdbcTransactionManager  : Releasing JDBC Connection [HikariProxyConnection@1992840325 wrapping conn0: url=jdbc:h2:mem:testdb user=SA] after transaction
2025-09-04T01:10:54.630-03:00 DEBUG 7203 --- [           main] o.s.jdbc.support.JdbcTransactionManager  : Creating new transaction with name [null]: PROPAGATION_REQUIRED,ISOLATION_DEFAULT
2025-09-04T01:10:54.630-03:00 DEBUG 7203 --- [           main] o.s.jdbc.support.JdbcTransactionManager  : Acquired Connection [HikariProxyConnection@1249560971 wrapping conn0: url=jdbc:h2:mem:testdb user=SA] for JDBC transaction
2025-09-04T01:10:54.630-03:00 DEBUG 7203 --- [           main] o.s.jdbc.support.JdbcTransactionManager  : Switching JDBC Connection [HikariProxyConnection@1249560971 wrapping conn0: url=jdbc:h2:mem:testdb user=SA] to manual commit
2025-09-04T01:10:54.631-03:00 DEBUG 7203 --- [           main] o.s.jdbc.support.JdbcTransactionManager  : Initiating transaction commit
2025-09-04T01:10:54.631-03:00 DEBUG 7203 --- [           main] o.s.jdbc.support.JdbcTransactionManager  : Committing JDBC transaction on Connection [HikariProxyConnection@1249560971 wrapping conn0: url=jdbc:h2:mem:testdb user=SA]
2025-09-04T01:10:54.631-03:00 DEBUG 7203 --- [           main] o.s.jdbc.support.JdbcTransactionManager  : Releasing JDBC Connection [HikariProxyConnection@1249560971 wrapping conn0: url=jdbc:h2:mem:testdb user=SA] after transaction
2025-09-04T01:10:54.631-03:00 DEBUG 7203 --- [           main] o.s.jdbc.support.JdbcTransactionManager  : Creating new transaction with name [null]: PROPAGATION_REQUIRED,ISOLATION_DEFAULT
2025-09-04T01:10:54.631-03:00 DEBUG 7203 --- [           main] o.s.jdbc.support.JdbcTransactionManager  : Acquired Connection [HikariProxyConnection@20706813 wrapping conn0: url=jdbc:h2:mem:testdb user=SA] for JDBC transaction
2025-09-04T01:10:54.631-03:00 DEBUG 7203 --- [           main] o.s.jdbc.support.JdbcTransactionManager  : Switching JDBC Connection [HikariProxyConnection@20706813 wrapping conn0: url=jdbc:h2:mem:testdb user=SA] to manual commit
2025-09-04T01:10:54.632-03:00 DEBUG 7203 --- [           main] o.s.jdbc.support.JdbcTransactionManager  : Initiating transaction commit
2025-09-04T01:10:54.632-03:00 DEBUG 7203 --- [           main] o.s.jdbc.support.JdbcTransactionManager  : Committing JDBC transaction on Connection [HikariProxyConnection@20706813 wrapping conn0: url=jdbc:h2:mem:testdb user=SA]
2025-09-04T01:10:54.632-03:00 DEBUG 7203 --- [           main] o.s.jdbc.support.JdbcTransactionManager  : Releasing JDBC Connection [HikariProxyConnection@20706813 wrapping conn0: url=jdbc:h2:mem:testdb user=SA] after transaction
2025-09-04T01:10:54.632-03:00 DEBUG 7203 --- [           main] o.s.jdbc.support.JdbcTransactionManager  : Creating new transaction with name [null]: PROPAGATION_REQUIRED,ISOLATION_DEFAULT
2025-09-04T01:10:54.632-03:00 DEBUG 7203 --- [           main] o.s.jdbc.support.JdbcTransactionManager  : Acquired Connection [HikariProxyConnection@839190056 wrapping conn0: url=jdbc:h2:mem:testdb user=SA] for JDBC transaction
2025-09-04T01:10:54.632-03:00 DEBUG 7203 --- [           main] o.s.jdbc.support.JdbcTransactionManager  : Switching JDBC Connection [HikariProxyConnection@839190056 wrapping conn0: url=jdbc:h2:mem:testdb user=SA] to manual commit
2025-09-04T01:10:54.633-03:00 DEBUG 7203 --- [           main] o.s.jdbc.support.JdbcTransactionManager  : Initiating transaction commit
2025-09-04T01:10:54.633-03:00 DEBUG 7203 --- [           main] o.s.jdbc.support.JdbcTransactionManager  : Committing JDBC transaction on Connection [HikariProxyConnection@839190056 wrapping conn0: url=jdbc:h2:mem:testdb user=SA]
2025-09-04T01:10:54.633-03:00 DEBUG 7203 --- [           main] o.s.jdbc.support.JdbcTransactionManager  : Releasing JDBC Connection [HikariProxyConnection@839190056 wrapping conn0: url=jdbc:h2:mem:testdb user=SA] after transaction
2025-09-04T01:10:54.633-03:00 DEBUG 7203 --- [           main] o.s.jdbc.support.JdbcTransactionManager  : Creating new transaction with name [null]: PROPAGATION_REQUIRED,ISOLATION_DEFAULT
2025-09-04T01:10:54.633-03:00 DEBUG 7203 --- [           main] o.s.jdbc.support.JdbcTransactionManager  : Acquired Connection [HikariProxyConnection@1184618265 wrapping conn0: url=jdbc:h2:mem:testdb user=SA] for JDBC transaction
2025-09-04T01:10:54.634-03:00 DEBUG 7203 --- [           main] o.s.jdbc.support.JdbcTransactionManager  : Switching JDBC Connection [HikariProxyConnection@1184618265 wrapping conn0: url=jdbc:h2:mem:testdb user=SA] to manual commit
2025-09-04T01:10:54.634-03:00 DEBUG 7203 --- [           main] o.s.jdbc.support.JdbcTransactionManager  : Initiating transaction commit
2025-09-04T01:10:54.634-03:00 DEBUG 7203 --- [           main] o.s.jdbc.support.JdbcTransactionManager  : Committing JDBC transaction on Connection [HikariProxyConnection@1184618265 wrapping conn0: url=jdbc:h2:mem:testdb user=SA]
2025-09-04T01:10:54.635-03:00 DEBUG 7203 --- [           main] o.s.jdbc.support.JdbcTransactionManager  : Releasing JDBC Connection [HikariProxyConnection@1184618265 wrapping conn0: url=jdbc:h2:mem:testdb user=SA] after transaction
2025-09-04T01:10:54.635-03:00 DEBUG 7203 --- [           main] o.s.jdbc.support.JdbcTransactionManager  : Creating new transaction with name [null]: PROPAGATION_REQUIRED,ISOLATION_DEFAULT
2025-09-04T01:10:54.635-03:00 DEBUG 7203 --- [           main] o.s.jdbc.support.JdbcTransactionManager  : Acquired Connection [HikariProxyConnection@258882407 wrapping conn0: url=jdbc:h2:mem:testdb user=SA] for JDBC transaction
2025-09-04T01:10:54.635-03:00 DEBUG 7203 --- [           main] o.s.jdbc.support.JdbcTransactionManager  : Switching JDBC Connection [HikariProxyConnection@258882407 wrapping conn0: url=jdbc:h2:mem:testdb user=SA] to manual commit
2025-09-04T01:10:54.635-03:00 DEBUG 7203 --- [           main] o.s.jdbc.support.JdbcTransactionManager  : Initiating transaction commit
2025-09-04T01:10:54.635-03:00 DEBUG 7203 --- [           main] o.s.jdbc.support.JdbcTransactionManager  : Committing JDBC transaction on Connection [HikariProxyConnection@258882407 wrapping conn0: url=jdbc:h2:mem:testdb user=SA]
2025-09-04T01:10:54.636-03:00 DEBUG 7203 --- [           main] o.s.jdbc.support.JdbcTransactionManager  : Releasing JDBC Connection [HikariProxyConnection@258882407 wrapping conn0: url=jdbc:h2:mem:testdb user=SA] after transaction
2025-09-04T01:10:54.636-03:00 DEBUG 7203 --- [           main] o.s.jdbc.support.JdbcTransactionManager  : Creating new transaction with name [null]: PROPAGATION_REQUIRED,ISOLATION_DEFAULT
2025-09-04T01:10:54.637-03:00 DEBUG 7203 --- [           main] o.s.jdbc.support.JdbcTransactionManager  : Acquired Connection [HikariProxyConnection@91876994 wrapping conn0: url=jdbc:h2:mem:testdb user=SA] for JDBC transaction
2025-09-04T01:10:54.637-03:00 DEBUG 7203 --- [           main] o.s.jdbc.support.JdbcTransactionManager  : Switching JDBC Connection [HikariProxyConnection@91876994 wrapping conn0: url=jdbc:h2:mem:testdb user=SA] to manual commit
2025-09-04T01:10:54.638-03:00 DEBUG 7203 --- [           main] o.s.jdbc.support.JdbcTransactionManager  : Initiating transaction commit
2025-09-04T01:10:54.638-03:00 DEBUG 7203 --- [           main] o.s.jdbc.support.JdbcTransactionManager  : Committing JDBC transaction on Connection [HikariProxyConnection@91876994 wrapping conn0: url=jdbc:h2:mem:testdb user=SA]
2025-09-04T01:10:54.638-03:00 DEBUG 7203 --- [           main] o.s.jdbc.support.JdbcTransactionManager  : Releasing JDBC Connection [HikariProxyConnection@91876994 wrapping conn0: url=jdbc:h2:mem:testdb user=SA] after transaction
2025-09-04T01:10:54.639-03:00 DEBUG 7203 --- [           main] o.s.jdbc.support.JdbcTransactionManager  : Creating new transaction with name [null]: PROPAGATION_REQUIRED,ISOLATION_DEFAULT
2025-09-04T01:10:54.639-03:00 DEBUG 7203 --- [           main] o.s.jdbc.support.JdbcTransactionManager  : Acquired Connection [HikariProxyConnection@1815643381 wrapping conn0: url=jdbc:h2:mem:testdb user=SA] for JDBC transaction
2025-09-04T01:10:54.639-03:00 DEBUG 7203 --- [           main] o.s.jdbc.support.JdbcTransactionManager  : Switching JDBC Connection [HikariProxyConnection@1815643381 wrapping conn0: url=jdbc:h2:mem:testdb user=SA] to manual commit
2025-09-04T01:10:54.639-03:00 DEBUG 7203 --- [           main] o.s.jdbc.support.JdbcTransactionManager  : Initiating transaction commit
2025-09-04T01:10:54.639-03:00 DEBUG 7203 --- [           main] o.s.jdbc.support.JdbcTransactionManager  : Committing JDBC transaction on Connection [HikariProxyConnection@1815643381 wrapping conn0: url=jdbc:h2:mem:testdb user=SA]
2025-09-04T01:10:54.640-03:00 DEBUG 7203 --- [           main] o.s.jdbc.support.JdbcTransactionManager  : Releasing JDBC Connection [HikariProxyConnection@1815643381 wrapping conn0: url=jdbc:h2:mem:testdb user=SA] after transaction
2025-09-04T01:10:54.640-03:00 DEBUG 7203 --- [           main] o.s.jdbc.support.JdbcTransactionManager  : Creating new transaction with name [null]: PROPAGATION_REQUIRED,ISOLATION_DEFAULT
2025-09-04T01:10:54.640-03:00 DEBUG 7203 --- [           main] o.s.jdbc.support.JdbcTransactionManager  : Acquired Connection [HikariProxyConnection@767528188 wrapping conn0: url=jdbc:h2:mem:testdb user=SA] for JDBC transaction
2025-09-04T01:10:54.640-03:00 DEBUG 7203 --- [           main] o.s.jdbc.support.JdbcTransactionManager  : Switching JDBC Connection [HikariProxyConnection@767528188 wrapping conn0: url=jdbc:h2:mem:testdb user=SA] to manual commit
2025-09-04T01:10:54.641-03:00 DEBUG 7203 --- [           main] o.s.jdbc.support.JdbcTransactionManager  : Initiating transaction commit
2025-09-04T01:10:54.641-03:00 DEBUG 7203 --- [           main] o.s.jdbc.support.JdbcTransactionManager  : Committing JDBC transaction on Connection [HikariProxyConnection@767528188 wrapping conn0: url=jdbc:h2:mem:testdb user=SA]
2025-09-04T01:10:54.641-03:00 DEBUG 7203 --- [           main] o.s.jdbc.support.JdbcTransactionManager  : Releasing JDBC Connection [HikariProxyConnection@767528188 wrapping conn0: url=jdbc:h2:mem:testdb user=SA] after transaction
2025-09-04T01:10:54.641-03:00 DEBUG 7203 --- [           main] o.s.jdbc.support.JdbcTransactionManager  : Creating new transaction with name [null]: PROPAGATION_REQUIRED,ISOLATION_DEFAULT
2025-09-04T01:10:54.641-03:00 DEBUG 7203 --- [           main] o.s.jdbc.support.JdbcTransactionManager  : Acquired Connection [HikariProxyConnection@242619213 wrapping conn0: url=jdbc:h2:mem:testdb user=SA] for JDBC transaction
2025-09-04T01:10:54.641-03:00 DEBUG 7203 --- [           main] o.s.jdbc.support.JdbcTransactionManager  : Switching JDBC Connection [HikariProxyConnection@242619213 wrapping conn0: url=jdbc:h2:mem:testdb user=SA] to manual commit
2025-09-04T01:10:54.642-03:00 DEBUG 7203 --- [           main] o.s.jdbc.support.JdbcTransactionManager  : Initiating transaction commit
2025-09-04T01:10:54.642-03:00 DEBUG 7203 --- [           main] o.s.jdbc.support.JdbcTransactionManager  : Committing JDBC transaction on Connection [HikariProxyConnection@242619213 wrapping conn0: url=jdbc:h2:mem:testdb user=SA]
2025-09-04T01:10:54.642-03:00 DEBUG 7203 --- [           main] o.s.jdbc.support.JdbcTransactionManager  : Releasing JDBC Connection [HikariProxyConnection@242619213 wrapping conn0: url=jdbc:h2:mem:testdb user=SA] after transaction
2025-09-04T01:10:54.643-03:00 DEBUG 7203 --- [           main] o.s.jdbc.support.JdbcTransactionManager  : Creating new transaction with name [null]: PROPAGATION_REQUIRED,ISOLATION_DEFAULT
2025-09-04T01:10:54.643-03:00 DEBUG 7203 --- [           main] o.s.jdbc.support.JdbcTransactionManager  : Acquired Connection [HikariProxyConnection@2067323681 wrapping conn0: url=jdbc:h2:mem:testdb user=SA] for JDBC transaction
2025-09-04T01:10:54.643-03:00 DEBUG 7203 --- [           main] o.s.jdbc.support.JdbcTransactionManager  : Switching JDBC Connection [HikariProxyConnection@2067323681 wrapping conn0: url=jdbc:h2:mem:testdb user=SA] to manual commit
2025-09-04T01:10:54.644-03:00 DEBUG 7203 --- [           main] o.s.jdbc.support.JdbcTransactionManager  : Initiating transaction commit
2025-09-04T01:10:54.644-03:00 DEBUG 7203 --- [           main] o.s.jdbc.support.JdbcTransactionManager  : Committing JDBC transaction on Connection [HikariProxyConnection@2067323681 wrapping conn0: url=jdbc:h2:mem:testdb user=SA]
2025-09-04T01:10:54.644-03:00 DEBUG 7203 --- [           main] o.s.jdbc.support.JdbcTransactionManager  : Releasing JDBC Connection [HikariProxyConnection@2067323681 wrapping conn0: url=jdbc:h2:mem:testdb user=SA] after transaction
2025-09-04T01:10:54.644-03:00 DEBUG 7203 --- [           main] o.s.jdbc.support.JdbcTransactionManager  : Creating new transaction with name [null]: PROPAGATION_REQUIRED,ISOLATION_DEFAULT
2025-09-04T01:10:54.644-03:00 DEBUG 7203 --- [           main] o.s.jdbc.support.JdbcTransactionManager  : Acquired Connection [HikariProxyConnection@1780936422 wrapping conn0: url=jdbc:h2:mem:testdb user=SA] for JDBC transaction
2025-09-04T01:10:54.644-03:00 DEBUG 7203 --- [           main] o.s.jdbc.support.JdbcTransactionManager  : Switching JDBC Connection [HikariProxyConnection@1780936422 wrapping conn0: url=jdbc:h2:mem:testdb user=SA] to manual commit
2025-09-04T01:10:54.645-03:00 DEBUG 7203 --- [           main] o.s.jdbc.support.JdbcTransactionManager  : Initiating transaction commit
2025-09-04T01:10:54.645-03:00 DEBUG 7203 --- [           main] o.s.jdbc.support.JdbcTransactionManager  : Committing JDBC transaction on Connection [HikariProxyConnection@1780936422 wrapping conn0: url=jdbc:h2:mem:testdb user=SA]
2025-09-04T01:10:54.645-03:00 DEBUG 7203 --- [           main] o.s.jdbc.support.JdbcTransactionManager  : Releasing JDBC Connection [HikariProxyConnection@1780936422 wrapping conn0: url=jdbc:h2:mem:testdb user=SA] after transaction
2025-09-04T01:10:54.645-03:00 DEBUG 7203 --- [           main] o.s.jdbc.support.JdbcTransactionManager  : Creating new transaction with name [null]: PROPAGATION_REQUIRED,ISOLATION_DEFAULT
2025-09-04T01:10:54.645-03:00 DEBUG 7203 --- [           main] o.s.jdbc.support.JdbcTransactionManager  : Acquired Connection [HikariProxyConnection@1992162329 wrapping conn0: url=jdbc:h2:mem:testdb user=SA] for JDBC transaction
2025-09-04T01:10:54.645-03:00 DEBUG 7203 --- [           main] o.s.jdbc.support.JdbcTransactionManager  : Switching JDBC Connection [HikariProxyConnection@1992162329 wrapping conn0: url=jdbc:h2:mem:testdb user=SA] to manual commit
2025-09-04T01:10:54.646-03:00 DEBUG 7203 --- [           main] o.s.jdbc.support.JdbcTransactionManager  : Initiating transaction commit
2025-09-04T01:10:54.647-03:00 DEBUG 7203 --- [           main] o.s.jdbc.support.JdbcTransactionManager  : Committing JDBC transaction on Connection [HikariProxyConnection@1992162329 wrapping conn0: url=jdbc:h2:mem:testdb user=SA]
2025-09-04T01:10:54.647-03:00 DEBUG 7203 --- [           main] o.s.jdbc.support.JdbcTransactionManager  : Releasing JDBC Connection [HikariProxyConnection@1992162329 wrapping conn0: url=jdbc:h2:mem:testdb user=SA] after transaction
2025-09-04T01:10:54.647-03:00 DEBUG 7203 --- [           main] o.s.jdbc.support.JdbcTransactionManager  : Creating new transaction with name [null]: PROPAGATION_REQUIRED,ISOLATION_DEFAULT
2025-09-04T01:10:54.647-03:00 DEBUG 7203 --- [           main] o.s.jdbc.support.JdbcTransactionManager  : Acquired Connection [HikariProxyConnection@1546125471 wrapping conn0: url=jdbc:h2:mem:testdb user=SA] for JDBC transaction
2025-09-04T01:10:54.647-03:00 DEBUG 7203 --- [           main] o.s.jdbc.support.JdbcTransactionManager  : Switching JDBC Connection [HikariProxyConnection@1546125471 wrapping conn0: url=jdbc:h2:mem:testdb user=SA] to manual commit
2025-09-04T01:10:54.648-03:00 DEBUG 7203 --- [           main] o.s.jdbc.support.JdbcTransactionManager  : Initiating transaction commit
2025-09-04T01:10:54.648-03:00 DEBUG 7203 --- [           main] o.s.jdbc.support.JdbcTransactionManager  : Committing JDBC transaction on Connection [HikariProxyConnection@1546125471 wrapping conn0: url=jdbc:h2:mem:testdb user=SA]
2025-09-04T01:10:54.648-03:00 DEBUG 7203 --- [           main] o.s.jdbc.support.JdbcTransactionManager  : Releasing JDBC Connection [HikariProxyConnection@1546125471 wrapping conn0: url=jdbc:h2:mem:testdb user=SA] after transaction
2025-09-04T01:10:54.648-03:00 DEBUG 7203 --- [           main] o.s.jdbc.support.JdbcTransactionManager  : Creating new transaction with name [null]: PROPAGATION_REQUIRED,ISOLATION_DEFAULT
2025-09-04T01:10:54.648-03:00 DEBUG 7203 --- [           main] o.s.jdbc.support.JdbcTransactionManager  : Acquired Connection [HikariProxyConnection@16040937 wrapping conn0: url=jdbc:h2:mem:testdb user=SA] for JDBC transaction
2025-09-04T01:10:54.648-03:00 DEBUG 7203 --- [           main] o.s.jdbc.support.JdbcTransactionManager  : Switching JDBC Connection [HikariProxyConnection@16040937 wrapping conn0: url=jdbc:h2:mem:testdb user=SA] to manual commit
2025-09-04T01:10:54.649-03:00 DEBUG 7203 --- [           main] o.s.jdbc.support.JdbcTransactionManager  : Initiating transaction commit
2025-09-04T01:10:54.649-03:00 DEBUG 7203 --- [           main] o.s.jdbc.support.JdbcTransactionManager  : Committing JDBC transaction on Connection [HikariProxyConnection@16040937 wrapping conn0: url=jdbc:h2:mem:testdb user=SA]
2025-09-04T01:10:54.649-03:00 DEBUG 7203 --- [           main] o.s.jdbc.support.JdbcTransactionManager  : Releasing JDBC Connection [HikariProxyConnection@16040937 wrapping conn0: url=jdbc:h2:mem:testdb user=SA] after transaction
2025-09-04T01:10:54.649-03:00 DEBUG 7203 --- [           main] o.s.jdbc.support.JdbcTransactionManager  : Creating new transaction with name [null]: PROPAGATION_REQUIRED,ISOLATION_DEFAULT
2025-09-04T01:10:54.650-03:00 DEBUG 7203 --- [           main] o.s.jdbc.support.JdbcTransactionManager  : Acquired Connection [HikariProxyConnection@968481845 wrapping conn0: url=jdbc:h2:mem:testdb user=SA] for JDBC transaction
2025-09-04T01:10:54.650-03:00 DEBUG 7203 --- [           main] o.s.jdbc.support.JdbcTransactionManager  : Switching JDBC Connection [HikariProxyConnection@968481845 wrapping conn0: url=jdbc:h2:mem:testdb user=SA] to manual commit
2025-09-04T01:10:54.650-03:00 DEBUG 7203 --- [           main] o.s.jdbc.support.JdbcTransactionManager  : Initiating transaction commit
2025-09-04T01:10:54.650-03:00 DEBUG 7203 --- [           main] o.s.jdbc.support.JdbcTransactionManager  : Committing JDBC transaction on Connection [HikariProxyConnection@968481845 wrapping conn0: url=jdbc:h2:mem:testdb user=SA]
2025-09-04T01:10:54.651-03:00 DEBUG 7203 --- [           main] o.s.jdbc.support.JdbcTransactionManager  : Releasing JDBC Connection [HikariProxyConnection@968481845 wrapping conn0: url=jdbc:h2:mem:testdb user=SA] after transaction
2025-09-04T01:10:54.651-03:00 DEBUG 7203 --- [           main] o.s.jdbc.support.JdbcTransactionManager  : Creating new transaction with name [null]: PROPAGATION_REQUIRED,ISOLATION_DEFAULT
2025-09-04T01:10:54.651-03:00 DEBUG 7203 --- [           main] o.s.jdbc.support.JdbcTransactionManager  : Acquired Connection [HikariProxyConnection@60254480 wrapping conn0: url=jdbc:h2:mem:testdb user=SA] for JDBC transaction
2025-09-04T01:10:54.651-03:00 DEBUG 7203 --- [           main] o.s.jdbc.support.JdbcTransactionManager  : Switching JDBC Connection [HikariProxyConnection@60254480 wrapping conn0: url=jdbc:h2:mem:testdb user=SA] to manual commit
2025-09-04T01:10:54.652-03:00 DEBUG 7203 --- [           main] o.s.jdbc.support.JdbcTransactionManager  : Initiating transaction commit
2025-09-04T01:10:54.652-03:00 DEBUG 7203 --- [           main] o.s.jdbc.support.JdbcTransactionManager  : Committing JDBC transaction on Connection [HikariProxyConnection@60254480 wrapping conn0: url=jdbc:h2:mem:testdb user=SA]
2025-09-04T01:10:54.652-03:00 DEBUG 7203 --- [           main] o.s.jdbc.support.JdbcTransactionManager  : Releasing JDBC Connection [HikariProxyConnection@60254480 wrapping conn0: url=jdbc:h2:mem:testdb user=SA] after transaction
2025-09-04T01:10:54.652-03:00 DEBUG 7203 --- [           main] o.s.jdbc.support.JdbcTransactionManager  : Creating new transaction with name [null]: PROPAGATION_REQUIRED,ISOLATION_DEFAULT
2025-09-04T01:10:54.652-03:00 DEBUG 7203 --- [           main] o.s.jdbc.support.JdbcTransactionManager  : Acquired Connection [HikariProxyConnection@431731222 wrapping conn0: url=jdbc:h2:mem:testdb user=SA] for JDBC transaction
2025-09-04T01:10:54.652-03:00 DEBUG 7203 --- [           main] o.s.jdbc.support.JdbcTransactionManager  : Switching JDBC Connection [HikariProxyConnection@431731222 wrapping conn0: url=jdbc:h2:mem:testdb user=SA] to manual commit
2025-09-04T01:10:54.653-03:00 DEBUG 7203 --- [           main] o.s.jdbc.support.JdbcTransactionManager  : Initiating transaction commit
2025-09-04T01:10:54.654-03:00 DEBUG 7203 --- [           main] o.s.jdbc.support.JdbcTransactionManager  : Committing JDBC transaction on Connection [HikariProxyConnection@431731222 wrapping conn0: url=jdbc:h2:mem:testdb user=SA]
2025-09-04T01:10:54.654-03:00 DEBUG 7203 --- [           main] o.s.jdbc.support.JdbcTransactionManager  : Releasing JDBC Connection [HikariProxyConnection@431731222 wrapping conn0: url=jdbc:h2:mem:testdb user=SA] after transaction
2025-09-04T01:10:54.654-03:00 DEBUG 7203 --- [           main] o.s.jdbc.support.JdbcTransactionManager  : Creating new transaction with name [null]: PROPAGATION_REQUIRED,ISOLATION_DEFAULT
2025-09-04T01:10:54.654-03:00 DEBUG 7203 --- [           main] o.s.jdbc.support.JdbcTransactionManager  : Acquired Connection [HikariProxyConnection@1419635675 wrapping conn0: url=jdbc:h2:mem:testdb user=SA] for JDBC transaction
2025-09-04T01:10:54.654-03:00 DEBUG 7203 --- [           main] o.s.jdbc.support.JdbcTransactionManager  : Switching JDBC Connection [HikariProxyConnection@1419635675 wrapping conn0: url=jdbc:h2:mem:testdb user=SA] to manual commit
2025-09-04T01:10:54.655-03:00 DEBUG 7203 --- [           main] o.s.jdbc.support.JdbcTransactionManager  : Initiating transaction commit
2025-09-04T01:10:54.655-03:00 DEBUG 7203 --- [           main] o.s.jdbc.support.JdbcTransactionManager  : Committing JDBC transaction on Connection [HikariProxyConnection@1419635675 wrapping conn0: url=jdbc:h2:mem:testdb user=SA]
2025-09-04T01:10:54.655-03:00 DEBUG 7203 --- [           main] o.s.jdbc.support.JdbcTransactionManager  : Releasing JDBC Connection [HikariProxyConnection@1419635675 wrapping conn0: url=jdbc:h2:mem:testdb user=SA] after transaction
2025-09-04T01:10:54.655-03:00 DEBUG 7203 --- [           main] o.s.jdbc.support.JdbcTransactionManager  : Creating new transaction with name [null]: PROPAGATION_REQUIRED,ISOLATION_DEFAULT
2025-09-04T01:10:54.655-03:00 DEBUG 7203 --- [           main] o.s.jdbc.support.JdbcTransactionManager  : Acquired Connection [HikariProxyConnection@1521510441 wrapping conn0: url=jdbc:h2:mem:testdb user=SA] for JDBC transaction
2025-09-04T01:10:54.655-03:00 DEBUG 7203 --- [           main] o.s.jdbc.support.JdbcTransactionManager  : Switching JDBC Connection [HikariProxyConnection@1521510441 wrapping conn0: url=jdbc:h2:mem:testdb user=SA] to manual commit
2025-09-04T01:10:54.656-03:00 DEBUG 7203 --- [           main] o.s.jdbc.support.JdbcTransactionManager  : Initiating transaction commit
2025-09-04T01:10:54.656-03:00 DEBUG 7203 --- [           main] o.s.jdbc.support.JdbcTransactionManager  : Committing JDBC transaction on Connection [HikariProxyConnection@1521510441 wrapping conn0: url=jdbc:h2:mem:testdb user=SA]
2025-09-04T01:10:54.656-03:00 DEBUG 7203 --- [           main] o.s.jdbc.support.JdbcTransactionManager  : Releasing JDBC Connection [HikariProxyConnection@1521510441 wrapping conn0: url=jdbc:h2:mem:testdb user=SA] after transaction
2025-09-04T01:10:54.657-03:00 DEBUG 7203 --- [           main] o.s.jdbc.support.JdbcTransactionManager  : Creating new transaction with name [null]: PROPAGATION_REQUIRED,ISOLATION_DEFAULT
2025-09-04T01:10:54.657-03:00 DEBUG 7203 --- [           main] o.s.jdbc.support.JdbcTransactionManager  : Acquired Connection [HikariProxyConnection@731256267 wrapping conn0: url=jdbc:h2:mem:testdb user=SA] for JDBC transaction
2025-09-04T01:10:54.657-03:00 DEBUG 7203 --- [           main] o.s.jdbc.support.JdbcTransactionManager  : Switching JDBC Connection [HikariProxyConnection@731256267 wrapping conn0: url=jdbc:h2:mem:testdb user=SA] to manual commit
2025-09-04T01:10:54.661-03:00 DEBUG 7203 --- [           main] o.s.jdbc.support.JdbcTransactionManager  : Initiating transaction commit
2025-09-04T01:10:54.662-03:00 DEBUG 7203 --- [           main] o.s.jdbc.support.JdbcTransactionManager  : Committing JDBC transaction on Connection [HikariProxyConnection@731256267 wrapping conn0: url=jdbc:h2:mem:testdb user=SA]
2025-09-04T01:10:54.662-03:00 DEBUG 7203 --- [           main] o.s.jdbc.support.JdbcTransactionManager  : Releasing JDBC Connection [HikariProxyConnection@731256267 wrapping conn0: url=jdbc:h2:mem:testdb user=SA] after transaction
2025-09-04T01:10:54.664-03:00 DEBUG 7203 --- [           main] o.s.jdbc.support.JdbcTransactionManager  : Creating new transaction with name [null]: PROPAGATION_REQUIRED,ISOLATION_DEFAULT
2025-09-04T01:10:54.664-03:00 DEBUG 7203 --- [           main] o.s.jdbc.support.JdbcTransactionManager  : Acquired Connection [HikariProxyConnection@1980953477 wrapping conn0: url=jdbc:h2:mem:testdb user=SA] for JDBC transaction
2025-09-04T01:10:54.664-03:00 DEBUG 7203 --- [           main] o.s.jdbc.support.JdbcTransactionManager  : Switching JDBC Connection [HikariProxyConnection@1980953477 wrapping conn0: url=jdbc:h2:mem:testdb user=SA] to manual commit
2025-09-04T01:10:54.813-03:00  WARN 7203 --- [           main] org.camunda.bpm.engine.util              : ENGINE-09004 Warnings during parsing: 
* Exclusive Gateway 'TipoTarefaSolicitadaGateway' has outgoing sequence flow 'OperacaoInvalidaSequenceFlow' without condition which is not the default flow. We assume it to be the default flow, but it is bad modeling practice, better set the default flow in your gateway. | resource /Users/marcelo/eclipse-workspace/AIC7Demo/target/classes/bpmn/process.bpmn
2025-09-04T01:10:54.825-03:00 DEBUG 7203 --- [           main] o.s.jdbc.support.JdbcTransactionManager  : Initiating transaction commit
2025-09-04T01:10:54.825-03:00 DEBUG 7203 --- [           main] o.s.jdbc.support.JdbcTransactionManager  : Committing JDBC transaction on Connection [HikariProxyConnection@1980953477 wrapping conn0: url=jdbc:h2:mem:testdb user=SA]
2025-09-04T01:10:54.825-03:00 DEBUG 7203 --- [           main] o.s.jdbc.support.JdbcTransactionManager  : Releasing JDBC Connection [HikariProxyConnection@1980953477 wrapping conn0: url=jdbc:h2:mem:testdb user=SA] after transaction
2025-09-04T01:10:54.878-03:00  INFO 7203 --- [           main] .c.b.s.b.s.r.CamundaJerseyResourceConfig : Configuring camunda rest api.
2025-09-04T01:10:54.892-03:00  INFO 7203 --- [           main] .c.b.s.b.s.r.CamundaJerseyResourceConfig : Finished configuring camunda rest api.
2025-09-04T01:10:55.409-03:00  INFO 7203 --- [           main] pmSpringSecurityDisableAutoConfiguration : Disabling Camunda Spring Security oauth2 integration
2025-09-04T01:10:55.487-03:00  INFO 7203 --- [           main] o.s.s.web.DefaultSecurityFilterChain     : Will secure any request with [org.springframework.security.web.session.DisableEncodeUrlFilter@32db94fb, org.springframework.security.web.context.request.async.WebAsyncManagerIntegrationFilter@6b61a4b0, org.springframework.security.web.context.SecurityContextHolderFilter@352a8183, org.springframework.security.web.header.HeaderWriterFilter@64dcfd09, org.springframework.security.web.authentication.logout.LogoutFilter@72b689f6, org.springframework.security.web.savedrequest.RequestCacheAwareFilter@47a68e3f, org.springframework.security.web.servletapi.SecurityContextHolderAwareRequestFilter@141874c8, org.springframework.security.web.authentication.AnonymousAuthenticationFilter@5c00de0d, org.springframework.security.web.access.ExceptionTranslationFilter@13f358f8, org.springframework.security.web.access.intercept.AuthorizationFilter@1609ed55]
2025-09-04T01:10:55.744-03:00  INFO 7203 --- [           main] o.s.b.a.h2.H2ConsoleAutoConfiguration    : H2 console available at '/h2-console'. Database available at 'jdbc:h2:mem:testdb'
2025-09-04T01:10:55.766-03:00  INFO 7203 --- [           main] o.s.b.a.e.web.EndpointLinksResolver      : Exposing 2 endpoints beneath base path '/actuator'
2025-09-04T01:10:55.901-03:00  INFO 7203 --- [           main] c.m.w.core.service.CadastroServiceTest   : Started CadastroServiceTest in 6.386 seconds (process running for 7.241)
2025-09-04T01:10:55.993-03:00  INFO 7203 --- [           main] org.camunda.bpm.engine.jobexecutor       : ENGINE-14014 Starting up the JobExecutor[org.camunda.bpm.engine.spring.components.jobexecutor.SpringJobExecutor].
2025-09-04T01:10:55.995-03:00  INFO 7203 --- [ingJobExecutor]] org.camunda.bpm.engine.jobexecutor       : ENGINE-14018 JobExecutor[org.camunda.bpm.engine.spring.components.jobexecutor.SpringJobExecutor] starting to acquire jobs
2025-09-04T01:10:55.996-03:00 DEBUG 7203 --- [ingJobExecutor]] o.s.jdbc.support.JdbcTransactionManager  : Creating new transaction with name [null]: PROPAGATION_REQUIRED,ISOLATION_DEFAULT
2025-09-04T01:10:55.996-03:00 DEBUG 7203 --- [ingJobExecutor]] o.s.jdbc.support.JdbcTransactionManager  : Acquired Connection [HikariProxyConnection@1462691129 wrapping conn0: url=jdbc:h2:mem:testdb user=SA] for JDBC transaction
2025-09-04T01:10:55.996-03:00 DEBUG 7203 --- [ingJobExecutor]] o.s.jdbc.support.JdbcTransactionManager  : Switching JDBC Connection [HikariProxyConnection@1462691129 wrapping conn0: url=jdbc:h2:mem:testdb user=SA] to manual commit
2025-09-04T01:10:56.001-03:00 DEBUG 7203 --- [ingJobExecutor]] o.s.jdbc.support.JdbcTransactionManager  : Initiating transaction commit
2025-09-04T01:10:56.001-03:00 DEBUG 7203 --- [ingJobExecutor]] o.s.jdbc.support.JdbcTransactionManager  : Committing JDBC transaction on Connection [HikariProxyConnection@1462691129 wrapping conn0: url=jdbc:h2:mem:testdb user=SA]
2025-09-04T01:10:56.001-03:00 DEBUG 7203 --- [ingJobExecutor]] o.s.jdbc.support.JdbcTransactionManager  : Releasing JDBC Connection [HikariProxyConnection@1462691129 wrapping conn0: url=jdbc:h2:mem:testdb user=SA] after transaction
2025-09-04T01:10:56.016-03:00 DEBUG 7203 --- [           main] o.s.jdbc.support.JdbcTransactionManager  : Creating new transaction with name [com.mls.workflow.core.service.CadastroServiceTest.testDelete_ExistingId_ShouldReturnTrue]: PROPAGATION_REQUIRED,ISOLATION_DEFAULT
2025-09-04T01:10:56.017-03:00 DEBUG 7203 --- [           main] o.s.jdbc.support.JdbcTransactionManager  : Acquired Connection [HikariProxyConnection@1055720309 wrapping conn0: url=jdbc:h2:mem:testdb user=SA] for JDBC transaction
2025-09-04T01:10:56.017-03:00 DEBUG 7203 --- [           main] o.s.jdbc.support.JdbcTransactionManager  : Switching JDBC Connection [HikariProxyConnection@1055720309 wrapping conn0: url=jdbc:h2:mem:testdb user=SA] to manual commit
2025-09-04T01:10:56.563-03:00 DEBUG 7203 --- [           main] o.s.jdbc.core.JdbcTemplate               : Executing prepared SQL update
2025-09-04T01:10:56.563-03:00 DEBUG 7203 --- [           main] o.s.jdbc.core.JdbcTemplate               : Executing prepared SQL statement [DELETE FROM AIC_CADASTRO WHERE ID = ?]
2025-09-04T01:10:56.616-03:00 DEBUG 7203 --- [           main] o.s.jdbc.core.JdbcTemplate               : Executing prepared SQL query
2025-09-04T01:10:56.617-03:00 DEBUG 7203 --- [           main] o.s.jdbc.core.JdbcTemplate               : Executing prepared SQL statement [SELECT ID, NOME, EMAIL, IDADE FROM AIC_CADASTRO WHERE ID = ?]
2025-09-04T01:10:56.627-03:00 DEBUG 7203 --- [           main] o.s.jdbc.support.JdbcTransactionManager  : Initiating transaction rollback
2025-09-04T01:10:56.627-03:00 DEBUG 7203 --- [           main] o.s.jdbc.support.JdbcTransactionManager  : Rolling back JDBC transaction on Connection [HikariProxyConnection@1055720309 wrapping conn0: url=jdbc:h2:mem:testdb user=SA]
2025-09-04T01:10:56.628-03:00 DEBUG 7203 --- [           main] o.s.jdbc.support.JdbcTransactionManager  : Releasing JDBC Connection [HikariProxyConnection@1055720309 wrapping conn0: url=jdbc:h2:mem:testdb user=SA] after transaction
]]></system-out>
    <system-err><![CDATA[WARNING: A Java agent has been loaded dynamically (/Users/marcelo/.m2/repository/net/bytebuddy/byte-buddy-agent/1.14.16/byte-buddy-agent-1.14.16.jar)
WARNING: If a serviceability tool is in use, please run with -XX:+EnableDynamicAgentLoading to hide this warning
WARNING: If a serviceability tool is not in use, please run with -Djdk.instrument.traceUsage for more information
WARNING: Dynamic loading of agents will be disallowed by default in a future release
]]></system-err>
  </testcase>
  <testcase name="testUpdate_NonExistingId_ShouldReturnNull" classname="com.mls.workflow.core.service.CadastroServiceTest" time="0.04">
    <system-out><![CDATA[2025-09-04T01:10:56.639-03:00 DEBUG 7203 --- [           main] o.s.jdbc.support.JdbcTransactionManager  : Creating new transaction with name [com.mls.workflow.core.service.CadastroServiceTest.testUpdate_NonExistingId_ShouldReturnNull]: PROPAGATION_REQUIRED,ISOLATION_DEFAULT
2025-09-04T01:10:56.639-03:00 DEBUG 7203 --- [           main] o.s.jdbc.support.JdbcTransactionManager  : Acquired Connection [HikariProxyConnection@2130118320 wrapping conn0: url=jdbc:h2:mem:testdb user=SA] for JDBC transaction
2025-09-04T01:10:56.640-03:00 DEBUG 7203 --- [           main] o.s.jdbc.support.JdbcTransactionManager  : Switching JDBC Connection [HikariProxyConnection@2130118320 wrapping conn0: url=jdbc:h2:mem:testdb user=SA] to manual commit
2025-09-04T01:10:56.673-03:00 DEBUG 7203 --- [           main] o.s.jdbc.core.JdbcTemplate               : Executing prepared SQL update
2025-09-04T01:10:56.673-03:00 DEBUG 7203 --- [           main] o.s.jdbc.core.JdbcTemplate               : Executing prepared SQL statement [UPDATE AIC_CADASTRO SET NOME = ?, EMAIL = ?, IDADE = ? WHERE ID = ?]
2025-09-04T01:10:56.677-03:00 DEBUG 7203 --- [           main] o.s.jdbc.support.JdbcTransactionManager  : Initiating transaction rollback
2025-09-04T01:10:56.677-03:00 DEBUG 7203 --- [           main] o.s.jdbc.support.JdbcTransactionManager  : Rolling back JDBC transaction on Connection [HikariProxyConnection@2130118320 wrapping conn0: url=jdbc:h2:mem:testdb user=SA]
2025-09-04T01:10:56.678-03:00 DEBUG 7203 --- [           main] o.s.jdbc.support.JdbcTransactionManager  : Releasing JDBC Connection [HikariProxyConnection@2130118320 wrapping conn0: url=jdbc:h2:mem:testdb user=SA] after transaction
]]></system-out>
  </testcase>
  <testcase name="testCreate_NegativeAge_ShouldThrowConstraintViolationException" classname="com.mls.workflow.core.service.CadastroServiceTest" time="0.014">
    <system-out><![CDATA[2025-09-04T01:10:56.680-03:00 DEBUG 7203 --- [           main] o.s.jdbc.support.JdbcTransactionManager  : Creating new transaction with name [com.mls.workflow.core.service.CadastroServiceTest.testCreate_NegativeAge_ShouldThrowConstraintViolationException]: PROPAGATION_REQUIRED,ISOLATION_DEFAULT
2025-09-04T01:10:56.681-03:00 DEBUG 7203 --- [           main] o.s.jdbc.support.JdbcTransactionManager  : Acquired Connection [HikariProxyConnection@1301882420 wrapping conn0: url=jdbc:h2:mem:testdb user=SA] for JDBC transaction
2025-09-04T01:10:56.681-03:00 DEBUG 7203 --- [           main] o.s.jdbc.support.JdbcTransactionManager  : Switching JDBC Connection [HikariProxyConnection@1301882420 wrapping conn0: url=jdbc:h2:mem:testdb user=SA] to manual commit
2025-09-04T01:10:56.692-03:00 DEBUG 7203 --- [           main] o.s.jdbc.support.JdbcTransactionManager  : Initiating transaction rollback
2025-09-04T01:10:56.692-03:00 DEBUG 7203 --- [           main] o.s.jdbc.support.JdbcTransactionManager  : Rolling back JDBC transaction on Connection [HikariProxyConnection@1301882420 wrapping conn0: url=jdbc:h2:mem:testdb user=SA]
2025-09-04T01:10:56.692-03:00 DEBUG 7203 --- [           main] o.s.jdbc.support.JdbcTransactionManager  : Releasing JDBC Connection [HikariProxyConnection@1301882420 wrapping conn0: url=jdbc:h2:mem:testdb user=SA] after transaction
]]></system-out>
  </testcase>
  <testcase name="testUpdate_NullId_ShouldThrowConstraintViolationException" classname="com.mls.workflow.core.service.CadastroServiceTest" time="0.014">
    <system-out><![CDATA[2025-09-04T01:10:56.695-03:00 DEBUG 7203 --- [           main] o.s.jdbc.support.JdbcTransactionManager  : Creating new transaction with name [com.mls.workflow.core.service.CadastroServiceTest.testUpdate_NullId_ShouldThrowConstraintViolationException]: PROPAGATION_REQUIRED,ISOLATION_DEFAULT
2025-09-04T01:10:56.695-03:00 DEBUG 7203 --- [           main] o.s.jdbc.support.JdbcTransactionManager  : Acquired Connection [HikariProxyConnection@2101899591 wrapping conn0: url=jdbc:h2:mem:testdb user=SA] for JDBC transaction
2025-09-04T01:10:56.695-03:00 DEBUG 7203 --- [           main] o.s.jdbc.support.JdbcTransactionManager  : Switching JDBC Connection [HikariProxyConnection@2101899591 wrapping conn0: url=jdbc:h2:mem:testdb user=SA] to manual commit
2025-09-04T01:10:56.708-03:00 DEBUG 7203 --- [           main] o.s.jdbc.support.JdbcTransactionManager  : Initiating transaction rollback
2025-09-04T01:10:56.708-03:00 DEBUG 7203 --- [           main] o.s.jdbc.support.JdbcTransactionManager  : Rolling back JDBC transaction on Connection [HikariProxyConnection@2101899591 wrapping conn0: url=jdbc:h2:mem:testdb user=SA]
2025-09-04T01:10:56.708-03:00 DEBUG 7203 --- [           main] o.s.jdbc.support.JdbcTransactionManager  : Releasing JDBC Connection [HikariProxyConnection@2101899591 wrapping conn0: url=jdbc:h2:mem:testdb user=SA] after transaction
]]></system-out>
  </testcase>
  <testcase name="testCreate_NullCadastro_ShouldThrowConstraintViolationException" classname="com.mls.workflow.core.service.CadastroServiceTest" time="0.004">
    <system-out><![CDATA[2025-09-04T01:10:56.710-03:00 DEBUG 7203 --- [           main] o.s.jdbc.support.JdbcTransactionManager  : Creating new transaction with name [com.mls.workflow.core.service.CadastroServiceTest.testCreate_NullCadastro_ShouldThrowConstraintViolationException]: PROPAGATION_REQUIRED,ISOLATION_DEFAULT
2025-09-04T01:10:56.710-03:00 DEBUG 7203 --- [           main] o.s.jdbc.support.JdbcTransactionManager  : Acquired Connection [HikariProxyConnection@545868539 wrapping conn0: url=jdbc:h2:mem:testdb user=SA] for JDBC transaction
2025-09-04T01:10:56.710-03:00 DEBUG 7203 --- [           main] o.s.jdbc.support.JdbcTransactionManager  : Switching JDBC Connection [HikariProxyConnection@545868539 wrapping conn0: url=jdbc:h2:mem:testdb user=SA] to manual commit
2025-09-04T01:10:56.714-03:00 DEBUG 7203 --- [           main] o.s.jdbc.support.JdbcTransactionManager  : Initiating transaction rollback
2025-09-04T01:10:56.714-03:00 DEBUG 7203 --- [           main] o.s.jdbc.support.JdbcTransactionManager  : Rolling back JDBC transaction on Connection [HikariProxyConnection@545868539 wrapping conn0: url=jdbc:h2:mem:testdb user=SA]
2025-09-04T01:10:56.714-03:00 DEBUG 7203 --- [           main] o.s.jdbc.support.JdbcTransactionManager  : Releasing JDBC Connection [HikariProxyConnection@545868539 wrapping conn0: url=jdbc:h2:mem:testdb user=SA] after transaction
]]></system-out>
  </testcase>
  <testcase name="testUpdate_ExistingId_ShouldUpdateAndReturnCadastro" classname="com.mls.workflow.core.service.CadastroServiceTest" time="0.012">
    <system-out><![CDATA[2025-09-04T01:10:56.716-03:00 DEBUG 7203 --- [           main] o.s.jdbc.support.JdbcTransactionManager  : Creating new transaction with name [com.mls.workflow.core.service.CadastroServiceTest.testUpdate_ExistingId_ShouldUpdateAndReturnCadastro]: PROPAGATION_REQUIRED,ISOLATION_DEFAULT
2025-09-04T01:10:56.716-03:00 DEBUG 7203 --- [           main] o.s.jdbc.support.JdbcTransactionManager  : Acquired Connection [HikariProxyConnection@699306908 wrapping conn0: url=jdbc:h2:mem:testdb user=SA] for JDBC transaction
2025-09-04T01:10:56.716-03:00 DEBUG 7203 --- [           main] o.s.jdbc.support.JdbcTransactionManager  : Switching JDBC Connection [HikariProxyConnection@699306908 wrapping conn0: url=jdbc:h2:mem:testdb user=SA] to manual commit
2025-09-04T01:10:56.718-03:00 DEBUG 7203 --- [           main] o.s.jdbc.core.JdbcTemplate               : Executing prepared SQL update
2025-09-04T01:10:56.718-03:00 DEBUG 7203 --- [           main] o.s.jdbc.core.JdbcTemplate               : Executing prepared SQL statement [UPDATE AIC_CADASTRO SET NOME = ?, EMAIL = ?, IDADE = ? WHERE ID = ?]
2025-09-04T01:10:56.724-03:00 DEBUG 7203 --- [           main] o.s.jdbc.core.JdbcTemplate               : Executing prepared SQL query
2025-09-04T01:10:56.724-03:00 DEBUG 7203 --- [           main] o.s.jdbc.core.JdbcTemplate               : Executing prepared SQL statement [SELECT ID, NOME, EMAIL, IDADE FROM AIC_CADASTRO WHERE ID = ?]
2025-09-04T01:10:56.727-03:00 DEBUG 7203 --- [           main] o.s.jdbc.support.JdbcTransactionManager  : Initiating transaction rollback
2025-09-04T01:10:56.727-03:00 DEBUG 7203 --- [           main] o.s.jdbc.support.JdbcTransactionManager  : Rolling back JDBC transaction on Connection [HikariProxyConnection@699306908 wrapping conn0: url=jdbc:h2:mem:testdb user=SA]
2025-09-04T01:10:56.727-03:00 DEBUG 7203 --- [           main] o.s.jdbc.support.JdbcTransactionManager  : Releasing JDBC Connection [HikariProxyConnection@699306908 wrapping conn0: url=jdbc:h2:mem:testdb user=SA] after transaction
]]></system-out>
  </testcase>
  <testcase name="testCreateAndRead_CompleteCycle_ShouldWork" classname="com.mls.workflow.core.service.CadastroServiceTest" time="0.014">
    <system-out><![CDATA[2025-09-04T01:10:56.729-03:00 DEBUG 7203 --- [           main] o.s.jdbc.support.JdbcTransactionManager  : Creating new transaction with name [com.mls.workflow.core.service.CadastroServiceTest.testCreateAndRead_CompleteCycle_ShouldWork]: PROPAGATION_REQUIRED,ISOLATION_DEFAULT
2025-09-04T01:10:56.729-03:00 DEBUG 7203 --- [           main] o.s.jdbc.support.JdbcTransactionManager  : Acquired Connection [HikariProxyConnection@308486312 wrapping conn0: url=jdbc:h2:mem:testdb user=SA] for JDBC transaction
2025-09-04T01:10:56.729-03:00 DEBUG 7203 --- [           main] o.s.jdbc.support.JdbcTransactionManager  : Switching JDBC Connection [HikariProxyConnection@308486312 wrapping conn0: url=jdbc:h2:mem:testdb user=SA] to manual commit
2025-09-04T01:10:56.732-03:00 DEBUG 7203 --- [           main] o.s.jdbc.core.JdbcTemplate               : Executing SQL update and returning generated keys
2025-09-04T01:10:56.732-03:00 DEBUG 7203 --- [           main] o.s.jdbc.core.JdbcTemplate               : Executing prepared SQL statement
2025-09-04T01:10:56.736-03:00 DEBUG 7203 --- [           main] o.s.jdbc.core.JdbcTemplate               : Executing prepared SQL query
2025-09-04T01:10:56.737-03:00 DEBUG 7203 --- [           main] o.s.jdbc.core.JdbcTemplate               : Executing prepared SQL statement [SELECT ID, NOME, EMAIL, IDADE FROM AIC_CADASTRO WHERE ID = ?]
2025-09-04T01:10:56.737-03:00 DEBUG 7203 --- [           main] o.s.jdbc.core.JdbcTemplate               : Executing prepared SQL update
2025-09-04T01:10:56.737-03:00 DEBUG 7203 --- [           main] o.s.jdbc.core.JdbcTemplate               : Executing prepared SQL statement [UPDATE AIC_CADASTRO SET NOME = ?, EMAIL = ?, IDADE = ? WHERE ID = ?]
2025-09-04T01:10:56.738-03:00 DEBUG 7203 --- [           main] o.s.jdbc.core.JdbcTemplate               : Executing prepared SQL update
2025-09-04T01:10:56.738-03:00 DEBUG 7203 --- [           main] o.s.jdbc.core.JdbcTemplate               : Executing prepared SQL statement [DELETE FROM AIC_CADASTRO WHERE ID = ?]
2025-09-04T01:10:56.739-03:00 DEBUG 7203 --- [           main] o.s.jdbc.core.JdbcTemplate               : Executing prepared SQL query
2025-09-04T01:10:56.739-03:00 DEBUG 7203 --- [           main] o.s.jdbc.core.JdbcTemplate               : Executing prepared SQL statement [SELECT ID, NOME, EMAIL, IDADE FROM AIC_CADASTRO WHERE ID = ?]
2025-09-04T01:10:56.742-03:00 DEBUG 7203 --- [           main] o.s.jdbc.support.JdbcTransactionManager  : Initiating transaction rollback
2025-09-04T01:10:56.742-03:00 DEBUG 7203 --- [           main] o.s.jdbc.support.JdbcTransactionManager  : Rolling back JDBC transaction on Connection [HikariProxyConnection@308486312 wrapping conn0: url=jdbc:h2:mem:testdb user=SA]
2025-09-04T01:10:56.742-03:00 DEBUG 7203 --- [           main] o.s.jdbc.support.JdbcTransactionManager  : Releasing JDBC Connection [HikariProxyConnection@308486312 wrapping conn0: url=jdbc:h2:mem:testdb user=SA] after transaction
]]></system-out>
  </testcase>
  <testcase name="testRead_ExistingId_ShouldReturnCadastro" classname="com.mls.workflow.core.service.CadastroServiceTest" time="0.007">
    <system-out><![CDATA[2025-09-04T01:10:56.745-03:00 DEBUG 7203 --- [           main] o.s.jdbc.support.JdbcTransactionManager  : Creating new transaction with name [com.mls.workflow.core.service.CadastroServiceTest.testRead_ExistingId_ShouldReturnCadastro]: PROPAGATION_REQUIRED,ISOLATION_DEFAULT
2025-09-04T01:10:56.745-03:00 DEBUG 7203 --- [           main] o.s.jdbc.support.JdbcTransactionManager  : Acquired Connection [HikariProxyConnection@1495879465 wrapping conn0: url=jdbc:h2:mem:testdb user=SA] for JDBC transaction
2025-09-04T01:10:56.745-03:00 DEBUG 7203 --- [           main] o.s.jdbc.support.JdbcTransactionManager  : Switching JDBC Connection [HikariProxyConnection@1495879465 wrapping conn0: url=jdbc:h2:mem:testdb user=SA] to manual commit
2025-09-04T01:10:56.747-03:00 DEBUG 7203 --- [           main] o.s.jdbc.core.JdbcTemplate               : Executing prepared SQL query
2025-09-04T01:10:56.748-03:00 DEBUG 7203 --- [           main] o.s.jdbc.core.JdbcTemplate               : Executing prepared SQL statement [SELECT ID, NOME, EMAIL, IDADE FROM AIC_CADASTRO WHERE ID = ?]
2025-09-04T01:10:56.750-03:00 DEBUG 7203 --- [           main] o.s.jdbc.support.JdbcTransactionManager  : Initiating transaction rollback
2025-09-04T01:10:56.751-03:00 DEBUG 7203 --- [           main] o.s.jdbc.support.JdbcTransactionManager  : Rolling back JDBC transaction on Connection [HikariProxyConnection@1495879465 wrapping conn0: url=jdbc:h2:mem:testdb user=SA]
2025-09-04T01:10:56.751-03:00 DEBUG 7203 --- [           main] o.s.jdbc.support.JdbcTransactionManager  : Releasing JDBC Connection [HikariProxyConnection@1495879465 wrapping conn0: url=jdbc:h2:mem:testdb user=SA] after transaction
]]></system-out>
  </testcase>
  <testcase name="testRead_NonExistingId_ShouldReturnEmpty" classname="com.mls.workflow.core.service.CadastroServiceTest" time="0.007">
    <system-out><![CDATA[2025-09-04T01:10:56.754-03:00 DEBUG 7203 --- [           main] o.s.jdbc.support.JdbcTransactionManager  : Creating new transaction with name [com.mls.workflow.core.service.CadastroServiceTest.testRead_NonExistingId_ShouldReturnEmpty]: PROPAGATION_REQUIRED,ISOLATION_DEFAULT
2025-09-04T01:10:56.754-03:00 DEBUG 7203 --- [           main] o.s.jdbc.support.JdbcTransactionManager  : Acquired Connection [HikariProxyConnection@1655296374 wrapping conn0: url=jdbc:h2:mem:testdb user=SA] for JDBC transaction
2025-09-04T01:10:56.754-03:00 DEBUG 7203 --- [           main] o.s.jdbc.support.JdbcTransactionManager  : Switching JDBC Connection [HikariProxyConnection@1655296374 wrapping conn0: url=jdbc:h2:mem:testdb user=SA] to manual commit
2025-09-04T01:10:56.756-03:00 DEBUG 7203 --- [           main] o.s.jdbc.core.JdbcTemplate               : Executing prepared SQL query
2025-09-04T01:10:56.757-03:00 DEBUG 7203 --- [           main] o.s.jdbc.core.JdbcTemplate               : Executing prepared SQL statement [SELECT ID, NOME, EMAIL, IDADE FROM AIC_CADASTRO WHERE ID = ?]
2025-09-04T01:10:56.760-03:00 DEBUG 7203 --- [           main] o.s.jdbc.support.JdbcTransactionManager  : Initiating transaction rollback
2025-09-04T01:10:56.760-03:00 DEBUG 7203 --- [           main] o.s.jdbc.support.JdbcTransactionManager  : Rolling back JDBC transaction on Connection [HikariProxyConnection@1655296374 wrapping conn0: url=jdbc:h2:mem:testdb user=SA]
2025-09-04T01:10:56.760-03:00 DEBUG 7203 --- [           main] o.s.jdbc.support.JdbcTransactionManager  : Releasing JDBC Connection [HikariProxyConnection@1655296374 wrapping conn0: url=jdbc:h2:mem:testdb user=SA] after transaction
]]></system-out>
  </testcase>
  <testcase name="testCreate_InvalidEmail_ShouldThrowConstraintViolationException" classname="com.mls.workflow.core.service.CadastroServiceTest" time="0.006">
    <system-out><![CDATA[2025-09-04T01:10:56.762-03:00 DEBUG 7203 --- [           main] o.s.jdbc.support.JdbcTransactionManager  : Creating new transaction with name [com.mls.workflow.core.service.CadastroServiceTest.testCreate_InvalidEmail_ShouldThrowConstraintViolationException]: PROPAGATION_REQUIRED,ISOLATION_DEFAULT
2025-09-04T01:10:56.762-03:00 DEBUG 7203 --- [           main] o.s.jdbc.support.JdbcTransactionManager  : Acquired Connection [HikariProxyConnection@436062906 wrapping conn0: url=jdbc:h2:mem:testdb user=SA] for JDBC transaction
2025-09-04T01:10:56.762-03:00 DEBUG 7203 --- [           main] o.s.jdbc.support.JdbcTransactionManager  : Switching JDBC Connection [HikariProxyConnection@436062906 wrapping conn0: url=jdbc:h2:mem:testdb user=SA] to manual commit
2025-09-04T01:10:56.766-03:00 DEBUG 7203 --- [           main] o.s.jdbc.support.JdbcTransactionManager  : Initiating transaction rollback
2025-09-04T01:10:56.766-03:00 DEBUG 7203 --- [           main] o.s.jdbc.support.JdbcTransactionManager  : Rolling back JDBC transaction on Connection [HikariProxyConnection@436062906 wrapping conn0: url=jdbc:h2:mem:testdb user=SA]
2025-09-04T01:10:56.766-03:00 DEBUG 7203 --- [           main] o.s.jdbc.support.JdbcTransactionManager  : Releasing JDBC Connection [HikariProxyConnection@436062906 wrapping conn0: url=jdbc:h2:mem:testdb user=SA] after transaction
]]></system-out>
  </testcase>
  <testcase name="testDelete_NonExistingId_ShouldReturnFalse" classname="com.mls.workflow.core.service.CadastroServiceTest" time="0.004">
    <system-out><![CDATA[2025-09-04T01:10:56.768-03:00 DEBUG 7203 --- [           main] o.s.jdbc.support.JdbcTransactionManager  : Creating new transaction with name [com.mls.workflow.core.service.CadastroServiceTest.testDelete_NonExistingId_ShouldReturnFalse]: PROPAGATION_REQUIRED,ISOLATION_DEFAULT
2025-09-04T01:10:56.768-03:00 DEBUG 7203 --- [           main] o.s.jdbc.support.JdbcTransactionManager  : Acquired Connection [HikariProxyConnection@2119451171 wrapping conn0: url=jdbc:h2:mem:testdb user=SA] for JDBC transaction
2025-09-04T01:10:56.768-03:00 DEBUG 7203 --- [           main] o.s.jdbc.support.JdbcTransactionManager  : Switching JDBC Connection [HikariProxyConnection@2119451171 wrapping conn0: url=jdbc:h2:mem:testdb user=SA] to manual commit
2025-09-04T01:10:56.770-03:00 DEBUG 7203 --- [           main] o.s.jdbc.core.JdbcTemplate               : Executing prepared SQL update
2025-09-04T01:10:56.770-03:00 DEBUG 7203 --- [           main] o.s.jdbc.core.JdbcTemplate               : Executing prepared SQL statement [DELETE FROM AIC_CADASTRO WHERE ID = ?]
2025-09-04T01:10:56.772-03:00 DEBUG 7203 --- [           main] o.s.jdbc.support.JdbcTransactionManager  : Initiating transaction rollback
2025-09-04T01:10:56.772-03:00 DEBUG 7203 --- [           main] o.s.jdbc.support.JdbcTransactionManager  : Rolling back JDBC transaction on Connection [HikariProxyConnection@2119451171 wrapping conn0: url=jdbc:h2:mem:testdb user=SA]
2025-09-04T01:10:56.772-03:00 DEBUG 7203 --- [           main] o.s.jdbc.support.JdbcTransactionManager  : Releasing JDBC Connection [HikariProxyConnection@2119451171 wrapping conn0: url=jdbc:h2:mem:testdb user=SA] after transaction
]]></system-out>
  </testcase>
  <testcase name="testCreate_ValidCadastro_ShouldReturnCreatedCadastro" classname="com.mls.workflow.core.service.CadastroServiceTest" time="0.006">
    <system-out><![CDATA[2025-09-04T01:10:56.774-03:00 DEBUG 7203 --- [           main] o.s.jdbc.support.JdbcTransactionManager  : Creating new transaction with name [com.mls.workflow.core.service.CadastroServiceTest.testCreate_ValidCadastro_ShouldReturnCreatedCadastro]: PROPAGATION_REQUIRED,ISOLATION_DEFAULT
2025-09-04T01:10:56.774-03:00 DEBUG 7203 --- [           main] o.s.jdbc.support.JdbcTransactionManager  : Acquired Connection [HikariProxyConnection@109840034 wrapping conn0: url=jdbc:h2:mem:testdb user=SA] for JDBC transaction
2025-09-04T01:10:56.774-03:00 DEBUG 7203 --- [           main] o.s.jdbc.support.JdbcTransactionManager  : Switching JDBC Connection [HikariProxyConnection@109840034 wrapping conn0: url=jdbc:h2:mem:testdb user=SA] to manual commit
2025-09-04T01:10:56.776-03:00 DEBUG 7203 --- [           main] o.s.jdbc.core.JdbcTemplate               : Executing SQL update and returning generated keys
2025-09-04T01:10:56.776-03:00 DEBUG 7203 --- [           main] o.s.jdbc.core.JdbcTemplate               : Executing prepared SQL statement
2025-09-04T01:10:56.779-03:00 DEBUG 7203 --- [           main] o.s.jdbc.support.JdbcTransactionManager  : Initiating transaction rollback
2025-09-04T01:10:56.779-03:00 DEBUG 7203 --- [           main] o.s.jdbc.support.JdbcTransactionManager  : Rolling back JDBC transaction on Connection [HikariProxyConnection@109840034 wrapping conn0: url=jdbc:h2:mem:testdb user=SA]
2025-09-04T01:10:56.779-03:00 DEBUG 7203 --- [           main] o.s.jdbc.support.JdbcTransactionManager  : Releasing JDBC Connection [HikariProxyConnection@109840034 wrapping conn0: url=jdbc:h2:mem:testdb user=SA] after transaction
]]></system-out>
  </testcase>
  <testcase name="testUpdate_InvalidCadastro_ShouldThrowConstraintViolationException" classname="com.mls.workflow.core.service.CadastroServiceTest" time="0.005">
    <system-out><![CDATA[2025-09-04T01:10:56.780-03:00 DEBUG 7203 --- [           main] o.s.jdbc.support.JdbcTransactionManager  : Creating new transaction with name [com.mls.workflow.core.service.CadastroServiceTest.testUpdate_InvalidCadastro_ShouldThrowConstraintViolationException]: PROPAGATION_REQUIRED,ISOLATION_DEFAULT
2025-09-04T01:10:56.781-03:00 DEBUG 7203 --- [           main] o.s.jdbc.support.JdbcTransactionManager  : Acquired Connection [HikariProxyConnection@272059566 wrapping conn0: url=jdbc:h2:mem:testdb user=SA] for JDBC transaction
2025-09-04T01:10:56.781-03:00 DEBUG 7203 --- [           main] o.s.jdbc.support.JdbcTransactionManager  : Switching JDBC Connection [HikariProxyConnection@272059566 wrapping conn0: url=jdbc:h2:mem:testdb user=SA] to manual commit
2025-09-04T01:10:56.785-03:00 DEBUG 7203 --- [           main] o.s.jdbc.support.JdbcTransactionManager  : Initiating transaction rollback
2025-09-04T01:10:56.785-03:00 DEBUG 7203 --- [           main] o.s.jdbc.support.JdbcTransactionManager  : Rolling back JDBC transaction on Connection [HikariProxyConnection@272059566 wrapping conn0: url=jdbc:h2:mem:testdb user=SA]
2025-09-04T01:10:56.785-03:00 DEBUG 7203 --- [           main] o.s.jdbc.support.JdbcTransactionManager  : Releasing JDBC Connection [HikariProxyConnection@272059566 wrapping conn0: url=jdbc:h2:mem:testdb user=SA] after transaction
]]></system-out>
  </testcase>
  <testcase name="testCreate_InvalidCadastro_ShouldThrowConstraintViolationException" classname="com.mls.workflow.core.service.CadastroServiceTest" time="0.007">
    <system-out><![CDATA[2025-09-04T01:10:56.787-03:00 DEBUG 7203 --- [           main] o.s.jdbc.support.JdbcTransactionManager  : Creating new transaction with name [com.mls.workflow.core.service.CadastroServiceTest.testCreate_InvalidCadastro_ShouldThrowConstraintViolationException]: PROPAGATION_REQUIRED,ISOLATION_DEFAULT
2025-09-04T01:10:56.787-03:00 DEBUG 7203 --- [           main] o.s.jdbc.support.JdbcTransactionManager  : Acquired Connection [HikariProxyConnection@532687492 wrapping conn0: url=jdbc:h2:mem:testdb user=SA] for JDBC transaction
2025-09-04T01:10:56.788-03:00 DEBUG 7203 --- [           main] o.s.jdbc.support.JdbcTransactionManager  : Switching JDBC Connection [HikariProxyConnection@532687492 wrapping conn0: url=jdbc:h2:mem:testdb user=SA] to manual commit
2025-09-04T01:10:56.792-03:00 DEBUG 7203 --- [           main] o.s.jdbc.support.JdbcTransactionManager  : Initiating transaction rollback
2025-09-04T01:10:56.793-03:00 DEBUG 7203 --- [           main] o.s.jdbc.support.JdbcTransactionManager  : Rolling back JDBC transaction on Connection [HikariProxyConnection@532687492 wrapping conn0: url=jdbc:h2:mem:testdb user=SA]
2025-09-04T01:10:56.793-03:00 DEBUG 7203 --- [           main] o.s.jdbc.support.JdbcTransactionManager  : Releasing JDBC Connection [HikariProxyConnection@532687492 wrapping conn0: url=jdbc:h2:mem:testdb user=SA] after transaction
]]></system-out>
  </testcase>
</testsuite>